Using worker: worker-linux-85ee80ed-2.bb.travis-ci.org:travis-linux-8

travis_fold:start:system_info[0K[33;1mBuild system information[0m
Build language: ruby
[34m[1mBuild image provisioning date and time[0m
Wed Feb  4 18:22:50 UTC 2015
[34m[1mOperating System Details[0m
Distributor ID:	Ubuntu
Description:	Ubuntu 12.04 LTS
Release:	12.04
Codename:	precise
[34m[1mLinux Version[0m
2.6.32-042stab090.5
[34m[1mCookbooks Version[0m
23bb455 https://github.com/travis-ci/travis-cookbooks/tree/23bb455
[34m[1mGCC version[0m
gcc (Ubuntu/Linaro 4.6.3-1ubuntu5) 4.6.3
Copyright (C) 2011 Free Software Foundation, Inc.
This is free software; see the source for copying conditions.  There is NO
warranty; not even for MERCHANTABILITY or FITNESS FOR A PARTICULAR PURPOSE.

[34m[1mLLVM version[0m
clang version 3.4 (tags/RELEASE_34/final)
Target: x86_64-unknown-linux-gnu
Thread model: posix
[34m[1mPre-installed Ruby versions[0m
ruby-1.9.3-p551
[34m[1mPre-installed Node.js versions[0m
v0.10.36
[34m[1mPre-installed Go versions[0m
1.4.1
[34m[1mRedis version[0m
redis-server 2.8.19
[34m[1mriak version[0m
2.0.2
[34m[1mMongoDB version[0m
MongoDB 2.4.12
[34m[1mCouchDB version[0m
couchdb 1.6.1
[34m[1mNeo4j version[0m
1.9.4
[34m[1mCassandra version[0m
2.0.9
[34m[1mRabbitMQ Version[0m
3.4.3
[34m[1mElasticSearch version[0m
1.4.0
[34m[1mInstalled Sphinx versions[0m
2.0.10
2.1.9
2.2.6
[34m[1mDefault Sphinx version[0m
2.2.6
[34m[1mInstalled Firefox version[0m
firefox 31.0esr
[34m[1mPhantomJS version[0m
1.9.8
[34m[1mant -version[0m
Apache Ant(TM) version 1.8.2 compiled on December 3 2011
[34m[1mmvn -version[0m
Apache Maven 3.2.5 (12a6b3acb947671f09b81f49094c53f426d8cea1; 2014-12-14T17:29:23+00:00)
Maven home: /usr/local/maven
Java version: 1.7.0_76, vendor: Oracle Corporation
Java home: /usr/lib/jvm/java-7-oracle/jre
Default locale: en, platform encoding: UTF-8
OS name: "linux", version: "2.6.32-042stab090.5", arch: "amd64", family: "unix"
travis_fold:end:system_info[0K
travis_fold:start:git.checkout[0Ktravis_time:start:04a7bacc[0K$ git clone --depth=50 git://github.com/jruby/warbler.git jruby/warbler
Cloning into 'jruby/warbler'...
remote: Counting objects: 658, done.[K
remote: Compressing objects:   0% (1/437)   [Kremote: Compressing objects:   1% (5/437)   [Kremote: Compressing objects:   2% (9/437)   [Kremote: Compressing objects:   3% (14/437)   [Kremote: Compressing objects:   4% (18/437)   [Kremote: Compressing objects:   5% (22/437)   [Kremote: Compressing objects:   6% (27/437)   [Kremote: Compressing objects:   7% (31/437)   [Kremote: Compressing objects:   8% (35/437)   [Kremote: Compressing objects:   9% (40/437)   [Kremote: Compressing objects:  10% (44/437)   [Kremote: Compressing objects:  11% (49/437)   [Kremote: Compressing objects:  12% (53/437)   [Kremote: Compressing objects:  13% (57/437)   [Kremote: Compressing objects:  14% (62/437)   [Kremote: Compressing objects:  15% (66/437)   [Kremote: Compressing objects:  16% (70/437)   [Kremote: Compressing objects:  17% (75/437)   [Kremote: Compressing objects:  18% (79/437)   [Kremote: Compressing objects:  19% (84/437)   [Kremote: Compressing objects:  20% (88/437)   [Kremote: Compressing objects:  21% (92/437)   [Kremote: Compressing objects:  22% (97/437)   [Kremote: Compressing objects:  23% (101/437)   [Kremote: Compressing objects:  24% (105/437)   [Kremote: Compressing objects:  25% (110/437)   [Kremote: Compressing objects:  26% (114/437)   [Kremote: Compressing objects:  27% (118/437)   [Kremote: Compressing objects:  28% (123/437)   [Kremote: Compressing objects:  29% (127/437)   [Kremote: Compressing objects:  30% (132/437)   [Kremote: Compressing objects:  31% (136/437)   [Kremote: Compressing objects:  32% (140/437)   [Kremote: Compressing objects:  33% (145/437)   [Kremote: Compressing objects:  34% (149/437)   [Kremote: Compressing objects:  35% (153/437)   [Kremote: Compressing objects:  36% (158/437)   [Kremote: Compressing objects:  37% (162/437)   [Kremote: Compressing objects:  38% (167/437)   [Kremote: Compressing objects:  39% (171/437)   [Kremote: Compressing objects:  40% (175/437)   [Kremote: Compressing objects:  41% (180/437)   [Kremote: Compressing objects:  42% (184/437)   [Kremote: Compressing objects:  43% (188/437)   [Kremote: Compressing objects:  44% (193/437)   [Kremote: Compressing objects:  45% (197/437)   [Kremote: Compressing objects:  46% (202/437)   [Kremote: Compressing objects:  47% (206/437)   [Kremote: Compressing objects:  48% (210/437)   [Kremote: Compressing objects:  49% (215/437)   [Kremote: Compressing objects:  50% (219/437)   [Kremote: Compressing objects:  51% (223/437)   [Kremote: Compressing objects:  52% (228/437)   [Kremote: Compressing objects:  53% (232/437)   [Kremote: Compressing objects:  54% (236/437)   [Kremote: Compressing objects:  55% (241/437)   [Kremote: Compressing objects:  56% (245/437)   [Kremote: Compressing objects:  57% (250/437)   [Kremote: Compressing objects:  58% (254/437)   [Kremote: Compressing objects:  59% (258/437)   [Kremote: Compressing objects:  60% (263/437)   [Kremote: Compressing objects:  61% (267/437)   [Kremote: Compressing objects:  62% (271/437)   [Kremote: Compressing objects:  63% (276/437)   [Kremote: Compressing objects:  64% (280/437)   [Kremote: Compressing objects:  65% (285/437)   [Kremote: Compressing objects:  66% (289/437)   [Kremote: Compressing objects:  67% (293/437)   [Kremote: Compressing objects:  68% (298/437)   [Kremote: Compressing objects:  69% (302/437)   [Kremote: Compressing objects:  70% (306/437)   [Kremote: Compressing objects:  71% (311/437)   [Kremote: Compressing objects:  72% (315/437)   [Kremote: Compressing objects:  73% (320/437)   [Kremote: Compressing objects:  74% (324/437)   [Kremote: Compressing objects:  75% (328/437)   [Kremote: Compressing objects:  76% (333/437)   [Kremote: Compressing objects:  77% (337/437)   [Kremote: Compressing objects:  78% (341/437)   [Kremote: Compressing objects:  79% (346/437)   [Kremote: Compressing objects:  80% (350/437)   [Kremote: Compressing objects:  81% (354/437)   [Kremote: Compressing objects:  82% (359/437)   [Kremote: Compressing objects:  83% (363/437)   [Kremote: Compressing objects:  84% (368/437)   [Kremote: Compressing objects:  85% (372/437)   [Kremote: Compressing objects:  86% (376/437)   [Kremote: Compressing objects:  87% (381/437)   [Kremote: Compressing objects:  88% (385/437)   [Kremote: Compressing objects:  89% (389/437)   [Kremote: Compressing objects:  90% (394/437)   [Kremote: Compressing objects:  91% (398/437)   [Kremote: Compressing objects:  92% (403/437)   [Kremote: Compressing objects:  93% (407/437)   [Kremote: Compressing objects:  94% (411/437)   [Kremote: Compressing objects:  95% (416/437)   [Kremote: Compressing objects:  96% (420/437)   [Kremote: Compressing objects:  97% (424/437)   [Kremote: Compressing objects:  98% (429/437)   [Kremote: Compressing objects:  99% (433/437)   [Kremote: Compressing objects: 100% (437/437)   [Kremote: Compressing objects: 100% (437/437), done.[K
Receiving objects:   0% (1/658)   Receiving objects:   1% (7/658)   Receiving objects:   2% (14/658)   Receiving objects:   3% (20/658)   Receiving objects:   4% (27/658)   Receiving objects:   5% (33/658)   Receiving objects:   6% (40/658)   Receiving objects:   7% (47/658)   Receiving objects:   8% (53/658)   Receiving objects:   9% (60/658)   Receiving objects:  10% (66/658)   Receiving objects:  11% (73/658)   Receiving objects:  12% (79/658)   Receiving objects:  13% (86/658)   Receiving objects:  14% (93/658)   Receiving objects:  15% (99/658)   Receiving objects:  16% (106/658)   Receiving objects:  17% (112/658)   Receiving objects:  18% (119/658)   Receiving objects:  19% (126/658)   Receiving objects:  20% (132/658)   Receiving objects:  21% (139/658)   Receiving objects:  22% (145/658)   Receiving objects:  23% (152/658)   Receiving objects:  24% (158/658)   Receiving objects:  25% (165/658)   Receiving objects:  26% (172/658)   Receiving objects:  27% (178/658)   Receiving objects:  28% (185/658)   Receiving objects:  29% (191/658)   Receiving objects:  30% (198/658)   Receiving objects:  31% (204/658)   Receiving objects:  32% (211/658)   Receiving objects:  33% (218/658)   Receiving objects:  34% (224/658)   Receiving objects:  35% (231/658)   Receiving objects:  36% (237/658)   Receiving objects:  37% (244/658)   Receiving objects:  38% (251/658)   Receiving objects:  39% (257/658)   Receiving objects:  40% (264/658)   Receiving objects:  41% (270/658)   Receiving objects:  42% (277/658)   Receiving objects:  43% (283/658)   Receiving objects:  44% (290/658)   Receiving objects:  45% (297/658)   Receiving objects:  46% (303/658)   Receiving objects:  47% (310/658)   Receiving objects:  48% (316/658)   Receiving objects:  49% (323/658)   Receiving objects:  50% (329/658)   Receiving objects:  51% (336/658)   Receiving objects:  52% (343/658)   Receiving objects:  53% (349/658)   Receiving objects:  54% (356/658)   Receiving objects:  55% (362/658)   Receiving objects:  56% (369/658)   Receiving objects:  57% (376/658)   Receiving objects:  58% (382/658)   Receiving objects:  59% (389/658)   Receiving objects:  60% (395/658)   Receiving objects:  61% (402/658)   Receiving objects:  62% (408/658)   Receiving objects:  63% (415/658)   Receiving objects:  64% (422/658)   Receiving objects:  65% (428/658)   Receiving objects:  66% (435/658)   Receiving objects:  67% (441/658)   Receiving objects:  68% (448/658)   Receiving objects:  69% (455/658)   Receiving objects:  70% (461/658)   Receiving objects:  71% (468/658)   Receiving objects:  72% (474/658)   Receiving objects:  73% (481/658)   Receiving objects:  74% (487/658)   Receiving objects:  75% (494/658)   Receiving objects:  76% (501/658)   Receiving objects:  77% (507/658)   Receiving objects:  78% (514/658)   Receiving objects:  79% (520/658)   Receiving objects:  80% (527/658)   Receiving objects:  81% (533/658)   Receiving objects:  82% (540/658)   Receiving objects:  83% (547/658)   Receiving objects:  84% (553/658)   remote: Total 658 (delta 260), reused 496 (delta 152), pack-reused 0[K
Receiving objects:  85% (560/658)   Receiving objects:  86% (566/658)   Receiving objects:  87% (573/658)   Receiving objects:  88% (580/658)   Receiving objects:  89% (586/658)   Receiving objects:  90% (593/658)   Receiving objects:  91% (599/658)   Receiving objects:  92% (606/658)   Receiving objects:  93% (612/658)   Receiving objects:  94% (619/658)   Receiving objects:  95% (626/658)   Receiving objects:  96% (632/658)   Receiving objects:  97% (639/658)   Receiving objects:  98% (645/658)   Receiving objects:  99% (652/658)   Receiving objects: 100% (658/658)   Receiving objects: 100% (658/658), 329.16 KiB | 0 bytes/s, done.
Resolving deltas:   0% (0/260)   Resolving deltas:   1% (3/260)   Resolving deltas:   5% (13/260)   Resolving deltas:  25% (66/260)   Resolving deltas:  28% (75/260)   Resolving deltas:  33% (87/260)   Resolving deltas:  38% (101/260)   Resolving deltas:  40% (104/260)   Resolving deltas:  41% (107/260)   Resolving deltas:  42% (111/260)   Resolving deltas:  43% (114/260)   Resolving deltas:  44% (115/260)   Resolving deltas:  45% (119/260)   Resolving deltas:  52% (137/260)   Resolving deltas:  55% (145/260)   Resolving deltas:  56% (147/260)   Resolving deltas:  59% (155/260)   Resolving deltas:  61% (159/260)   Resolving deltas:  64% (167/260)   Resolving deltas:  65% (170/260)   Resolving deltas:  66% (172/260)   Resolving deltas:  67% (175/260)   Resolving deltas:  68% (177/260)   Resolving deltas:  71% (185/260)   Resolving deltas:  72% (189/260)   Resolving deltas:  73% (191/260)   Resolving deltas:  75% (196/260)   Resolving deltas:  76% (200/260)   Resolving deltas:  79% (207/260)   Resolving deltas:  80% (208/260)   Resolving deltas:  82% (214/260)   Resolving deltas:  83% (216/260)   Resolving deltas:  84% (219/260)   Resolving deltas:  85% (221/260)   Resolving deltas:  86% (225/260)   Resolving deltas:  87% (227/260)   Resolving deltas:  88% (231/260)   Resolving deltas:  91% (238/260)   Resolving deltas:  93% (242/260)   Resolving deltas:  95% (247/260)   Resolving deltas:  96% (251/260)   Resolving deltas:  97% (254/260)   Resolving deltas:  98% (256/260)   Resolving deltas: 100% (260/260)   Resolving deltas: 100% (260/260), done.
Checking connectivity... done.
travis_time:end:04a7bacc:start=1425403910019600030,finish=1425403910171888057,duration=152288027[0K$ cd jruby/warbler
travis_time:start:0779af5a[0K$ git fetch origin +refs/pull/310/merge:
remote: Counting objects: 6, done.[K
remote: Compressing objects:  16% (1/6)   [Kremote: Compressing objects:  33% (2/6)   [Kremote: Compressing objects:  50% (3/6)   [Kremote: Compressing objects:  66% (4/6)   [Kremote: Compressing objects:  83% (5/6)   [Kremote: Compressing objects: 100% (6/6)   [Kremote: Compressing objects: 100% (6/6), done.[K
remote: Total 6 (delta 3), reused 3 (delta 0), pack-reused 0[K
Unpacking objects:  16% (1/6)   Unpacking objects:  33% (2/6)   Unpacking objects:  50% (3/6)   Unpacking objects:  66% (4/6)   Unpacking objects:  83% (5/6)   Unpacking objects: 100% (6/6)   Unpacking objects: 100% (6/6), done.
From git://github.com/jruby/warbler
 * branch            refs/pull/310/merge -> FETCH_HEAD
travis_time:end:0779af5a:start=1425403910180352341,finish=1425403910281013495,duration=100661154[0K$ git checkout -qf FETCH_HEAD
travis_fold:end:git.checkout[0K
[33;1mSetting environment variables from .travis.yml[0m
$ export JRUBY_OPTS="--server -Xcext.enabled=false -Xcompile.invokedynamic=false"

travis_fold:start:rvm[0K[33;1mSetting up latest jruby-head[0m
travis_time:start:001c2e80[0K$ rvm get stable
[32mDownloading https://get.rvm.io[0m
[32mDownloading https://raw.githubusercontent.com/wayneeseguin/rvm/master/binscripts/rvm-installer.asc[0m
[32mVerifying /home/travis/.rvm/archives/rvm-installer.asc[0m
gpg: Signature made Sun 11 Jan 2015 10:55:55 AM UTC using RSA key ID BF04FF17
gpg: Good signature from "Michal Papis (RVM signing) <mpapis@gmail.com>"
gpg: WARNING: This key is not certified with a trusted signature!
gpg:          There is no indication that the signature belongs to the owner.
Primary key fingerprint: 409B 6B17 96C2 7546 2A17  0311 3804 BB82 D39D C0E3
     Subkey fingerprint: 62C9 E5F4 DA30 0D94 AC36  166B E206 C29F BF04 FF17
[32mGPG verified '/home/travis/.rvm/archives/rvm-installer'[0m
Downloading https://github.com/wayneeseguin/rvm/archive/1.26.10.tar.gz
Downloading https://github.com/wayneeseguin/rvm/releases/download/1.26.10/1.26.10.tar.gz.asc
gpg: Signature made Mon 02 Feb 2015 04:09:00 PM UTC using RSA key ID BF04FF17
gpg: Good signature from "Michal Papis (RVM signing) <mpapis@gmail.com>"
gpg: WARNING: This key is not certified with a trusted signature!
gpg:          There is no indication that the signature belongs to the owner.
Primary key fingerprint: 409B 6B17 96C2 7546 2A17  0311 3804 BB82 D39D C0E3
     Subkey fingerprint: 62C9 E5F4 DA30 0D94 AC36  166B E206 C29F BF04 FF17
GPG verified '/home/travis/.rvm/archives/rvm-1.26.10.tgz'
[32m
Upgrading the RVM installation in /home/travis/.rvm/[0m
chown: changing ownership of `/home/travis/.rvmrc': Operation not permitted
[32m    RVM PATH line found in /home/travis/.mkshrc /home/travis/.profile /home/travis/.bashrc /home/travis/.zshrc.[0m
[32m    RVM sourcing line found in /home/travis/.bashrc.[0m
[33m    RVM sourcing line not found for Zsh, rerun this command with '--auto-dotfiles' flag to fix it.[0m
[32mUpgrade of RVM in /home/travis/.rvm/ is complete.[0m

# travis,
#
#   Thank you for using RVM!
#   We sincerely hope that RVM helps to make your life easier and more enjoyable!!!
#
# ~Wayne, Michal & team.

[33mIn case of problems: [32mhttp://rvm.io/help [33mand [32mhttps://twitter.com/rvm_io[0m

Upgrade Notes:

[31m
  * WARNING: your RVM loading script `/etc/profile.d/rvm.sh` is deprecated
    and causes you to have `umask g+w` set in your shell,
    run `rvm get head --auto-dotfiles` again to fix your scripts.
[0m
  * No new notes to display.

RVM reloaded!
travis_time:end:001c2e80:start=1425403910313443802,finish=1425403913592542399,duration=3279098597[0K$ export ruby_alias=`rvm alias show jruby-head 2>/dev/null`
travis_time:start:07ef9348[0K$ rvm alias delete jruby-head
[32mDeleting alias: jruby-head[0m|/-\|/-\|.-\|/-\|/-.|/.
travis_time:end:07ef9348:start=1425403913899148405,finish=1425403914210863611,duration=311715206[0Ktravis_time:start:127b7520[0K$ rvm remove ${ruby_alias:-jruby-head} --gems
chown: changing ownership of `/home/travis/.rvm/user/installs': Operation not permitted
[32mjruby-head - #already gone[0m
travis_time:end:127b7520:start=1425403914220855870,finish=1425403914940349813,duration=719493943[0Ktravis_time:start:1db8d030[0K$ rvm remove jruby-head --gems --fuzzy
[32mjruby-head - #already gone[0m
travis_time:end:1db8d030:start=1425403914950844568,finish=1425403915700414506,duration=749569938[0Ktravis_time:start:0d1ad960[0K$ rvm install jruby-head --binary
[32mSearching for binary rubies, this might take some time.[0m
[32mFound remote file https://s3.amazonaws.com/travis-rubies/binaries/ubuntu/12.04/x86_64/jruby-head.tar.gz[0m
[32mChecking requirements for ubuntu.[0m
[32mRequirements installation successful.[0m
[32mjruby-head - #configure[0m
[32mjruby-head - #download[0m
  % Total    % Received % Xferd  Average Speed   Time    Time     Time  Current
                                 Dload  Upload   Total   Spent    Left  Speed
  0     0    0     0    0     0      0      0 --:--:-- --:--:-- --:--:--     0 75 47.8M   75 35.9M    0     0  37.7M      0  0:00:01 --:--:--  0:00:01 37.9M100 47.8M  100 47.8M    0     0  34.5M      0  0:00:01  0:00:01 --:--:-- 34.7M
[33mNo checksum for downloaded archive, recording checksum in user configuration.[0m
[32mjruby-head - #validate archive[0m
[32mjruby-head - #extract[0m
[32mjruby-head - #validate binary[0m
[32mjruby-head - #setup[0m
[32mjruby-head - #gemset created /home/travis/.rvm/gems/jruby-head@global[0m
[32mjruby-head - #importing gemset /home/travis/.rvm/gemsets/jruby/global.gems[0m|/-\|/-\|.-\|/-\|/-.|/-\|/-\|.-\|/-\|/-.|/-\|/-\|.-\|/-\|/-.|/-\|/-\|.-\|/-\|/-.|/-\|/-\|.-\|/-\|/-.|/-\|/-\|.-\|/-\|/-.|/-\|/-\|.-\|/-\|/-.|/-\|/-\|.-\|/-\|/-.|/-\|/-\|.-\|/-\|/-.|/-\|/-\|.-\|/-\|/-.|/-\|/-\|.-\|/-\|/-.|/-\|/-\|.-\|/-\|/-.|/-\|/-\|.-\|/-\|/-.|/-\|/-\|.-\|/-\|/-.|/-\|/-\|.-\|/-\|/-.|/-\|/-\|.-\|/-\|/-.|/-\|/-\|.-\|/-\|/-.|/-\|/-\|.-\|/-\|/-.|/-\|/-\|.-\|/-\|/-.|/-\|/-\|.-\|/-\|/-.|/-\|/-\|.-\|/-\|/-.|/-\|/-\|.-\|/-\|/-.|/-\|/-\|.-\|/-\|/-.|/-\|/-\|.-\|/-\|/-.|/-\|/-\|.-\|/-\|/-.|/-\|/-\|.-\|/-\|/-.|/-\|/-\|.-\|/-\|/-.|/-\|/-\|.-\|/-\|/-..
[32mjruby-head - #generating global wrappers[0m|/-\|/-\|.-\|/-\|/-.|/-\|/-\|.-\|/-\|/-.|/-\|/-\|.-\|/-\|/-.|/-\|/-\|.-\|/-\.
jruby: warning: unknown property jruby.cext.enabled
jruby: warning: unknown property jruby.cext.enabled
[32mjruby-head - #uninstalling gem rubygems-bundler-1.4.4[0m|/-\.
[32mjruby-head - #gemset created /home/travis/.rvm/gems/jruby-head[0m
[32mjruby-head - #importing gemset /home/travis/.rvm/gemsets/default.gems[0m|/-\|/-\|.-\|/-\|/-.|/-\|/-\|.-\|/-\|/-.|/-\|/-\|.-\|/-\|/-.|/-\|/-\|.-\|/-\|/-.|/-\|/-\|.-\|/-\|/-.|/-\|/-\|.-\|/-\|/-.|/-\|/-\|.-\|/-\|/-.|/-\|/-\|.-\|/-\|/-.|/-\|/-\|.-\|/-\|/-.|/-\|/-\|.-\|/-\|/-.|/-\|.
[32mjruby-head - #generating default wrappers[0m|/-\|/-\|.-\|/-\|/-.|/-\|/-\|.-\|/-\|/-.|/-\|/-\|.-\|/-\|/-.|/-\|/-\|.-\|/-\|.
travis_time:end:0d1ad960:start=1425403915710965503,finish=1425404102635868045,duration=186924902542[0Ktravis_time:start:02fc34b4[0K$ rvm use jruby-head
[32mUsing /home/travis/.rvm/gems/jruby-head[0m
travis_time:end:02fc34b4:start=1425404102646876790,finish=1425404102892724899,duration=245848109[0Ktravis_fold:end:rvm[0K$ export BUNDLE_GEMFILE=$PWD/Gemfile
$ java -version
java version "1.7.0_76"
Java(TM) SE Runtime Environment (build 1.7.0_76-b13)
Java HotSpot(TM) 64-Bit Server VM (build 24.76-b04, mixed mode)
$ javac -version
javac 1.7.0_76
$ ruby --version
jruby: warning: unknown property jruby.cext.enabled
jruby 9.0.0.0-SNAPSHOT (2.2.0p0) 2015-03-03 68a6a35 Java HotSpot(TM) 64-Bit Server VM 24.76-b04 on 1.7.0_76-b13 +jit [linux-amd64]
$ rvm --version
rvm 1.26.10 (latest) by Wayne E. Seguin <wayneeseguin@gmail.com>, Michal Papis <mpapis@gmail.com> [https://rvm.io/]
$ bundle --version
jruby: warning: unknown property jruby.cext.enabled
jruby: warning: unknown property jruby.cext.enabled
Bundler version 1.8.3
$ gem --version
jruby: warning: unknown property jruby.cext.enabled
jruby: warning: unknown property jruby.cext.enabled
2.4.6
travis_fold:start:before_install.1[0Ktravis_time:start:2251d450[0K$ sudo apt-get update && sudo apt-get install git
0% [Working]            Get:1 http://downloads-distro.mongodb.org dist Release.gpg [490 B]
            97% [Waiting for headers] [Connecting to security.ubuntu.com (2001:67c:1562::1797% [Waiting for headers] [Waiting for headers] [Connecting to ppa.launchpad.ne                                                                               Hit http://us.archive.ubuntu.com precise Release.gpg
97% [Waiting for headers] [Waiting for headers] [Connecting to ppa.launchpad.ne                                                                               Get:2 http://us.archive.ubuntu.com precise-updates Release.gpg [198 B]
98% [Waiting for headers] [Waiting for headers] [Connecting to ppa.launchpad.ne                                                                               Get:3 http://us.archive.ubuntu.com precise-backports Release.gpg [198 B]
99% [Waiting for headers] [Waiting for headers] [Connecting to ppa.launchpad.ne                                                                               Get:4 http://downloads-distro.mongodb.org dist Release [2,042 B]
30% [Waiting for headers] [Waiting for headers] [Connecting to ppa.launchpad.ne100% [Waiting for headers] [Waiting for headers] [Connecting to ppa.launchpad.n100% [4 Release gpgv 2,042 B] [Waiting for headers] [Waiting for headers] [Conn                                                                               Get:5 http://security.ubuntu.com precise-security Release.gpg [198 B]
100% [4 Release gpgv 2,042 B] [Waiting for headers] [5 Release.gpg 198 B/198 B 100% [4 Release gpgv 2,042 B] [Waiting for headers] [Connecting to ppa.launchpa100% [Waiting for headers] [Connecting to ppa.launchpad.net (91.189.95.83)] [Wa                                                                               Hit http://us.archive.ubuntu.com precise Release
100% [Waiting for headers] [Connecting to ppa.launchpad.net (91.189.95.83)] [Co100% [Release gpgv 49.6 kB] [Waiting for headers] [Waiting for headers] [Connec                                                                               Get:6 http://downloads-distro.mongodb.org dist/10gen amd64 Packages [27.4 kB]
24% [Release gpgv 49.6 kB] [Waiting for headers] [Waiting for headers] [Connect24% [Waiting for headers] [Waiting for headers] [Connecting to ppa.launchpad.ne100% [Waiting for headers] [Waiting for headers] [Connecting to ppa.launchpad.n                                                                               Get:7 http://us.archive.ubuntu.com precise-updates Release [194 kB]
                                                                               Get:8 http://security.ubuntu.com precise-security Release [53.0 kB]
21% [7 Release 13.9 kB/194 kB 7%] [8 Release 13.9 kB/53.0 kB 26%] [Connecting t21% [6 Packages gzip 0 B] [7 Release 13.9 kB/194 kB 7%] [8 Release 13.9 kB/53.0                                                                               Get:9 http://downloads-distro.mongodb.org dist/10gen i386 Packages [27.1 kB]
20% [6 Packages gzip 0 B] [7 Release 13.9 kB/194 kB 7%] [8 Release 13.9 kB/53.028% [6 Packages gzip 0 B] [7 Release 13.9 kB/194 kB 7%] [8 Release 13.9 kB/53.0                                                                               Ign http://downloads-distro.mongodb.org dist/10gen TranslationIndex
44% [6 Packages gzip 0 B] [7 Release 33.1 kB/194 kB 17%] [8 Release 42.5 kB/53.44% [7 Release 33.1 kB/194 kB 17%] [8 Release 42.5 kB/53.0 kB 80%] [Connecting 44% [9 Packages gzip 0 B] [7 Release 33.1 kB/194 kB 17%] [8 Release 42.5 kB/53.47% [9 Packages gzip 0 B] [7 Release 33.1 kB/194 kB 17%] [Waiting for headers] 47% [9 Packages gzip 0 B] [8 Release gpgv 53.0 kB] [7 Release 33.1 kB/194 kB 17                                                                               Get:10 http://apt.postgresql.org precise-pgdg Release.gpg [836 B]
57% [9 Packages gzip 0 B] [8 Release gpgv 53.0 kB] [7 Release 63.1 kB/194 kB 3257% [9 Packages gzip 0 B] [8 Release gpgv 53.0 kB] [7 Release 63.1 kB/194 kB 3257% [8 Release gpgv 53.0 kB] [7 Release 63.1 kB/194 kB 32%] [Waiting for header57% [7 Release 63.1 kB/194 kB 32%] [Waiting for headers] [Connecting to downloa                                                                               Get:11 http://security.ubuntu.com precise-security/main Sources [124 kB]
50% [7 Release 90.3 kB/194 kB 46%] [11 Sources 11.2 kB/124 kB 9%] [Waiting for                                                                                Ign http://downloads-distro.mongodb.org dist/10gen Translation-en_US
69% [7 Release 123 kB/194 kB 63%] [11 Sources 63.7 kB/124 kB 51%] [Waiting for 83% [7 Release 123 kB/194 kB 63%] [Waiting for headers] [Waiting for headers] [                                                                               Ign http://downloads-distro.mongodb.org dist/10gen Translation-en
                                                                               Get:12 http://apt.postgresql.org precise-pgdg Release [32.9 kB]
80% [7 Release 123 kB/194 kB 63%] [Waiting for headers] [12 Release 13.4 kB/32.80% [11 Sources bzip2 0 B] [7 Release 123 kB/194 kB 63%] [Waiting for headers]                                                                                Get:13 http://security.ubuntu.com precise-security/restricted Sources [3,759 B]
93% [11 Sources bzip2 0 B] [7 Release 179 kB/194 kB 92%] [13 Sources 3,759 B/3,93% [11 Sources bzip2 0 B] [7 Release 179 kB/194 kB 92%] [Waiting for headers]                                                                                Get:14 http://security.ubuntu.com precise-security/universe Sources [33.8 kB]
86% [11 Sources bzip2 0 B] [7 Release 179 kB/194 kB 92%] [14 Sources 0 B/33.8 k93% [11 Sources bzip2 0 B] [7 Release 179 kB/194 kB 92%] [Waiting for headers]                                                                                Get:15 http://security.ubuntu.com precise-security/multiverse Sources [1,819 B]
93% [11 Sources bzip2 0 B] [7 Release 179 kB/194 kB 92%] [15 Sources 0 B/1,819 93% [11 Sources bzip2 0 B] [7 Release 179 kB/194 kB 92%] [Waiting for headers]                                                                                Get:16 http://security.ubuntu.com precise-security/main amd64 Packages [486 kB]
52% [11 Sources bzip2 0 B] [7 Release 179 kB/194 kB 92%] [16 Packages 42.5 kB/458% [11 Sources bzip2 0 B] [16 Packages 85.8 kB/486 kB 18%] [Waiting for header                                                                               Get:17 http://us.archive.ubuntu.com precise-backports Release [53.1 kB]
55% [11 Sources bzip2 0 B] [17 Release 8,439 B/53.1 kB 16%] [16 Packages 85.8 k55% [11 Sources bzip2 0 B] [7 Release gpgv 194 kB] [17 Release 8,439 B/53.1 kB 59% [11 Sources bzip2 0 B] [17 Release 48.4 kB/53.1 kB 91%] [16 Packages 85.8 k                                                                               Hit http://ppa.launchpad.net precise Release.gpg
59% [11 Sources bzip2 0 B] [17 Release 48.4 kB/53.1 kB 91%] [16 Packages 85.8 k                                                                               Hit http://ppa.launchpad.net precise Release.gpg
                                                                               Hit http://ppa.launchpad.net precise Release.gpg
59% [11 Sources bzip2 0 B] [17 Release 48.4 kB/53.1 kB 91%] [16 Packages 85.8 k                                                                               Get:18 http://ppa.launchpad.net precise Release.gpg [316 B]
59% [11 Sources bzip2 0 B] [17 Release 48.4 kB/53.1 kB 91%] [16 Packages 85.8 k59% [11 Sources bzip2 0 B] [17 Release 48.4 kB/53.1 kB 91%] [16 Packages 85.8 k                                                                               Hit http://ppa.launchpad.net precise Release.gpg
                                                                               Get:19 http://ppa.launchpad.net precise Release.gpg [316 B]
59% [11 Sources bzip2 0 B] [17 Release 48.4 kB/53.1 kB 91%] [16 Packages 85.8 k59% [11 Sources bzip2 0 B] [17 Release 48.4 kB/53.1 kB 91%] [16 Packages 85.8 k60% [11 Sources bzip2 0 B] [16 Packages 85.8 kB/486 kB 18%] [Waiting for header60% [11 Sources bzip2 0 B] [17 Release gpgv 53.1 kB] [Waiting for headers] [16                                                                                Get:20 http://www.rabbitmq.com testing Release.gpg [198 B]
62% [11 Sources bzip2 0 B] [17 Release gpgv 53.1 kB] [Waiting for headers] [16 62% [11 Sources bzip2 0 B] [17 Release gpgv 53.1 kB] [Waiting for headers] [16                                                                                Hit http://us.archive.ubuntu.com precise/main Sources
71% [11 Sources bzip2 617 kB] [17 Release gpgv 53.1 kB] [16 Packages 189 kB/486                                                                               Hit http://us.archive.ubuntu.com precise/restricted Sources
                                                                               Hit http://us.archive.ubuntu.com precise/universe Sources
                                                                               Hit http://us.archive.ubuntu.com precise/multiverse Sources
                                                                               Hit http://us.archive.ubuntu.com precise/main amd64 Packages
                                                                               Hit http://us.archive.ubuntu.com precise/restricted amd64 Packages
                                                                               Hit http://us.archive.ubuntu.com precise/universe amd64 Packages
                                                                               Hit http://us.archive.ubuntu.com precise/multiverse amd64 Packages
                                                                               Hit http://us.archive.ubuntu.com precise/main i386 Packages
71% [Waiting for headers] [16 Packages 189 kB/486 kB 39%] [Waiting for headers]71% [Sources 4,356 kB] [Waiting for headers] [16 Packages 189 kB/486 kB 39%] [W71% [Sources 4,356 kB] [13 Sources bzip2 0 B] [Waiting for headers] [16 Package71% [Sources 4,356 kB] [Waiting for headers] [16 Packages 189 kB/486 kB 39%] [W71% [Sources 4,356 kB] [14 Sources bzip2 0 B] [Waiting for headers] [16 Package                                                                               Hit http://us.archive.ubuntu.com precise/restricted i386 Packages
76% [Sources 4,356 kB] [14 Sources bzip2 0 B] [16 Packages 239 kB/486 kB 49%] [82% [Sources 4,356 kB] [Waiting for headers] [16 Packages 300 kB/486 kB 62%] [W82% [Sources 4,356 kB] [15 Sources bzip2 0 B] [Waiting for headers] [16 Package82% [Sources 4,356 kB] [Waiting for headers] [16 Packages 300 kB/486 kB 62%] [W                                                                               Hit http://us.archive.ubuntu.com precise/universe i386 Packages
82% [Sources 4,356 kB] [16 Packages 300 kB/486 kB 62%] [Waiting for headers] [1                                                                               Hit http://us.archive.ubuntu.com precise/multiverse i386 Packages
82% [Sources 4,356 kB] [16 Packages 305 kB/486 kB 63%] [Waiting for headers] [1                                                                               Hit http://us.archive.ubuntu.com precise/main TranslationIndex
85% [Sources 4,356 kB] [Waiting for headers] [16 Packages 330 kB/486 kB 68%] [W                                                                               Hit http://us.archive.ubuntu.com precise/multiverse TranslationIndex
                                                                               Hit http://us.archive.ubuntu.com precise/restricted TranslationIndex
85% [Sources 4,356 kB] [Waiting for headers] [16 Packages 330 kB/486 kB 68%] [W                                                                               Hit http://us.archive.ubuntu.com precise/universe TranslationIndex
98% [Sources 4,356 kB] [16 Packages 466 kB/486 kB 96%] [Waiting for headers] [1                                                                               Get:21 http://us.archive.ubuntu.com precise-updates/main Sources [485 kB]
67% [Sources 4,356 kB] [21 Sources 6,750 B/485 kB 1%] [16 Packages 466 kB/486 k70% [Sources 4,356 kB] [21 Sources 31.0 kB/485 kB 6%] [Waiting for headers] [12                                                                               Get:22 http://security.ubuntu.com precise-security/restricted amd64 Packages [8,943 B]
70% [Sources 4,356 kB] [21 Sources 31.0 kB/485 kB 6%] [22 Packages 8,943 B/8,9470% [Sources 4,356 kB] [16 Packages bzip2 0 B] [21 Sources 31.0 kB/485 kB 6%] [72% [Sources 4,356 kB] [16 Packages bzip2 0 B] [21 Sources 58.2 kB/485 kB 12%]                                                                                Get:23 http://security.ubuntu.com precise-security/universe amd64 Packages [107 kB]
68% [Sources 4,356 kB] [16 Packages bzip2 0 B] [21 Sources 58.2 kB/485 kB 12%] 74% [Sources 4,356 kB] [16 Packages bzip2 0 B] [21 Sources 62.4 kB/485 kB 13%]                                                                                Get:24 http://security.ubuntu.com precise-security/multiverse amd64 Packages [2,460 B]
74% [Sources 4,356 kB] [16 Packages bzip2 0 B] [21 Sources 62.4 kB/485 kB 13%] 74% [Sources 4,356 kB] [16 Packages bzip2 0 B] [21 Sources 62.4 kB/485 kB 13%]                                                                                Get:25 http://security.ubuntu.com precise-security/main i386 Packages [527 kB]
57% [Sources 4,356 kB] [16 Packages bzip2 0 B] [21 Sources 62.4 kB/485 kB 13%] 76% [Sources 4,356 kB] [16 Packages bzip2 0 B] [21 Sources 127 kB/485 kB 26%] [76% [Sources 4,356 kB] [16 Packages bzip2 0 B] [12 Release gpgv 32.9 kB] [21 So82% [Sources 4,356 kB] [16 Packages bzip2 0 B] [21 Sources 134 kB/485 kB 28%] [86% [Sources 4,356 kB] [16 Packages bzip2 0 B] [21 Sources 191 kB/485 kB 39%] [                                                                               Get:26 http://security.ubuntu.com precise-security/restricted i386 Packages [8,939 B]
86% [Sources 4,356 kB] [16 Packages bzip2 0 B] [21 Sources 191 kB/485 kB 39%] [87% [Sources 4,356 kB] [16 Packages bzip2 0 B] [21 Sources 191 kB/485 kB 39%] [                                                                               Get:27 http://security.ubuntu.com precise-security/universe i386 Packages [114 kB]
83% [Sources 4,356 kB] [16 Packages bzip2 0 B] [21 Sources 191 kB/485 kB 39%] [89% [Sources 4,356 kB] [16 Packages bzip2 0 B] [21 Sources 230 kB/485 kB 47%] [                                                                               Get:28 http://security.ubuntu.com precise-security/multiverse i386 Packages [2,651 B]
89% [Sources 4,356 kB] [16 Packages bzip2 0 B] [21 Sources 230 kB/485 kB 47%] [                                                                               Get:29 http://security.ubuntu.com precise-security/main TranslationIndex [208 B]
89% [Sources 4,356 kB] [16 Packages bzip2 0 B] [21 Sources 230 kB/485 kB 47%] [89% [Sources 4,356 kB] [16 Packages bzip2 0 B] [21 Sources 230 kB/485 kB 47%] [                                                                               Get:30 http://security.ubuntu.com precise-security/multiverse TranslationIndex [199 B]
                                                                               Get:31 http://security.ubuntu.com precise-security/restricted TranslationIndex [202 B]
89% [Sources 4,356 kB] [16 Packages bzip2 0 B] [21 Sources 230 kB/485 kB 47%] [                                                                               Get:32 http://security.ubuntu.com precise-security/universe TranslationIndex [205 B]
89% [Sources 4,356 kB] [16 Packages bzip2 0 B] [21 Sources 230 kB/485 kB 47%] [89% [Sources 4,356 kB] [16 Packages bzip2 0 B] [21 Sources 230 kB/485 kB 47%] [                                                                               Get:33 http://www.rabbitmq.com testing Release [17.6 kB]
88% [Sources 4,356 kB] [16 Packages bzip2 0 B] [21 Sources 230 kB/485 kB 47%] [                                                                               Hit http://ppa.launchpad.net precise Release
90% [Sources 4,356 kB] [16 Packages bzip2 0 B] [21 Sources 255 kB/485 kB 53%] [                                                                               Hit http://ppa.launchpad.net precise Release
90% [Sources 4,356 kB] [16 Packages bzip2 0 B] [21 Sources 255 kB/485 kB 53%] [90% [Sources 4,356 kB] [16 Packages bzip2 0 B] [Release gpgv 12.4 kB] [21 Sourc92% [Sources 4,356 kB] [16 Packages bzip2 0 B] [21 Sources 319 kB/485 kB 66%] [92% [Sources 4,356 kB] [16 Packages bzip2 0 B] [Release gpgv 12.9 kB] [21 Sourc                                                                               Get:34 http://security.ubuntu.com precise-security/main Translation-en [216 kB]
84% [Sources 4,356 kB] [16 Packages bzip2 0 B] [Release gpgv 12.9 kB] [21 Sourc85% [Sources 4,356 kB] [16 Packages bzip2 0 B] [21 Sources 319 kB/485 kB 66%] [94% [Sources 4,356 kB] [16 Packages bzip2 0 B] [21 Sources 358 kB/485 kB 74%] [                                                                               Hit http://security.ubuntu.com precise-security/multiverse Translation-en
94% [Sources 4,356 kB] [16 Packages bzip2 0 B] [21 Sources 358 kB/485 kB 74%] [                                                                               Hit http://security.ubuntu.com precise-security/restricted Translation-en
98% [Sources 4,356 kB] [16 Packages bzip2 0 B] [21 Sources 448 kB/485 kB 92%] [                                                                               Get:35 http://apt.postgresql.org precise-pgdg/main amd64 Packages [51.7 kB]
96% [Sources 4,356 kB] [16 Packages bzip2 0 B] [21 Sources 448 kB/485 kB 92%] [98% [Sources 4,356 kB] [16 Packages bzip2 0 B] [Waiting for headers] [Waiting f                                                                               Get:36 http://us.archive.ubuntu.com precise-updates/restricted Sources [7,981 B]
98% [Sources 4,356 kB] [16 Packages bzip2 0 B] [36 Sources 7,981 B/7,981 B 100%98% [Sources 4,356 kB] [16 Packages bzip2 0 B] [Waiting for headers] [Waiting f                                                                               Get:37 http://us.archive.ubuntu.com precise-updates/universe Sources [112 kB]
95% [Sources 4,356 kB] [16 Packages bzip2 0 B] [37 Sources 12.3 kB/112 kB 11%] 98% [Sources 4,356 kB] [16 Packages bzip2 0 B] [Waiting for headers] [Waiting f                                                                               Get:38 http://us.archive.ubuntu.com precise-updates/multiverse Sources [9,390 B]
98% [Sources 4,356 kB] [16 Packages bzip2 0 B] [38 Sources 9,390 B/9,390 B 100%98% [Sources 4,356 kB] [16 Packages bzip2 0 B] [Waiting for headers] [Waiting f                                                                               Get:39 http://us.archive.ubuntu.com precise-updates/main amd64 Packages [877 kB]
75% [Sources 4,356 kB] [16 Packages bzip2 0 B] [39 Packages 12.3 kB/877 kB 1%]                                                                                Get:40 http://security.ubuntu.com precise-security/universe Translation-en [65.3 kB]
74% [Sources 4,356 kB] [16 Packages bzip2 0 B] [39 Packages 12.3 kB/877 kB 1%] 75% [Sources 4,356 kB] [16 Packages bzip2 0 B] [39 Packages 12.3 kB/877 kB 1%] 92% [16 Packages bzip2 0 B] [39 Packages 269 kB/877 kB 31%] [Waiting for header92% [Sources 19.0 kB] [16 Packages bzip2 0 B] [39 Packages 269 kB/877 kB 31%] [92% [16 Packages bzip2 0 B] [39 Packages 269 kB/877 kB 31%] [Waiting for header92% [Sources 21.3 MB] [16 Packages bzip2 0 B] [39 Packages 269 kB/877 kB 31%] [                                                                               Hit http://ppa.launchpad.net precise Release
97% [Sources 21.3 MB] [16 Packages bzip2 0 B] [39 Packages 655 kB/877 kB 75%] [                                                                               Get:41 http://ppa.launchpad.net precise Release [12.9 kB]
97% [Sources 21.3 MB] [16 Packages bzip2 0 B] [39 Packages 655 kB/877 kB 75%] [97% [Sources 21.3 MB] [16 Packages bzip2 0 B] [Release gpgv 12.9 kB] [39 Packag99% [Sources 21.3 MB] [16 Packages bzip2 0 B] [39 Packages 766 kB/877 kB 87%] [100% [Sources 21.3 MB] [16 Packages bzip2 0 B] [41 Release 11.2 kB/12.9 kB 87%]                                                                               Get:42 http://us.archive.ubuntu.com precise-updates/restricted amd64 Packages [13.6 kB]
100% [Sources 21.3 MB] [16 Packages bzip2 0 B] [42 Packages 13.6 kB/13.6 kB 100100% [Sources 21.3 MB] [16 Packages bzip2 0 B] [41 Release 11.2 kB/12.9 kB 87%]                                                                               Get:43 http://us.archive.ubuntu.com precise-updates/universe amd64 Packages [253 kB]
97% [Sources 21.3 MB] [16 Packages bzip2 0 B] [43 Packages 0 B/253 kB 0%] [41 R100% [Sources 21.3 MB] [16 Packages bzip2 0 B] [Waiting for headers] [41 Releas                                                                               Get:44 http://us.archive.ubuntu.com precise-updates/multiverse amd64 Packages [16.4 kB]
100% [Sources 21.3 MB] [16 Packages bzip2 0 B] [44 Packages 16.1 kB/16.4 kB 98%100% [Sources 21.3 MB] [16 Packages bzip2 0 B] [41 Release 11.2 kB/12.9 kB 87%]                                                                               Get:45 http://us.archive.ubuntu.com precise-updates/main i386 Packages [914 kB]
91% [Sources 21.3 MB] [16 Packages bzip2 0 B] [45 Packages 64.8 kB/914 kB 7%] [94% [Sources 21.3 MB] [16 Packages bzip2 0 B] [45 Packages 383 kB/914 kB 42%] [100% [Sources 21.3 MB] [16 Packages bzip2 0 B] [Waiting for headers] [41 Releas                                                                               Get:46 http://us.archive.ubuntu.com precise-updates/restricted i386 Packages [13.6 kB]
100% [Sources 21.3 MB] [16 Packages bzip2 0 B] [46 Packages 13.6 kB/13.6 kB 100100% [Sources 21.3 MB] [16 Packages bzip2 0 B] [41 Release 11.2 kB/12.9 kB 87%]                                                                               Get:47 http://us.archive.ubuntu.com precise-updates/universe i386 Packages [262 kB]
97% [Sources 21.3 MB] [16 Packages bzip2 0 B] [47 Packages 16.4 kB/262 kB 6%] [100% [Sources 21.3 MB] [16 Packages bzip2 0 B] [47 Packages 251 kB/262 kB 96%] 100% [Sources 21.3 MB] [16 Packages bzip2 0 B] [33 Release gpgv 17.6 kB] [47 Pa100% [Sources 21.3 MB] [16 Packages bzip2 0 B] [33 Release gpgv 17.6 kB] [41 Re                                                                               Get:48 http://us.archive.ubuntu.com precise-updates/multiverse i386 Packages [16.6 kB]
100% [Sources 21.3 MB] [16 Packages bzip2 0 B] [33 Release gpgv 17.6 kB] [48 Pa100% [Sources 21.3 MB] [16 Packages bzip2 0 B] [33 Release gpgv 17.6 kB] [41 Re                                                                               Get:49 http://us.archive.ubuntu.com precise-updates/main TranslationIndex [10.6 kB]
100% [Sources 21.3 MB] [16 Packages bzip2 0 B] [33 Release gpgv 17.6 kB] [49 Tr100% [Sources 21.3 MB] [16 Packages bzip2 0 B] [33 Release gpgv 17.6 kB] [41 Re                                                                               Get:50 http://us.archive.ubuntu.com precise-updates/multiverse TranslationIndex [7,613 B]
                                                                               Get:51 http://us.archive.ubuntu.com precise-updates/restricted TranslationIndex [7,297 B]
                                                                               Get:52 http://us.archive.ubuntu.com precise-updates/universe TranslationIndex [8,333 B]
100% [Sources 21.3 MB] [16 Packages bzip2 3,526 kB] [33 Release gpgv 17.6 kB] [                                                                               Get:53 http://us.archive.ubuntu.com precise-backports/main Sources [5,411 B]
                                                                               Get:54 http://us.archive.ubuntu.com precise-backports/restricted Sources [28 B]
100% [Sources 21.3 MB] [33 Release gpgv 17.6 kB] [Waiting for headers] [41 Rele100% [Sources 21.3 MB] [Waiting for headers] [41 Release 11.2 kB/12.9 kB 87%] [100% [Sources 21.3 MB] [22 Packages bzip2 0 B] [Waiting for headers] [41 Releas                                                                               Get:55 http://us.archive.ubuntu.com precise-backports/universe Sources [41.3 kB]
100% [Sources 21.3 MB] [22 Packages bzip2 0 B] [55 Sources 8,180 B/41.3 kB 20%]100% [Sources 21.3 MB] [22 Packages bzip2 0 B] [Waiting for headers] [41 Releas                                                                               Get:56 http://apt.postgresql.org precise-pgdg/main i386 Packages [51.8 kB]
99% [Sources 21.3 MB] [22 Packages bzip2 0 B] [Waiting for headers] [41 Release100% [Sources 21.3 MB] [Waiting for headers] [41 Release 11.2 kB/12.9 kB 87%] [100% [Sources 21.3 MB] [23 Packages bzip2 0 B] [Waiting for headers] [41 Releas                                                                               Get:57 http://us.archive.ubuntu.com precise-backports/multiverse Sources [5,750 B]
100% [Sources 21.3 MB] [23 Packages bzip2 0 B] [57 Sources 0 B/5,750 B 0%] [41 100% [Sources 21.3 MB] [23 Packages bzip2 0 B] [41 Release 11.2 kB/12.9 kB 87%]                                                                               Get:58 http://us.archive.ubuntu.com precise-backports/main amd64 Packages [5,491 B]
100% [Sources 21.3 MB] [23 Packages bzip2 0 B] [58 Packages 5,491 B/5,491 B 100100% [Sources 21.3 MB] [23 Packages bzip2 0 B] [41 Release 11.2 kB/12.9 kB 87%]                                                                               Get:59 http://us.archive.ubuntu.com precise-backports/restricted amd64 Packages [28 B]
100% [Sources 21.3 MB] [23 Packages bzip2 0 B] [59 Packages 28 B/28 B 100%] [41100% [Sources 21.3 MB] [23 Packages bzip2 0 B] [41 Release 11.2 kB/12.9 kB 87%]                                                                               Get:60 http://us.archive.ubuntu.com precise-backports/universe amd64 Packages [43.4 kB]
99% [Sources 21.3 MB] [23 Packages bzip2 0 B] [60 Packages 7,198 B/43.4 kB 17%]                                                                               Hit http://ppa.launchpad.net precise Release
100% [Sources 21.3 MB] [23 Packages bzip2 0 B] [60 Packages 43.4 kB/43.4 kB 100                                                                               Get:61 http://us.archive.ubuntu.com precise-backports/multiverse amd64 Packages [5,419 B]
                                                                               Get:62 http://ppa.launchpad.net precise Release [13.0 kB]
100% [Sources 21.3 MB] [23 Packages bzip2 0 B] [61 Packages 5,419 B/5,419 B 100100% [Sources 21.3 MB] [23 Packages bzip2 0 B] [41 Release gpgv 12.9 kB] [Waiti                                                                               Get:63 http://us.archive.ubuntu.com precise-backports/main i386 Packages [5,484 B]
100% [Sources 21.3 MB] [23 Packages bzip2 0 B] [41 Release gpgv 12.9 kB] [63 Pa                                                                               Hit http://ppa.launchpad.net precise/main amd64 Packages
100% [Sources 21.3 MB] [23 Packages bzip2 0 B] [41 Release gpgv 12.9 kB] [63 Pa100% [Sources 21.3 MB] [23 Packages bzip2 0 B] [41 Release gpgv 12.9 kB] [Waiti                                                                               Hit http://ppa.launchpad.net precise/main i386 Packages
100% [Sources 21.3 MB] [23 Packages bzip2 0 B] [41 Release gpgv 12.9 kB] [Waiti                                                                               Hit http://ppa.launchpad.net precise/main TranslationIndex
100% [Sources 21.3 MB] [23 Packages bzip2 0 B] [41 Release gpgv 12.9 kB] [Waiti                                                                               Get:64 http://us.archive.ubuntu.com precise-backports/restricted i386 Packages [28 B]
                                                                               Hit http://ppa.launchpad.net precise/main amd64 Packages
100% [Sources 21.3 MB] [23 Packages bzip2 0 B] [41 Release gpgv 12.9 kB] [Waiti                                                                               Get:65 http://us.archive.ubuntu.com precise-backports/universe i386 Packages [43.2 kB]
99% [Sources 21.3 MB] [23 Packages bzip2 0 B] [41 Release gpgv 12.9 kB] [65 Pac100% [Sources 21.3 MB] [23 Packages bzip2 0 B] [41 Release gpgv 12.9 kB] [Waiti                                                                               Get:66 http://us.archive.ubuntu.com precise-backports/multiverse i386 Packages [5,413 B]
100% [Sources 21.3 MB] [23 Packages bzip2 0 B] [41 Release gpgv 12.9 kB] [66 Pa100% [Sources 21.3 MB] [23 Packages bzip2 0 B] [41 Release gpgv 12.9 kB] [Waiti100% [Sources 21.3 MB] [23 Packages bzip2 0 B] [Waiting for headers] [Waiting f100% [Sources 21.3 MB] [23 Packages bzip2 0 B] [Release gpgv 12.4 kB] [Waiting 100% [Sources 21.3 MB] [23 Packages bzip2 0 B] [Waiting for headers] [Waiting f100% [Sources 21.3 MB] [23 Packages bzip2 0 B] [62 Release gpgv 13.0 kB] [Waiti100% [Sources 21.3 MB] [23 Packages bzip2 0 B] [Waiting for headers] [Waiting f                                                                               Get:67 http://us.archive.ubuntu.com precise-backports/main TranslationIndex [202 B]
100% [Sources 21.3 MB] [23 Packages bzip2 0 B] [67 TranslationIndex 202 B/202 B100% [Sources 21.3 MB] [23 Packages bzip2 0 B] [Waiting for headers] [Waiting f                                                                               Get:68 http://us.archive.ubuntu.com precise-backports/multiverse TranslationIndex [202 B]
                                                                               Get:69 http://us.archive.ubuntu.com precise-backports/restricted TranslationIndex [193 B]
100% [Sources 21.3 MB] [23 Packages bzip2 0 B] [Waiting for headers] [Waiting f                                                                               Get:70 http://us.archive.ubuntu.com precise-backports/universe TranslationIndex [205 B]
100% [Sources 21.3 MB] [23 Packages bzip2 0 B] [Waiting for headers] [Waiting f                                                                               Hit http://us.archive.ubuntu.com precise/main Translation-en
100% [Sources 21.3 MB] [23 Packages bzip2 0 B] [Waiting for headers] [56 Packag                                                                               Hit http://us.archive.ubuntu.com precise/multiverse Translation-en
100% [Sources 21.3 MB] [23 Packages bzip2 0 B] [Waiting for headers] [56 Packag                                                                               Hit http://us.archive.ubuntu.com precise/restricted Translation-en
                                                                               Hit http://us.archive.ubuntu.com precise/universe Translation-en
                                                                               Get:71 http://us.archive.ubuntu.com precise-updates/main Translation-en [385 kB]
96% [Sources 21.3 MB] [23 Packages bzip2 0 B] [71 Translation-en 6,834 B/385 kB100% [Sources 21.3 MB] [71 Translation-en 357 kB/385 kB 93%] [Waiting for heade100% [Sources 21.3 MB] [24 Packages bzip2 0 B] [71 Translation-en 357 kB/385 kB100% [Sources 21.3 MB] [24 Packages bzip2 0 B] [Waiting for headers] [56 Packag                                                                               Get:72 http://us.archive.ubuntu.com precise-updates/multiverse Translation-en [9,533 B]
100% [Sources 21.3 MB] [24 Packages bzip2 0 B] [72 Translation-en 9,533 B/9,533100% [Sources 21.3 MB] [72 Translation-en 9,533 B/9,533 B 100%] [Waiting for he100% [Sources 21.3 MB] [Waiting for headers] [56 Packages 31.2 kB/51.8 kB 60%] 100% [Sources 21.3 MB] [25 Packages bzip2 0 B] [Waiting for headers] [Waiting f100% [Sources 21.3 MB] [25 Packages bzip2 0 B] [Waiting for headers] [Waiting f                                                                               Ign http://apt.postgresql.org precise-pgdg/main TranslationIndex
100% [Sources 21.3 MB] [25 Packages bzip2 0 B] [Waiting for headers] [Waiting f                                                                               Hit http://us.archive.ubuntu.com precise-updates/restricted Translation-en
100% [Sources 21.3 MB] [25 Packages bzip2 0 B] [Waiting for headers] [Waiting f                                                                               Get:73 http://us.archive.ubuntu.com precise-updates/universe Translation-en [148 kB]
99% [Sources 21.3 MB] [25 Packages bzip2 0 B] [73 Translation-en 8,262 B/148 kB100% [Sources 21.3 MB] [25 Packages bzip2 0 B] [Waiting for headers] [Waiting f                                                                               Hit http://us.archive.ubuntu.com precise-backports/main Translation-en
                                                                               Hit http://us.archive.ubuntu.com precise-backports/multiverse Translation-en
100% [Sources 21.3 MB] [25 Packages bzip2 0 B] [Waiting for headers] [Waiting f                                                                               Hit http://us.archive.ubuntu.com precise-backports/restricted Translation-en
100% [Sources 21.3 MB] [25 Packages bzip2 0 B] [Waiting for headers] [Waiting f                                                                               Hit http://us.archive.ubuntu.com precise-backports/universe Translation-en
100% [Sources 21.3 MB] [25 Packages bzip2 0 B] [Waiting for headers] [Waiting f                                                                               Get:74 http://www.rabbitmq.com testing/main amd64 Packages [495 B]
100% [Sources 21.3 MB] [25 Packages bzip2 0 B] [Waiting for headers] [Waiting f100% [Sources 21.3 MB] [25 Packages bzip2 0 B] [Waiting for headers] [Waiting f100% [Sources 21.3 MB] [25 Packages bzip2 0 B] [74 Packages gzip 0 B] [Waiting 100% [Sources 21.3 MB] [25 Packages bzip2 0 B] [Waiting for headers] [Waiting f                                                                               Hit http://ppa.launchpad.net precise/main i386 Packages
100% [Sources 21.3 MB] [25 Packages bzip2 0 B] [Waiting for headers] [Waiting f                                                                               Hit http://ppa.launchpad.net precise/main TranslationIndex
100% [Sources 21.3 MB] [25 Packages bzip2 0 B] [Waiting for headers] [Waiting f                                                                               Get:75 http://www.rabbitmq.com testing/main i386 Packages [495 B]
100% [Sources 21.3 MB] [25 Packages bzip2 0 B] [Waiting for headers] [Waiting f                                                                               Ign http://www.rabbitmq.com testing/main TranslationIndex
100% [Sources 21.3 MB] [25 Packages bzip2 0 B] [Waiting for headers] [Waiting f100% [Sources 21.3 MB] [25 Packages bzip2 0 B] [75 Packages gzip 0 B] [Waiting 100% [Sources 21.3 MB] [25 Packages bzip2 0 B] [Waiting for headers] [Waiting f                                                                               Hit http://ppa.launchpad.net precise/main amd64 Packages
100% [Sources 21.3 MB] [25 Packages bzip2 0 B] [Waiting for headers] [Waiting f                                                                               Hit http://ppa.launchpad.net precise/main i386 Packages
100% [Sources 21.3 MB] [25 Packages bzip2 0 B] [Waiting for headers] [Waiting f                                                                               Hit http://ppa.launchpad.net precise/main TranslationIndex
100% [Sources 21.3 MB] [25 Packages bzip2 0 B] [Waiting for headers] [Waiting f                                                                               Hit http://ppa.launchpad.net precise/main Translation-en
100% [Sources 21.3 MB] [25 Packages bzip2 0 B] [Waiting for headers] [Waiting f                                                                               Get:76 http://ppa.launchpad.net precise/main amd64 Packages [1,398 B]
100% [Sources 21.3 MB] [25 Packages bzip2 0 B] [76 Packages 1,398 B/1,398 B 100100% [Sources 21.3 MB] [25 Packages bzip2 0 B] [Waiting for headers] [Waiting f                                                                               Get:77 http://ppa.launchpad.net precise/main i386 Packages [943 B]
100% [Sources 21.3 MB] [25 Packages bzip2 0 B] [77 Packages 943 B/943 B 100%] [100% [Sources 21.3 MB] [25 Packages bzip2 0 B] [Waiting for headers] [Waiting f                                                                               Get:78 http://ppa.launchpad.net precise/main TranslationIndex [199 B]
100% [Sources 21.3 MB] [25 Packages bzip2 0 B] [78 TranslationIndex 199 B/199 B                                                                               Hit http://ppa.launchpad.net precise/main amd64 Packages
100% [Sources 21.3 MB] [25 Packages bzip2 0 B] [Waiting for headers] [Waiting f                                                                               Hit http://ppa.launchpad.net precise/main i386 Packages
100% [Sources 21.3 MB] [25 Packages bzip2 0 B] [Waiting for headers] [Waiting f100% [Sources 21.3 MB] [Waiting for headers] [Waiting for headers] [Waiting for100% [Sources 21.3 MB] [26 Packages bzip2 0 B] [Waiting for headers] [Waiting f                                                                               Hit http://ppa.launchpad.net precise/main TranslationIndex
100% [Sources 21.3 MB] [26 Packages bzip2 0 B] [Waiting for headers] [Waiting f                                                                               Get:79 http://ppa.launchpad.net precise/main amd64 Packages [3,372 B]
100% [Sources 21.3 MB] [26 Packages bzip2 0 B] [79 Packages 3,372 B/3,372 B 100100% [Sources 21.3 MB] [26 Packages bzip2 0 B] [Waiting for headers] [Waiting f                                                                               Get:80 http://ppa.launchpad.net precise/main i386 Packages [3,372 B]
100% [Sources 21.3 MB] [26 Packages bzip2 0 B] [80 Packages 2,495 B/3,372 B 74%100% [Sources 21.3 MB] [26 Packages bzip2 0 B] [Waiting for headers] [Waiting f                                                                               Get:81 http://ppa.launchpad.net precise/main TranslationIndex [199 B]
100% [Sources 21.3 MB] [26 Packages bzip2 0 B] [81 TranslationIndex 199 B/199 B100% [Sources 21.3 MB] [26 Packages bzip2 0 B] [Waiting for headers] [Waiting f                                                                               Hit http://ppa.launchpad.net precise/main Translation-en
                                                                               Hit http://ppa.launchpad.net precise/main Translation-en
100% [Sources 21.3 MB] [26 Packages bzip2 0 B] [Waiting for headers] [Waiting f100% [Sources 21.3 MB] [Waiting for headers] [Waiting for headers] [Waiting for100% [Sources 21.3 MB] [27 Packages bzip2 0 B] [Waiting for headers] [Waiting f100% [Sources 21.3 MB] [Waiting for headers] [Waiting for headers] [Waiting for100% [Sources 21.3 MB] [28 Packages bzip2 0 B] [Waiting for headers] [Waiting f100% [Sources 21.3 MB] [Waiting for headers] [Waiting for headers] [Waiting for100% [Sources 21.3 MB] [34 Translation-en bzip2 0 B] [Waiting for headers] [Wai                                                                               Get:82 http://ppa.launchpad.net precise/main Translation-en [735 B]
100% [Sources 21.3 MB] [34 Translation-en bzip2 0 B] [82 Translation-en 735 B/7100% [Sources 21.3 MB] [34 Translation-en bzip2 0 B] [Waiting for headers] [Wai                                                                               Hit http://ppa.launchpad.net precise/main Translation-en
100% [Sources 21.3 MB] [34 Translation-en bzip2 0 B] [Waiting for headers] [Wai                                                                               Get:83 http://ppa.launchpad.net precise/main Translation-en [1,556 B]
100% [Sources 21.3 MB] [34 Translation-en bzip2 0 B] [83 Translation-en 1,145 B100% [Sources 21.3 MB] [34 Translation-en bzip2 0 B] [Waiting for headers] [Wai                                                                               Ign http://apt.postgresql.org precise-pgdg/main Translation-en_US
                                                                               100% [Sources 21.3 MB] [34 Translation-en bzip2 0 B] [Waiting for headers]                                                                          100% [Sources 21.3 MB] [Waiting for headers] [Waiting for headers]                                                                  100% [Sources 21.3 MB] [21 Sources bzip2 0 B] [Waiting for headers] [Waiting fo                                                                               Ign http://apt.postgresql.org precise-pgdg/main Translation-en
                                                                               100% [Sources 21.3 MB] [21 Sources bzip2 0 B] [Waiting for headers]                                                                   100% [21 Sources bzip2 0 B] [Waiting for headers]                                                 100% [Sources 629 kB] [21 Sources bzip2 0 B] [Waiting for headers]                                                                  100% [21 Sources bzip2 0 B] [Waiting for headers]                                                 100% [Packages 7,819 kB] [21 Sources bzip2 0 B] [Waiting for headers]                                                                     100% [Packages 7,819 kB] [Waiting for headers]                                              100% [Packages 7,819 kB] [36 Sources bzip2 0 B] [Waiting for headers]                                                                     100% [Packages 7,819 kB] [Waiting for headers]                                              100% [Packages 7,819 kB] [37 Sources bzip2 0 B] [Waiting for headers]                                                                     100% [Packages 7,819 kB] [Waiting for headers]                                              100% [Packages 7,819 kB] [38 Sources bzip2 0 B] [Waiting for headers]                                                                     100% [Packages 7,819 kB] [Waiting for headers]                                              100% [Packages 7,819 kB] [40 Translation-en bzip2 0 B] [Waiting for headers]                                                                            100% [Packages 7,819 kB] [Waiting for headers]                                              100% [Packages 7,819 kB] [39 Packages bzip2 0 B] [Waiting for headers]                                                                      100% [39 Packages bzip2 0 B] [Waiting for headers]                                                  100% [Packages 135 kB] [39 Packages bzip2 0 B] [Waiting for headers]                                                                    100% [39 Packages bzip2 0 B] [Waiting for headers]                                                  100% [Packages 25.5 MB] [39 Packages bzip2 0 B] [Waiting for headers]                                                                     Ign http://www.rabbitmq.com testing/main Translation-en_US
                                                                     100% [Packages 25.5 MB] [39 Packages bzip2 0 B]                                               Ign http://www.rabbitmq.com testing/main Translation-en
100% [Packages 25.5 MB] [39 Packages bzip2 0 B]                                               100% [Packages 25.5 MB]                       100% [Packages 25.5 MB] [42 Packages bzip2 0 B]                                               100% [Packages 25.5 MB]                       100% [Packages 25.5 MB] [43 Packages bzip2 0 B]                                               100% [Packages 25.5 MB]                       100% [Packages 25.5 MB] [44 Packages bzip2 0 B]                                               100% [Packages 25.5 MB]                       100% [Packages 25.5 MB] [35 Packages bzip2 0 B]                                               100% [Packages 25.5 MB]                       100% [Packages 25.5 MB] [45 Packages bzip2 0 B]                                               100% [Packages 25.5 MB]                       100% [Packages 25.5 MB] [46 Packages bzip2 0 B]                                               100% [Packages 25.5 MB]                       100% [Packages 25.5 MB] [47 Packages bzip2 0 B]                                               100% [Packages 25.5 MB]                       100% [Packages 25.5 MB] [48 Packages bzip2 0 B]                                               100% [Packages 25.5 MB]                       100% [Packages 25.5 MB] [53 Sources bzip2 0 B]                                              100% [Packages 25.5 MB]                       100% [Packages 25.5 MB] [54 Sources bzip2 0 B]                                              100% [Packages 25.5 MB]                       100% [Packages 25.5 MB] [55 Sources bzip2 0 B]                                              100% [55 Sources bzip2 0 B]                           100% [Working]              100% [Packages 582 kB]                      100% [Packages 582 kB] [57 Sources bzip2 0 B]                                             100% [Packages 582 kB]                      100% [Packages 582 kB] [58 Packages bzip2 0 B]                                              100% [Packages 582 kB]                      100% [Packages 582 kB] [59 Packages bzip2 0 B]                                              100% [Packages 582 kB]                      100% [Packages 582 kB] [60 Packages bzip2 0 B]                                              100% [60 Packages bzip2 0 B]                            100% [Packages 7,816 kB] [60 Packages bzip2 0 B]                                                100% [Packages 7,816 kB]                        100% [Packages 7,816 kB] [61 Packages bzip2 0 B]                                                100% [Packages 7,816 kB]                        100% [Packages 7,816 kB] [63 Packages bzip2 0 B]                                                100% [Packages 7,816 kB]                        100% [Packages 7,816 kB] [64 Packages bzip2 0 B]                                                100% [Packages 7,816 kB]                        100% [Packages 7,816 kB] [65 Packages bzip2 0 B]                                                100% [Packages 7,816 kB]                        100% [Packages 7,816 kB] [66 Packages bzip2 0 B]                                                100% [Packages 7,816 kB]                        100% [Packages 7,816 kB] [71 Translation-en bzip2 0 B]                                                      100% [71 Translation-en bzip2 0 B]                                  100% [Packages 135 kB] [71 Translation-en bzip2 0 B]                                                    100% [71 Translation-en bzip2 0 B]                                  100% [Packages 25.6 MB] [71 Translation-en bzip2 0 B]                                                     100% [Packages 25.6 MB]                       100% [Packages 25.6 MB] [72 Translation-en bzip2 0 B]                                                     100% [Packages 25.6 MB]                       100% [Packages 25.6 MB] [56 Packages bzip2 0 B]                                               100% [Packages 25.6 MB]                       100% [Packages 25.6 MB] [73 Translation-en bzip2 0 B]                                                     100% [Packages 25.6 MB]                       100% [Packages 25.6 MB] [76 Packages bzip2 0 B]                                               100% [Packages 25.6 MB]                       100% [Packages 25.6 MB] [77 Packages bzip2 0 B]                                               100% [Packages 25.6 MB]                       100% [Packages 25.6 MB] [79 Packages bzip2 0 B]                                               100% [Packages 25.6 MB]                       100% [Packages 25.6 MB] [80 Packages bzip2 0 B]                                               100% [Packages 25.6 MB]                       100% [Packages 25.6 MB] [82 Translation-en bzip2 0 B]                                                     100% [Packages 25.6 MB]                       100% [Packages 25.6 MB] [83 Translation-en bzip2 0 B]                                                     100% [Packages 25.6 MB]100% [Packages 25.6 MB]                       100% [Working]              100% [Packages 592 kB]                      100% [Working]              100% [Translation-en 2,884 B]                             100% [Working]              100% [Translation-en 12.6 kB]                             100% [Working]              100% [Packages 2,464 B]                       100% [Working]              100% [Packages 2,461 B]                       100% [Working]              100% [Packages 12.4 kB]                       100% [Working]              100% [Translation-en 3,862 kB]                              100% [Working]              100% [Translation-en 367 kB]                            100% [Working]              100% [Translation-en 10.2 kB]                             100% [Working]              100% [Translation-en 15.0 MB]                             100% [Working]              100% [Translation-en 18.6 kB]                             100% [Working]              100% [Translation-en 14.7 kB]                             100% [Working]              100% [Translation-en 13.6 kB]                             100% [Working]              100% [Translation-en 0 B]                         100% [Working]              100% [Translation-en 138 kB]                            100% [Working]              100% [Packages 12.4 kB]                       100% [Working]              100% [Packages 1,166 B]                       100% [Working]              100% [Packages 1,164 B]                       100% [Working]              100% [Translation-en 2,489 B]                             100% [Working]              100% [Packages 137 kB]                      100% [Working]              100% [Packages 137 kB]                      100% [Working]              100% [Translation-en 13.8 kB]                             100% [Working]              100% [Translation-en 871 B]                           100% [Working]              100% [Translation-en 97.3 kB]                             100% [Working]              Fetched 5,974 kB in 3s (1,787 kB/s)
Reading package lists... 0%Reading package lists... 0%Reading package lists... 1%Reading package lists... 6%Reading package lists... 6%Reading package lists... 6%Reading package lists... 6%Reading package lists... 23%Reading package lists... 26%Reading package lists... 26%Reading package lists... 27%Reading package lists... 27%Reading package lists... 33%Reading package lists... 33%Reading package lists... 33%Reading package lists... 33%Reading package lists... 47%Reading package lists... 54%Reading package lists... 54%Reading package lists... 54%Reading package lists... 54%Reading package lists... 57%Reading package lists... 57%Reading package lists... 58%Reading package lists... 58%Reading package lists... 58%Reading package lists... 58%Reading package lists... 70%Reading package lists... 70%Reading package lists... 71%Reading package lists... 75%Reading package lists... 75%Reading package lists... 75%Reading package lists... 75%Reading package lists... 76%Reading package lists... 76%Reading package lists... 76%Reading package lists... 76%Reading package lists... 81%Reading package lists... 81%Reading package lists... 82%Reading package lists... 82%Reading package lists... 83%Reading package lists... 83%Reading package lists... 83%Reading package lists... 83%Reading package lists... 86%Reading package lists... 86%Reading package lists... 86%Reading package lists... 86%Reading package lists... 86%Reading package lists... 86%Reading package lists... 87%Reading package lists... 87%Reading package lists... 87%Reading package lists... 87%Reading package lists... 87%Reading package lists... 87%Reading package lists... 87%Reading package lists... 87%Reading package lists... 87%Reading package lists... 87%Reading package lists... 87%Reading package lists... 87%Reading package lists... 87%Reading package lists... 87%Reading package lists... 87%Reading package lists... 87%Reading package lists... 87%Reading package lists... 87%Reading package lists... 87%Reading package lists... 87%Reading package lists... 87%Reading package lists... 87%Reading package lists... 87%Reading package lists... 87%Reading package lists... 87%Reading package lists... 87%Reading package lists... 89%Reading package lists... 90%Reading package lists... 90%Reading package lists... 90%Reading package lists... 90%Reading package lists... 91%Reading package lists... 91%Reading package lists... 91%Reading package lists... 91%Reading package lists... 94%Reading package lists... 94%Reading package lists... 94%Reading package lists... 94%Reading package lists... 95%Reading package lists... 95%Reading package lists... 95%Reading package lists... 95%Reading package lists... 97%Reading package lists... 97%Reading package lists... 97%Reading package lists... 97%Reading package lists... 97%Reading package lists... 97%Reading package lists... 97%Reading package lists... 97%Reading package lists... 97%Reading package lists... 97%Reading package lists... 97%Reading package lists... 97%Reading package lists... 97%Reading package lists... 97%Reading package lists... 97%Reading package lists... 97%Reading package lists... 97%Reading package lists... 97%Reading package lists... 97%Reading package lists... 97%Reading package lists... 97%Reading package lists... 97%Reading package lists... 98%Reading package lists... 98%Reading package lists... 98%Reading package lists... 98%Reading package lists... 98%Reading package lists... 98%Reading package lists... 98%Reading package lists... 98%Reading package lists... 98%Reading package lists... 98%Reading package lists... 98%Reading package lists... 98%Reading package lists... 98%Reading package lists... 98%Reading package lists... 98%Reading package lists... 98%Reading package lists... 98%Reading package lists... 98%Reading package lists... 98%Reading package lists... 98%Reading package lists... 98%Reading package lists... 98%Reading package lists... 99%Reading package lists... 99%Reading package lists... 99%Reading package lists... 99%Reading package lists... 99%Reading package lists... 99%Reading package lists... 99%Reading package lists... 99%Reading package lists... 99%Reading package lists... 99%Reading package lists... 99%Reading package lists... 99%Reading package lists... Done
Reading package lists... 0%Reading package lists... 100%Reading package lists... Done
Building dependency tree... 0%Building dependency tree... 0%Building dependency tree... 50%Building dependency tree... 50%Building dependency tree       
Reading state information... 0%Reading state information... 0%Reading state information... Done
git is already the newest version.
The following package was automatically installed and is no longer required:
  libgeos-3.2.2
Use 'apt-get autoremove' to remove them.
0 upgraded, 0 newly installed, 0 to remove and 148 not upgraded.
travis_time:end:2251d450:start=1425404123865963298,finish=1425404131290673182,duration=7424709884[0Ktravis_fold:end:before_install.1[0Ktravis_fold:start:before_install.2[0Ktravis_time:start:008790b0[0K$ git fetch --unshallow
remote: Counting objects: 4368, done.[K
remote: Compressing objects:   0% (1/1522)   [Kremote: Compressing objects:   1% (16/1522)   [Kremote: Compressing objects:   2% (31/1522)   [Kremote: Compressing objects:   3% (46/1522)   [Kremote: Compressing objects:   4% (61/1522)   [Kremote: Compressing objects:   5% (77/1522)   [Kremote: Compressing objects:   6% (92/1522)   [Kremote: Compressing objects:   7% (107/1522)   [Kremote: Compressing objects:   8% (122/1522)   [Kremote: Compressing objects:   9% (137/1522)   [Kremote: Compressing objects:  10% (153/1522)   [Kremote: Compressing objects:  11% (168/1522)   [Kremote: Compressing objects:  12% (183/1522)   [Kremote: Compressing objects:  13% (198/1522)   [Kremote: Compressing objects:  14% (214/1522)   [Kremote: Compressing objects:  15% (229/1522)   [Kremote: Compressing objects:  16% (244/1522)   [Kremote: Compressing objects:  17% (259/1522)   [Kremote: Compressing objects:  18% (274/1522)   [Kremote: Compressing objects:  19% (290/1522)   [Kremote: Compressing objects:  20% (305/1522)   [Kremote: Compressing objects:  21% (320/1522)   [Kremote: Compressing objects:  22% (335/1522)   [Kremote: Compressing objects:  23% (351/1522)   [Kremote: Compressing objects:  24% (366/1522)   [Kremote: Compressing objects:  25% (381/1522)   [Kremote: Compressing objects:  26% (396/1522)   [Kremote: Compressing objects:  27% (411/1522)   [Kremote: Compressing objects:  28% (427/1522)   [Kremote: Compressing objects:  29% (442/1522)   [Kremote: Compressing objects:  30% (457/1522)   [Kremote: Compressing objects:  31% (472/1522)   [Kremote: Compressing objects:  32% (488/1522)   [Kremote: Compressing objects:  33% (503/1522)   [Kremote: Compressing objects:  34% (518/1522)   [Kremote: Compressing objects:  35% (533/1522)   [Kremote: Compressing objects:  36% (548/1522)   [Kremote: Compressing objects:  37% (564/1522)   [Kremote: Compressing objects:  38% (579/1522)   [Kremote: Compressing objects:  39% (594/1522)   [Kremote: Compressing objects:  40% (609/1522)   [Kremote: Compressing objects:  41% (625/1522)   [Kremote: Compressing objects:  42% (640/1522)   [Kremote: Compressing objects:  43% (655/1522)   [Kremote: Compressing objects:  44% (670/1522)   [Kremote: Compressing objects:  45% (685/1522)   [Kremote: Compressing objects:  46% (701/1522)   [Kremote: Compressing objects:  47% (716/1522)   [Kremote: Compressing objects:  48% (731/1522)   [Kremote: Compressing objects:  49% (746/1522)   [Kremote: Compressing objects:  50% (761/1522)   [Kremote: Compressing objects:  51% (777/1522)   [Kremote: Compressing objects:  52% (792/1522)   [Kremote: Compressing objects:  53% (807/1522)   [Kremote: Compressing objects:  54% (822/1522)   [Kremote: Compressing objects:  55% (838/1522)   [Kremote: Compressing objects:  56% (853/1522)   [Kremote: Compressing objects:  57% (868/1522)   [Kremote: Compressing objects:  58% (883/1522)   [Kremote: Compressing objects:  59% (898/1522)   [Kremote: Compressing objects:  60% (914/1522)   [Kremote: Compressing objects:  61% (929/1522)   [Kremote: Compressing objects:  62% (944/1522)   [Kremote: Compressing objects:  63% (959/1522)   [Kremote: Compressing objects:  64% (975/1522)   [Kremote: Compressing objects:  65% (990/1522)   [Kremote: Compressing objects:  66% (1005/1522)   [Kremote: Compressing objects:  67% (1020/1522)   [Kremote: Compressing objects:  68% (1035/1522)   [Kremote: Compressing objects:  69% (1051/1522)   [Kremote: Compressing objects:  70% (1066/1522)   [Kremote: Compressing objects:  71% (1081/1522)   [Kremote: Compressing objects:  72% (1096/1522)   [Kremote: Compressing objects:  73% (1112/1522)   [Kremote: Compressing objects:  74% (1127/1522)   [Kremote: Compressing objects:  75% (1142/1522)   [Kremote: Compressing objects:  76% (1157/1522)   [Kremote: Compressing objects:  77% (1172/1522)   [Kremote: Compressing objects:  78% (1188/1522)   [Kremote: Compressing objects:  79% (1203/1522)   [Kremote: Compressing objects:  80% (1218/1522)   [Kremote: Compressing objects:  81% (1233/1522)   [Kremote: Compressing objects:  82% (1249/1522)   [Kremote: Compressing objects:  83% (1264/1522)   [Kremote: Compressing objects:  84% (1279/1522)   [Kremote: Compressing objects:  85% (1294/1522)   [Kremote: Compressing objects:  86% (1309/1522)   [Kremote: Compressing objects:  87% (1325/1522)   [Kremote: Compressing objects:  88% (1340/1522)   [Kremote: Compressing objects:  89% (1355/1522)   [Kremote: Compressing objects:  90% (1370/1522)   [Kremote: Compressing objects:  91% (1386/1522)   [Kremote: Compressing objects:  92% (1401/1522)   [Kremote: Compressing objects:  93% (1416/1522)   [Kremote: Compressing objects:  94% (1431/1522)   [Kremote: Compressing objects:  95% (1446/1522)   [Kremote: Compressing objects:  96% (1462/1522)   [Kremote: Compressing objects:  97% (1477/1522)   [Kremote: Compressing objects:  98% (1492/1522)   [Kremote: Compressing objects:  99% (1507/1522)   [Kremote: Compressing objects: 100% (1522/1522)   [Kremote: Compressing objects: 100% (1522/1522), done.[K
Receiving objects:   0% (1/4368)   Receiving objects:   1% (44/4368)   Receiving objects:   2% (88/4368)   Receiving objects:   3% (132/4368)   Receiving objects:   4% (175/4368)   Receiving objects:   5% (219/4368)   Receiving objects:   6% (263/4368)   Receiving objects:   7% (306/4368)   Receiving objects:   8% (350/4368)   Receiving objects:   9% (394/4368)   Receiving objects:  10% (437/4368)   Receiving objects:  11% (481/4368)   Receiving objects:  12% (525/4368)   Receiving objects:  13% (568/4368)   Receiving objects:  14% (612/4368)   Receiving objects:  15% (656/4368)   Receiving objects:  16% (699/4368)   Receiving objects:  17% (743/4368)   Receiving objects:  18% (787/4368)   Receiving objects:  19% (830/4368)   Receiving objects:  20% (874/4368)   Receiving objects:  21% (918/4368)   Receiving objects:  22% (961/4368)   Receiving objects:  23% (1005/4368)   Receiving objects:  24% (1049/4368)   Receiving objects:  25% (1092/4368)   Receiving objects:  26% (1136/4368)   Receiving objects:  27% (1180/4368)   Receiving objects:  28% (1224/4368)   Receiving objects:  29% (1267/4368)   Receiving objects:  30% (1311/4368)   Receiving objects:  31% (1355/4368)   Receiving objects:  32% (1398/4368)   Receiving objects:  33% (1442/4368)   Receiving objects:  34% (1486/4368)   Receiving objects:  35% (1529/4368)   Receiving objects:  36% (1573/4368)   Receiving objects:  37% (1617/4368)   Receiving objects:  38% (1660/4368)   Receiving objects:  39% (1704/4368)   Receiving objects:  40% (1748/4368)   Receiving objects:  41% (1791/4368)   Receiving objects:  42% (1835/4368)   Receiving objects:  43% (1879/4368)   Receiving objects:  44% (1922/4368)   Receiving objects:  45% (1966/4368)   Receiving objects:  46% (2010/4368)   Receiving objects:  47% (2053/4368)   Receiving objects:  48% (2097/4368)   Receiving objects:  49% (2141/4368)   Receiving objects:  50% (2184/4368)   Receiving objects:  51% (2228/4368)   Receiving objects:  52% (2272/4368)   Receiving objects:  53% (2316/4368)   Receiving objects:  54% (2359/4368)   Receiving objects:  55% (2403/4368)   Receiving objects:  56% (2447/4368)   Receiving objects:  57% (2490/4368)   Receiving objects:  58% (2534/4368)   Receiving objects:  59% (2578/4368)   Receiving objects:  60% (2621/4368)   Receiving objects:  61% (2665/4368)   Receiving objects:  62% (2709/4368)   Receiving objects:  63% (2752/4368)   Receiving objects:  64% (2796/4368)   Receiving objects:  65% (2840/4368)   Receiving objects:  66% (2883/4368)   Receiving objects:  67% (2927/4368)   Receiving objects:  68% (2971/4368)   Receiving objects:  69% (3014/4368)   Receiving objects:  70% (3058/4368)   Receiving objects:  71% (3102/4368)   Receiving objects:  72% (3145/4368)   Receiving objects:  73% (3189/4368)   Receiving objects:  74% (3233/4368)   Receiving objects:  75% (3276/4368)   Receiving objects:  76% (3320/4368)   Receiving objects:  77% (3364/4368)   Receiving objects:  78% (3408/4368)   Receiving objects:  79% (3451/4368)   Receiving objects:  80% (3495/4368)   Receiving objects:  81% (3539/4368)   Receiving objects:  82% (3582/4368)   Receiving objects:  83% (3626/4368)   Receiving objects:  84% (3670/4368)   Receiving objects:  85% (3713/4368)   Receiving objects:  86% (3757/4368)   Receiving objects:  87% (3801/4368)   Receiving objects:  88% (3844/4368)   Receiving objects:  89% (3888/4368)   Receiving objects:  90% (3932/4368)   Receiving objects:  91% (3975/4368)   Receiving objects:  92% (4019/4368)   Receiving objects:  93% (4063/4368)   Receiving objects:  94% (4106/4368)   Receiving objects:  95% (4150/4368)   Receiving objects:  96% (4194/4368), 16.18 MiB | 32.28 MiB/s   Receiving objects:  97% (4237/4368), 16.18 MiB | 32.28 MiB/s   Receiving objects:  97% (4257/4368), 39.21 MiB | 39.13 MiB/s   Receiving objects:  98% (4281/4368), 39.21 MiB | 39.13 MiB/s   Receiving objects:  99% (4325/4368), 39.21 MiB | 39.13 MiB/s   remote: Total 4368 (delta 2818), reused 4260 (delta 2710), pack-reused 0[K
Receiving objects: 100% (4368/4368), 39.21 MiB | 39.13 MiB/s   Receiving objects: 100% (4368/4368), 46.99 MiB | 39.13 MiB/s, done.
Resolving deltas:   0% (0/2818)   Resolving deltas:   1% (31/2818)   Resolving deltas:   3% (87/2818)   Resolving deltas:   4% (118/2818)   Resolving deltas:   5% (143/2818)   Resolving deltas:   6% (173/2818)   Resolving deltas:   7% (202/2818)   Resolving deltas:   8% (230/2818)   Resolving deltas:   9% (259/2818)   Resolving deltas:  10% (286/2818)   Resolving deltas:  11% (314/2818)   Resolving deltas:  12% (365/2818)   Resolving deltas:  13% (368/2818)   Resolving deltas:  14% (398/2818)   Resolving deltas:  15% (423/2818)   Resolving deltas:  16% (459/2818)   Resolving deltas:  17% (484/2818)   Resolving deltas:  18% (510/2818)   Resolving deltas:  19% (537/2818)   Resolving deltas:  20% (568/2818)   Resolving deltas:  21% (605/2818)   Resolving deltas:  22% (622/2818)   Resolving deltas:  24% (678/2818)   Resolving deltas:  26% (745/2818)   Resolving deltas:  27% (764/2818)   Resolving deltas:  29% (819/2818)   Resolving deltas:  30% (848/2818)   Resolving deltas:  32% (904/2818)   Resolving deltas:  33% (931/2818)   Resolving deltas:  34% (961/2818)   Resolving deltas:  35% (989/2818)   Resolving deltas:  36% (1015/2818)   Resolving deltas:  37% (1048/2818)   Resolving deltas:  38% (1080/2818)   Resolving deltas:  39% (1119/2818)   Resolving deltas:  40% (1134/2818)   Resolving deltas:  41% (1161/2818)   Resolving deltas:  42% (1187/2818)   Resolving deltas:  43% (1221/2818)   Resolving deltas:  44% (1246/2818)   Resolving deltas:  45% (1270/2818)   Resolving deltas:  46% (1299/2818)   Resolving deltas:  47% (1330/2818)   Resolving deltas:  48% (1356/2818)   Resolving deltas:  49% (1381/2818)   Resolving deltas:  50% (1410/2818)   Resolving deltas:  52% (1470/2818)   Resolving deltas:  53% (1495/2818)   Resolving deltas:  54% (1526/2818)   Resolving deltas:  56% (1580/2818)   Resolving deltas:  57% (1612/2818)   Resolving deltas:  58% (1661/2818)   Resolving deltas:  59% (1666/2818)   Resolving deltas:  60% (1704/2818)   Resolving deltas:  61% (1728/2818)   Resolving deltas:  62% (1751/2818)   Resolving deltas:  63% (1795/2818)   Resolving deltas:  64% (1821/2818)   Resolving deltas:  65% (1833/2818)   Resolving deltas:  67% (1895/2818)   Resolving deltas:  68% (1932/2818)   Resolving deltas:  69% (1954/2818)   Resolving deltas:  72% (2035/2818)   Resolving deltas:  73% (2067/2818)   Resolving deltas:  74% (2104/2818)   Resolving deltas:  75% (2127/2818)   Resolving deltas:  76% (2150/2818)   Resolving deltas:  77% (2184/2818)   Resolving deltas:  79% (2232/2818)   Resolving deltas:  81% (2295/2818)   Resolving deltas:  83% (2341/2818)   Resolving deltas:  84% (2379/2818)   Resolving deltas:  85% (2414/2818)   Resolving deltas:  86% (2424/2818)   Resolving deltas:  87% (2456/2818)   Resolving deltas:  88% (2507/2818)   Resolving deltas:  90% (2537/2818)   Resolving deltas:  91% (2579/2818)   Resolving deltas:  92% (2617/2818)   Resolving deltas:  94% (2650/2818)   Resolving deltas:  95% (2685/2818)   Resolving deltas:  96% (2710/2818)   Resolving deltas:  97% (2760/2818)   Resolving deltas:  98% (2765/2818)   Resolving deltas:  99% (2794/2818)   Resolving deltas: 100% (2818/2818)   Resolving deltas: 100% (2818/2818), completed with 73 local objects.
remote: Counting objects: 4, done.[K
remote: Total 4 (delta 0), reused 0 (delta 0), pack-reused 4[K
Unpacking objects:  25% (1/4)   Unpacking objects:  50% (2/4)   Unpacking objects:  75% (3/4)   Unpacking objects: 100% (4/4)   Unpacking objects: 100% (4/4), done.
From git://github.com/jruby/warbler
 * [new tag]         0.9.10     -> 0.9.10
 * [new tag]         0.9.11     -> 0.9.11
 * [new tag]         0.9.12     -> 0.9.12
 * [new tag]         0.9.13     -> 0.9.13
 * [new tag]         0.9.14     -> 0.9.14
 * [new tag]         0.9.3      -> 0.9.3
 * [new tag]         0.9.4      -> 0.9.4
 * [new tag]         0.9.5      -> 0.9.5
 * [new tag]         0.9.9      -> 0.9.9
 * [new tag]         1.0        -> 1.0
 * [new tag]         1.0.1      -> 1.0.1
 * [new tag]         1.1.0      -> 1.1.0
 * [new tag]         1.2.0      -> 1.2.0
 * [new tag]         1.2.1      -> 1.2.1
 * [new tag]         1.3.0      -> 1.3.0
 * [new tag]         1.3.1      -> 1.3.1
 * [new tag]         1.3.2      -> 1.3.2
 * [new tag]         v1.3.4     -> v1.3.4
 * [new tag]         v1.3.5     -> v1.3.5
 * [new tag]         v1.3.6     -> v1.3.6
 * [new tag]         v1.3.7     -> v1.3.7
 * [new tag]         v1.3.8     -> v1.3.8
 * [new tag]         v1.4.0     -> v1.4.0
 * [new tag]         v1.4.0.beta1 -> v1.4.0.beta1
 * [new tag]         v1.4.0.beta2 -> v1.4.0.beta2
 * [new tag]         v1.4.1     -> v1.4.1
 * [new tag]         v1.4.2     -> v1.4.2
travis_time:end:008790b0:start=1425404131300886798,finish=1425404133429380327,duration=2128493529[0Ktravis_fold:end:before_install.2[0Ktravis_fold:start:before_install.3[0Ktravis_time:start:06bb77d0[0K$ gem install bundler --pre
jruby: warning: unknown property jruby.cext.enabled
jruby: warning: unknown property jruby.cext.enabled
Fetching: bundler-1.8.3.gemFetching: bundler-1.8.3.gem (  4%)Fetching: bundler-1.8.3.gem (  7%)Fetching: bundler-1.8.3.gem ( 10%)Fetching: bundler-1.8.3.gem ( 11%)Fetching: bundler-1.8.3.gem ( 14%)Fetching: bundler-1.8.3.gem ( 17%)Fetching: bundler-1.8.3.gem ( 18%)Fetching: bundler-1.8.3.gem ( 21%)Fetching: bundler-1.8.3.gem ( 24%)Fetching: bundler-1.8.3.gem ( 25%)Fetching: bundler-1.8.3.gem ( 27%)Fetching: bundler-1.8.3.gem ( 28%)Fetching: bundler-1.8.3.gem ( 31%)Fetching: bundler-1.8.3.gem ( 32%)Fetching: bundler-1.8.3.gem ( 34%)Fetching: bundler-1.8.3.gem ( 35%)Fetching: bundler-1.8.3.gem ( 38%)Fetching: bundler-1.8.3.gem ( 39%)Fetching: bundler-1.8.3.gem ( 41%)Fetching: bundler-1.8.3.gem ( 42%)Fetching: bundler-1.8.3.gem ( 44%)Fetching: bundler-1.8.3.gem ( 46%)Fetching: bundler-1.8.3.gem ( 48%)Fetching: bundler-1.8.3.gem ( 49%)Fetching: bundler-1.8.3.gem ( 51%)Fetching: bundler-1.8.3.gem ( 53%)Fetching: bundler-1.8.3.gem ( 55%)Fetching: bundler-1.8.3.gem ( 56%)Fetching: bundler-1.8.3.gem ( 58%)Fetching: bundler-1.8.3.gem ( 60%)Fetching: bundler-1.8.3.gem ( 61%)Fetching: bundler-1.8.3.gem ( 63%)Fetching: bundler-1.8.3.gem ( 65%)Fetching: bundler-1.8.3.gem ( 67%)Fetching: bundler-1.8.3.gem ( 68%)Fetching: bundler-1.8.3.gem ( 70%)Fetching: bundler-1.8.3.gem ( 72%)Fetching: bundler-1.8.3.gem ( 74%)Fetching: bundler-1.8.3.gem ( 75%)Fetching: bundler-1.8.3.gem ( 77%)Fetching: bundler-1.8.3.gem ( 78%)Fetching: bundler-1.8.3.gem ( 81%)Fetching: bundler-1.8.3.gem ( 82%)Fetching: bundler-1.8.3.gem ( 84%)Fetching: bundler-1.8.3.gem ( 85%)Fetching: bundler-1.8.3.gem ( 88%)Fetching: bundler-1.8.3.gem ( 89%)Fetching: bundler-1.8.3.gem ( 91%)Fetching: bundler-1.8.3.gem ( 92%)Fetching: bundler-1.8.3.gem ( 95%)Fetching: bundler-1.8.3.gem ( 96%)Fetching: bundler-1.8.3.gem ( 98%)Fetching: bundler-1.8.3.gem ( 99%)Fetching: bundler-1.8.3.gem (100%)Fetching: bundler-1.8.3.gem (100%)
Successfully installed bundler-1.8.3
1 gem installed
travis_time:end:06bb77d0:start=1425404133439492251,finish=1425404153915055956,duration=20475563705[0Ktravis_fold:end:before_install.3[0Ktravis_fold:start:install.bundler[0Ktravis_time:start:1949baca[0K$ bundle install --jobs=3 --retry=3
jruby: warning: unknown property jruby.cext.enabled
jruby: warning: unknown property jruby.cext.enabled
Fetching gem metadata from http://rubygems.org/.........
Fetching version metadata from http://rubygems.org/..
Resolving dependencies....
[32mInstalling rake 10.4.2[0m
Using bundler 1.8.3
Using thread_safe 0.3.4
[32mInstalling diff-lcs 1.2.5[0m
Using ruby-maven-libs 3.1.1
[32mInstalling backports 3.6.4[0m
Using jruby-openssl 0.9.6
[32mInstalling jruby-rack 1.1.18[0m
[32mInstalling json 1.8.2[0m
[32mInstalling rspec-core 2.99.2[0m
[32mInstalling rspec-mocks 2.99.3[0m
[32mInstalling jruby-jars 1.7.19[0m
Using descendants_tracker 0.0.4
[32mInstalling rubyzip 1.1.7[0m
[32mInstalling rspec-expectations 2.99.2[0m
[32mInstalling virtus 0.5.5[0m
[32mInstalling rdoc 4.2.0[0m
[32mInstalling rspec 2.99.0[0m
Using warbler 1.4.6.dev from source at .
[32mInstalling maven-tools 0.34.5[0m
[32mInstalling ruby-maven 3.1.1.0.2[0m
[32mInstalling jbundler 0.5.5[0m
[32mBundle complete! 9 Gemfile dependencies, 22 gems now installed.[0m
[32mUse `bundle show [gemname]` to see where a bundled gem is installed.[0m
[32mPost-install message from rdoc:[0m
Depending on your version of ruby, you may need to install ruby rdoc/ri data:

<= 1.8.6 : unsupported
 = 1.8.7 : gem install rdoc-data; rdoc-data --install
 = 1.9.1 : gem install rdoc-data; rdoc-data --install
>= 1.9.2 : nothing to do! Yay!
travis_time:end:1949baca:start=1425404153925988602,finish=1425404189249698861,duration=35323710259[0Ktravis_fold:end:install.bundler[0Ktravis_time:start:0101b6c8[0K$ bundle exec rake
jruby: warning: unknown property jruby.cext.enabled
jruby: warning: unknown property jruby.cext.enabled
file:/home/travis/.rvm/rubies/jruby-head/lib/jruby.jar!/jruby/kernel/kernel.rb:28: warning: unsupported exec option: close_others
jruby: warning: unknown property jruby.cext.enabled
jruby: warning: unknown property jruby.cext.enabled
jruby: warning: unknown property jruby.cext.enabled
jruby: warning: unknown property jruby.cext.enabled
/home/travis/.rvm/rubies/jruby-head/bin/jruby -S rspec ./spec/warbler/application_spec.rb ./spec/warbler/bundler_spec.rb ./spec/warbler/config_spec.rb ./spec/warbler/gems_spec.rb ./spec/warbler/jar_spec.rb ./spec/warbler/jbundler_spec.rb ./spec/warbler/task_spec.rb ./spec/warbler/traits_spec.rb ./spec/warbler/war_spec.rb ./spec/warbler/web_server_spec.rb --color --format documentation
jruby: warning: unknown property jruby.cext.enabled
jruby: warning: unknown property jruby.cext.enabled
jruby: warning: unknown property jruby.cext.enabled
jruby: warning: unknown property jruby.cext.enabled

Warbler::Application
[32m  should be able to list its tasks[0m
[32m  should display the version[0m
[32m  should copy a fresh config file into place[0m
[32m  should refuse to copy over an existing config file[0m
[32m  should complain if the config directory is missing[0m
[32m  should refuse to pluginize if the lib/tasks/warbler directory exists[0m
[32m  should define a pluginize task for adding the tasks to a Rails application[0m
[32m  should provide a means to load the project Rakefile[0m

Warbler::Application
jruby: warning: unknown property jruby.cext.enabled
jruby: warning: unknown property jruby.cext.enabled
jruby: warning: unknown property jruby.cext.enabled
jruby: warning: unknown property jruby.cext.enabled
[32m  should report Warbler version with --version[0m

Warbler::Jar with Bundler
  in a war project
jruby: warning: unknown property jruby.cext.enabled
warning: --1.9 ignored
jruby: warning: unknown property jruby.cext.enabled
LoadError: no such file to load -- zip
     require at org/jruby/RubyKernel.java:966
  __script__ at /home/travis/.rvm/rubies/jruby-head/lib/ruby/stdlib/rubygems/core_ext/kernel_require.rb:54
      (root) at /home/travis/build/jruby/warbler/lib/warbler/zip_support.rb:29
     require at org/jruby/RubyKernel.java:966
  __script__ at /home/travis/.rvm/rubies/jruby-head/lib/ruby/stdlib/rubygems/core_ext/kernel_require.rb:54
      (root) at /home/travis/build/jruby/warbler/lib/warbler/jar.rb:1
     require at org/jruby/RubyKernel.java:966
  __script__ at /home/travis/.rvm/rubies/jruby-head/lib/ruby/stdlib/rubygems/core_ext/kernel_require.rb:54
      (root) at /home/travis/build/jruby/warbler/lib/warbler/jar.rb:8
     require at org/jruby/RubyKernel.java:966
      (root) at /home/travis/build/jruby/warbler/lib/warbler/task.rb:1
      (root) at /home/travis/build/jruby/warbler/lib/warbler/task.rb:11
     require at org/jruby/RubyKernel.java:966
      (root) at /home/travis/.rvm/rubies/jruby-head/lib/ruby/stdlib/rubygems/core_ext/kernel_require.rb:1
  __script__ at /home/travis/build/jruby/warbler/spec/drb_helper.rb:11

An error occurred in an after hook
  DRb::DRbConnError: druby://127.0.0.1:7890 - #<Errno::ECONNREFUSED: Connection refused - Connection refused>
  occurred at /home/travis/.rvm/rubies/jruby-head/lib/ruby/stdlib/drb/drb.rb:785:in `open_CLOSURE_1__open_0'

[31m    detects a Bundler trait (FAILED - 1)[0m
jruby: warning: unknown property jruby.cext.enabled
warning: --1.9 ignored
jruby: warning: unknown property jruby.cext.enabled
LoadError: no such file to load -- zip
     require at org/jruby/RubyKernel.java:966
  __script__ at /home/travis/.rvm/rubies/jruby-head/lib/ruby/stdlib/rubygems/core_ext/kernel_require.rb:54
      (root) at /home/travis/build/jruby/warbler/lib/warbler/zip_support.rb:29
     require at org/jruby/RubyKernel.java:966
  __script__ at /home/travis/.rvm/rubies/jruby-head/lib/ruby/stdlib/rubygems/core_ext/kernel_require.rb:54
      (root) at /home/travis/build/jruby/warbler/lib/warbler/jar.rb:1
     require at org/jruby/RubyKernel.java:966
  __script__ at /home/travis/.rvm/rubies/jruby-head/lib/ruby/stdlib/rubygems/core_ext/kernel_require.rb:54
      (root) at /home/travis/build/jruby/warbler/lib/warbler/jar.rb:8
     require at org/jruby/RubyKernel.java:966
      (root) at /home/travis/build/jruby/warbler/lib/warbler/task.rb:1
      (root) at /home/travis/build/jruby/warbler/lib/warbler/task.rb:11
     require at org/jruby/RubyKernel.java:966
      (root) at /home/travis/.rvm/rubies/jruby-head/lib/ruby/stdlib/rubygems/core_ext/kernel_require.rb:1
  __script__ at /home/travis/build/jruby/warbler/spec/drb_helper.rb:11

An error occurred in an after hook
  DRb::DRbConnError: druby://127.0.0.1:7890 - #<Errno::ECONNREFUSED: Connection refused - Connection refused>
  occurred at /home/travis/.rvm/rubies/jruby-head/lib/ruby/stdlib/drb/drb.rb:785:in `open_CLOSURE_1__open_0'

[31m    detects a Gemfile and process only its gems (FAILED - 2)[0m
jruby: warning: unknown property jruby.cext.enabled
warning: --1.9 ignored
jruby: warning: unknown property jruby.cext.enabled
LoadError: no such file to load -- zip
     require at org/jruby/RubyKernel.java:966
  __script__ at /home/travis/.rvm/rubies/jruby-head/lib/ruby/stdlib/rubygems/core_ext/kernel_require.rb:54
      (root) at /home/travis/build/jruby/warbler/lib/warbler/zip_support.rb:29
     require at org/jruby/RubyKernel.java:966
  __script__ at /home/travis/.rvm/rubies/jruby-head/lib/ruby/stdlib/rubygems/core_ext/kernel_require.rb:54
      (root) at /home/travis/build/jruby/warbler/lib/warbler/jar.rb:1
     require at org/jruby/RubyKernel.java:966
  __script__ at /home/travis/.rvm/rubies/jruby-head/lib/ruby/stdlib/rubygems/core_ext/kernel_require.rb:54
      (root) at /home/travis/build/jruby/warbler/lib/warbler/jar.rb:8
     require at org/jruby/RubyKernel.java:966
      (root) at /home/travis/build/jruby/warbler/lib/warbler/task.rb:1
      (root) at /home/travis/build/jruby/warbler/lib/warbler/task.rb:11
     require at org/jruby/RubyKernel.java:966
      (root) at /home/travis/.rvm/rubies/jruby-head/lib/ruby/stdlib/rubygems/core_ext/kernel_require.rb:1
  __script__ at /home/travis/build/jruby/warbler/spec/drb_helper.rb:11

An error occurred in an after hook
  DRb::DRbConnError: druby://127.0.0.1:7890 - #<Errno::ECONNREFUSED: Connection refused - Connection refused>
  occurred at /home/travis/.rvm/rubies/jruby-head/lib/ruby/stdlib/drb/drb.rb:785:in `open_CLOSURE_1__open_0'

[31m    copies Gemfiles into the war (FAILED - 3)[0m
jruby: warning: unknown property jruby.cext.enabled
warning: --1.9 ignored
jruby: warning: unknown property jruby.cext.enabled
LoadError: no such file to load -- zip
     require at org/jruby/RubyKernel.java:966
  __script__ at /home/travis/.rvm/rubies/jruby-head/lib/ruby/stdlib/rubygems/core_ext/kernel_require.rb:54
      (root) at /home/travis/build/jruby/warbler/lib/warbler/zip_support.rb:29
     require at org/jruby/RubyKernel.java:966
  __script__ at /home/travis/.rvm/rubies/jruby-head/lib/ruby/stdlib/rubygems/core_ext/kernel_require.rb:54
      (root) at /home/travis/build/jruby/warbler/lib/warbler/jar.rb:1
     require at org/jruby/RubyKernel.java:966
  __script__ at /home/travis/.rvm/rubies/jruby-head/lib/ruby/stdlib/rubygems/core_ext/kernel_require.rb:54
      (root) at /home/travis/build/jruby/warbler/lib/warbler/jar.rb:8
     require at org/jruby/RubyKernel.java:966
      (root) at /home/travis/build/jruby/warbler/lib/warbler/task.rb:1
      (root) at /home/travis/build/jruby/warbler/lib/warbler/task.rb:11
     require at org/jruby/RubyKernel.java:966
      (root) at /home/travis/.rvm/rubies/jruby-head/lib/ruby/stdlib/rubygems/core_ext/kernel_require.rb:1
  __script__ at /home/travis/build/jruby/warbler/spec/drb_helper.rb:11

An error occurred in an after hook
  DRb::DRbConnError: druby://127.0.0.1:7890 - #<Errno::ECONNREFUSED: Connection refused - Connection refused>
  occurred at /home/travis/.rvm/rubies/jruby-head/lib/ruby/stdlib/drb/drb.rb:785:in `open_CLOSURE_1__open_0'

[31m    allows overriding of the gem path when using Bundler (FAILED - 4)[0m
jruby: warning: unknown property jruby.cext.enabled
jruby: warning: unknown property jruby.cext.enabled
jruby: warning: unknown property jruby.cext.enabled
warning: --1.9 ignored
jruby: warning: unknown property jruby.cext.enabled
LoadError: no such file to load -- zip
     require at org/jruby/RubyKernel.java:966
  __script__ at /home/travis/.rvm/rubies/jruby-head/lib/ruby/stdlib/rubygems/core_ext/kernel_require.rb:54
      (root) at /home/travis/build/jruby/warbler/lib/warbler/zip_support.rb:29
     require at org/jruby/RubyKernel.java:966
  __script__ at /home/travis/.rvm/rubies/jruby-head/lib/ruby/stdlib/rubygems/core_ext/kernel_require.rb:54
      (root) at /home/travis/build/jruby/warbler/lib/warbler/jar.rb:1
     require at org/jruby/RubyKernel.java:966
  __script__ at /home/travis/.rvm/rubies/jruby-head/lib/ruby/stdlib/rubygems/core_ext/kernel_require.rb:54
      (root) at /home/travis/build/jruby/warbler/lib/warbler/jar.rb:8
     require at org/jruby/RubyKernel.java:966
      (root) at /home/travis/build/jruby/warbler/lib/warbler/task.rb:1
      (root) at /home/travis/build/jruby/warbler/lib/warbler/task.rb:11
     require at org/jruby/RubyKernel.java:966
      (root) at /home/travis/.rvm/rubies/jruby-head/lib/ruby/stdlib/rubygems/core_ext/kernel_require.rb:1
  __script__ at /home/travis/build/jruby/warbler/spec/drb_helper.rb:11

An error occurred in an after hook
  DRb::DRbConnError: druby://127.0.0.1:7890 - #<Errno::ECONNREFUSED: Connection refused - Connection refused>
  occurred at /home/travis/.rvm/rubies/jruby-head/lib/ruby/stdlib/drb/drb.rb:785:in `open_CLOSURE_1__open_0'

[31m    bundles only the gemspec for :git entries that are excluded (FAILED - 5)[0m
jruby: warning: unknown property jruby.cext.enabled
jruby: warning: unknown property jruby.cext.enabled
jruby: warning: unknown property jruby.cext.enabled
warning: --1.9 ignored
jruby: warning: unknown property jruby.cext.enabled
LoadError: no such file to load -- zip
     require at org/jruby/RubyKernel.java:966
  __script__ at /home/travis/.rvm/rubies/jruby-head/lib/ruby/stdlib/rubygems/core_ext/kernel_require.rb:54
      (root) at /home/travis/build/jruby/warbler/lib/warbler/zip_support.rb:29
     require at org/jruby/RubyKernel.java:966
  __script__ at /home/travis/.rvm/rubies/jruby-head/lib/ruby/stdlib/rubygems/core_ext/kernel_require.rb:54
      (root) at /home/travis/build/jruby/warbler/lib/warbler/jar.rb:1
     require at org/jruby/RubyKernel.java:966
  __script__ at /home/travis/.rvm/rubies/jruby-head/lib/ruby/stdlib/rubygems/core_ext/kernel_require.rb:54
      (root) at /home/travis/build/jruby/warbler/lib/warbler/jar.rb:8
     require at org/jruby/RubyKernel.java:966
      (root) at /home/travis/build/jruby/warbler/lib/warbler/task.rb:1
      (root) at /home/travis/build/jruby/warbler/lib/warbler/task.rb:11
     require at org/jruby/RubyKernel.java:966
      (root) at /home/travis/.rvm/rubies/jruby-head/lib/ruby/stdlib/rubygems/core_ext/kernel_require.rb:1
  __script__ at /home/travis/build/jruby/warbler/spec/drb_helper.rb:11

An error occurred in an after hook
  DRb::DRbConnError: druby://127.0.0.1:7890 - #<Errno::ECONNREFUSED: Connection refused - Connection refused>
  occurred at /home/travis/.rvm/rubies/jruby-head/lib/ruby/stdlib/drb/drb.rb:785:in `open_CLOSURE_1__open_0'

[31m    does not work with :path entries in Gemfiles (FAILED - 6)[0m
jruby: warning: unknown property jruby.cext.enabled
warning: --1.9 ignored
jruby: warning: unknown property jruby.cext.enabled
LoadError: no such file to load -- zip
     require at org/jruby/RubyKernel.java:966
  __script__ at /home/travis/.rvm/rubies/jruby-head/lib/ruby/stdlib/rubygems/core_ext/kernel_require.rb:54
      (root) at /home/travis/build/jruby/warbler/lib/warbler/zip_support.rb:29
     require at org/jruby/RubyKernel.java:966
  __script__ at /home/travis/.rvm/rubies/jruby-head/lib/ruby/stdlib/rubygems/core_ext/kernel_require.rb:54
      (root) at /home/travis/build/jruby/warbler/lib/warbler/jar.rb:1
     require at org/jruby/RubyKernel.java:966
  __script__ at /home/travis/.rvm/rubies/jruby-head/lib/ruby/stdlib/rubygems/core_ext/kernel_require.rb:54
      (root) at /home/travis/build/jruby/warbler/lib/warbler/jar.rb:8
     require at org/jruby/RubyKernel.java:966
      (root) at /home/travis/build/jruby/warbler/lib/warbler/task.rb:1
      (root) at /home/travis/build/jruby/warbler/lib/warbler/task.rb:11
     require at org/jruby/RubyKernel.java:966
      (root) at /home/travis/.rvm/rubies/jruby-head/lib/ruby/stdlib/rubygems/core_ext/kernel_require.rb:1
  __script__ at /home/travis/build/jruby/warbler/spec/drb_helper.rb:11

An error occurred in an after hook
  DRb::DRbConnError: druby://127.0.0.1:7890 - #<Errno::ECONNREFUSED: Connection refused - Connection refused>
  occurred at /home/travis/.rvm/rubies/jruby-head/lib/ruby/stdlib/drb/drb.rb:785:in `open_CLOSURE_1__open_0'

[31m    does not bundle dependencies in the test group by default (FAILED - 7)[0m
jruby: warning: unknown property jruby.cext.enabled
warning: --1.9 ignored
jruby: warning: unknown property jruby.cext.enabled
LoadError: no such file to load -- zip
     require at org/jruby/RubyKernel.java:966
  __script__ at /home/travis/.rvm/rubies/jruby-head/lib/ruby/stdlib/rubygems/core_ext/kernel_require.rb:54
      (root) at /home/travis/build/jruby/warbler/lib/warbler/zip_support.rb:29
     require at org/jruby/RubyKernel.java:966
  __script__ at /home/travis/.rvm/rubies/jruby-head/lib/ruby/stdlib/rubygems/core_ext/kernel_require.rb:54
      (root) at /home/travis/build/jruby/warbler/lib/warbler/jar.rb:1
     require at org/jruby/RubyKernel.java:966
  __script__ at /home/travis/.rvm/rubies/jruby-head/lib/ruby/stdlib/rubygems/core_ext/kernel_require.rb:54
      (root) at /home/travis/build/jruby/warbler/lib/warbler/jar.rb:8
     require at org/jruby/RubyKernel.java:966
      (root) at /home/travis/build/jruby/warbler/lib/warbler/task.rb:1
      (root) at /home/travis/build/jruby/warbler/lib/warbler/task.rb:11
     require at org/jruby/RubyKernel.java:966
      (root) at /home/travis/.rvm/rubies/jruby-head/lib/ruby/stdlib/rubygems/core_ext/kernel_require.rb:1
  __script__ at /home/travis/build/jruby/warbler/spec/drb_helper.rb:11

An error occurred in an after hook
  DRb::DRbConnError: druby://127.0.0.1:7890 - #<Errno::ECONNREFUSED: Connection refused - Connection refused>
  occurred at /home/travis/.rvm/rubies/jruby-head/lib/ruby/stdlib/drb/drb.rb:785:in `open_CLOSURE_1__open_0'

[31m    adds BUNDLE_WITHOUT to init.rb (FAILED - 8)[0m
jruby: warning: unknown property jruby.cext.enabled
warning: --1.9 ignored
jruby: warning: unknown property jruby.cext.enabled
LoadError: no such file to load -- zip
     require at org/jruby/RubyKernel.java:966
  __script__ at /home/travis/.rvm/rubies/jruby-head/lib/ruby/stdlib/rubygems/core_ext/kernel_require.rb:54
      (root) at /home/travis/build/jruby/warbler/lib/warbler/zip_support.rb:29
     require at org/jruby/RubyKernel.java:966
  __script__ at /home/travis/.rvm/rubies/jruby-head/lib/ruby/stdlib/rubygems/core_ext/kernel_require.rb:54
      (root) at /home/travis/build/jruby/warbler/lib/warbler/jar.rb:1
     require at org/jruby/RubyKernel.java:966
  __script__ at /home/travis/.rvm/rubies/jruby-head/lib/ruby/stdlib/rubygems/core_ext/kernel_require.rb:54
      (root) at /home/travis/build/jruby/warbler/lib/warbler/jar.rb:8
     require at org/jruby/RubyKernel.java:966
      (root) at /home/travis/build/jruby/warbler/lib/warbler/task.rb:1
      (root) at /home/travis/build/jruby/warbler/lib/warbler/task.rb:11
     require at org/jruby/RubyKernel.java:966
      (root) at /home/travis/.rvm/rubies/jruby-head/lib/ruby/stdlib/rubygems/core_ext/kernel_require.rb:1
  __script__ at /home/travis/build/jruby/warbler/spec/drb_helper.rb:11

An error occurred in an after hook
  DRb::DRbConnError: druby://127.0.0.1:7890 - #<Errno::ECONNREFUSED: Connection refused - Connection refused>
  occurred at /home/travis/.rvm/rubies/jruby-head/lib/ruby/stdlib/drb/drb.rb:785:in `open_CLOSURE_1__open_0'

[31m    adds BUNDLE_GEMFILE to init.rb (FAILED - 9)[0m
jruby: warning: unknown property jruby.cext.enabled
warning: --1.9 ignored
jruby: warning: unknown property jruby.cext.enabled
LoadError: no such file to load -- zip
     require at org/jruby/RubyKernel.java:966
  __script__ at /home/travis/.rvm/rubies/jruby-head/lib/ruby/stdlib/rubygems/core_ext/kernel_require.rb:54
      (root) at /home/travis/build/jruby/warbler/lib/warbler/zip_support.rb:29
     require at org/jruby/RubyKernel.java:966
  __script__ at /home/travis/.rvm/rubies/jruby-head/lib/ruby/stdlib/rubygems/core_ext/kernel_require.rb:54
      (root) at /home/travis/build/jruby/warbler/lib/warbler/jar.rb:1
     require at org/jruby/RubyKernel.java:966
  __script__ at /home/travis/.rvm/rubies/jruby-head/lib/ruby/stdlib/rubygems/core_ext/kernel_require.rb:54
      (root) at /home/travis/build/jruby/warbler/lib/warbler/jar.rb:8
     require at org/jruby/RubyKernel.java:966
      (root) at /home/travis/build/jruby/warbler/lib/warbler/task.rb:1
      (root) at /home/travis/build/jruby/warbler/lib/warbler/task.rb:11
     require at org/jruby/RubyKernel.java:966
      (root) at /home/travis/.rvm/rubies/jruby-head/lib/ruby/stdlib/rubygems/core_ext/kernel_require.rb:1
  __script__ at /home/travis/build/jruby/warbler/spec/drb_helper.rb:11

An error occurred in an after hook
  DRb::DRbConnError: druby://127.0.0.1:7890 - #<Errno::ECONNREFUSED: Connection refused - Connection refused>
  occurred at /home/travis/.rvm/rubies/jruby-head/lib/ruby/stdlib/drb/drb.rb:785:in `open_CLOSURE_1__open_0'

[31m    uses ENV['BUNDLE_GEMFILE'] if set (FAILED - 10)[0m
    with :git entries in the Gemfile
jruby: warning: unknown property jruby.cext.enabled
jruby: warning: unknown property jruby.cext.enabled
jruby: warning: unknown property jruby.cext.enabled
warning: --1.9 ignored
jruby: warning: unknown property jruby.cext.enabled
LoadError: no such file to load -- zip
     require at org/jruby/RubyKernel.java:966
  __script__ at /home/travis/.rvm/rubies/jruby-head/lib/ruby/stdlib/rubygems/core_ext/kernel_require.rb:54
      (root) at /home/travis/build/jruby/warbler/lib/warbler/zip_support.rb:29
     require at org/jruby/RubyKernel.java:966
  __script__ at /home/travis/.rvm/rubies/jruby-head/lib/ruby/stdlib/rubygems/core_ext/kernel_require.rb:54
      (root) at /home/travis/build/jruby/warbler/lib/warbler/jar.rb:1
     require at org/jruby/RubyKernel.java:966
  __script__ at /home/travis/.rvm/rubies/jruby-head/lib/ruby/stdlib/rubygems/core_ext/kernel_require.rb:54
      (root) at /home/travis/build/jruby/warbler/lib/warbler/jar.rb:8
     require at org/jruby/RubyKernel.java:966
      (root) at /home/travis/build/jruby/warbler/lib/warbler/task.rb:1
      (root) at /home/travis/build/jruby/warbler/lib/warbler/task.rb:11
     require at org/jruby/RubyKernel.java:966
      (root) at /home/travis/.rvm/rubies/jruby-head/lib/ruby/stdlib/rubygems/core_ext/kernel_require.rb:1
  __script__ at /home/travis/build/jruby/warbler/spec/drb_helper.rb:11

An error occurred in an after hook
  DRb::DRbConnError: druby://127.0.0.1:7890 - #<Errno::ECONNREFUSED: Connection refused - Connection refused>
  occurred at /home/travis/.rvm/rubies/jruby-head/lib/ruby/stdlib/drb/drb.rb:785:in `open_CLOSURE_1__open_0'

[31m      works with :git entries in Gemfiles (FAILED - 11)[0m
jruby: warning: unknown property jruby.cext.enabled
jruby: warning: unknown property jruby.cext.enabled
jruby: warning: unknown property jruby.cext.enabled
warning: --1.9 ignored
jruby: warning: unknown property jruby.cext.enabled
LoadError: no such file to load -- zip
     require at org/jruby/RubyKernel.java:966
  __script__ at /home/travis/.rvm/rubies/jruby-head/lib/ruby/stdlib/rubygems/core_ext/kernel_require.rb:54
      (root) at /home/travis/build/jruby/warbler/lib/warbler/zip_support.rb:29
     require at org/jruby/RubyKernel.java:966
  __script__ at /home/travis/.rvm/rubies/jruby-head/lib/ruby/stdlib/rubygems/core_ext/kernel_require.rb:54
      (root) at /home/travis/build/jruby/warbler/lib/warbler/jar.rb:1
     require at org/jruby/RubyKernel.java:966
  __script__ at /home/travis/.rvm/rubies/jruby-head/lib/ruby/stdlib/rubygems/core_ext/kernel_require.rb:54
      (root) at /home/travis/build/jruby/warbler/lib/warbler/jar.rb:8
     require at org/jruby/RubyKernel.java:966
      (root) at /home/travis/build/jruby/warbler/lib/warbler/task.rb:1
      (root) at /home/travis/build/jruby/warbler/lib/warbler/task.rb:11
     require at org/jruby/RubyKernel.java:966
      (root) at /home/travis/.rvm/rubies/jruby-head/lib/ruby/stdlib/rubygems/core_ext/kernel_require.rb:1
  __script__ at /home/travis/build/jruby/warbler/spec/drb_helper.rb:11

An error occurred in an after hook
  DRb::DRbConnError: druby://127.0.0.1:7890 - #<Errno::ECONNREFUSED: Connection refused - Connection refused>
  occurred at /home/travis/.rvm/rubies/jruby-head/lib/ruby/stdlib/drb/drb.rb:785:in `open_CLOSURE_1__open_0'

[31m      can run commands in the generated warfile (FAILED - 12)[0m
  in a jar project
jruby: warning: unknown property jruby.cext.enabled
jruby: warning: unknown property jruby.cext.enabled
jruby: warning: unknown property jruby.cext.enabled
warning: --1.9 ignored
jruby: warning: unknown property jruby.cext.enabled
LoadError: no such file to load -- zip
     require at org/jruby/RubyKernel.java:966
  __script__ at /home/travis/.rvm/rubies/jruby-head/lib/ruby/stdlib/rubygems/core_ext/kernel_require.rb:54
      (root) at /home/travis/build/jruby/warbler/lib/warbler/zip_support.rb:29
     require at org/jruby/RubyKernel.java:966
  __script__ at /home/travis/.rvm/rubies/jruby-head/lib/ruby/stdlib/rubygems/core_ext/kernel_require.rb:54
      (root) at /home/travis/build/jruby/warbler/lib/warbler/jar.rb:1
     require at org/jruby/RubyKernel.java:966
  __script__ at /home/travis/.rvm/rubies/jruby-head/lib/ruby/stdlib/rubygems/core_ext/kernel_require.rb:54
      (root) at /home/travis/build/jruby/warbler/lib/warbler/jar.rb:8
     require at org/jruby/RubyKernel.java:966
      (root) at /home/travis/build/jruby/warbler/lib/warbler/task.rb:1
      (root) at /home/travis/build/jruby/warbler/lib/warbler/task.rb:11
     require at org/jruby/RubyKernel.java:966
      (root) at /home/travis/.rvm/rubies/jruby-head/lib/ruby/stdlib/rubygems/core_ext/kernel_require.rb:1
  __script__ at /home/travis/build/jruby/warbler/spec/drb_helper.rb:11

An error occurred in an after hook
  DRb::DRbConnError: druby://127.0.0.1:7890 - #<Errno::ECONNREFUSED: Connection refused - Connection refused>
  occurred at /home/travis/.rvm/rubies/jruby-head/lib/ruby/stdlib/drb/drb.rb:785:in `open_CLOSURE_1__open_0'

[31m    works with :git entries in Gemfiles (FAILED - 13)[0m
jruby: warning: unknown property jruby.cext.enabled
warning: --1.9 ignored
jruby: warning: unknown property jruby.cext.enabled
LoadError: no such file to load -- zip
     require at org/jruby/RubyKernel.java:966
  __script__ at /home/travis/.rvm/rubies/jruby-head/lib/ruby/stdlib/rubygems/core_ext/kernel_require.rb:54
      (root) at /home/travis/build/jruby/warbler/lib/warbler/zip_support.rb:29
     require at org/jruby/RubyKernel.java:966
  __script__ at /home/travis/.rvm/rubies/jruby-head/lib/ruby/stdlib/rubygems/core_ext/kernel_require.rb:54
      (root) at /home/travis/build/jruby/warbler/lib/warbler/jar.rb:1
     require at org/jruby/RubyKernel.java:966
  __script__ at /home/travis/.rvm/rubies/jruby-head/lib/ruby/stdlib/rubygems/core_ext/kernel_require.rb:54
      (root) at /home/travis/build/jruby/warbler/lib/warbler/jar.rb:8
     require at org/jruby/RubyKernel.java:966
      (root) at /home/travis/build/jruby/warbler/lib/warbler/task.rb:1
      (root) at /home/travis/build/jruby/warbler/lib/warbler/task.rb:11
     require at org/jruby/RubyKernel.java:966
      (root) at /home/travis/.rvm/rubies/jruby-head/lib/ruby/stdlib/rubygems/core_ext/kernel_require.rb:1
  __script__ at /home/travis/build/jruby/warbler/spec/drb_helper.rb:11

An error occurred in an after hook
  DRb::DRbConnError: druby://127.0.0.1:7890 - #<Errno::ECONNREFUSED: Connection refused - Connection refused>
  occurred at /home/travis/.rvm/rubies/jruby-head/lib/ruby/stdlib/drb/drb.rb:785:in `open_CLOSURE_1__open_0'

[31m    adds BUNDLE_GEMFILE to init.rb (FAILED - 14)[0m
  when frozen
jruby: warning: unknown property jruby.cext.enabled
warning: --1.9 ignored
jruby: warning: unknown property jruby.cext.enabled
LoadError: no such file to load -- zip
     require at org/jruby/RubyKernel.java:966
  __script__ at /home/travis/.rvm/rubies/jruby-head/lib/ruby/stdlib/rubygems/core_ext/kernel_require.rb:54
      (root) at /home/travis/build/jruby/warbler/lib/warbler/zip_support.rb:29
     require at org/jruby/RubyKernel.java:966
  __script__ at /home/travis/.rvm/rubies/jruby-head/lib/ruby/stdlib/rubygems/core_ext/kernel_require.rb:54
      (root) at /home/travis/build/jruby/warbler/lib/warbler/jar.rb:1
     require at org/jruby/RubyKernel.java:966
  __script__ at /home/travis/.rvm/rubies/jruby-head/lib/ruby/stdlib/rubygems/core_ext/kernel_require.rb:54
      (root) at /home/travis/build/jruby/warbler/lib/warbler/jar.rb:8
     require at org/jruby/RubyKernel.java:966
      (root) at /home/travis/build/jruby/warbler/lib/warbler/task.rb:1
      (root) at /home/travis/build/jruby/warbler/lib/warbler/task.rb:11
     require at org/jruby/RubyKernel.java:966
      (root) at /home/travis/.rvm/rubies/jruby-head/lib/ruby/stdlib/rubygems/core_ext/kernel_require.rb:1
  __script__ at /home/travis/build/jruby/warbler/spec/drb_helper.rb:11

An error occurred in an after hook
  DRb::DRbConnError: druby://127.0.0.1:7890 - #<Errno::ECONNREFUSED: Connection refused - Connection refused>
  occurred at /home/travis/.rvm/rubies/jruby-head/lib/ruby/stdlib/drb/drb.rb:785:in `open_CLOSURE_1__open_0'

[31m    includes the bundler gem (FAILED - 15)[0m
jruby: warning: unknown property jruby.cext.enabled
warning: --1.9 ignored
jruby: warning: unknown property jruby.cext.enabled
LoadError: no such file to load -- zip
     require at org/jruby/RubyKernel.java:966
  __script__ at /home/travis/.rvm/rubies/jruby-head/lib/ruby/stdlib/rubygems/core_ext/kernel_require.rb:54
      (root) at /home/travis/build/jruby/warbler/lib/warbler/zip_support.rb:29
     require at org/jruby/RubyKernel.java:966
  __script__ at /home/travis/.rvm/rubies/jruby-head/lib/ruby/stdlib/rubygems/core_ext/kernel_require.rb:54
      (root) at /home/travis/build/jruby/warbler/lib/warbler/jar.rb:1
     require at org/jruby/RubyKernel.java:966
  __script__ at /home/travis/.rvm/rubies/jruby-head/lib/ruby/stdlib/rubygems/core_ext/kernel_require.rb:54
      (root) at /home/travis/build/jruby/warbler/lib/warbler/jar.rb:8
     require at org/jruby/RubyKernel.java:966
      (root) at /home/travis/build/jruby/warbler/lib/warbler/task.rb:1
      (root) at /home/travis/build/jruby/warbler/lib/warbler/task.rb:11
     require at org/jruby/RubyKernel.java:966
      (root) at /home/travis/.rvm/rubies/jruby-head/lib/ruby/stdlib/rubygems/core_ext/kernel_require.rb:1
  __script__ at /home/travis/build/jruby/warbler/spec/drb_helper.rb:11

An error occurred in an after hook
  DRb::DRbConnError: druby://127.0.0.1:7890 - #<Errno::ECONNREFUSED: Connection refused - Connection refused>
  occurred at /home/travis/.rvm/rubies/jruby-head/lib/ruby/stdlib/drb/drb.rb:785:in `open_CLOSURE_1__open_0'

[31m    does not include the bundler cache directory (FAILED - 16)[0m
jruby: warning: unknown property jruby.cext.enabled
warning: --1.9 ignored
jruby: warning: unknown property jruby.cext.enabled
LoadError: no such file to load -- zip
     require at org/jruby/RubyKernel.java:966
  __script__ at /home/travis/.rvm/rubies/jruby-head/lib/ruby/stdlib/rubygems/core_ext/kernel_require.rb:54
      (root) at /home/travis/build/jruby/warbler/lib/warbler/zip_support.rb:29
     require at org/jruby/RubyKernel.java:966
  __script__ at /home/travis/.rvm/rubies/jruby-head/lib/ruby/stdlib/rubygems/core_ext/kernel_require.rb:54
      (root) at /home/travis/build/jruby/warbler/lib/warbler/jar.rb:1
     require at org/jruby/RubyKernel.java:966
  __script__ at /home/travis/.rvm/rubies/jruby-head/lib/ruby/stdlib/rubygems/core_ext/kernel_require.rb:54
      (root) at /home/travis/build/jruby/warbler/lib/warbler/jar.rb:8
     require at org/jruby/RubyKernel.java:966
      (root) at /home/travis/build/jruby/warbler/lib/warbler/task.rb:1
      (root) at /home/travis/build/jruby/warbler/lib/warbler/task.rb:11
     require at org/jruby/RubyKernel.java:966
      (root) at /home/travis/.rvm/rubies/jruby-head/lib/ruby/stdlib/rubygems/core_ext/kernel_require.rb:1
  __script__ at /home/travis/build/jruby/warbler/spec/drb_helper.rb:11

An error occurred in an after hook
  DRb::DRbConnError: druby://127.0.0.1:7890 - #<Errno::ECONNREFUSED: Connection refused - Connection refused>
  occurred at /home/travis/.rvm/rubies/jruby-head/lib/ruby/stdlib/drb/drb.rb:785:in `open_CLOSURE_1__open_0'

[31m    includes ENV['BUNDLE_FROZEN'] in init.rb (FAILED - 17)[0m
  when deployment
jruby: warning: unknown property jruby.cext.enabled
jruby: warning: unknown property jruby.cext.enabled
jruby: warning: unknown property jruby.cext.enabled
warning: --1.9 ignored
jruby: warning: unknown property jruby.cext.enabled
LoadError: no such file to load -- zip
     require at org/jruby/RubyKernel.java:966
  __script__ at /home/travis/.rvm/rubies/jruby-head/lib/ruby/stdlib/rubygems/core_ext/kernel_require.rb:54
      (root) at /home/travis/build/jruby/warbler/lib/warbler/zip_support.rb:29
     require at org/jruby/RubyKernel.java:966
  __script__ at /home/travis/.rvm/rubies/jruby-head/lib/ruby/stdlib/rubygems/core_ext/kernel_require.rb:54
      (root) at /home/travis/build/jruby/warbler/lib/warbler/jar.rb:1
     require at org/jruby/RubyKernel.java:966
  __script__ at /home/travis/.rvm/rubies/jruby-head/lib/ruby/stdlib/rubygems/core_ext/kernel_require.rb:54
      (root) at /home/travis/build/jruby/warbler/lib/warbler/jar.rb:8
     require at org/jruby/RubyKernel.java:966
      (root) at /home/travis/build/jruby/warbler/lib/warbler/task.rb:1
      (root) at /home/travis/build/jruby/warbler/lib/warbler/task.rb:11
     require at org/jruby/RubyKernel.java:966
      (root) at /home/travis/.rvm/rubies/jruby-head/lib/ruby/stdlib/rubygems/core_ext/kernel_require.rb:1
  __script__ at /home/travis/build/jruby/warbler/spec/drb_helper.rb:11

An error occurred in an after hook
  DRb::DRbConnError: druby://127.0.0.1:7890 - #<Errno::ECONNREFUSED: Connection refused - Connection refused>
  occurred at /home/travis/.rvm/rubies/jruby-head/lib/ruby/stdlib/drb/drb.rb:785:in `open_CLOSURE_1__open_0'

[31m    includes the bundler gem (FAILED - 18)[0m
  in a rack app
jruby: warning: unknown property jruby.cext.enabled
warning: --1.9 ignored
jruby: warning: unknown property jruby.cext.enabled
LoadError: no such file to load -- zip
     require at org/jruby/RubyKernel.java:966
  __script__ at /home/travis/.rvm/rubies/jruby-head/lib/ruby/stdlib/rubygems/core_ext/kernel_require.rb:54
      (root) at /home/travis/build/jruby/warbler/lib/warbler/zip_support.rb:29
     require at org/jruby/RubyKernel.java:966
  __script__ at /home/travis/.rvm/rubies/jruby-head/lib/ruby/stdlib/rubygems/core_ext/kernel_require.rb:54
      (root) at /home/travis/build/jruby/warbler/lib/warbler/jar.rb:1
     require at org/jruby/RubyKernel.java:966
  __script__ at /home/travis/.rvm/rubies/jruby-head/lib/ruby/stdlib/rubygems/core_ext/kernel_require.rb:54
      (root) at /home/travis/build/jruby/warbler/lib/warbler/jar.rb:8
     require at org/jruby/RubyKernel.java:966
      (root) at /home/travis/build/jruby/warbler/lib/warbler/task.rb:1
      (root) at /home/travis/build/jruby/warbler/lib/warbler/task.rb:11
     require at org/jruby/RubyKernel.java:966
      (root) at /home/travis/.rvm/rubies/jruby-head/lib/ruby/stdlib/rubygems/core_ext/kernel_require.rb:1
  __script__ at /home/travis/build/jruby/warbler/spec/drb_helper.rb:11

An error occurred in an after hook
  DRb::DRbConnError: druby://127.0.0.1:7890 - #<Errno::ECONNREFUSED: Connection refused - Connection refused>
  occurred at /home/travis/.rvm/rubies/jruby-head/lib/ruby/stdlib/drb/drb.rb:785:in `open_CLOSURE_1__open_0'

[31m    should have default load path (FAILED - 19)[0m

Warbler::Config
  in an unknown application
[32m    has suitable default values[0m
  in a web application
[32m    should have suitable default values[0m
[32m    should allow configuration through an initializer block[0m
[32m    should allow gems to be added/changed with =, +=, -=, <<[0m
[32m    should exclude log files by default[0m
[32m    should include log files if exclude_logs is false[0m
[32m    should exclude Warbler itself when run as a plugin[0m
[32m    should generate context parameters from the webxml openstruct[0m
[32m    should determine the context listener from the webxml.booter parameter[0m
[32m    should not include ignored webxml keys in the context params hash[0m
[32m    should have a helpful string representation for an empty key[0m
[32m    should HTML-escape all webxml keys and values[0m

Warbler::Gems
[32m  should accept a hash for initialization[0m
[32m  should accept an array for initialization[0m
[32m  should allow gems with a version[0m
[32m  should allow gems without an explicit version[0m
[32m  should allow to add gems[0m

Warbler::Jar
  in a jar project
[32m    detects a Jar trait[0m
[32m    collects java libraries[0m
[32m    adds a JarMain class[0m
[32m    adds an init.rb[0m
[32m    requires 'rubygems' in init.rb[0m
[32m    does not override ENV['GEM_HOME'] by default[0m
[32m    overrides ENV['GEM_HOME'] when override_gem_home is set[0m
[32m    adds a main.rb[0m
[32m    adds script_files[0m
[32m    accepts a custom manifest file[0m
[32m    accepts a MANIFEST.MF file if it exists in the project root[0m
[32m    does not add a manifest if one already exists[0m
[32m    creates a jar[0m
    with a .gemspec
[32m      detects a Gemspec trait[0m
[32m      detects gem dependencies[0m
[32m      sets load paths in init.rb[0m
[32m      loads the default executable in main.rb[0m
[32m      includes compiled .rb and .class files[0m
[32m      includes only specified dirs[0m
[32m      excludes .rb and .class files from compile[0m
[31m      compiles included gems when compile_gems is true (FAILED - 20)[0m
[32m      does not compile included gems by default[0m
    with a gemspec without a default executable
[32m      loads the first bin/executable in main.rb[0m
[32m      loads the specified bin/executable in main.rb[0m
    without a .gemspec
[32m      detects a NoGemspec trait[0m
[32m      collects gem files from configuration[0m
[32m      collects all project files in the directory[0m
[32m      sets load paths in init.rb[0m
[32m      loads the first bin/executable in main.rb[0m
[32m      loads the specified bin/executable in main.rb[0m
[32m      loads the bin/executable from other gem in main.rb[0m
[32m      does not set parameters in main.rb[0m
[32m      does set parameters in main.rb[0m
  in a war project
[32m    detects a War trait[0m
[32m    collects files in public[0m
[32m    collects gem files[0m
[32m    collects gem files with dependencies[0m
[32m    collects gem files without dependencies[0m
[32m    adds ENV['GEM_HOME'] to init.rb[0m
[32m    overrides ENV['GEM_HOME'] when override_gem_home is set[0m
[32m    does not include log files by default[0m
[32m    creates a web.xml file[0m
[32m    includes custom context parameters in web.xml[0m
[32m    allows one jndi resource to be included[0m
[32m    allows multiple jndi resources to be included[0m
[32m    does not include any ignored context parameters[0m
[32m    uses a config/web.xml if it exists[0m
[32m    uses a config/web.xml.erb if it exists[0m
[32m    collects java libraries[0m
[32m    collects application files[0m
[32m    accepts an autodeploy directory where the war should be created[0m
[32m    allows the jar extension to be customized[0m
[32m    can exclude files from the .war[0m
[32m    can exclude public files from the .war[0m
[32m    reads configuration from config/warble.rb[0m
[32m    fails if a gem is requested that is not installed[0m
[32m    allows specification of dependency by Gem::Dependency[0m
[32m    copies loose java classes to WEB-INF/classes[0m
[32m    does not try to autodetect frameworks when Warbler.framework_detection is false[0m
[32m    skips directories that don't exist in config.dirs and print a warning[0m
[32m    excludes Warbler's old tmp/war directory by default[0m
[32m    writes gems to location specified by gem_path[0m
[32m    allows adding additional WEB-INF files via config.webinf_files[0m
[32m    allows expanding of additional WEB-INF files via config.webinf_files[0m
[32m    excludes test files in gems according to config.gem_excludes[0m
[32m    creates a META-INF/init.rb file with startup config[0m
[32m    allows adjusting the init file location in the war[0m
[32m    allows adding custom files' contents to init.rb[0m
[32m    does not have escaped HTML in WARBLER_CONFIG[0m
    with embedded jar files
      with move_jars_to_webinf_lib set to true
[32m        moves jar files to WEB-INF/lib[0m
[32m        leaves jar files alone that are already in WEB-INF/lib[0m
      with move_jars_to_webinf_lib not set
[32m        moves jar files to WEB-INF/lib[0m
      with move_jars_to_webinf_lib set to regexp
[32m        moves jar files that match to WEB-INF/lib[0m
[32m        removes default jars not matched by filter from WEB-INF/lib[0m
    with the executable feature
[32m      adds WarMain (and JarMain) class[0m
    with the runnable feature
[32m      adds WarMain (and JarMain) class[0m
    in a Rails application
[32m      detects a Rails trait[0m
[32m      auto-detects a Rails application[0m
[32m      adds the rails.rb to the script files[0m
[32m      provides Rails gems by default, unless vendor/rails is present[0m
[32m      automatically adds Rails.configuration.gems to the list of gems[0m
[32m      adds RAILS_ENV to init.rb[0m
      with asset_pipeline
[32m        automatically adds asset pipeline manifest file to the included files[0m
      with threadsafe! enabled in production.rb
        it should behave like threaded environment
[32m          sets the jruby min and max runtimes to 1[0m
[32m          doesn't override already configured runtime numbers[0m
      with threadsafe! enabled in environment.rb
        it should behave like threaded environment
[32m          sets the jruby min and max runtimes to 1[0m
[32m          doesn't override already configured runtime numbers[0m
      with rails version 4
        When rails version is specified in Gemfile
          it should behave like threaded environment
[32m            sets the jruby min and max runtimes to 1[0m
[32m            doesn't override already configured runtime numbers[0m
          it should behave like asset pipeline
[32m            automatically adds asset pipeline manifest file to the included files[0m
        when rails version is not specified in Gemfile
          it should behave like threaded environment
[32m            sets the jruby min and max runtimes to 1[0m
[32m            doesn't override already configured runtime numbers[0m
          it should behave like asset pipeline
[32m            automatically adds asset pipeline manifest file to the included files[0m
    in a Merb application
[32m      detects a Merb trait[0m
[32m      auto-detects a Merb application[0m
[32m      automatically adds Merb::BootLoader::Dependencies.dependencies to the list of gems[0m
[32m      skips Merb development dependencies[0m
[32m      warns about using Merb < 1.0[0m
    in a Rack application
[32m      detects a Rack trait[0m
[32m      auto-detects a Rack application with a config.ru file[0m
[32m      adds RACK_ENV to init.rb[0m

Warbler::Jar with JBundler
  in a war project
jruby: warning: unknown property jruby.cext.enabled
warning: --1.9 ignored
jruby: warning: unknown property jruby.cext.enabled
LoadError: no such file to load -- zip
     require at org/jruby/RubyKernel.java:966
  __script__ at /home/travis/.rvm/rubies/jruby-head/lib/ruby/stdlib/rubygems/core_ext/kernel_require.rb:54
      (root) at /home/travis/build/jruby/warbler/lib/warbler/zip_support.rb:29
     require at org/jruby/RubyKernel.java:966
  __script__ at /home/travis/.rvm/rubies/jruby-head/lib/ruby/stdlib/rubygems/core_ext/kernel_require.rb:54
      (root) at /home/travis/build/jruby/warbler/lib/warbler/jar.rb:1
     require at org/jruby/RubyKernel.java:966
  __script__ at /home/travis/.rvm/rubies/jruby-head/lib/ruby/stdlib/rubygems/core_ext/kernel_require.rb:54
      (root) at /home/travis/build/jruby/warbler/lib/warbler/jar.rb:8
     require at org/jruby/RubyKernel.java:966
      (root) at /home/travis/build/jruby/warbler/lib/warbler/task.rb:1
      (root) at /home/travis/build/jruby/warbler/lib/warbler/task.rb:11
     require at org/jruby/RubyKernel.java:966
      (root) at /home/travis/.rvm/rubies/jruby-head/lib/ruby/stdlib/rubygems/core_ext/kernel_require.rb:1
  __script__ at /home/travis/build/jruby/warbler/spec/drb_helper.rb:11

An error occurred in an after hook
  DRb::DRbConnError: druby://127.0.0.1:7890 - #<Errno::ECONNREFUSED: Connection refused - Connection refused>
  occurred at /home/travis/.rvm/rubies/jruby-head/lib/ruby/stdlib/drb/drb.rb:785:in `open_CLOSURE_1__open_0'

[31m    detects a JBundler trait (FAILED - 21)[0m
jruby: warning: unknown property jruby.cext.enabled
warning: --1.9 ignored
jruby: warning: unknown property jruby.cext.enabled
LoadError: no such file to load -- zip
     require at org/jruby/RubyKernel.java:966
  __script__ at /home/travis/.rvm/rubies/jruby-head/lib/ruby/stdlib/rubygems/core_ext/kernel_require.rb:54
      (root) at /home/travis/build/jruby/warbler/lib/warbler/zip_support.rb:29
     require at org/jruby/RubyKernel.java:966
  __script__ at /home/travis/.rvm/rubies/jruby-head/lib/ruby/stdlib/rubygems/core_ext/kernel_require.rb:54
      (root) at /home/travis/build/jruby/warbler/lib/warbler/jar.rb:1
     require at org/jruby/RubyKernel.java:966
  __script__ at /home/travis/.rvm/rubies/jruby-head/lib/ruby/stdlib/rubygems/core_ext/kernel_require.rb:54
      (root) at /home/travis/build/jruby/warbler/lib/warbler/jar.rb:8
     require at org/jruby/RubyKernel.java:966
      (root) at /home/travis/build/jruby/warbler/lib/warbler/task.rb:1
      (root) at /home/travis/build/jruby/warbler/lib/warbler/task.rb:11
     require at org/jruby/RubyKernel.java:966
      (root) at /home/travis/.rvm/rubies/jruby-head/lib/ruby/stdlib/rubygems/core_ext/kernel_require.rb:1
  __script__ at /home/travis/build/jruby/warbler/spec/drb_helper.rb:11

An error occurred in an after hook
  DRb::DRbConnError: druby://127.0.0.1:7890 - #<Errno::ECONNREFUSED: Connection refused - Connection refused>
  occurred at /home/travis/.rvm/rubies/jruby-head/lib/ruby/stdlib/drb/drb.rb:785:in `open_CLOSURE_1__open_0'

[31m    detects a Jarfile and process only its jars (FAILED - 22)[0m
jruby: warning: unknown property jruby.cext.enabled
warning: --1.9 ignored
jruby: warning: unknown property jruby.cext.enabled
LoadError: no such file to load -- zip
     require at org/jruby/RubyKernel.java:966
  __script__ at /home/travis/.rvm/rubies/jruby-head/lib/ruby/stdlib/rubygems/core_ext/kernel_require.rb:54
      (root) at /home/travis/build/jruby/warbler/lib/warbler/zip_support.rb:29
     require at org/jruby/RubyKernel.java:966
  __script__ at /home/travis/.rvm/rubies/jruby-head/lib/ruby/stdlib/rubygems/core_ext/kernel_require.rb:54
      (root) at /home/travis/build/jruby/warbler/lib/warbler/jar.rb:1
     require at org/jruby/RubyKernel.java:966
  __script__ at /home/travis/.rvm/rubies/jruby-head/lib/ruby/stdlib/rubygems/core_ext/kernel_require.rb:54
      (root) at /home/travis/build/jruby/warbler/lib/warbler/jar.rb:8
     require at org/jruby/RubyKernel.java:966
      (root) at /home/travis/build/jruby/warbler/lib/warbler/task.rb:1
      (root) at /home/travis/build/jruby/warbler/lib/warbler/task.rb:11
     require at org/jruby/RubyKernel.java:966
      (root) at /home/travis/.rvm/rubies/jruby-head/lib/ruby/stdlib/rubygems/core_ext/kernel_require.rb:1
  __script__ at /home/travis/build/jruby/warbler/spec/drb_helper.rb:11

An error occurred in an after hook
  DRb::DRbConnError: druby://127.0.0.1:7890 - #<Errno::ECONNREFUSED: Connection refused - Connection refused>
  occurred at /home/travis/.rvm/rubies/jruby-head/lib/ruby/stdlib/drb/drb.rb:785:in `open_CLOSURE_1__open_0'

[31m    copies jars from jbundler classpath into the war (FAILED - 23)[0m
jruby: warning: unknown property jruby.cext.enabled
warning: --1.9 ignored
jruby: warning: unknown property jruby.cext.enabled
LoadError: no such file to load -- zip
     require at org/jruby/RubyKernel.java:966
  __script__ at /home/travis/.rvm/rubies/jruby-head/lib/ruby/stdlib/rubygems/core_ext/kernel_require.rb:54
      (root) at /home/travis/build/jruby/warbler/lib/warbler/zip_support.rb:29
     require at org/jruby/RubyKernel.java:966
  __script__ at /home/travis/.rvm/rubies/jruby-head/lib/ruby/stdlib/rubygems/core_ext/kernel_require.rb:54
      (root) at /home/travis/build/jruby/warbler/lib/warbler/jar.rb:1
     require at org/jruby/RubyKernel.java:966
  __script__ at /home/travis/.rvm/rubies/jruby-head/lib/ruby/stdlib/rubygems/core_ext/kernel_require.rb:54
      (root) at /home/travis/build/jruby/warbler/lib/warbler/jar.rb:8
     require at org/jruby/RubyKernel.java:966
      (root) at /home/travis/build/jruby/warbler/lib/warbler/task.rb:1
      (root) at /home/travis/build/jruby/warbler/lib/warbler/task.rb:11
     require at org/jruby/RubyKernel.java:966
      (root) at /home/travis/.rvm/rubies/jruby-head/lib/ruby/stdlib/rubygems/core_ext/kernel_require.rb:1
  __script__ at /home/travis/build/jruby/warbler/spec/drb_helper.rb:11

An error occurred in an after hook
  DRb::DRbConnError: druby://127.0.0.1:7890 - #<Errno::ECONNREFUSED: Connection refused - Connection refused>
  occurred at /home/travis/.rvm/rubies/jruby-head/lib/ruby/stdlib/drb/drb.rb:785:in `open_CLOSURE_1__open_0'

[31m    adds JBUNDLE_SKIP to init.rb (FAILED - 24)[0m
jruby: warning: unknown property jruby.cext.enabled
warning: --1.9 ignored
jruby: warning: unknown property jruby.cext.enabled
LoadError: no such file to load -- zip
     require at org/jruby/RubyKernel.java:966
  __script__ at /home/travis/.rvm/rubies/jruby-head/lib/ruby/stdlib/rubygems/core_ext/kernel_require.rb:54
      (root) at /home/travis/build/jruby/warbler/lib/warbler/zip_support.rb:29
     require at org/jruby/RubyKernel.java:966
  __script__ at /home/travis/.rvm/rubies/jruby-head/lib/ruby/stdlib/rubygems/core_ext/kernel_require.rb:54
      (root) at /home/travis/build/jruby/warbler/lib/warbler/jar.rb:1
     require at org/jruby/RubyKernel.java:966
  __script__ at /home/travis/.rvm/rubies/jruby-head/lib/ruby/stdlib/rubygems/core_ext/kernel_require.rb:54
      (root) at /home/travis/build/jruby/warbler/lib/warbler/jar.rb:8
     require at org/jruby/RubyKernel.java:966
      (root) at /home/travis/build/jruby/warbler/lib/warbler/task.rb:1
      (root) at /home/travis/build/jruby/warbler/lib/warbler/task.rb:11
     require at org/jruby/RubyKernel.java:966
      (root) at /home/travis/.rvm/rubies/jruby-head/lib/ruby/stdlib/rubygems/core_ext/kernel_require.rb:1
  __script__ at /home/travis/build/jruby/warbler/spec/drb_helper.rb:11

An error occurred in an after hook
  DRb::DRbConnError: druby://127.0.0.1:7890 - #<Errno::ECONNREFUSED: Connection refused - Connection refused>
  occurred at /home/travis/.rvm/rubies/jruby-head/lib/ruby/stdlib/drb/drb.rb:785:in `open_CLOSURE_1__open_0'

[31m    uses ENV['JBUNDLE_JARFILE'] if set (FAILED - 25)[0m
  when locked down
jruby: warning: unknown property jruby.cext.enabled
warning: --1.9 ignored
jruby: warning: unknown property jruby.cext.enabled
LoadError: no such file to load -- zip
     require at org/jruby/RubyKernel.java:966
  __script__ at /home/travis/.rvm/rubies/jruby-head/lib/ruby/stdlib/rubygems/core_ext/kernel_require.rb:54
      (root) at /home/travis/build/jruby/warbler/lib/warbler/zip_support.rb:29
     require at org/jruby/RubyKernel.java:966
  __script__ at /home/travis/.rvm/rubies/jruby-head/lib/ruby/stdlib/rubygems/core_ext/kernel_require.rb:54
      (root) at /home/travis/build/jruby/warbler/lib/warbler/jar.rb:1
     require at org/jruby/RubyKernel.java:966
  __script__ at /home/travis/.rvm/rubies/jruby-head/lib/ruby/stdlib/rubygems/core_ext/kernel_require.rb:54
      (root) at /home/travis/build/jruby/warbler/lib/warbler/jar.rb:8
     require at org/jruby/RubyKernel.java:966
      (root) at /home/travis/build/jruby/warbler/lib/warbler/task.rb:1
      (root) at /home/travis/build/jruby/warbler/lib/warbler/task.rb:11
     require at org/jruby/RubyKernel.java:966
      (root) at /home/travis/.rvm/rubies/jruby-head/lib/ruby/stdlib/rubygems/core_ext/kernel_require.rb:1
  __script__ at /home/travis/build/jruby/warbler/spec/drb_helper.rb:11

An error occurred in an after hook
  DRb::DRbConnError: druby://127.0.0.1:7890 - #<Errno::ECONNREFUSED: Connection refused - Connection refused>
  occurred at /home/travis/.rvm/rubies/jruby-head/lib/ruby/stdlib/drb/drb.rb:785:in `open_CLOSURE_1__open_0'

[31m    does not include the jbundler gem (as it is in the development group) (FAILED - 26)[0m
jruby: warning: unknown property jruby.cext.enabled
warning: --1.9 ignored
jruby: warning: unknown property jruby.cext.enabled
LoadError: no such file to load -- zip
     require at org/jruby/RubyKernel.java:966
  __script__ at /home/travis/.rvm/rubies/jruby-head/lib/ruby/stdlib/rubygems/core_ext/kernel_require.rb:54
      (root) at /home/travis/build/jruby/warbler/lib/warbler/zip_support.rb:29
     require at org/jruby/RubyKernel.java:966
  __script__ at /home/travis/.rvm/rubies/jruby-head/lib/ruby/stdlib/rubygems/core_ext/kernel_require.rb:54
      (root) at /home/travis/build/jruby/warbler/lib/warbler/jar.rb:1
     require at org/jruby/RubyKernel.java:966
  __script__ at /home/travis/.rvm/rubies/jruby-head/lib/ruby/stdlib/rubygems/core_ext/kernel_require.rb:54
      (root) at /home/travis/build/jruby/warbler/lib/warbler/jar.rb:8
     require at org/jruby/RubyKernel.java:966
      (root) at /home/travis/build/jruby/warbler/lib/warbler/task.rb:1
      (root) at /home/travis/build/jruby/warbler/lib/warbler/task.rb:11
     require at org/jruby/RubyKernel.java:966
      (root) at /home/travis/.rvm/rubies/jruby-head/lib/ruby/stdlib/rubygems/core_ext/kernel_require.rb:1
  __script__ at /home/travis/build/jruby/warbler/spec/drb_helper.rb:11

An error occurred in an after hook
  DRb::DRbConnError: druby://127.0.0.1:7890 - #<Errno::ECONNREFUSED: Connection refused - Connection refused>
  occurred at /home/travis/.rvm/rubies/jruby-head/lib/ruby/stdlib/drb/drb.rb:785:in `open_CLOSURE_1__open_0'

[31m    does not include the jbundler runtime config (FAILED - 27)[0m

Warbler::Task
[32m  should define a clean task for removing the war file[0m
[32m  should define a make_gemjar task for storing gems in a jar file[0m
[32m  should define a war task for bundling up everything[0m
[32m  should define a jar task for creating the .war[0m
[32m  should invoke feature tasks configured in config.features[0m
[32m  should warn and skip unknown features configured in config.features[0m
[32m  should define an executable task for embedding a server in the war file[0m
[32m  should be able to define all tasks successfully[0m
[32m  should compile any ruby files specified[0m
[32m  should compile ruby 1.9 mode[0m
[32m  should allow bytecode version in config[0m
[32m  should delete .class files after finishing the jar[0m
  where symlinks are available
[32m    should process symlinks by storing a file in the archive that has the same contents as the source[0m
[32m    should process directory symlinks by copying the whole subdirectory[0m
  with a Bundler Gemfile
jruby: warning: unknown property jruby.cext.enabled
warning: --1.9 ignored
jruby: warning: unknown property jruby.cext.enabled
LoadError: no such file to load -- zip
     require at org/jruby/RubyKernel.java:966
  __script__ at /home/travis/.rvm/rubies/jruby-head/lib/ruby/stdlib/rubygems/core_ext/kernel_require.rb:54
      (root) at /home/travis/build/jruby/warbler/lib/warbler/zip_support.rb:29
     require at org/jruby/RubyKernel.java:966
  __script__ at /home/travis/.rvm/rubies/jruby-head/lib/ruby/stdlib/rubygems/core_ext/kernel_require.rb:54
      (root) at /home/travis/build/jruby/warbler/lib/warbler/jar.rb:1
     require at org/jruby/RubyKernel.java:966
  __script__ at /home/travis/.rvm/rubies/jruby-head/lib/ruby/stdlib/rubygems/core_ext/kernel_require.rb:54
      (root) at /home/travis/build/jruby/warbler/lib/warbler/jar.rb:8
     require at org/jruby/RubyKernel.java:966
      (root) at /home/travis/build/jruby/warbler/lib/warbler/task.rb:1
      (root) at /home/travis/build/jruby/warbler/lib/warbler/task.rb:11
     require at org/jruby/RubyKernel.java:966
      (root) at /home/travis/.rvm/rubies/jruby-head/lib/ruby/stdlib/rubygems/core_ext/kernel_require.rb:1
  __script__ at /home/travis/build/jruby/warbler/spec/drb_helper.rb:11

An error occurred in an after hook
  DRb::DRbConnError: druby://127.0.0.1:7890 - #<Errno::ECONNREFUSED: Connection refused - Connection refused>
  occurred at /home/travis/.rvm/rubies/jruby-head/lib/ruby/stdlib/drb/drb.rb:785:in `open_CLOSURE_1__open_0'


An error occurred in an after hook
  DRb::DRbConnError: druby://127.0.0.1:7890 - #<Errno::ECONNREFUSED: Connection refused - Connection refused>
  occurred at /home/travis/.rvm/rubies/jruby-head/lib/ruby/stdlib/drb/drb.rb:785:in `open_CLOSURE_1__open_0'

[31m    includes gems from the Gemfile (FAILED - 28)[0m

Debug targets
[32m  should print out lists of files[0m

Warbler::Traits
[32m  are ordered by fewer dependencies first[0m

Warbler::War
[32m  is deprecated, replace occurrences with Warbler::Jar[0m

Warbler::WebServer::Artifact
[32m  uses default (maven) local repository[0m
[32m  detects a custom maven repository setting[0m

Failures:

  1) Warbler::Jar with Bundler in a war project detects a Bundler trait
     [31mFailure/Error:[0m [31mlet(:config) { drbclient.config(@extra_config) }[0m
     [31mDRb::DRbConnError[0m:
       [31mdruby://127.0.0.1:7890 - #<Errno::ECONNREFUSED: Connection refused - Connection refused>[0m
[36m     # ./spec/warbler/bundler_spec.rb:24:in `config'[0m
[36m     # ./spec/warbler/bundler_spec.rb:36:in `(root)'[0m

  2) Warbler::Jar with Bundler in a war project detects a Gemfile and process only its gems
     [31mFailure/Error:[0m [31mlet(:jar) { drbclient.jar }[0m
     [31mDRb::DRbConnError[0m:
       [31mdruby://127.0.0.1:7890 - #<Errno::ECONNREFUSED: Connection refused - Connection refused>[0m
[36m     # ./spec/warbler/bundler_spec.rb:25:in `jar'[0m
[36m     # ./spec/warbler/bundler_spec.rb:43:in `(root)'[0m

  3) Warbler::Jar with Bundler in a war project copies Gemfiles into the war
     [31mFailure/Error:[0m [31mlet(:jar) { drbclient.jar }[0m
     [31mDRb::DRbConnError[0m:
       [31mdruby://127.0.0.1:7890 - #<Errno::ECONNREFUSED: Connection refused - Connection refused>[0m
[36m     # ./spec/warbler/bundler_spec.rb:25:in `jar'[0m
[36m     # ./spec/warbler/bundler_spec.rb:51:in `(root)'[0m

  4) Warbler::Jar with Bundler in a war project allows overriding of the gem path when using Bundler
     [31mFailure/Error:[0m [31mlet(:jar) { drbclient.jar }[0m
     [31mDRb::DRbConnError[0m:
       [31mdruby://127.0.0.1:7890 - #<Errno::ECONNREFUSED: Connection refused - Connection refused>[0m
[36m     # ./spec/warbler/bundler_spec.rb:25:in `jar'[0m
[36m     # ./spec/warbler/bundler_spec.rb:60:in `(root)'[0m

  5) Warbler::Jar with Bundler in a war project bundles only the gemspec for :git entries that are excluded
     [31mFailure/Error:[0m [31mlet(:jar) { drbclient.jar }[0m
     [31mDRb::DRbConnError[0m:
       [31mdruby://127.0.0.1:7890 - #<Errno::ECONNREFUSED: Connection refused - Connection refused>[0m
[36m     # ./spec/warbler/bundler_spec.rb:25:in `jar'[0m
[36m     # ./spec/warbler/bundler_spec.rb:96:in `(root)'[0m

  6) Warbler::Jar with Bundler in a war project does not work with :path entries in Gemfiles
     [31mFailure/Error:[0m [31mlet(:jar) { drbclient.jar }[0m
     [31mDRb::DRbConnError[0m:
       [31mdruby://127.0.0.1:7890 - #<Errno::ECONNREFUSED: Connection refused - Connection refused>[0m
[36m     # ./spec/warbler/bundler_spec.rb:25:in `jar'[0m
[36m     # ./spec/warbler/bundler_spec.rb:104:in `(root)'[0m
[36m     # ./spec/warbler/bundler_spec.rb:104:in `(root)'[0m

  7) Warbler::Jar with Bundler in a war project does not bundle dependencies in the test group by default
     [31mFailure/Error:[0m [31mlet(:jar) { drbclient.jar }[0m
     [31mDRb::DRbConnError[0m:
       [31mdruby://127.0.0.1:7890 - #<Errno::ECONNREFUSED: Connection refused - Connection refused>[0m
[36m     # ./spec/warbler/bundler_spec.rb:25:in `jar'[0m
[36m     # ./spec/warbler/bundler_spec.rb:110:in `(root)'[0m

  8) Warbler::Jar with Bundler in a war project adds BUNDLE_WITHOUT to init.rb
     [31mFailure/Error:[0m [31mlet(:jar) { drbclient.jar }[0m
     [31mDRb::DRbConnError[0m:
       [31mdruby://127.0.0.1:7890 - #<Errno::ECONNREFUSED: Connection refused - Connection refused>[0m
[36m     # ./spec/warbler/bundler_spec.rb:25:in `jar'[0m
[36m     # ./spec/warbler/bundler_spec.rb:118:in `(root)'[0m

  9) Warbler::Jar with Bundler in a war project adds BUNDLE_GEMFILE to init.rb
     [31mFailure/Error:[0m [31mlet(:jar) { drbclient.jar }[0m
     [31mDRb::DRbConnError[0m:
       [31mdruby://127.0.0.1:7890 - #<Errno::ECONNREFUSED: Connection refused - Connection refused>[0m
[36m     # ./spec/warbler/bundler_spec.rb:25:in `jar'[0m
[36m     # ./spec/warbler/bundler_spec.rb:125:in `(root)'[0m

  10) Warbler::Jar with Bundler in a war project uses ENV['BUNDLE_GEMFILE'] if set
     [31mFailure/Error:[0m [31mlet(:config) { drbclient.config(@extra_config) }[0m
     [31mDRb::DRbConnError[0m:
       [31mdruby://127.0.0.1:7890 - #<Errno::ECONNREFUSED: Connection refused - Connection refused>[0m
[36m     # ./spec/warbler/bundler_spec.rb:24:in `config'[0m
[36m     # ./spec/warbler/bundler_spec.rb:133:in `(root)'[0m

  11) Warbler::Jar with Bundler in a war project with :git entries in the Gemfile works with :git entries in Gemfiles
     [31mFailure/Error:[0m [31mlet(:jar) { drbclient.jar }[0m
     [31mDRb::DRbConnError[0m:
       [31mdruby://127.0.0.1:7890 - #<Errno::ECONNREFUSED: Connection refused - Connection refused>[0m
[36m     # ./spec/warbler/bundler_spec.rb:25:in `jar'[0m
[36m     # ./spec/warbler/bundler_spec.rb:71:in `(root)'[0m

  12) Warbler::Jar with Bundler in a war project with :git entries in the Gemfile can run commands in the generated warfile
     [31mFailure/Error:[0m [31mlet(:jar) { drbclient.jar }[0m
     [31mDRb::DRbConnError[0m:
       [31mdruby://127.0.0.1:7890 - #<Errno::ECONNREFUSED: Connection refused - Connection refused>[0m
[36m     # ./spec/warbler/bundler_spec.rb:25:in `jar'[0m
[36m     # ./spec/warbler/bundler_spec.rb:81:in `(root)'[0m

  13) Warbler::Jar with Bundler in a jar project works with :git entries in Gemfiles
     [31mFailure/Error:[0m [31mlet(:jar) { drbclient.jar }[0m
     [31mDRb::DRbConnError[0m:
       [31mdruby://127.0.0.1:7890 - #<Errno::ECONNREFUSED: Connection refused - Connection refused>[0m
[36m     # ./spec/warbler/bundler_spec.rb:25:in `jar'[0m
[36m     # ./spec/warbler/bundler_spec.rb:144:in `(root)'[0m

  14) Warbler::Jar with Bundler in a jar project adds BUNDLE_GEMFILE to init.rb
     [31mFailure/Error:[0m [31mlet(:jar) { drbclient.jar }[0m
     [31mDRb::DRbConnError[0m:
       [31mdruby://127.0.0.1:7890 - #<Errno::ECONNREFUSED: Connection refused - Connection refused>[0m
[36m     # ./spec/warbler/bundler_spec.rb:25:in `jar'[0m
[36m     # ./spec/warbler/bundler_spec.rb:154:in `(root)'[0m

  15) Warbler::Jar with Bundler when frozen includes the bundler gem
     [31mFailure/Error:[0m [31mlet(:jar) { drbclient.jar }[0m
     [31mDRb::DRbConnError[0m:
       [31mdruby://127.0.0.1:7890 - #<Errno::ECONNREFUSED: Connection refused - Connection refused>[0m
[36m     # ./spec/warbler/bundler_spec.rb:25:in `jar'[0m
[36m     # ./spec/warbler/bundler_spec.rb:164:in `(root)'[0m

  16) Warbler::Jar with Bundler when frozen does not include the bundler cache directory
     [31mFailure/Error:[0m [31mlet(:jar) { drbclient.jar }[0m
     [31mDRb::DRbConnError[0m:
       [31mdruby://127.0.0.1:7890 - #<Errno::ECONNREFUSED: Connection refused - Connection refused>[0m
[36m     # ./spec/warbler/bundler_spec.rb:25:in `jar'[0m
[36m     # ./spec/warbler/bundler_spec.rb:170:in `(root)'[0m

  17) Warbler::Jar with Bundler when frozen includes ENV['BUNDLE_FROZEN'] in init.rb
     [31mFailure/Error:[0m [31mlet(:jar) { drbclient.jar }[0m
     [31mDRb::DRbConnError[0m:
       [31mdruby://127.0.0.1:7890 - #<Errno::ECONNREFUSED: Connection refused - Connection refused>[0m
[36m     # ./spec/warbler/bundler_spec.rb:25:in `jar'[0m
[36m     # ./spec/warbler/bundler_spec.rb:175:in `(root)'[0m

  18) Warbler::Jar with Bundler when deployment includes the bundler gem
     [31mFailure/Error:[0m [31mlet(:jar) { drbclient.jar }[0m
     [31mDRb::DRbConnError[0m:
       [31mdruby://127.0.0.1:7890 - #<Errno::ECONNREFUSED: Connection refused - Connection refused>[0m
[36m     # ./spec/warbler/bundler_spec.rb:25:in `jar'[0m
[36m     # ./spec/warbler/bundler_spec.rb:186:in `(root)'[0m

  19) Warbler::Jar with Bundler in a rack app should have default load path
     [31mFailure/Error:[0m [31mlet(:jar) { drbclient.jar }[0m
     [31mDRb::DRbConnError[0m:
       [31mdruby://127.0.0.1:7890 - #<Errno::ECONNREFUSED: Connection refused - Connection refused>[0m
[36m     # ./spec/warbler/bundler_spec.rb:25:in `jar'[0m
[36m     # ./spec/warbler/bundler_spec.rb:198:in `(root)'[0m

  20) Warbler::Jar in a jar project with a .gemspec compiles included gems when compile_gems is true
     [31mFailure/Error:[0m [31mfile_list(%r{gems.*\.class$}).size.should == 73[0m
       [31mexpected: 73[0m
       [31m     got: 80 (using ==)[0m
[36m     # ./spec/warbler/jar_spec.rb:187:in `(root)'[0m

  21) Warbler::Jar with JBundler in a war project detects a JBundler trait
     [31mFailure/Error:[0m [31mlet(:config) { drbclient.config(@extra_config) }[0m
     [31mDRb::DRbConnError[0m:
       [31mdruby://127.0.0.1:7890 - #<Errno::ECONNREFUSED: Connection refused - Connection refused>[0m
[36m     # ./spec/warbler/jbundler_spec.rb:23:in `config'[0m
[36m     # ./spec/warbler/jbundler_spec.rb:36:in `(root)'[0m

  22) Warbler::Jar with JBundler in a war project detects a Jarfile and process only its jars
     [31mFailure/Error:[0m [31mlet(:jar) { drbclient.jar }[0m
     [31mDRb::DRbConnError[0m:
       [31mdruby://127.0.0.1:7890 - #<Errno::ECONNREFUSED: Connection refused - Connection refused>[0m
[36m     # ./spec/warbler/jbundler_spec.rb:24:in `jar'[0m
[36m     # ./spec/warbler/jbundler_spec.rb:43:in `(root)'[0m

  23) Warbler::Jar with JBundler in a war project copies jars from jbundler classpath into the war
     [31mFailure/Error:[0m [31mlet(:jar) { drbclient.jar }[0m
     [31mDRb::DRbConnError[0m:
       [31mdruby://127.0.0.1:7890 - #<Errno::ECONNREFUSED: Connection refused - Connection refused>[0m
[36m     # ./spec/warbler/jbundler_spec.rb:24:in `jar'[0m
[36m     # ./spec/warbler/jbundler_spec.rb:50:in `(root)'[0m

  24) Warbler::Jar with JBundler in a war project adds JBUNDLE_SKIP to init.rb
     [31mFailure/Error:[0m [31mlet(:jar) { drbclient.jar }[0m
     [31mDRb::DRbConnError[0m:
       [31mdruby://127.0.0.1:7890 - #<Errno::ECONNREFUSED: Connection refused - Connection refused>[0m
[36m     # ./spec/warbler/jbundler_spec.rb:24:in `jar'[0m
[36m     # ./spec/warbler/jbundler_spec.rb:55:in `(root)'[0m

  25) Warbler::Jar with JBundler in a war project uses ENV['JBUNDLE_JARFILE'] if set
     [31mFailure/Error:[0m [31mlet(:config) { drbclient.config(@extra_config) }[0m
     [31mDRb::DRbConnError[0m:
       [31mdruby://127.0.0.1:7890 - #<Errno::ECONNREFUSED: Connection refused - Connection refused>[0m
[36m     # ./spec/warbler/jbundler_spec.rb:23:in `config'[0m
[36m     # ./spec/warbler/jbundler_spec.rb:63:in `(root)'[0m

  26) Warbler::Jar with JBundler when locked down does not include the jbundler gem (as it is in the development group)
     [31mFailure/Error:[0m [31mlet(:jar) { drbclient.jar }[0m
     [31mDRb::DRbConnError[0m:
       [31mdruby://127.0.0.1:7890 - #<Errno::ECONNREFUSED: Connection refused - Connection refused>[0m
[36m     # ./spec/warbler/jbundler_spec.rb:24:in `jar'[0m
[36m     # ./spec/warbler/jbundler_spec.rb:72:in `(root)'[0m

  27) Warbler::Jar with JBundler when locked down does not include the jbundler runtime config
     [31mFailure/Error:[0m [31mlet(:jar) { drbclient.jar }[0m
     [31mDRb::DRbConnError[0m:
       [31mdruby://127.0.0.1:7890 - #<Errno::ECONNREFUSED: Connection refused - Connection refused>[0m
[36m     # ./spec/warbler/jbundler_spec.rb:24:in `jar'[0m
[36m     # ./spec/warbler/jbundler_spec.rb:79:in `(root)'[0m

  28) Warbler::Task with a Bundler Gemfile includes gems from the Gemfile
     [31mFailure/Error:[0m [31mdrbclient.run_task "warble"[0m
     [31mDRb::DRbConnError[0m:
       [31mdruby://127.0.0.1:7890 - #<Errno::ECONNREFUSED: Connection refused - Connection refused>[0m
[36m     # ./spec/warbler/task_spec.rb:199:in `(root)'[0m

Finished in 31 minutes 57 seconds
[31m173 examples, 28 failures[0m

Failed examples:

[31mrspec ./spec/warbler/bundler_spec.rb:35[0m [36m# Warbler::Jar with Bundler in a war project detects a Bundler trait[0m
[31mrspec ./spec/warbler/bundler_spec.rb:39[0m [36m# Warbler::Jar with Bundler in a war project detects a Gemfile and process only its gems[0m
[31mrspec ./spec/warbler/bundler_spec.rb:49[0m [36m# Warbler::Jar with Bundler in a war project copies Gemfiles into the war[0m
[31mrspec ./spec/warbler/bundler_spec.rb:56[0m [36m# Warbler::Jar with Bundler in a war project allows overriding of the gem path when using Bundler[0m
[31mrspec ./spec/warbler/bundler_spec.rb:93[0m [36m# Warbler::Jar with Bundler in a war project bundles only the gemspec for :git entries that are excluded[0m
[31mrspec ./spec/warbler/bundler_spec.rb:101[0m [36m# Warbler::Jar with Bundler in a war project does not work with :path entries in Gemfiles[0m
[31mrspec ./spec/warbler/bundler_spec.rb:108[0m [36m# Warbler::Jar with Bundler in a war project does not bundle dependencies in the test group by default[0m
[31mrspec ./spec/warbler/bundler_spec.rb:117[0m [36m# Warbler::Jar with Bundler in a war project adds BUNDLE_WITHOUT to init.rb[0m
[31mrspec ./spec/warbler/bundler_spec.rb:124[0m [36m# Warbler::Jar with Bundler in a war project adds BUNDLE_GEMFILE to init.rb[0m
[31mrspec ./spec/warbler/bundler_spec.rb:130[0m [36m# Warbler::Jar with Bundler in a war project uses ENV['BUNDLE_GEMFILE'] if set[0m
[31mrspec ./spec/warbler/bundler_spec.rb:70[0m [36m# Warbler::Jar with Bundler in a war project with :git entries in the Gemfile works with :git entries in Gemfiles[0m
[31mrspec ./spec/warbler/bundler_spec.rb:76[0m [36m# Warbler::Jar with Bundler in a war project with :git entries in the Gemfile can run commands in the generated warfile[0m
[31mrspec ./spec/warbler/bundler_spec.rb:141[0m [36m# Warbler::Jar with Bundler in a jar project works with :git entries in Gemfiles[0m
[31mrspec ./spec/warbler/bundler_spec.rb:152[0m [36m# Warbler::Jar with Bundler in a jar project adds BUNDLE_GEMFILE to init.rb[0m
[31mrspec ./spec/warbler/bundler_spec.rb:163[0m [36m# Warbler::Jar with Bundler when frozen includes the bundler gem[0m
[31mrspec ./spec/warbler/bundler_spec.rb:169[0m [36m# Warbler::Jar with Bundler when frozen does not include the bundler cache directory[0m
[31mrspec ./spec/warbler/bundler_spec.rb:174[0m [36m# Warbler::Jar with Bundler when frozen includes ENV['BUNDLE_FROZEN'] in init.rb[0m
[31mrspec ./spec/warbler/bundler_spec.rb:184[0m [36m# Warbler::Jar with Bundler when deployment includes the bundler gem[0m
[31mrspec ./spec/warbler/bundler_spec.rb:197[0m [36m# Warbler::Jar with Bundler in a rack app should have default load path[0m
[31mrspec ./spec/warbler/jar_spec.rb:180[0m [36m# Warbler::Jar in a jar project with a .gemspec compiles included gems when compile_gems is true[0m
[31mrspec ./spec/warbler/jbundler_spec.rb:35[0m [36m# Warbler::Jar with JBundler in a war project detects a JBundler trait[0m
[31mrspec ./spec/warbler/jbundler_spec.rb:39[0m [36m# Warbler::Jar with JBundler in a war project detects a Jarfile and process only its jars[0m
[31mrspec ./spec/warbler/jbundler_spec.rb:47[0m [36m# Warbler::Jar with JBundler in a war project copies jars from jbundler classpath into the war[0m
[31mrspec ./spec/warbler/jbundler_spec.rb:54[0m [36m# Warbler::Jar with JBundler in a war project adds JBUNDLE_SKIP to init.rb[0m
[31mrspec ./spec/warbler/jbundler_spec.rb:60[0m [36m# Warbler::Jar with JBundler in a war project uses ENV['JBUNDLE_JARFILE'] if set[0m
[31mrspec ./spec/warbler/jbundler_spec.rb:70[0m [36m# Warbler::Jar with JBundler when locked down does not include the jbundler gem (as it is in the development group)[0m
[31mrspec ./spec/warbler/jbundler_spec.rb:77[0m [36m# Warbler::Jar with JBundler when locked down does not include the jbundler runtime config[0m
[31mrspec ./spec/warbler/task_spec.rb:195[0m [36m# Warbler::Task with a Bundler Gemfile includes gems from the Gemfile[0m
/home/travis/.rvm/rubies/jruby-head/bin/jruby -S rspec ./spec/warbler/application_spec.rb ./spec/warbler/bundler_spec.rb ./spec/warbler/config_spec.rb ./spec/warbler/gems_spec.rb ./spec/warbler/jar_spec.rb ./spec/warbler/jbundler_spec.rb ./spec/warbler/task_spec.rb ./spec/warbler/traits_spec.rb ./spec/warbler/war_spec.rb ./spec/warbler/web_server_spec.rb --color --format documentation failed
travis_time:end:0101b6c8:start=1425404189259368743,finish=1425406142756519164,duration=1953497150421[0K
[31;1mThe command "bundle exec rake" exited with 1.[0m

Done. Your build exited with 1.
