Using worker: worker-linux-e7a62211-2.bb.travis-ci.org:travis-linux-8

travis_fold:start:system_info[0K[33;1mBuild system information[0m
Build language: ruby
[34m[1mBuild image provisioning date and time[0m
Wed Feb  4 18:22:50 UTC 2015
[34m[1mOperating System Details[0m
Distributor ID:	Ubuntu
Description:	Ubuntu 12.04 LTS
Release:	12.04
Codename:	precise
[34m[1mLinux Version[0m
2.6.32-042stab090.5
[34m[1mCookbooks Version[0m
23bb455 https://github.com/travis-ci/travis-cookbooks/tree/23bb455
[34m[1mGCC version[0m
gcc (Ubuntu/Linaro 4.6.3-1ubuntu5) 4.6.3
Copyright (C) 2011 Free Software Foundation, Inc.
This is free software; see the source for copying conditions.  There is NO
warranty; not even for MERCHANTABILITY or FITNESS FOR A PARTICULAR PURPOSE.

[34m[1mLLVM version[0m
clang version 3.4 (tags/RELEASE_34/final)
Target: x86_64-unknown-linux-gnu
Thread model: posix
[34m[1mPre-installed Ruby versions[0m
ruby-1.9.3-p551
[34m[1mPre-installed Node.js versions[0m
v0.10.36
[34m[1mPre-installed Go versions[0m
1.4.1
[34m[1mRedis version[0m
redis-server 2.8.19
[34m[1mriak version[0m
2.0.2
[34m[1mMongoDB version[0m
MongoDB 2.4.12
[34m[1mCouchDB version[0m
couchdb 1.6.1
[34m[1mNeo4j version[0m
1.9.4
[34m[1mCassandra version[0m
2.0.9
[34m[1mRabbitMQ Version[0m
3.4.3
[34m[1mElasticSearch version[0m
1.4.0
[34m[1mInstalled Sphinx versions[0m
2.0.10
2.1.9
2.2.6
[34m[1mDefault Sphinx version[0m
2.2.6
[34m[1mInstalled Firefox version[0m
firefox 31.0esr
[34m[1mPhantomJS version[0m
1.9.8
[34m[1mant -version[0m
Apache Ant(TM) version 1.8.2 compiled on December 3 2011
[34m[1mmvn -version[0m
Apache Maven 3.2.5 (12a6b3acb947671f09b81f49094c53f426d8cea1; 2014-12-14T17:29:23+00:00)
Maven home: /usr/local/maven
Java version: 1.7.0_76, vendor: Oracle Corporation
Java home: /usr/lib/jvm/java-7-oracle/jre
Default locale: en, platform encoding: UTF-8
OS name: "linux", version: "2.6.32-042stab090.5", arch: "amd64", family: "unix"
travis_fold:end:system_info[0K
travis_fold:start:git.checkout[0Ktravis_time:start:1c243e49[0K$ git clone --depth=50 --branch=master git://github.com/jruby/warbler.git jruby/warbler
Cloning into 'jruby/warbler'...
remote: Counting objects: 658, done.[K
remote: Compressing objects:   0% (1/437)   [Kremote: Compressing objects:   1% (5/437)   [Kremote: Compressing objects:   2% (9/437)   [Kremote: Compressing objects:   3% (14/437)   [Kremote: Compressing objects:   4% (18/437)   [Kremote: Compressing objects:   5% (22/437)   [Kremote: Compressing objects:   6% (27/437)   [Kremote: Compressing objects:   7% (31/437)   [Kremote: Compressing objects:   8% (35/437)   [Kremote: Compressing objects:   9% (40/437)   [Kremote: Compressing objects:  10% (44/437)   [Kremote: Compressing objects:  11% (49/437)   [Kremote: Compressing objects:  12% (53/437)   [Kremote: Compressing objects:  13% (57/437)   [Kremote: Compressing objects:  14% (62/437)   [Kremote: Compressing objects:  15% (66/437)   [Kremote: Compressing objects:  16% (70/437)   [Kremote: Compressing objects:  17% (75/437)   [Kremote: Compressing objects:  18% (79/437)   [Kremote: Compressing objects:  19% (84/437)   [Kremote: Compressing objects:  20% (88/437)   [Kremote: Compressing objects:  21% (92/437)   [Kremote: Compressing objects:  22% (97/437)   [Kremote: Compressing objects:  23% (101/437)   [Kremote: Compressing objects:  24% (105/437)   [Kremote: Compressing objects:  25% (110/437)   [Kremote: Compressing objects:  26% (114/437)   [Kremote: Compressing objects:  27% (118/437)   [Kremote: Compressing objects:  28% (123/437)   [Kremote: Compressing objects:  29% (127/437)   [Kremote: Compressing objects:  30% (132/437)   [Kremote: Compressing objects:  31% (136/437)   [Kremote: Compressing objects:  32% (140/437)   [Kremote: Compressing objects:  33% (145/437)   [Kremote: Compressing objects:  34% (149/437)   [Kremote: Compressing objects:  35% (153/437)   [Kremote: Compressing objects:  36% (158/437)   [Kremote: Compressing objects:  37% (162/437)   [Kremote: Compressing objects:  38% (167/437)   [Kremote: Compressing objects:  39% (171/437)   [Kremote: Compressing objects:  40% (175/437)   [Kremote: Compressing objects:  41% (180/437)   [Kremote: Compressing objects:  42% (184/437)   [Kremote: Compressing objects:  43% (188/437)   [Kremote: Compressing objects:  44% (193/437)   [Kremote: Compressing objects:  45% (197/437)   [Kremote: Compressing objects:  46% (202/437)   [Kremote: Compressing objects:  47% (206/437)   [Kremote: Compressing objects:  48% (210/437)   [Kremote: Compressing objects:  49% (215/437)   [Kremote: Compressing objects:  50% (219/437)   [Kremote: Compressing objects:  51% (223/437)   [Kremote: Compressing objects:  52% (228/437)   [Kremote: Compressing objects:  53% (232/437)   [Kremote: Compressing objects:  54% (236/437)   [Kremote: Compressing objects:  55% (241/437)   [Kremote: Compressing objects:  56% (245/437)   [Kremote: Compressing objects:  57% (250/437)   [Kremote: Compressing objects:  58% (254/437)   [Kremote: Compressing objects:  59% (258/437)   [Kremote: Compressing objects:  60% (263/437)   [Kremote: Compressing objects:  61% (267/437)   [Kremote: Compressing objects:  62% (271/437)   [Kremote: Compressing objects:  63% (276/437)   [Kremote: Compressing objects:  64% (280/437)   [Kremote: Compressing objects:  65% (285/437)   [Kremote: Compressing objects:  66% (289/437)   [Kremote: Compressing objects:  67% (293/437)   [Kremote: Compressing objects:  68% (298/437)   [Kremote: Compressing objects:  69% (302/437)   [Kremote: Compressing objects:  70% (306/437)   [Kremote: Compressing objects:  71% (311/437)   [Kremote: Compressing objects:  72% (315/437)   [Kremote: Compressing objects:  73% (320/437)   [Kremote: Compressing objects:  74% (324/437)   [Kremote: Compressing objects:  75% (328/437)   [Kremote: Compressing objects:  76% (333/437)   [Kremote: Compressing objects:  77% (337/437)   [Kremote: Compressing objects:  78% (341/437)   [Kremote: Compressing objects:  79% (346/437)   [Kremote: Compressing objects:  80% (350/437)   [Kremote: Compressing objects:  81% (354/437)   [Kremote: Compressing objects:  82% (359/437)   [Kremote: Compressing objects:  83% (363/437)   [Kremote: Compressing objects:  84% (368/437)   [Kremote: Compressing objects:  85% (372/437)   [Kremote: Compressing objects:  86% (376/437)   [Kremote: Compressing objects:  87% (381/437)   [Kremote: Compressing objects:  88% (385/437)   [Kremote: Compressing objects:  89% (389/437)   [Kremote: Compressing objects:  90% (394/437)   [Kremote: Compressing objects:  91% (398/437)   [Kremote: Compressing objects:  92% (403/437)   [Kremote: Compressing objects:  93% (407/437)   [Kremote: Compressing objects:  94% (411/437)   [Kremote: Compressing objects:  95% (416/437)   [Kremote: Compressing objects:  96% (420/437)   [Kremote: Compressing objects:  97% (424/437)   [Kremote: Compressing objects:  98% (429/437)   [Kremote: Compressing objects:  99% (433/437)   [Kremote: Compressing objects: 100% (437/437)   [Kremote: Compressing objects: 100% (437/437), done.[K
Receiving objects:   0% (1/658)   Receiving objects:   1% (7/658)   Receiving objects:   2% (14/658)   Receiving objects:   3% (20/658)   Receiving objects:   4% (27/658)   Receiving objects:   5% (33/658)   Receiving objects:   6% (40/658)   Receiving objects:   7% (47/658)   Receiving objects:   8% (53/658)   Receiving objects:   9% (60/658)   Receiving objects:  10% (66/658)   Receiving objects:  11% (73/658)   Receiving objects:  12% (79/658)   Receiving objects:  13% (86/658)   Receiving objects:  14% (93/658)   Receiving objects:  15% (99/658)   Receiving objects:  16% (106/658)   Receiving objects:  17% (112/658)   Receiving objects:  18% (119/658)   Receiving objects:  19% (126/658)   Receiving objects:  20% (132/658)   Receiving objects:  21% (139/658)   Receiving objects:  22% (145/658)   Receiving objects:  23% (152/658)   Receiving objects:  24% (158/658)   Receiving objects:  25% (165/658)   Receiving objects:  26% (172/658)   Receiving objects:  27% (178/658)   Receiving objects:  28% (185/658)   Receiving objects:  29% (191/658)   Receiving objects:  30% (198/658)   Receiving objects:  31% (204/658)   Receiving objects:  32% (211/658)   Receiving objects:  33% (218/658)   Receiving objects:  34% (224/658)   Receiving objects:  35% (231/658)   Receiving objects:  36% (237/658)   Receiving objects:  37% (244/658)   Receiving objects:  38% (251/658)   Receiving objects:  39% (257/658)   Receiving objects:  40% (264/658)   Receiving objects:  41% (270/658)   Receiving objects:  42% (277/658)   Receiving objects:  43% (283/658)   Receiving objects:  44% (290/658)   Receiving objects:  45% (297/658)   Receiving objects:  46% (303/658)   Receiving objects:  47% (310/658)   Receiving objects:  48% (316/658)   Receiving objects:  49% (323/658)   Receiving objects:  50% (329/658)   Receiving objects:  51% (336/658)   Receiving objects:  52% (343/658)   Receiving objects:  53% (349/658)   Receiving objects:  54% (356/658)   Receiving objects:  55% (362/658)   Receiving objects:  56% (369/658)   Receiving objects:  57% (376/658)   Receiving objects:  58% (382/658)   Receiving objects:  59% (389/658)   Receiving objects:  60% (395/658)   Receiving objects:  61% (402/658)   Receiving objects:  62% (408/658)   Receiving objects:  63% (415/658)   Receiving objects:  64% (422/658)   Receiving objects:  65% (428/658)   Receiving objects:  66% (435/658)   Receiving objects:  67% (441/658)   Receiving objects:  68% (448/658)   Receiving objects:  69% (455/658)   Receiving objects:  70% (461/658)   Receiving objects:  71% (468/658)   Receiving objects:  72% (474/658)   Receiving objects:  73% (481/658)   Receiving objects:  74% (487/658)   Receiving objects:  75% (494/658)   Receiving objects:  76% (501/658)   Receiving objects:  77% (507/658)   Receiving objects:  78% (514/658)   Receiving objects:  79% (520/658)   Receiving objects:  80% (527/658)   remote: Total 658 (delta 261), reused 495 (delta 152), pack-reused 0[K
Receiving objects:  81% (533/658)   Receiving objects:  82% (540/658)   Receiving objects:  83% (547/658)   Receiving objects:  84% (553/658)   Receiving objects:  85% (560/658)   Receiving objects:  86% (566/658)   Receiving objects:  87% (573/658)   Receiving objects:  88% (580/658)   Receiving objects:  89% (586/658)   Receiving objects:  90% (593/658)   Receiving objects:  91% (599/658)   Receiving objects:  92% (606/658)   Receiving objects:  93% (612/658)   Receiving objects:  94% (619/658)   Receiving objects:  95% (626/658)   Receiving objects:  96% (632/658)   Receiving objects:  97% (639/658)   Receiving objects:  98% (645/658)   Receiving objects:  99% (652/658)   Receiving objects: 100% (658/658)   Receiving objects: 100% (658/658), 329.48 KiB | 0 bytes/s, done.
Resolving deltas:   0% (0/261)   Resolving deltas:   1% (3/261)   Resolving deltas:   2% (6/261)   Resolving deltas:   3% (8/261)   Resolving deltas:   5% (14/261)   Resolving deltas:  17% (45/261)   Resolving deltas:  19% (52/261)   Resolving deltas:  21% (55/261)   Resolving deltas:  27% (72/261)   Resolving deltas:  29% (77/261)   Resolving deltas:  31% (83/261)   Resolving deltas:  32% (84/261)   Resolving deltas:  49% (129/261)   Resolving deltas:  52% (138/261)   Resolving deltas:  53% (140/261)   Resolving deltas:  54% (142/261)   Resolving deltas:  56% (147/261)   Resolving deltas:  58% (152/261)   Resolving deltas:  59% (156/261)   Resolving deltas:  60% (159/261)   Resolving deltas:  62% (164/261)   Resolving deltas:  63% (165/261)   Resolving deltas:  64% (169/261)   Resolving deltas:  65% (170/261)   Resolving deltas:  66% (173/261)   Resolving deltas:  67% (175/261)   Resolving deltas:  70% (183/261)   Resolving deltas:  71% (187/261)   Resolving deltas:  72% (189/261)   Resolving deltas:  73% (191/261)   Resolving deltas:  74% (195/261)   Resolving deltas:  77% (202/261)   Resolving deltas:  78% (206/261)   Resolving deltas:  80% (209/261)   Resolving deltas:  81% (214/261)   Resolving deltas:  82% (215/261)   Resolving deltas:  84% (220/261)   Resolving deltas:  85% (222/261)   Resolving deltas:  86% (226/261)   Resolving deltas:  87% (229/261)   Resolving deltas:  88% (230/261)   Resolving deltas:  91% (240/261)   Resolving deltas:  92% (242/261)   Resolving deltas:  93% (244/261)   Resolving deltas:  95% (248/261)   Resolving deltas:  96% (253/261)   Resolving deltas:  97% (255/261)   Resolving deltas:  98% (258/261)   Resolving deltas: 100% (261/261)   Resolving deltas: 100% (261/261), done.
Checking connectivity... done.
travis_time:end:1c243e49:start=1425493586644277921,finish=1425493587352466484,duration=708188563[0K$ cd jruby/warbler
$ git checkout -qf a1affdce43c8f40dd5aaf2824657b187ca95e6df
travis_fold:end:git.checkout[0K
[33;1mSetting environment variables from .travis.yml[0m
$ export JRUBY_OPTS="--server -Xcext.enabled=false -Xcompile.invokedynamic=false"

travis_fold:start:rvm[0K[33;1mSetting up latest jruby-head[0m
travis_time:start:28788ee8[0K$ rvm get stable
[32mDownloading https://get.rvm.io[0m
[32mDownloading https://raw.githubusercontent.com/wayneeseguin/rvm/master/binscripts/rvm-installer.asc[0m
[32mVerifying /home/travis/.rvm/archives/rvm-installer.asc[0m
gpg: Signature made Sun 11 Jan 2015 10:55:55 AM UTC using RSA key ID BF04FF17
gpg: Good signature from "Michal Papis (RVM signing) <mpapis@gmail.com>"
gpg: WARNING: This key is not certified with a trusted signature!
gpg:          There is no indication that the signature belongs to the owner.
Primary key fingerprint: 409B 6B17 96C2 7546 2A17  0311 3804 BB82 D39D C0E3
     Subkey fingerprint: 62C9 E5F4 DA30 0D94 AC36  166B E206 C29F BF04 FF17
[32mGPG verified '/home/travis/.rvm/archives/rvm-installer'[0m
Downloading https://github.com/wayneeseguin/rvm/archive/1.26.10.tar.gz
Downloading https://github.com/wayneeseguin/rvm/releases/download/1.26.10/1.26.10.tar.gz.asc
gpg: Signature made Mon 02 Feb 2015 04:09:00 PM UTC using RSA key ID BF04FF17
gpg: Good signature from "Michal Papis (RVM signing) <mpapis@gmail.com>"
gpg: WARNING: This key is not certified with a trusted signature!
gpg:          There is no indication that the signature belongs to the owner.
Primary key fingerprint: 409B 6B17 96C2 7546 2A17  0311 3804 BB82 D39D C0E3
     Subkey fingerprint: 62C9 E5F4 DA30 0D94 AC36  166B E206 C29F BF04 FF17
GPG verified '/home/travis/.rvm/archives/rvm-1.26.10.tgz'
[32m
Upgrading the RVM installation in /home/travis/.rvm/[0m
chown: changing ownership of `/home/travis/.rvmrc': Operation not permitted
[32m    RVM PATH line found in /home/travis/.mkshrc /home/travis/.profile /home/travis/.bashrc /home/travis/.zshrc.[0m
[32m    RVM sourcing line found in /home/travis/.bashrc.[0m
[33m    RVM sourcing line not found for Zsh, rerun this command with '--auto-dotfiles' flag to fix it.[0m
[32mUpgrade of RVM in /home/travis/.rvm/ is complete.[0m

# travis,
#
#   Thank you for using RVM!
#   We sincerely hope that RVM helps to make your life easier and more enjoyable!!!
#
# ~Wayne, Michal & team.

[33mIn case of problems: [32mhttp://rvm.io/help [33mand [32mhttps://twitter.com/rvm_io[0m

Upgrade Notes:

[31m
  * WARNING: your RVM loading script `/etc/profile.d/rvm.sh` is deprecated
    and causes you to have `umask g+w` set in your shell,
    run `rvm get head --auto-dotfiles` again to fix your scripts.
[0m
  * No new notes to display.

RVM reloaded!
travis_time:end:28788ee8:start=1425493587388169086,finish=1425493591723701527,duration=4335532441[0K$ export ruby_alias=`rvm alias show jruby-head 2>/dev/null`
travis_time:start:036e8611[0K$ rvm alias delete jruby-head
[32mDeleting alias: jruby-head[0m|/-\|/-\|.-\|/-\|/-.|/.
travis_time:end:036e8611:start=1425493592046773151,finish=1425493592356827127,duration=310053976[0Ktravis_time:start:036c1df0[0K$ rvm remove ${ruby_alias:-jruby-head} --gems
chown: changing ownership of `/home/travis/.rvm/user/installs': Operation not permitted
[32mjruby-head - #already gone[0m
travis_time:end:036c1df0:start=1425493592366330866,finish=1425493593189327806,duration=822996940[0Ktravis_time:start:162930c2[0K$ rvm remove jruby-head --gems --fuzzy
[32mjruby-head - #already gone[0m
travis_time:end:162930c2:start=1425493593198607233,finish=1425493593947012260,duration=748405027[0Ktravis_time:start:14c9a684[0K$ rvm install jruby-head --binary
[32mSearching for binary rubies, this might take some time.[0m
[32mFound remote file https://s3.amazonaws.com/travis-rubies/binaries/ubuntu/12.04/x86_64/jruby-head.tar.gz[0m
[32mChecking requirements for ubuntu.[0m
[32mRequirements installation successful.[0m
[32mjruby-head - #configure[0m
[32mjruby-head - #download[0m
  % Total    % Received % Xferd  Average Speed   Time    Time     Time  Current
                                 Dload  Upload   Total   Spent    Left  Speed
  0     0    0     0    0     0      0      0 --:--:-- --:--:-- --:--:--     0  6 47.8M    6 3272k    0     0  16.1M      0  0:00:02 --:--:--  0:00:02 23.3M100 47.8M  100 47.8M    0     0  54.0M      0 --:--:-- --:--:-- --:--:-- 58.0M
[33mNo checksum for downloaded archive, recording checksum in user configuration.[0m
[32mjruby-head - #validate archive[0m
[32mjruby-head - #extract[0m
[32mjruby-head - #validate binary[0m
[32mjruby-head - #setup[0m
[32mjruby-head - #gemset created /home/travis/.rvm/gems/jruby-head@global[0m
[32mjruby-head - #importing gemset /home/travis/.rvm/gemsets/jruby/global.gems[0m|/-\|/-\|.-\|/-\|/-.|/-\|/-\|.-\|/-\|/-.|/-\|/-\|.-\|/-\|/-.|/-\|/-\|.-\|/-\|/-.|/-\|/-\|.-\|/-\|/-.|/-\|/-\|.-\|/-\|/-.|/-\|/-\|.-\|/-\|/-.|/-\|/-\|.-\|/-\|/-.|/-\|/-\|.-\|/-\|/-.|/-\|/-\|.-\|/-\|/-.|/-\|/-\|.-\|/-\|/-.|/-\|/-\|.-\|/-\|/-.|/-\|/-\|.-\|/-\|/-.|/-\|/-\|.-\|/-\|/-.|/-\|/-\|.-\|/-\|/-.|/-\|/-\|.-\|/-\|/-.|/-\|/-\|.-\|/-\|/-.|/-\|/-\|.-\|/-\|/-.|/-\|/-\|.-\|/-\|/-.|/-\|/-\|.-\|/-\|/-.|/-\|/-\|.-\|/-\|/-.|/-\|/-\|.-\|/-\|/-.|/-\|/-\|.-\|/-\|/-.|/-\|/-\|.-\|/-\|/-.|/-\|/-\|.-\|/-\|/-.|/-\|/-\|.-\|/-\|/-.|/-\|/-\|.-\|/-\|/-.|/-\|/-\|.-\|/-\|/-..
[32mjruby-head - #generating global wrappers[0m|/-\|/-\|.-\|/-\|/-.|/-\|/-\|.-\|/-\|/-.|/-\|/-\|.-\|/-\|/-.|/-\|/-\|.-\|/-\.
jruby: warning: unknown property jruby.cext.enabled
jruby: warning: unknown property jruby.cext.enabled
[32mjruby-head - #uninstalling gem rubygems-bundler-1.4.4[0m|/-\.
[32mjruby-head - #gemset created /home/travis/.rvm/gems/jruby-head[0m
[32mjruby-head - #importing gemset /home/travis/.rvm/gemsets/default.gems[0m|/-\|/-\|.-\|/-\|/-.|/-\|/-\|.-\|/-\|/-.|/-\|/-\|.-\|/-\|/-.|/-\|/-\|.-\|/-\|/-.|/-\|/-\|.-\|/-\|/-.|/-\|/-\|.-\|/-\|/-.|/-\|/-\|.-\|/-\|/-.|/-\|/-\|.-\|/-\|/-.|/-\|/-\|.-\|/-\|/-.|/-\|/-\|.-\|/-\|/-.|/-\|.
[32mjruby-head - #generating default wrappers[0m|/-\|/-\|.-\|/-\|/-.|/-\|/-\|.-\|/-\|/-.|/-\|/-\|.-\|/-\|/-.|/-\|/-\|.-\|/-\|.
travis_time:end:14c9a684:start=1425493593956509026,finish=1425493814478418498,duration=220521909472[0Ktravis_time:start:035c1248[0K$ rvm use jruby-head
[32mUsing /home/travis/.rvm/gems/jruby-head[0m
travis_time:end:035c1248:start=1425493814502972962,finish=1425493814760294526,duration=257321564[0Ktravis_fold:end:rvm[0K$ export BUNDLE_GEMFILE=$PWD/Gemfile
$ java -version
java version "1.7.0_76"
Java(TM) SE Runtime Environment (build 1.7.0_76-b13)
Java HotSpot(TM) 64-Bit Server VM (build 24.76-b04, mixed mode)
$ javac -version
javac 1.7.0_76
$ ruby --version
jruby: warning: unknown property jruby.cext.enabled
jruby 9.0.0.0-SNAPSHOT (2.2.1) 2015-03-04 2360152 Java HotSpot(TM) 64-Bit Server VM 24.76-b04 on 1.7.0_76-b13 +jit [linux-amd64]
$ rvm --version
rvm 1.26.10 (latest) by Wayne E. Seguin <wayneeseguin@gmail.com>, Michal Papis <mpapis@gmail.com> [https://rvm.io/]
$ bundle --version
jruby: warning: unknown property jruby.cext.enabled
jruby: warning: unknown property jruby.cext.enabled
Bundler version 1.8.3
$ gem --version
jruby: warning: unknown property jruby.cext.enabled
jruby: warning: unknown property jruby.cext.enabled
2.4.6
travis_fold:start:before_install.1[0Ktravis_time:start:0494eb00[0K$ sudo apt-get update && sudo apt-get install git
0% [Working]            Get:1 http://downloads-distro.mongodb.org dist Release.gpg [490 B]
            97% [Connecting to us.archive.ubuntu.com (2001:67c:1562::15)] [Connecting to se97% [Connecting to us.archive.ubuntu.com (2001:67c:1562::15)] [Connecting to se                                                                               Get:2 http://downloads-distro.mongodb.org dist Release [2,042 B]
99% [Connecting to us.archive.ubuntu.com (2001:67c:1562::15)] [Connecting to se99% [Connecting to us.archive.ubuntu.com (2001:67c:1562::15)] [Connecting to se99% [2 Release gpgv 2,042 B] [Connecting to us.archive.ubuntu.com (2001:67c:156                                                                               Get:3 http://apt.postgresql.org precise-pgdg Release.gpg [836 B]
100% [2 Release gpgv 2,042 B] [Connecting to us.archive.ubuntu.com (2001:67c:15100% [2 Release gpgv 2,042 B] [Connecting to us.archive.ubuntu.com (2001:67c:15                                                                               Get:4 http://apt.postgresql.org precise-pgdg Release [32.9 kB]
9% [2 Release gpgv 2,042 B] [Connecting to us.archive.ubuntu.com (2001:67c:1562                                                                               Hit http://ppa.launchpad.net precise Release.gpg
92% [2 Release gpgv 2,042 B] [Connecting to us.archive.ubuntu.com (2001:67c:156                                                                               Hit http://ppa.launchpad.net precise Release.gpg
                                                                               Hit http://ppa.launchpad.net precise Release.gpg
92% [2 Release gpgv 2,042 B] [Connecting to us.archive.ubuntu.com (2001:67c:156                                                                               Get:5 http://ppa.launchpad.net precise Release.gpg [316 B]
92% [2 Release gpgv 2,042 B] [Connecting to us.archive.ubuntu.com (2001:67c:15692% [2 Release gpgv 2,042 B] [Connecting to us.archive.ubuntu.com (2001:67c:156                                                                               Hit http://ppa.launchpad.net precise Release.gpg
92% [2 Release gpgv 2,042 B] [Connecting to us.archive.ubuntu.com (2001:67c:156                                                                               Get:6 http://ppa.launchpad.net precise Release.gpg [316 B]
92% [2 Release gpgv 2,042 B] [Connecting to us.archive.ubuntu.com (2001:67c:15692% [2 Release gpgv 2,042 B] [Connecting to us.archive.ubuntu.com (2001:67c:156                                                                               Get:7 http://www.rabbitmq.com testing Release.gpg [198 B]
92% [2 Release gpgv 2,042 B] [Connecting to us.archive.ubuntu.com (2001:67c:15692% [2 Release gpgv 2,042 B] [Connecting to us.archive.ubuntu.com (2001:67c:156100% [Connecting to us.archive.ubuntu.com (2001:67c:1562::15)] [Connecting to s100% [Connecting to us.archive.ubuntu.com (2001:67c:1562::15)] [Connecting to s100% [4 Release gpgv 32.9 kB] [Connecting to us.archive.ubuntu.com (2001:67c:15100% [Connecting to us.archive.ubuntu.com (2001:67c:1562::15)] [Connecting to s                                                                               Get:8 http://downloads-distro.mongodb.org dist/10gen amd64 Packages [27.4 kB]
64% [Connecting to us.archive.ubuntu.com (2001:67c:1562::15)] [Connecting to se100% [Connecting to us.archive.ubuntu.com (2001:67c:1562::15)] [Connecting to s                                                                               Hit http://ppa.launchpad.net precise Release
                                                                               Hit http://ppa.launchpad.net precise Release
                                                                               Hit http://ppa.launchpad.net precise Release
                                                                               Get:9 http://apt.postgresql.org precise-pgdg/main amd64 Packages [51.8 kB]
                                                                               Get:10 http://www.rabbitmq.com testing Release [17.6 kB]
76% [Connecting to us.archive.ubuntu.com (2001:67c:1562::15)] [Connecting to se76% [8 Packages gzip 0 B] [Release gpgv 12.4 kB] [Connecting to us.archive.ubun                                                                               Get:11 http://downloads-distro.mongodb.org dist/10gen i386 Packages [27.1 kB]
66% [8 Packages gzip 0 B] [Release gpgv 12.4 kB] [Connecting to us.archive.ubun95% [8 Packages gzip 0 B] [Release gpgv 12.4 kB] [Connecting to us.archive.ubun                                                                               Ign http://downloads-distro.mongodb.org dist/10gen TranslationIndex
95% [8 Packages gzip 0 B] [Release gpgv 12.4 kB] [Connecting to us.archive.ubun95% [8 Packages gzip 0 B] [Connecting to us.archive.ubuntu.com (2001:67c:1562::95% [8 Packages gzip 0 B] [Release gpgv 12.9 kB] [Connecting to us.archive.ubun98% [Release gpgv 12.9 kB] [Connecting to us.archive.ubuntu.com (2001:67c:1562:                                                                               Get:12 http://ppa.launchpad.net precise Release [12.9 kB]
100% [Release gpgv 12.9 kB] [Connecting to us.archive.ubuntu.com (2001:67c:1562100% [Connecting to us.archive.ubuntu.com (2001:67c:1562::15)] [Connecting to s100% [9 Packages bzip2 0 B] [Connecting to us.archive.ubuntu.com (2001:67c:1562100% [9 Packages bzip2 0 B] [Release gpgv 12.9 kB] [Connecting to us.archive.ub                                                                               Hit http://ppa.launchpad.net precise Release
100% [9 Packages bzip2 0 B] [Release gpgv 12.9 kB] [Connecting to us.archive.ub                                                                               Get:13 http://ppa.launchpad.net precise Release [13.0 kB]
94% [9 Packages bzip2 0 B] [Release gpgv 12.9 kB] [Connecting to us.archive.ubu100% [9 Packages bzip2 0 B] [Release gpgv 12.9 kB] [Connecting to us.archive.ub100% [9 Packages bzip2 0 B] [Connecting to us.archive.ubuntu.com (2001:67c:1562100% [9 Packages bzip2 0 B] [12 Release gpgv 12.9 kB] [Connecting to us.archive100% [9 Packages bzip2 0 B] [Connecting to us.archive.ubuntu.com (2001:67c:1562                                                                               Ign http://downloads-distro.mongodb.org dist/10gen Translation-en_US
100% [9 Packages bzip2 0 B] [10 Release gpgv 17.6 kB] [Connecting to us.archive100% [9 Packages bzip2 0 B] [Connecting to us.archive.ubuntu.com (2001:67c:1562100% [9 Packages bzip2 0 B] [Release gpgv 12.4 kB] [Connecting to us.archive.ub                                                                               Get:14 http://apt.postgresql.org precise-pgdg/main i386 Packages [51.8 kB]
78% [9 Packages bzip2 0 B] [Release gpgv 12.4 kB] [Connecting to us.archive.ubu                                                                               Ign http://downloads-distro.mongodb.org dist/10gen Translation-en
90% [9 Packages bzip2 0 B] [Release gpgv 12.4 kB] [Connecting to us.archive.ubu90% [9 Packages bzip2 0 B] [Connecting to us.archive.ubuntu.com (2001:67c:1562:90% [9 Packages bzip2 0 B] [13 Release gpgv 13.0 kB] [Connecting to us.archive.90% [9 Packages bzip2 0 B] [Connecting to us.archive.ubuntu.com (2001:67c:1562:90% [Connecting to us.archive.ubuntu.com (2001:67c:1562::15)] [Connecting to se                                                                               Hit http://ppa.launchpad.net precise/main amd64 Packages
100% [Connecting to us.archive.ubuntu.com (2001:67c:1562::15)] [Connecting to s                                                                               Hit http://ppa.launchpad.net precise/main i386 Packages
                                                                               Hit http://ppa.launchpad.net precise/main TranslationIndex
                                                                               Hit http://ppa.launchpad.net precise/main amd64 Packages
                                                                               Hit http://ppa.launchpad.net precise/main i386 Packages
                                                                               Hit http://ppa.launchpad.net precise/main TranslationIndex
                                                                               Ign http://apt.postgresql.org precise-pgdg/main TranslationIndex
100% [Connecting to us.archive.ubuntu.com (2001:67c:1562::15)] [Connecting to s                                                                               Get:15 http://www.rabbitmq.com testing/main amd64 Packages [495 B]
100% [Connecting to us.archive.ubuntu.com (2001:67c:1562::15)] [Connecting to s100% [14 Packages bzip2 0 B] [Connecting to us.archive.ubuntu.com (2001:67c:156100% [Packages 2,461 B] [14 Packages bzip2 0 B] [Connecting to us.archive.ubunt100% [Packages 2,461 B] [14 Packages bzip2 0 B] [15 Packages gzip 0 B] [Connect100% [Packages 2,461 B] [14 Packages bzip2 0 B] [Connecting to us.archive.ubunt100% [14 Packages bzip2 0 B] [Connecting to us.archive.ubuntu.com (2001:67c:156100% [Packages 12.4 kB] [14 Packages bzip2 0 B] [Connecting to us.archive.ubunt100% [14 Packages bzip2 0 B] [Connecting to us.archive.ubuntu.com (2001:67c:156100% [Packages 12.4 kB] [14 Packages bzip2 0 B] [Connecting to us.archive.ubunt100% [14 Packages bzip2 0 B] [Connecting to us.archive.ubuntu.com (2001:67c:156100% [Connecting to us.archive.ubuntu.com (2001:67c:1562::15)] [Connecting to s                                                                               Hit http://ppa.launchpad.net precise/main amd64 Packages
100% [Connecting to us.archive.ubuntu.com (2001:67c:1562::15)] [Connecting to s                                                                               Hit http://ppa.launchpad.net precise/main i386 Packages
                                                                               Hit http://ppa.launchpad.net precise/main TranslationIndex
100% [Connecting to us.archive.ubuntu.com (2001:67c:1562::15)] [Connecting to s                                                                               Get:16 http://ppa.launchpad.net precise/main amd64 Packages [1,398 B]
                                                                               Get:17 http://ppa.launchpad.net precise/main i386 Packages [943 B]
                                                                               Get:18 http://ppa.launchpad.net precise/main TranslationIndex [199 B]
                                                                               Hit http://ppa.launchpad.net precise/main amd64 Packages
                                                                               Hit http://ppa.launchpad.net precise/main i386 Packages
                                                                               Hit http://ppa.launchpad.net precise/main TranslationIndex
                                                                               Get:19 http://ppa.launchpad.net precise/main amd64 Packages [3,372 B]
                                                                               Get:20 http://www.rabbitmq.com testing/main i386 Packages [495 B]
                                                                               Ign http://www.rabbitmq.com testing/main TranslationIndex
100% [Connecting to us.archive.ubuntu.com (2001:67c:1562::15)] [Connecting to s100% [Packages 1,164 B] [20 Packages gzip 0 B] [Connecting to us.archive.ubuntu100% [Packages 1,164 B] [16 Packages bzip2 0 B] [20 Packages gzip 0 B] [Connect100% [16 Packages bzip2 3,792 B] [20 Packages gzip 738 B] [Connecting to us.arc100% [Connecting to us.archive.ubuntu.com (2001:67c:1562::15)] [Connecting to s100% [Packages 137 kB] [Connecting to us.archive.ubuntu.com (2001:67c:1562::15)100% [Packages 137 kB] [17 Packages bzip2 0 B] [Connecting to us.archive.ubuntu100% [Packages 137 kB] [Connecting to us.archive.ubuntu.com (2001:67c:1562::15)100% [Packages 137 kB] [19 Packages bzip2 0 B] [Connecting to us.archive.ubuntu100% [19 Packages bzip2 0 B] [Connecting to us.archive.ubuntu.com (2001:67c:156100% [Packages 137 kB] [19 Packages bzip2 0 B] [Connecting to us.archive.ubuntu100% [Packages 137 kB] [Connecting to us.archive.ubuntu.com (2001:67c:1562::15)100% [Connecting to us.archive.ubuntu.com (2001:67c:1562::15)] [Connecting to s                                                                               Get:21 http://ppa.launchpad.net precise/main i386 Packages [3,372 B]
100% [Connecting to us.archive.ubuntu.com (2001:67c:1562::15)] [Connecting to s100% [Connecting to us.archive.ubuntu.com (2001:67c:1562::15)] [Connecting to s                                                                               Get:22 http://ppa.launchpad.net precise/main TranslationIndex [199 B]
100% [Connecting to us.archive.ubuntu.com (2001:67c:1562::15)] [Connecting to s                                                                               Hit http://ppa.launchpad.net precise/main Translation-en
100% [Connecting to us.archive.ubuntu.com (2001:67c:1562::15)] [Connecting to s100% [21 Packages bzip2 0 B] [Connecting to us.archive.ubuntu.com (2001:67c:156100% [Translation-en 2,489 B] [21 Packages bzip2 0 B] [Connecting to us.archive100% [Connecting to us.archive.ubuntu.com (2001:67c:1562::15)] [Connecting to s                                                                               Hit http://ppa.launchpad.net precise/main Translation-en
100% [Connecting to us.archive.ubuntu.com (2001:67c:1562::15)] [Connecting to s100% [Translation-en 13.8 kB] [Connecting to us.archive.ubuntu.com (2001:67c:15                                                                               Hit http://ppa.launchpad.net precise/main Translation-en
100% [Translation-en 13.8 kB] [Connecting to us.archive.ubuntu.com (2001:67c:15                                                                               Get:23 http://ppa.launchpad.net precise/main Translation-en [735 B]
100% [Translation-en 13.8 kB] [Connecting to us.archive.ubuntu.com (2001:67c:15                                                                               Hit http://ppa.launchpad.net precise/main Translation-en
100% [Translation-en 13.8 kB] [Connecting to us.archive.ubuntu.com (2001:67c:15100% [Connecting to us.archive.ubuntu.com (2001:67c:1562::15)] [Connecting to s100% [23 Translation-en bzip2 0 B] [Connecting to us.archive.ubuntu.com (2001:6100% [Translation-en 871 B] [23 Translation-en bzip2 0 B] [Connecting to us.arc100% [23 Translation-en bzip2 0 B] [Connecting to us.archive.ubuntu.com (2001:6100% [Translation-en 97.3 kB] [23 Translation-en bzip2 0 B] [Connecting to us.a100% [Translation-en 97.3 kB] [Connecting to us.archive.ubuntu.com (2001:67c:15                                                                               Get:24 http://ppa.launchpad.net precise/main Translation-en [1,556 B]
100% [Translation-en 97.3 kB] [Connecting to us.archive.ubuntu.com (2001:67c:15100% [Translation-en 97.3 kB] [Connecting to us.archive.ubuntu.com (2001:67c:15100% [Translation-en 97.3 kB] [24 Translation-en bzip2 0 B] [Connecting to us.a100% [Translation-en 97.3 kB] [Connecting to us.archive.ubuntu.com (2001:67c:15100% [Connecting to us.archive.ubuntu.com (2001:67c:1562::15)] [Connecting to s                                                                               Ign http://apt.postgresql.org precise-pgdg/main Translation-en_US
100% [Connecting to us.archive.ubuntu.com (2001:67c:1562::15)] [Connecting to s                                                                               Ign http://apt.postgresql.org precise-pgdg/main Translation-en
100% [Connecting to us.archive.ubuntu.com (2001:67c:1562::15)] [Connecting to s                                                                               Hit http://us.archive.ubuntu.com precise Release.gpg
                                                                               100% [Waiting for headers] [Waiting for headers] [Waiting for headers]                                                                      Get:25 http://us.archive.ubuntu.com precise-updates Release.gpg [198 B]
                                                                      100% [25 Release.gpg 198 B/198 B 100%] [Waiting for headers] [Waiting for heade                                                                               100% [Waiting for headers] [Waiting for headers]                                                Get:26 http://us.archive.ubuntu.com precise-backports Release.gpg [198 B]
                                                100% [26 Release.gpg 198 B/198 B 100%] [Waiting for headers] [Waiting for heade                                                                               100% [Waiting for headers] [Waiting for headers]                                                Get:27 http://security.ubuntu.com precise-security Release.gpg [198 B]
100% [Waiting for headers] [Waiting for headers]                                                Hit http://us.archive.ubuntu.com precise Release
                                                100% [Waiting for headers] [Waiting for headers] [Waiting for headers]                                                                      100% [Release gpgv 49.6 kB] [Waiting for headers] [Waiting for headers] [Waitin                                                                               Get:28 http://security.ubuntu.com precise-security Release [53.0 kB]
95% [Release gpgv 49.6 kB] [Waiting for headers] [28 Release 13.9 kB/53.0 kB 26                                                                               Get:29 http://us.archive.ubuntu.com precise-updates Release [194 kB]
76% [Release gpgv 49.6 kB] [29 Release 13.9 kB/194 kB 7%] [28 Release 13.9 kB/582% [Release gpgv 49.6 kB] [29 Release 31.1 kB/194 kB 16%] [Waiting for headers                                                                               82% [29 Release 31.1 kB/194 kB 16%] [Waiting for headers]                                                         82% [28 Release gpgv 53.0 kB] [29 Release 31.1 kB/194 kB 16%] [Waiting for head                                                                               88% [29 Release 82.5 kB/194 kB 42%] [Waiting for headers]                                                         Get:30 http://security.ubuntu.com precise-security/main Sources [124 kB]
                                                         87% [29 Release 117 kB/194 kB 60%] [30 Sources 63.7 kB/124 kB 51%] [Waiting for                                                                               97% [29 Release 160 kB/194 kB 82%] [Waiting for headers]                                                        97% [30 Sources bzip2 0 B] [29 Release 160 kB/194 kB 82%] [Waiting for headers]                                                                               100% [30 Sources bzip2 0 B] [Waiting for headers] [Waiting for headers]                                                                       Get:31 http://us.archive.ubuntu.com precise-backports Release [53.1 kB]
                                                                       97% [30 Sources bzip2 0 B] [31 Release 20.6 kB/53.1 kB 39%] [Waiting for header97% [30 Sources bzip2 0 B] [29 Release gpgv 194 kB] [31 Release 20.6 kB/53.1 kB97% [30 Sources bzip2 0 B] [31 Release 20.6 kB/53.1 kB 39%] [Waiting for header                                                                               Get:32 http://security.ubuntu.com precise-security/restricted Sources [3,759 B]
97% [30 Sources bzip2 0 B] [31 Release 20.6 kB/53.1 kB 39%] [Waiting for header                                                                               Get:33 http://security.ubuntu.com precise-security/universe Sources [33.8 kB]
94% [30 Sources bzip2 0 B] [31 Release 20.6 kB/53.1 kB 39%] [33 Sources 0 B/33.99% [30 Sources bzip2 0 B] [31 Release 42.1 kB/53.1 kB 79%] [Waiting for header                                                                               Get:34 http://security.ubuntu.com precise-security/multiverse Sources [1,819 B]
99% [30 Sources bzip2 0 B] [31 Release 42.1 kB/53.1 kB 79%] [34 Sources 0 B/1,899% [30 Sources bzip2 0 B] [31 Release 46.4 kB/53.1 kB 87%] [Waiting for header                                                                               Get:35 http://security.ubuntu.com precise-security/main amd64 Packages [486 kB]
72% [30 Sources bzip2 0 B] [31 Release 46.4 kB/53.1 kB 87%] [35 Packages 41.0 k73% [30 Sources bzip2 0 B] [35 Packages 42.5 kB/486 kB 9%] [Waiting for headers73% [30 Sources bzip2 0 B] [31 Release gpgv 53.1 kB] [Waiting for headers] [35                                                                                Hit http://us.archive.ubuntu.com precise/main Sources
75% [30 Sources bzip2 0 B] [31 Release gpgv 53.1 kB] [35 Packages 84.7 kB/486 k                                                                               Hit http://us.archive.ubuntu.com precise/restricted Sources
75% [30 Sources bzip2 0 B] [31 Release gpgv 53.1 kB] [Waiting for headers] [35                                                                                Hit http://us.archive.ubuntu.com precise/universe Sources
75% [Sources 4,356 kB] [30 Sources bzip2 0 B] [31 Release gpgv 53.1 kB] [Waitin                                                                               Hit http://us.archive.ubuntu.com precise/multiverse Sources
75% [Sources 4,356 kB] [30 Sources bzip2 0 B] [31 Release gpgv 53.1 kB] [35 Pac                                                                               Hit http://us.archive.ubuntu.com precise/main amd64 Packages
75% [Sources 4,356 kB] [30 Sources bzip2 0 B] [31 Release gpgv 53.1 kB] [Waitin                                                                               Hit http://us.archive.ubuntu.com precise/restricted amd64 Packages
75% [Sources 4,356 kB] [30 Sources bzip2 0 B] [31 Release gpgv 53.1 kB] [35 Pac                                                                               Hit http://us.archive.ubuntu.com precise/universe amd64 Packages
                                                                               Hit http://us.archive.ubuntu.com precise/multiverse amd64 Packages
75% [Sources 4,356 kB] [30 Sources bzip2 0 B] [31 Release gpgv 53.1 kB] [Waitin                                                                               Hit http://us.archive.ubuntu.com precise/main i386 Packages
75% [Sources 4,356 kB] [30 Sources bzip2 0 B] [31 Release gpgv 53.1 kB] [Waitin82% [Sources 4,356 kB] [30 Sources bzip2 0 B] [Waiting for headers] [35 Package                                                                               Hit http://us.archive.ubuntu.com precise/restricted i386 Packages
82% [Sources 4,356 kB] [30 Sources bzip2 617 kB] [35 Packages 195 kB/486 kB 40%                                                                               Hit http://us.archive.ubuntu.com precise/universe i386 Packages
                                                                               Hit http://us.archive.ubuntu.com precise/multiverse i386 Packages
                                                                               Hit http://us.archive.ubuntu.com precise/main TranslationIndex
                                                                               85% [Sources 4,356 kB] [35 Packages 239 kB/486 kB 49%] [Waiting for headers]                                                                            Hit http://us.archive.ubuntu.com precise/multiverse TranslationIndex
                                                                            Hit http://us.archive.ubuntu.com precise/restricted TranslationIndex
                                                                            100% [Sources 4,356 kB] [Waiting for headers] [35 Packages 486 kB/486 kB 100%]                                                                                Hit http://us.archive.ubuntu.com precise/universe TranslationIndex
                                                                               Get:36 http://us.archive.ubuntu.com precise-updates/main Sources [485 kB]
                                                                               Get:37 http://security.ubuntu.com precise-security/restricted amd64 Packages [8,943 B]
                                                                               Get:38 http://security.ubuntu.com precise-security/universe amd64 Packages [107 kB]
                                                                               Get:39 http://security.ubuntu.com precise-security/multiverse amd64 Packages [2,460 B]
                                                                               Get:40 http://security.ubuntu.com precise-security/main i386 Packages [527 kB]
                                                                               Get:41 http://security.ubuntu.com precise-security/restricted i386 Packages [8,939 B]
                                                                               Get:42 http://security.ubuntu.com precise-security/universe i386 Packages [114 kB]
                                                                               Get:43 http://security.ubuntu.com precise-security/multiverse i386 Packages [2,651 B]
                                                                               Get:44 http://security.ubuntu.com precise-security/main TranslationIndex [208 B]
                                                                               Get:45 http://security.ubuntu.com precise-security/multiverse TranslationIndex [199 B]
                                                                               95% [Sources 4,356 kB] [36 Sources 342 kB/485 kB 71%] [Waiting for headers]                                                                           95% [Sources 4,356 kB] [33 Sources bzip2 0 B] [36 Sources 342 kB/485 kB 71%] [W99% [Sources 4,356 kB] [36 Sources 454 kB/485 kB 93%] [Waiting for headers] [Wa99% [Sources 4,356 kB] [34 Sources bzip2 0 B] [36 Sources 454 kB/485 kB 93%] [W99% [Sources 4,356 kB] [36 Sources 454 kB/485 kB 93%] [Waiting for headers] [Wa99% [Sources 4,356 kB] [35 Packages bzip2 0 B] [36 Sources 454 kB/485 kB 93%] [                                                                               Get:46 http://security.ubuntu.com precise-security/restricted TranslationIndex [202 B]
99% [Sources 4,356 kB] [35 Packages bzip2 0 B] [36 Sources 454 kB/485 kB 93%] [99% [Sources 4,356 kB] [35 Packages bzip2 0 B] [36 Sources 454 kB/485 kB 93%] [                                                                               Get:47 http://security.ubuntu.com precise-security/universe TranslationIndex [205 B]
                                                                               Get:48 http://security.ubuntu.com precise-security/main Translation-en [216 kB]
93% [Sources 4,356 kB] [35 Packages bzip2 0 B] [36 Sources 454 kB/485 kB 93%] [97% [Sources 4,356 kB] [35 Packages bzip2 0 B] [48 Translation-en 131 kB/216 kB                                                                               Get:49 http://us.archive.ubuntu.com precise-updates/restricted Sources [7,981 B]
97% [Sources 4,356 kB] [35 Packages bzip2 0 B] [49 Sources 0 B/7,981 B 0%] [48 98% [Sources 4,356 kB] [35 Packages bzip2 0 B] [48 Translation-en 157 kB/216 kB                                                                               Get:50 http://us.archive.ubuntu.com precise-updates/universe Sources [112 kB]
95% [Sources 4,356 kB] [35 Packages bzip2 0 B] [50 Sources 0 B/112 kB 0%] [48 T99% [Sources 4,356 kB] [35 Packages bzip2 0 B] [50 Sources 65.5 kB/112 kB 58%] 100% [Sources 4,356 kB] [35 Packages bzip2 0 B] [Waiting for headers] [Waiting                                                                                Get:51 http://us.archive.ubuntu.com precise-updates/multiverse Sources [9,390 B]
100% [Sources 4,356 kB] [35 Packages bzip2 0 B] [51 Sources 9,390 B/9,390 B 100100% [Sources 4,356 kB] [35 Packages bzip2 0 B] [Waiting for headers] [Waiting                                                                                Get:52 http://us.archive.ubuntu.com precise-updates/main amd64 Packages [877 kB]
79% [Sources 4,356 kB] [35 Packages bzip2 0 B] [52 Packages 4,363 B/877 kB 0%]                                                                                Hit http://security.ubuntu.com precise-security/multiverse Translation-en
80% [Sources 4,356 kB] [35 Packages bzip2 0 B] [52 Packages 68.6 kB/877 kB 8%]                                                                                Hit http://security.ubuntu.com precise-security/restricted Translation-en
80% [Sources 4,356 kB] [35 Packages bzip2 0 B] [52 Packages 68.6 kB/877 kB 8%]                                                                                Get:53 http://security.ubuntu.com precise-security/universe Translation-en [65.3 kB]
84% [Sources 4,356 kB] [35 Packages bzip2 0 B] [52 Packages 261 kB/877 kB 30%] 86% [Sources 4,356 kB] [35 Packages bzip2 0 B] [52 Packages 307 kB/877 kB 35%]                                                                                Ign http://www.rabbitmq.com testing/main Translation-en_US
                                                                               96% [Sources 4,356 kB] [35 Packages bzip2 0 B] [52 Packages 714 kB/877 kB 81%]                                                                              100% [Sources 4,356 kB] [35 Packages bzip2 0 B] [Waiting for headers]                                                                     Get:54 http://us.archive.ubuntu.com precise-updates/restricted amd64 Packages [13.6 kB]
                                                                     100% [Sources 4,356 kB] [35 Packages bzip2 0 B] [54 Packages 13.6 kB/13.6 kB 10                                                                               100% [Sources 4,356 kB] [35 Packages bzip2 0 B] [Waiting for headers]                                                                     Get:55 http://us.archive.ubuntu.com precise-updates/universe amd64 Packages [253 kB]
                                                                     94% [Sources 4,356 kB] [35 Packages bzip2 0 B] [55 Packages 0 B/253 kB 0%] [Wai                                                                               100% [Sources 4,356 kB] [35 Packages bzip2 0 B] [Waiting for headers]                                                                     Get:56 http://us.archive.ubuntu.com precise-updates/multiverse amd64 Packages [16.4 kB]
                                                                     100% [Sources 4,356 kB] [35 Packages bzip2 0 B] [56 Packages 7,277 B/16.4 kB 44                                                                               100% [Sources 4,356 kB] [35 Packages bzip2 0 B] [Waiting for headers]                                                                     Get:57 http://us.archive.ubuntu.com precise-updates/main i386 Packages [914 kB]
                                                                     83% [Sources 4,356 kB] [35 Packages bzip2 0 B] [57 Packages 16.4 kB/914 kB 2%]                                                                                100% [Sources 4,356 kB] [35 Packages bzip2 0 B] [Waiting for headers]                                                                     Get:58 http://us.archive.ubuntu.com precise-updates/restricted i386 Packages [13.6 kB]
                                                                     100% [Sources 4,356 kB] [35 Packages bzip2 0 B] [58 Packages 13.6 kB/13.6 kB 10                                                                               100% [Sources 4,356 kB] [35 Packages bzip2 0 B] [Waiting for headers]                                                                     Get:59 http://us.archive.ubuntu.com precise-updates/universe i386 Packages [262 kB]
                                                                     95% [Sources 4,356 kB] [35 Packages bzip2 0 B] [59 Packages 0 B/262 kB 0%] [Wai                                                                               Ign http://www.rabbitmq.com testing/main Translation-en
100% [Sources 4,356 kB] [35 Packages bzip2 0 B] [59 Packages 246 kB/262 kB 94%]                                                                               100% [Sources 4,356 kB] [35 Packages bzip2 0 B]                                               Get:60 http://us.archive.ubuntu.com precise-updates/multiverse i386 Packages [16.6 kB]
                                               100% [Sources 4,356 kB] [35 Packages bzip2 0 B] [60 Packages 16.6 kB/16.6 kB 10                                                                               100% [Sources 4,356 kB] [35 Packages bzip2 0 B]                                               Get:61 http://us.archive.ubuntu.com precise-updates/main TranslationIndex [10.6 kB]
                                               100% [Sources 4,356 kB] [35 Packages bzip2 0 B] [61 TranslationIndex 10.6 kB/10                                                                               100% [Sources 4,356 kB] [35 Packages bzip2 0 B]                                               Get:62 http://us.archive.ubuntu.com precise-updates/multiverse TranslationIndex [7,613 B]
                                               Get:63 http://us.archive.ubuntu.com precise-updates/restricted TranslationIndex [7,297 B]
                                               100% [Sources 4,356 kB] [35 Packages bzip2 0 B] [63 TranslationIndex 7,297 B/7,                                                                               Get:64 http://us.archive.ubuntu.com precise-updates/universe TranslationIndex [8,333 B]
                                                                               Get:65 http://us.archive.ubuntu.com precise-backports/main Sources [5,411 B]
100% [Sources 4,356 kB] [35 Packages bzip2 0 B] [65 Sources 5,411 B/5,411 B 100                                                                               Get:66 http://us.archive.ubuntu.com precise-backports/restricted Sources [28 B]
                                                                               Get:67 http://us.archive.ubuntu.com precise-backports/universe Sources [41.3 kB]
100% [Sources 4,356 kB] [35 Packages bzip2 0 B] [67 Sources 41.3 kB/41.3 kB 100                                                                               100% [Sources 4,356 kB] [35 Packages bzip2 0 B]                                               Get:68 http://us.archive.ubuntu.com precise-backports/multiverse Sources [5,750 B]
                                               100% [Sources 4,356 kB] [35 Packages bzip2 0 B] [68 Sources 5,750 B/5,750 B 100                                                                               100% [Sources 4,356 kB] [35 Packages bzip2 0 B]                                               Get:69 http://us.archive.ubuntu.com precise-backports/main amd64 Packages [5,491 B]
                                               100% [Sources 4,356 kB] [35 Packages bzip2 0 B] [69 Packages 5,491 B/5,491 B 10                                                                               100% [Sources 4,356 kB] [35 Packages bzip2 0 B]                                               Get:70 http://us.archive.ubuntu.com precise-backports/restricted amd64 Packages [28 B]
                                               100% [Sources 4,356 kB] [35 Packages bzip2 0 B] [70 Packages 28 B/28 B 100%]                                                                            100% [Sources 4,356 kB] [35 Packages bzip2 0 B] [Waiting for headers]                                                                     Get:71 http://us.archive.ubuntu.com precise-backports/universe amd64 Packages [43.4 kB]
                                                                     99% [Sources 4,356 kB] [35 Packages bzip2 0 B] [71 Packages 1,047 B/43.4 kB 2%]                                                                               100% [Sources 4,356 kB] [35 Packages bzip2 0 B]                                               Get:72 http://us.archive.ubuntu.com precise-backports/multiverse amd64 Packages [5,419 B]
                                               100% [Sources 4,356 kB] [35 Packages bzip2 0 B] [72 Packages 5,419 B/5,419 B 10                                                                               100% [Sources 4,356 kB] [35 Packages bzip2 0 B]                                               Get:73 http://us.archive.ubuntu.com precise-backports/main i386 Packages [5,484 B]
                                               100% [Sources 4,356 kB] [35 Packages bzip2 0 B] [73 Packages 5,484 B/5,484 B 10                                                                               100% [Sources 4,356 kB] [35 Packages bzip2 0 B]                                               Get:74 http://us.archive.ubuntu.com precise-backports/restricted i386 Packages [28 B]
                                               100% [Sources 4,356 kB] [35 Packages bzip2 0 B] [74 Packages 28 B/28 B 100%]                                                                            100% [Sources 4,356 kB] [35 Packages bzip2 0 B]                                               Get:75 http://us.archive.ubuntu.com precise-backports/universe i386 Packages [43.2 kB]
                                               99% [Sources 4,356 kB] [35 Packages bzip2 0 B] [75 Packages 4,096 B/43.2 kB 9%]                                                                               100% [Sources 4,356 kB] [35 Packages bzip2 0 B] [Waiting for headers]                                                                     Get:76 http://us.archive.ubuntu.com precise-backports/multiverse i386 Packages [5,413 B]
                                                                     100% [Sources 4,356 kB] [35 Packages bzip2 0 B] [76 Packages 1,048 B/5,413 B 19                                                                               100% [Sources 4,356 kB] [35 Packages bzip2 0 B]                                               Get:77 http://us.archive.ubuntu.com precise-backports/main TranslationIndex [202 B]
                                               100% [Sources 4,356 kB] [35 Packages bzip2 0 B] [77 TranslationIndex 202 B/202                                                                                100% [Sources 4,356 kB] [35 Packages bzip2 0 B] [Waiting for headers]                                                                     Get:78 http://us.archive.ubuntu.com precise-backports/multiverse TranslationIndex [202 B]
                                                                     100% [Sources 4,356 kB] [35 Packages bzip2 0 B] [78 TranslationIndex 0 B/202 B                                                                                100% [Sources 4,356 kB] [35 Packages bzip2 0 B]                                               Get:79 http://us.archive.ubuntu.com precise-backports/restricted TranslationIndex [193 B]
                                               100% [Sources 4,356 kB] [35 Packages bzip2 0 B] [79 TranslationIndex 0 B/193 B                                                                                100% [Sources 4,356 kB] [35 Packages bzip2 0 B]                                               Get:80 http://us.archive.ubuntu.com precise-backports/universe TranslationIndex [205 B]
                                               100% [Sources 4,356 kB] [35 Packages bzip2 0 B] [80 TranslationIndex 0 B/205 B                                                                                100% [Sources 4,356 kB] [35 Packages bzip2 0 B]                                               Hit http://us.archive.ubuntu.com precise/main Translation-en
100% [Sources 4,356 kB] [35 Packages bzip2 0 B]                                               Hit http://us.archive.ubuntu.com precise/multiverse Translation-en
100% [Sources 4,356 kB] [35 Packages bzip2 0 B]                                               Hit http://us.archive.ubuntu.com precise/restricted Translation-en
100% [Sources 4,356 kB] [35 Packages bzip2 0 B]                                               Hit http://us.archive.ubuntu.com precise/universe Translation-en
100% [Sources 4,356 kB] [35 Packages bzip2 0 B]                                               Get:81 http://us.archive.ubuntu.com precise-updates/main Translation-en [385 kB]
                                               94% [Sources 4,356 kB] [35 Packages bzip2 0 B] [81 Translation-en 0 B/385 kB 0%                                                                               98% [Sources 4,356 kB] [81 Translation-en 262 kB/385 kB 68%]                                                            98% [Sources 4,356 kB] [37 Packages bzip2 0 B] [81 Translation-en 262 kB/385 kB                                                                               100% [Sources 4,356 kB] [37 Packages bzip2 0 B] [Waiting for headers]                                                                     Get:82 http://us.archive.ubuntu.com precise-updates/multiverse Translation-en [9,533 B]
                                                                     100% [Sources 4,356 kB] [37 Packages bzip2 0 B] [82 Translation-en 9,533 B/9,53                                                                               Hit http://us.archive.ubuntu.com precise-updates/restricted Translation-en
                                                                               100% [Sources 4,356 kB] [37 Packages bzip2 0 B] [Waiting for headers]                                                                     Get:83 http://us.archive.ubuntu.com precise-updates/universe Translation-en [148 kB]
                                                                     98% [Sources 4,356 kB] [37 Packages bzip2 0 B] [83 Translation-en 28.3 kB/148 k                                                                               100% [Sources 4,356 kB] [37 Packages bzip2 0 B] [Waiting for headers]                                                                     Hit http://us.archive.ubuntu.com precise-backports/main Translation-en
100% [Sources 4,356 kB] [37 Packages bzip2 0 B] [Waiting for headers]                                                                     100% [Sources 4,356 kB] [Waiting for headers]                                             100% [Sources 4,356 kB] [38 Packages bzip2 0 B] [Waiting for headers]                                                                     Hit http://us.archive.ubuntu.com precise-backports/multiverse Translation-en
                                                                     100% [Sources 4,356 kB] [38 Packages bzip2 0 B]                                               Hit http://us.archive.ubuntu.com precise-backports/restricted Translation-en
                                               100% [Sources 4,356 kB] [38 Packages bzip2 0 B] [Waiting for headers]                                                                     Hit http://us.archive.ubuntu.com precise-backports/universe Translation-en
                                                                     100% [Sources 4,356 kB] [38 Packages bzip2 0 B]                                               100% [Sources 4,356 kB]                       100% [Sources 4,356 kB] [39 Packages bzip2 0 B]                                               100% [Sources 4,356 kB]                       100% [Sources 4,356 kB] [40 Packages bzip2 0 B]                                               100% [40 Packages bzip2 0 B]                            100% [Sources 19.0 kB] [40 Packages bzip2 0 B]                                              100% [40 Packages bzip2 0 B]                            100% [Sources 21.3 MB] [40 Packages bzip2 0 B]                                              100% [Sources 21.3 MB]                      100% [Sources 21.3 MB] [41 Packages bzip2 0 B]                                              100% [Sources 21.3 MB]                      100% [Sources 21.3 MB] [42 Packages bzip2 0 B]                                              100% [Sources 21.3 MB]                      100% [Sources 21.3 MB] [43 Packages bzip2 0 B]                                              100% [Sources 21.3 MB]                      100% [Sources 21.3 MB] [36 Sources bzip2 0 B]                                             100% [Sources 21.3 MB]                      100% [Sources 21.3 MB] [49 Sources bzip2 0 B]                                             100% [Sources 21.3 MB]                      100% [Sources 21.3 MB] [48 Translation-en bzip2 0 B]                                                    100% [Sources 21.3 MB]                      100% [Sources 21.3 MB] [50 Sources bzip2 0 B]                                             100% [Sources 21.3 MB]                      100% [Sources 21.3 MB] [51 Sources bzip2 0 B]                                             100% [Sources 21.3 MB]                      100% [Sources 21.3 MB] [53 Translation-en bzip2 0 B]                                                    100% [Sources 21.3 MB]                      100% [Sources 21.3 MB] [52 Packages bzip2 0 B]                                              100% [Sources 21.3 MB]                      100% [Sources 21.3 MB] [54 Packages bzip2 0 B]                                              100% [Sources 21.3 MB]                      100% [Sources 21.3 MB] [55 Packages bzip2 0 B]                                              100% [Sources 21.3 MB]                      100% [Sources 21.3 MB] [56 Packages bzip2 0 B]                                              100% [Sources 21.3 MB]                      100% [Sources 21.3 MB] [57 Packages bzip2 0 B]                                              100% [Sources 21.3 MB]                      100% [Sources 21.3 MB] [58 Packages bzip2 0 B]                                              100% [Sources 21.3 MB]                      100% [Sources 21.3 MB] [59 Packages bzip2 0 B]                                              100% [Sources 21.3 MB]                      100% [Sources 21.3 MB] [60 Packages bzip2 0 B]                                              100% [Sources 21.3 MB]                      100% [Sources 21.3 MB] [65 Sources bzip2 0 B]                                             100% [Sources 21.3 MB]                      100% [Sources 21.3 MB] [66 Sources bzip2 0 B]                                             100% [Sources 21.3 MB]                      100% [Sources 21.3 MB] [67 Sources bzip2 0 B]                                             100% [Sources 21.3 MB]                      100% [Sources 21.3 MB] [68 Sources bzip2 0 B]                                             100% [Sources 21.3 MB]                      100% [Sources 21.3 MB] [69 Packages bzip2 0 B]                                              100% [Sources 21.3 MB]                      100% [Sources 21.3 MB] [70 Packages bzip2 0 B]                                              100% [Sources 21.3 MB]                      100% [Sources 21.3 MB] [71 Packages bzip2 0 B]                                              100% [Sources 21.3 MB]                      100% [Sources 21.3 MB] [72 Packages bzip2 0 B]                                              100% [Sources 21.3 MB]                      100% [Sources 21.3 MB] [73 Packages bzip2 0 B]                                              100% [Sources 21.3 MB]                      100% [Sources 21.3 MB] [74 Packages bzip2 0 B]                                              100% [Sources 21.3 MB]                      100% [Sources 21.3 MB] [75 Packages bzip2 0 B]                                              100% [Sources 21.3 MB]                      100% [Sources 21.3 MB] [76 Packages bzip2 0 B]                                              100% [Sources 21.3 MB]                      100% [Sources 21.3 MB] [81 Translation-en bzip2 0 B]                                                    100% [81 Translation-en bzip2 0 B]                                  100% [Sources 629 kB] [81 Translation-en bzip2 0 B]100% [Sources 629 kB] [81 Translation-en bzip2 0 B]100% [Sources 629 kB] [81 Translation-en bzip2 0 B]                                                   100% [81 Translation-en bzip2 0 B]                                  100% [Packages 7,819 kB] [81 Translation-en bzip2 0 B]                                                      100% [Packages 7,819 kB]                        100% [Packages 7,819 kB] [82 Translation-en bzip2 0 B]                                                      100% [Packages 7,819 kB]                        100% [Packages 7,819 kB] [83 Translation-en bzip2 0 B]                                                      100% [Packages 7,819 kB]100% [Packages 7,819 kB]                        100% [Working]              100% [Packages 135 kB]                      100% [Working]              100% [Packages 25.5 MB]                       100% [Packages 25.5 MB]                                           6,737 kB/s 0s100% [Packages 25.5 MB]                                           6,737 kB/s 0s100% [Packages 25.5 MB]                                           6,737 kB/s 0s100% [Working]                                                    6,737 kB/s 0s100% [Packages 582 kB]                                            6,737 kB/s 0s100% [Working]                                                    6,737 kB/s 0s100% [Packages 7,816 kB]                                          6,737 kB/s 0s100% [Packages 7,816 kB]                                          6,737 kB/s 0s100% [Working]                                                    6,737 kB/s 0s100% [Packages 135 kB]                                            6,737 kB/s 0s100% [Working]                                                    6,737 kB/s 0s100% [Packages 25.6 MB]                                           6,737 kB/s 0s100% [Packages 25.6 MB]                                           6,737 kB/s 0s100% [Working]                                                    6,737 kB/s 0s100% [Packages 592 kB]                                            6,737 kB/s 0s100% [Working]                                                    6,737 kB/s 0s100% [Translation-en 2,884 B]                                     6,737 kB/s 0s100% [Working]                                                    6,737 kB/s 0s100% [Translation-en 12.6 kB]                                     6,737 kB/s 0s100% [Working]                                                    6,737 kB/s 0s100% [Translation-en 3,862 kB]                                    6,737 kB/s 0s100% [Working]                                                    6,737 kB/s 0s100% [Translation-en 367 kB]                                      6,737 kB/s 0s100% [Working]                                                    6,737 kB/s 0s100% [Translation-en 10.2 kB]                                     6,737 kB/s 0s100% [Working]                                                    6,737 kB/s 0s100% [Translation-en 15.0 MB]                                     6,737 kB/s 0s100% [Translation-en 15.0 MB]                                     6,737 kB/s 0s100% [Working]                                                    6,737 kB/s 0s100% [Translation-en 18.6 kB]                                     6,737 kB/s 0s100% [Working]                                                    6,737 kB/s 0s100% [Translation-en 14.7 kB]                                     6,737 kB/s 0s100% [Working]                                                    6,737 kB/s 0s100% [Translation-en 13.6 kB]                                     6,737 kB/s 0s100% [Working]                                                    6,737 kB/s 0s100% [Translation-en 0 B]                                         6,737 kB/s 0s100% [Working]                                                    6,737 kB/s 0s100% [Translation-en 138 kB]                                      6,737 kB/s 0s100% [Working]                                                    6,737 kB/s 0s                                                                               Fetched 5,974 kB in 9s (614 kB/s)
Reading package lists... 0%Reading package lists... 0%Reading package lists... 1%Reading package lists... 6%Reading package lists... 6%Reading package lists... 6%Reading package lists... 6%Reading package lists... 10%Reading package lists... 22%Reading package lists... 26%Reading package lists... 26%Reading package lists... 27%Reading package lists... 27%Reading package lists... 33%Reading package lists... 33%Reading package lists... 33%Reading package lists... 33%Reading package lists... 34%Reading package lists... 54%Reading package lists... 54%Reading package lists... 54%Reading package lists... 54%Reading package lists... 55%Reading package lists... 57%Reading package lists... 57%Reading package lists... 58%Reading package lists... 58%Reading package lists... 58%Reading package lists... 58%Reading package lists... 70%Reading package lists... 70%Reading package lists... 71%Reading package lists... 75%Reading package lists... 75%Reading package lists... 75%Reading package lists... 75%Reading package lists... 76%Reading package lists... 76%Reading package lists... 76%Reading package lists... 76%Reading package lists... 81%Reading package lists... 81%Reading package lists... 82%Reading package lists... 82%Reading package lists... 83%Reading package lists... 83%Reading package lists... 83%Reading package lists... 83%Reading package lists... 84%Reading package lists... 86%Reading package lists... 86%Reading package lists... 86%Reading package lists... 86%Reading package lists... 86%Reading package lists... 86%Reading package lists... 87%Reading package lists... 87%Reading package lists... 87%Reading package lists... 87%Reading package lists... 87%Reading package lists... 87%Reading package lists... 87%Reading package lists... 87%Reading package lists... 87%Reading package lists... 87%Reading package lists... 87%Reading package lists... 87%Reading package lists... 87%Reading package lists... 87%Reading package lists... 87%Reading package lists... 87%Reading package lists... 87%Reading package lists... 87%Reading package lists... 87%Reading package lists... 87%Reading package lists... 87%Reading package lists... 87%Reading package lists... 87%Reading package lists... 87%Reading package lists... 87%Reading package lists... 87%Reading package lists... 90%Reading package lists... 90%Reading package lists... 90%Reading package lists... 90%Reading package lists... 91%Reading package lists... 91%Reading package lists... 91%Reading package lists... 91%Reading package lists... 94%Reading package lists... 94%Reading package lists... 94%Reading package lists... 94%Reading package lists... 95%Reading package lists... 95%Reading package lists... 95%Reading package lists... 95%Reading package lists... 97%Reading package lists... 97%Reading package lists... 97%Reading package lists... 97%Reading package lists... 97%Reading package lists... 97%Reading package lists... 97%Reading package lists... 97%Reading package lists... 97%Reading package lists... 97%Reading package lists... 97%Reading package lists... 97%Reading package lists... 97%Reading package lists... 97%Reading package lists... 97%Reading package lists... 97%Reading package lists... 97%Reading package lists... 97%Reading package lists... 97%Reading package lists... 97%Reading package lists... 97%Reading package lists... 97%Reading package lists... 98%Reading package lists... 98%Reading package lists... 98%Reading package lists... 98%Reading package lists... 98%Reading package lists... 98%Reading package lists... 98%Reading package lists... 98%Reading package lists... 98%Reading package lists... 98%Reading package lists... 98%Reading package lists... 98%Reading package lists... 98%Reading package lists... 98%Reading package lists... 98%Reading package lists... 98%Reading package lists... 98%Reading package lists... 98%Reading package lists... 98%Reading package lists... 98%Reading package lists... 98%Reading package lists... 98%Reading package lists... 99%Reading package lists... 99%Reading package lists... 99%Reading package lists... 99%Reading package lists... 99%Reading package lists... 99%Reading package lists... 99%Reading package lists... 99%Reading package lists... 99%Reading package lists... 99%Reading package lists... 99%Reading package lists... 99%Reading package lists... Done
Reading package lists... 0%Reading package lists... 100%Reading package lists... Done
Building dependency tree... 0%Building dependency tree... 0%Building dependency tree... 50%Building dependency tree... 50%Building dependency tree       
Reading state information... 0%Reading state information... 0%Reading state information... Done
git is already the newest version.
The following package was automatically installed and is no longer required:
  libgeos-3.2.2
Use 'apt-get autoremove' to remove them.
0 upgraded, 0 newly installed, 0 to remove and 148 not upgraded.
travis_time:end:0494eb00:start=1425493838979211234,finish=1425493856515868789,duration=17536657555[0Ktravis_fold:end:before_install.1[0Ktravis_fold:start:before_install.2[0Ktravis_time:start:2ba66c10[0K$ git fetch --unshallow
remote: Counting objects: 4373, done.[K
remote: Compressing objects:   0% (1/1525)   [Kremote: Compressing objects:   1% (16/1525)   [Kremote: Compressing objects:   2% (31/1525)   [Kremote: Compressing objects:   3% (46/1525)   [Kremote: Compressing objects:   4% (61/1525)   [Kremote: Compressing objects:   5% (77/1525)   [Kremote: Compressing objects:   6% (92/1525)   [Kremote: Compressing objects:   7% (107/1525)   [Kremote: Compressing objects:   8% (122/1525)   [Kremote: Compressing objects:   9% (138/1525)   [Kremote: Compressing objects:  10% (153/1525)   [Kremote: Compressing objects:  11% (168/1525)   [Kremote: Compressing objects:  12% (183/1525)   [Kremote: Compressing objects:  13% (199/1525)   [Kremote: Compressing objects:  14% (214/1525)   [Kremote: Compressing objects:  15% (229/1525)   [Kremote: Compressing objects:  16% (244/1525)   [Kremote: Compressing objects:  17% (260/1525)   [Kremote: Compressing objects:  18% (275/1525)   [Kremote: Compressing objects:  19% (290/1525)   [Kremote: Compressing objects:  20% (305/1525)   [Kremote: Compressing objects:  21% (321/1525)   [Kremote: Compressing objects:  22% (336/1525)   [Kremote: Compressing objects:  23% (351/1525)   [Kremote: Compressing objects:  24% (366/1525)   [Kremote: Compressing objects:  25% (382/1525)   [Kremote: Compressing objects:  26% (397/1525)   [Kremote: Compressing objects:  27% (412/1525)   [Kremote: Compressing objects:  28% (427/1525)   [Kremote: Compressing objects:  29% (443/1525)   [Kremote: Compressing objects:  30% (458/1525)   [Kremote: Compressing objects:  31% (473/1525)   [Kremote: Compressing objects:  32% (488/1525)   [Kremote: Compressing objects:  33% (504/1525)   [Kremote: Compressing objects:  34% (519/1525)   [Kremote: Compressing objects:  35% (534/1525)   [Kremote: Compressing objects:  36% (549/1525)   [Kremote: Compressing objects:  37% (565/1525)   [Kremote: Compressing objects:  38% (580/1525)   [Kremote: Compressing objects:  39% (595/1525)   [Kremote: Compressing objects:  40% (610/1525)   [Kremote: Compressing objects:  41% (626/1525)   [Kremote: Compressing objects:  42% (641/1525)   [Kremote: Compressing objects:  43% (656/1525)   [Kremote: Compressing objects:  44% (671/1525)   [Kremote: Compressing objects:  45% (687/1525)   [Kremote: Compressing objects:  46% (702/1525)   [Kremote: Compressing objects:  47% (717/1525)   [Kremote: Compressing objects:  48% (732/1525)   [Kremote: Compressing objects:  49% (748/1525)   [Kremote: Compressing objects:  50% (763/1525)   [Kremote: Compressing objects:  51% (778/1525)   [Kremote: Compressing objects:  52% (793/1525)   [Kremote: Compressing objects:  53% (809/1525)   [Kremote: Compressing objects:  54% (824/1525)   [Kremote: Compressing objects:  55% (839/1525)   [Kremote: Compressing objects:  56% (854/1525)   [Kremote: Compressing objects:  57% (870/1525)   [Kremote: Compressing objects:  58% (885/1525)   [Kremote: Compressing objects:  59% (900/1525)   [Kremote: Compressing objects:  60% (915/1525)   [Kremote: Compressing objects:  61% (931/1525)   [Kremote: Compressing objects:  62% (946/1525)   [Kremote: Compressing objects:  63% (961/1525)   [Kremote: Compressing objects:  64% (976/1525)   [Kremote: Compressing objects:  65% (992/1525)   [Kremote: Compressing objects:  66% (1007/1525)   [Kremote: Compressing objects:  67% (1022/1525)   [Kremote: Compressing objects:  68% (1037/1525)   [Kremote: Compressing objects:  69% (1053/1525)   [Kremote: Compressing objects:  70% (1068/1525)   [Kremote: Compressing objects:  71% (1083/1525)   [Kremote: Compressing objects:  72% (1098/1525)   [Kremote: Compressing objects:  73% (1114/1525)   [Kremote: Compressing objects:  74% (1129/1525)   [Kremote: Compressing objects:  75% (1144/1525)   [Kremote: Compressing objects:  76% (1159/1525)   [Kremote: Compressing objects:  77% (1175/1525)   [Kremote: Compressing objects:  78% (1190/1525)   [Kremote: Compressing objects:  79% (1205/1525)   [Kremote: Compressing objects:  80% (1220/1525)   [Kremote: Compressing objects:  81% (1236/1525)   [Kremote: Compressing objects:  82% (1251/1525)   [Kremote: Compressing objects:  83% (1266/1525)   [Kremote: Compressing objects:  84% (1281/1525)   [Kremote: Compressing objects:  85% (1297/1525)   [Kremote: Compressing objects:  86% (1312/1525)   [Kremote: Compressing objects:  87% (1327/1525)   [Kremote: Compressing objects:  88% (1342/1525)   [Kremote: Compressing objects:  89% (1358/1525)   [Kremote: Compressing objects:  90% (1373/1525)   [Kremote: Compressing objects:  91% (1388/1525)   [Kremote: Compressing objects:  92% (1403/1525)   [Kremote: Compressing objects:  93% (1419/1525)   [Kremote: Compressing objects:  94% (1434/1525)   [Kremote: Compressing objects:  95% (1449/1525)   [Kremote: Compressing objects:  96% (1464/1525)   [Kremote: Compressing objects:  97% (1480/1525)   [Kremote: Compressing objects:  98% (1495/1525)   [Kremote: Compressing objects:  99% (1510/1525)   [Kremote: Compressing objects: 100% (1525/1525)   [Kremote: Compressing objects: 100% (1525/1525), done.[K
Receiving objects:   0% (1/4373)   Receiving objects:   1% (44/4373)   Receiving objects:   2% (88/4373)   Receiving objects:   3% (132/4373)   Receiving objects:   4% (175/4373)   Receiving objects:   5% (219/4373)   Receiving objects:   6% (263/4373)   Receiving objects:   7% (307/4373)   Receiving objects:   8% (350/4373)   Receiving objects:   9% (394/4373)   Receiving objects:  10% (438/4373)   Receiving objects:  11% (482/4373)   Receiving objects:  12% (525/4373)   Receiving objects:  13% (569/4373)   Receiving objects:  14% (613/4373)   Receiving objects:  15% (656/4373)   Receiving objects:  16% (700/4373)   Receiving objects:  17% (744/4373)   Receiving objects:  18% (788/4373)   Receiving objects:  19% (831/4373)   Receiving objects:  20% (875/4373)   Receiving objects:  21% (919/4373)   Receiving objects:  22% (963/4373)   Receiving objects:  23% (1006/4373)   Receiving objects:  24% (1050/4373)   Receiving objects:  25% (1094/4373)   Receiving objects:  26% (1137/4373)   Receiving objects:  27% (1181/4373)   Receiving objects:  28% (1225/4373)   Receiving objects:  29% (1269/4373)   Receiving objects:  30% (1312/4373)   Receiving objects:  31% (1356/4373)   Receiving objects:  32% (1400/4373)   Receiving objects:  33% (1444/4373)   Receiving objects:  34% (1487/4373)   Receiving objects:  35% (1531/4373)   Receiving objects:  36% (1575/4373)   Receiving objects:  37% (1619/4373)   Receiving objects:  38% (1662/4373)   Receiving objects:  39% (1706/4373)   Receiving objects:  40% (1750/4373)   Receiving objects:  41% (1793/4373)   Receiving objects:  42% (1837/4373)   Receiving objects:  43% (1881/4373)   Receiving objects:  44% (1925/4373)   Receiving objects:  45% (1968/4373)   Receiving objects:  46% (2012/4373)   Receiving objects:  47% (2056/4373)   Receiving objects:  48% (2100/4373)   Receiving objects:  49% (2143/4373)   Receiving objects:  50% (2187/4373)   Receiving objects:  51% (2231/4373)   Receiving objects:  52% (2274/4373)   Receiving objects:  53% (2318/4373)   Receiving objects:  54% (2362/4373)   Receiving objects:  55% (2406/4373)   Receiving objects:  56% (2449/4373)   Receiving objects:  57% (2493/4373)   Receiving objects:  58% (2537/4373)   Receiving objects:  59% (2581/4373)   Receiving objects:  60% (2624/4373)   Receiving objects:  61% (2668/4373)   Receiving objects:  62% (2712/4373)   Receiving objects:  63% (2755/4373)   Receiving objects:  64% (2799/4373)   Receiving objects:  65% (2843/4373)   Receiving objects:  66% (2887/4373)   Receiving objects:  67% (2930/4373)   Receiving objects:  68% (2974/4373)   Receiving objects:  69% (3018/4373)   Receiving objects:  70% (3062/4373)   Receiving objects:  71% (3105/4373)   Receiving objects:  72% (3149/4373)   Receiving objects:  73% (3193/4373)   Receiving objects:  74% (3237/4373)   Receiving objects:  75% (3280/4373)   Receiving objects:  76% (3324/4373)   Receiving objects:  77% (3368/4373)   Receiving objects:  78% (3411/4373)   Receiving objects:  79% (3455/4373)   Receiving objects:  80% (3499/4373)   Receiving objects:  81% (3543/4373)   Receiving objects:  82% (3586/4373)   Receiving objects:  83% (3630/4373)   Receiving objects:  84% (3674/4373)   Receiving objects:  85% (3718/4373)   Receiving objects:  86% (3761/4373)   Receiving objects:  87% (3805/4373)   Receiving objects:  88% (3849/4373)   Receiving objects:  89% (3892/4373)   Receiving objects:  90% (3936/4373)   Receiving objects:  91% (3980/4373)   Receiving objects:  92% (4024/4373)   Receiving objects:  93% (4067/4373)   Receiving objects:  94% (4111/4373)   Receiving objects:  94% (4120/4373), 2.87 MiB | 2.85 MiB/s   Receiving objects:  95% (4155/4373), 2.87 MiB | 2.85 MiB/s   Receiving objects:  96% (4199/4373), 11.07 MiB | 7.35 MiB/s   Receiving objects:  96% (4208/4373), 25.52 MiB | 12.71 MiB/s   Receiving objects:  97% (4242/4373), 25.52 MiB | 12.71 MiB/s   Receiving objects:  98% (4286/4373), 25.52 MiB | 12.71 MiB/s   Receiving objects:  99% (4330/4373), 42.89 MiB | 17.09 MiB/s   remote: Total 4373 (delta 2820), reused 4265 (delta 2712), pack-reused 0[K
Receiving objects: 100% (4373/4373), 42.89 MiB | 17.09 MiB/s   Receiving objects: 100% (4373/4373), 46.99 MiB | 17.09 MiB/s, done.
Resolving deltas:   0% (0/2820)   Resolving deltas:   1% (55/2820)   Resolving deltas:   2% (63/2820)   Resolving deltas:   3% (91/2820)   Resolving deltas:   4% (122/2820)   Resolving deltas:   5% (142/2820)   Resolving deltas:   6% (180/2820)   Resolving deltas:   7% (202/2820)   Resolving deltas:   8% (227/2820)   Resolving deltas:   9% (278/2820)   Resolving deltas:  10% (282/2820)   Resolving deltas:  11% (330/2820)   Resolving deltas:  12% (355/2820)   Resolving deltas:  13% (370/2820)   Resolving deltas:  14% (395/2820)   Resolving deltas:  15% (438/2820)   Resolving deltas:  16% (452/2820)   Resolving deltas:  17% (483/2820)   Resolving deltas:  18% (513/2820)   Resolving deltas:  19% (538/2820)   Resolving deltas:  20% (580/2820)   Resolving deltas:  21% (595/2820)   Resolving deltas:  23% (675/2820)   Resolving deltas:  26% (754/2820)   Resolving deltas:  27% (773/2820)   Resolving deltas:  28% (815/2820)   Resolving deltas:  29% (821/2820)   Resolving deltas:  30% (865/2820)   Resolving deltas:  31% (888/2820)   Resolving deltas:  32% (915/2820)   Resolving deltas:  33% (931/2820)   Resolving deltas:  35% (987/2820)   Resolving deltas:  36% (1021/2820)   Resolving deltas:  37% (1045/2820)   Resolving deltas:  38% (1090/2820)   Resolving deltas:  39% (1100/2820)   Resolving deltas:  40% (1135/2820)   Resolving deltas:  41% (1166/2820)   Resolving deltas:  42% (1192/2820)   Resolving deltas:  43% (1217/2820)   Resolving deltas:  44% (1249/2820)   Resolving deltas:  46% (1302/2820)   Resolving deltas:  47% (1331/2820)   Resolving deltas:  48% (1354/2820)   Resolving deltas:  49% (1388/2820)   Resolving deltas:  51% (1450/2820)   Resolving deltas:  53% (1512/2820)   Resolving deltas:  54% (1525/2820)   Resolving deltas:  56% (1584/2820)   Resolving deltas:  57% (1611/2820)   Resolving deltas:  58% (1656/2820)   Resolving deltas:  59% (1671/2820)   Resolving deltas:  60% (1720/2820)   Resolving deltas:  61% (1723/2820)   Resolving deltas:  62% (1754/2820)   Resolving deltas:  63% (1793/2820)   Resolving deltas:  64% (1821/2820)   Resolving deltas:  65% (1833/2820)   Resolving deltas:  67% (1897/2820)   Resolving deltas:  68% (1934/2820)   Resolving deltas:  69% (1956/2820)   Resolving deltas:  72% (2037/2820)   Resolving deltas:  73% (2069/2820)   Resolving deltas:  74% (2106/2820)   Resolving deltas:  75% (2129/2820)   Resolving deltas:  76% (2152/2820)   Resolving deltas:  77% (2186/2820)   Resolving deltas:  79% (2234/2820)   Resolving deltas:  81% (2297/2820)   Resolving deltas:  83% (2343/2820)   Resolving deltas:  84% (2369/2820)   Resolving deltas:  85% (2416/2820)   Resolving deltas:  86% (2426/2820)   Resolving deltas:  87% (2458/2820)   Resolving deltas:  88% (2509/2820)   Resolving deltas:  90% (2539/2820)   Resolving deltas:  91% (2581/2820)   Resolving deltas:  92% (2619/2820)   Resolving deltas:  94% (2652/2820)   Resolving deltas:  95% (2687/2820)   Resolving deltas:  96% (2712/2820)   Resolving deltas:  97% (2762/2820)   Resolving deltas:  98% (2767/2820)   Resolving deltas:  99% (2796/2820)   Resolving deltas: 100% (2820/2820)   Resolving deltas: 100% (2820/2820), completed with 73 local objects.
remote: Counting objects: 4, done.[K
remote: Total 4 (delta 0), reused 0 (delta 0), pack-reused 4[K
Unpacking objects:  25% (1/4)   Unpacking objects:  50% (2/4)   Unpacking objects:  75% (3/4)   Unpacking objects: 100% (4/4)   Unpacking objects: 100% (4/4), done.
From git://github.com/jruby/warbler
 * [new tag]         0.9.10     -> 0.9.10
 * [new tag]         0.9.11     -> 0.9.11
 * [new tag]         0.9.12     -> 0.9.12
 * [new tag]         0.9.13     -> 0.9.13
 * [new tag]         0.9.14     -> 0.9.14
 * [new tag]         0.9.3      -> 0.9.3
 * [new tag]         0.9.4      -> 0.9.4
 * [new tag]         0.9.5      -> 0.9.5
 * [new tag]         0.9.9      -> 0.9.9
 * [new tag]         1.0        -> 1.0
 * [new tag]         1.0.1      -> 1.0.1
 * [new tag]         1.1.0      -> 1.1.0
 * [new tag]         1.2.0      -> 1.2.0
 * [new tag]         1.2.1      -> 1.2.1
 * [new tag]         1.3.0      -> 1.3.0
 * [new tag]         1.3.1      -> 1.3.1
 * [new tag]         1.3.2      -> 1.3.2
 * [new tag]         v1.3.4     -> v1.3.4
 * [new tag]         v1.3.5     -> v1.3.5
 * [new tag]         v1.3.6     -> v1.3.6
 * [new tag]         v1.3.7     -> v1.3.7
 * [new tag]         v1.3.8     -> v1.3.8
 * [new tag]         v1.4.0     -> v1.4.0
 * [new tag]         v1.4.0.beta1 -> v1.4.0.beta1
 * [new tag]         v1.4.0.beta2 -> v1.4.0.beta2
 * [new tag]         v1.4.1     -> v1.4.1
 * [new tag]         v1.4.2     -> v1.4.2
travis_time:end:2ba66c10:start=1425493856527449693,finish=1425493860803426134,duration=4275976441[0Ktravis_fold:end:before_install.2[0Ktravis_fold:start:before_install.3[0Ktravis_time:start:1055068e[0K$ gem install bundler --pre
jruby: warning: unknown property jruby.cext.enabled
jruby: warning: unknown property jruby.cext.enabled
Fetching: bundler-1.8.3.gemFetching: bundler-1.8.3.gem (  4%)Fetching: bundler-1.8.3.gem (  7%)Fetching: bundler-1.8.3.gem ( 10%)Fetching: bundler-1.8.3.gem ( 11%)Fetching: bundler-1.8.3.gem ( 14%)Fetching: bundler-1.8.3.gem ( 17%)Fetching: bundler-1.8.3.gem ( 18%)Fetching: bundler-1.8.3.gem ( 21%)Fetching: bundler-1.8.3.gem ( 24%)Fetching: bundler-1.8.3.gem ( 25%)Fetching: bundler-1.8.3.gem ( 27%)Fetching: bundler-1.8.3.gem ( 28%)Fetching: bundler-1.8.3.gem ( 31%)Fetching: bundler-1.8.3.gem ( 32%)Fetching: bundler-1.8.3.gem ( 34%)Fetching: bundler-1.8.3.gem ( 35%)Fetching: bundler-1.8.3.gem ( 38%)Fetching: bundler-1.8.3.gem ( 39%)Fetching: bundler-1.8.3.gem ( 41%)Fetching: bundler-1.8.3.gem ( 42%)Fetching: bundler-1.8.3.gem ( 44%)Fetching: bundler-1.8.3.gem ( 46%)Fetching: bundler-1.8.3.gem ( 48%)Fetching: bundler-1.8.3.gem ( 49%)Fetching: bundler-1.8.3.gem ( 51%)Fetching: bundler-1.8.3.gem ( 53%)Fetching: bundler-1.8.3.gem ( 55%)Fetching: bundler-1.8.3.gem ( 56%)Fetching: bundler-1.8.3.gem ( 58%)Fetching: bundler-1.8.3.gem ( 60%)Fetching: bundler-1.8.3.gem ( 61%)Fetching: bundler-1.8.3.gem ( 63%)Fetching: bundler-1.8.3.gem ( 65%)Fetching: bundler-1.8.3.gem ( 67%)Fetching: bundler-1.8.3.gem ( 68%)Fetching: bundler-1.8.3.gem ( 70%)Fetching: bundler-1.8.3.gem ( 72%)Fetching: bundler-1.8.3.gem ( 74%)Fetching: bundler-1.8.3.gem ( 75%)Fetching: bundler-1.8.3.gem ( 77%)Fetching: bundler-1.8.3.gem ( 78%)Fetching: bundler-1.8.3.gem ( 81%)Fetching: bundler-1.8.3.gem ( 82%)Fetching: bundler-1.8.3.gem ( 84%)Fetching: bundler-1.8.3.gem ( 85%)Fetching: bundler-1.8.3.gem ( 88%)Fetching: bundler-1.8.3.gem ( 89%)Fetching: bundler-1.8.3.gem ( 91%)Fetching: bundler-1.8.3.gem ( 92%)Fetching: bundler-1.8.3.gem ( 95%)Fetching: bundler-1.8.3.gem ( 96%)Fetching: bundler-1.8.3.gem ( 98%)Fetching: bundler-1.8.3.gem ( 99%)Fetching: bundler-1.8.3.gem (100%)Fetching: bundler-1.8.3.gem (100%)
Successfully installed bundler-1.8.3
1 gem installed
travis_time:end:1055068e:start=1425493860813840141,finish=1425493885009902914,duration=24196062773[0Ktravis_fold:end:before_install.3[0Ktravis_fold:start:install.bundler[0Ktravis_time:start:2f96a428[0K$ bundle install --jobs=3 --retry=3
jruby: warning: unknown property jruby.cext.enabled
jruby: warning: unknown property jruby.cext.enabled
Fetching gem metadata from http://rubygems.org/.........
Fetching version metadata from http://rubygems.org/..
Resolving dependencies......
[32mInstalling rake 10.4.2[0m
Using bundler 1.8.3
Using thread_safe 0.3.4
[32mInstalling diff-lcs 1.2.5[0m
Using ruby-maven-libs 3.1.1
[32mInstalling backports 3.6.4[0m
Using jruby-openssl 0.9.6
[32mInstalling jruby-rack 1.1.18[0m
[32mInstalling json 1.8.2[0m
[32mInstalling rspec-core 2.99.2[0m
[32mInstalling jruby-jars 1.7.19[0m
[32mInstalling rspec-mocks 2.99.3[0m
Using descendants_tracker 0.0.4
[32mInstalling rubyzip 1.1.7[0m
[32mInstalling rspec-expectations 2.99.2[0m
[32mInstalling virtus 0.5.5[0m
[32mInstalling rdoc 4.2.0[0m
[32mInstalling rspec 2.99.0[0m
Using warbler 1.4.6.dev from source at .
[32mInstalling maven-tools 0.34.5[0m
[32mInstalling ruby-maven 3.1.1.0.2[0m
[32mInstalling jbundler 0.5.5[0m
[32mBundle complete! 9 Gemfile dependencies, 22 gems now installed.[0m
[32mUse `bundle show [gemname]` to see where a bundled gem is installed.[0m
[32mPost-install message from rdoc:[0m
Depending on your version of ruby, you may need to install ruby rdoc/ri data:

<= 1.8.6 : unsupported
 = 1.8.7 : gem install rdoc-data; rdoc-data --install
 = 1.9.1 : gem install rdoc-data; rdoc-data --install
>= 1.9.2 : nothing to do! Yay!
travis_time:end:2f96a428:start=1425493885020612820,finish=1425493928178461804,duration=43157848984[0Ktravis_fold:end:install.bundler[0Ktravis_time:start:0a7509ce[0K$ bundle exec rake
jruby: warning: unknown property jruby.cext.enabled
jruby: warning: unknown property jruby.cext.enabled
file:/home/travis/.rvm/rubies/jruby-head/lib/jruby.jar!/jruby/kernel/kernel.rb:28: warning: unsupported exec option: close_others
jruby: warning: unknown property jruby.cext.enabled
jruby: warning: unknown property jruby.cext.enabled
jruby: warning: unknown property jruby.cext.enabled
jruby: warning: unknown property jruby.cext.enabled
/home/travis/.rvm/rubies/jruby-head/bin/jruby -S rspec ./spec/warbler/application_spec.rb ./spec/warbler/bundler_spec.rb ./spec/warbler/config_spec.rb ./spec/warbler/gems_spec.rb ./spec/warbler/jar_spec.rb ./spec/warbler/jbundler_spec.rb ./spec/warbler/task_spec.rb ./spec/warbler/traits_spec.rb ./spec/warbler/war_spec.rb ./spec/warbler/web_server_spec.rb --color --format documentation
jruby: warning: unknown property jruby.cext.enabled
jruby: warning: unknown property jruby.cext.enabled
jruby: warning: unknown property jruby.cext.enabled
jruby: warning: unknown property jruby.cext.enabled

Warbler::Application
[32m  should be able to list its tasks[0m
[32m  should display the version[0m
[32m  should copy a fresh config file into place[0m
[32m  should refuse to copy over an existing config file[0m
[32m  should complain if the config directory is missing[0m
[32m  should refuse to pluginize if the lib/tasks/warbler directory exists[0m
[32m  should define a pluginize task for adding the tasks to a Rails application[0m
[32m  should provide a means to load the project Rakefile[0m

Warbler::Application
jruby: warning: unknown property jruby.cext.enabled
jruby: warning: unknown property jruby.cext.enabled
jruby: warning: unknown property jruby.cext.enabled
jruby: warning: unknown property jruby.cext.enabled
[32m  should report Warbler version with --version[0m

Warbler::Jar with Bundler
  in a war project
jruby: warning: unknown property jruby.cext.enabled
warning: --1.9 ignored
jruby: warning: unknown property jruby.cext.enabled
LoadError: no such file to load -- zip
     require at org/jruby/RubyKernel.java:966
  __script__ at /home/travis/.rvm/rubies/jruby-head/lib/ruby/stdlib/rubygems/core_ext/kernel_require.rb:54
      (root) at /home/travis/build/jruby/warbler/lib/warbler/zip_support.rb:29
     require at org/jruby/RubyKernel.java:966
  __script__ at /home/travis/.rvm/rubies/jruby-head/lib/ruby/stdlib/rubygems/core_ext/kernel_require.rb:54
      (root) at /home/travis/build/jruby/warbler/lib/warbler/jar.rb:1
     require at org/jruby/RubyKernel.java:966
  __script__ at /home/travis/.rvm/rubies/jruby-head/lib/ruby/stdlib/rubygems/core_ext/kernel_require.rb:54
      (root) at /home/travis/build/jruby/warbler/lib/warbler/jar.rb:8
     require at org/jruby/RubyKernel.java:966
      (root) at /home/travis/build/jruby/warbler/lib/warbler/task.rb:1
      (root) at /home/travis/build/jruby/warbler/lib/warbler/task.rb:11
     require at org/jruby/RubyKernel.java:966
      (root) at /home/travis/.rvm/rubies/jruby-head/lib/ruby/stdlib/rubygems/core_ext/kernel_require.rb:1
  __script__ at /home/travis/build/jruby/warbler/spec/drb_helper.rb:11

An error occurred in an after hook
  DRb::DRbConnError: druby://127.0.0.1:7890 - #<Errno::ECONNREFUSED: Connection refused - Connection refused>
  occurred at /home/travis/.rvm/rubies/jruby-head/lib/ruby/stdlib/drb/drb.rb:785:in `open_CLOSURE_1__open_0'

[31m    detects a Bundler trait (FAILED - 1)[0m
jruby: warning: unknown property jruby.cext.enabled
warning: --1.9 ignored
jruby: warning: unknown property jruby.cext.enabled
LoadError: no such file to load -- zip
     require at org/jruby/RubyKernel.java:966
  __script__ at /home/travis/.rvm/rubies/jruby-head/lib/ruby/stdlib/rubygems/core_ext/kernel_require.rb:54
      (root) at /home/travis/build/jruby/warbler/lib/warbler/zip_support.rb:29
     require at org/jruby/RubyKernel.java:966
  __script__ at /home/travis/.rvm/rubies/jruby-head/lib/ruby/stdlib/rubygems/core_ext/kernel_require.rb:54
      (root) at /home/travis/build/jruby/warbler/lib/warbler/jar.rb:1
     require at org/jruby/RubyKernel.java:966
  __script__ at /home/travis/.rvm/rubies/jruby-head/lib/ruby/stdlib/rubygems/core_ext/kernel_require.rb:54
      (root) at /home/travis/build/jruby/warbler/lib/warbler/jar.rb:8
     require at org/jruby/RubyKernel.java:966
      (root) at /home/travis/build/jruby/warbler/lib/warbler/task.rb:1
      (root) at /home/travis/build/jruby/warbler/lib/warbler/task.rb:11
     require at org/jruby/RubyKernel.java:966
      (root) at /home/travis/.rvm/rubies/jruby-head/lib/ruby/stdlib/rubygems/core_ext/kernel_require.rb:1
  __script__ at /home/travis/build/jruby/warbler/spec/drb_helper.rb:11

An error occurred in an after hook
  DRb::DRbConnError: druby://127.0.0.1:7890 - #<Errno::ECONNREFUSED: Connection refused - Connection refused>
  occurred at /home/travis/.rvm/rubies/jruby-head/lib/ruby/stdlib/drb/drb.rb:785:in `open_CLOSURE_1__open_0'

[31m    detects a Gemfile and process only its gems (FAILED - 2)[0m
jruby: warning: unknown property jruby.cext.enabled
warning: --1.9 ignored
jruby: warning: unknown property jruby.cext.enabled
LoadError: no such file to load -- zip
     require at org/jruby/RubyKernel.java:966
  __script__ at /home/travis/.rvm/rubies/jruby-head/lib/ruby/stdlib/rubygems/core_ext/kernel_require.rb:54
      (root) at /home/travis/build/jruby/warbler/lib/warbler/zip_support.rb:29
     require at org/jruby/RubyKernel.java:966
  __script__ at /home/travis/.rvm/rubies/jruby-head/lib/ruby/stdlib/rubygems/core_ext/kernel_require.rb:54
      (root) at /home/travis/build/jruby/warbler/lib/warbler/jar.rb:1
     require at org/jruby/RubyKernel.java:966
  __script__ at /home/travis/.rvm/rubies/jruby-head/lib/ruby/stdlib/rubygems/core_ext/kernel_require.rb:54
      (root) at /home/travis/build/jruby/warbler/lib/warbler/jar.rb:8
     require at org/jruby/RubyKernel.java:966
      (root) at /home/travis/build/jruby/warbler/lib/warbler/task.rb:1
      (root) at /home/travis/build/jruby/warbler/lib/warbler/task.rb:11
     require at org/jruby/RubyKernel.java:966
      (root) at /home/travis/.rvm/rubies/jruby-head/lib/ruby/stdlib/rubygems/core_ext/kernel_require.rb:1
  __script__ at /home/travis/build/jruby/warbler/spec/drb_helper.rb:11

An error occurred in an after hook
  DRb::DRbConnError: druby://127.0.0.1:7890 - #<Errno::ECONNREFUSED: Connection refused - Connection refused>
  occurred at /home/travis/.rvm/rubies/jruby-head/lib/ruby/stdlib/drb/drb.rb:785:in `open_CLOSURE_1__open_0'

[31m    copies Gemfiles into the war (FAILED - 3)[0m
jruby: warning: unknown property jruby.cext.enabled
warning: --1.9 ignored
jruby: warning: unknown property jruby.cext.enabled
LoadError: no such file to load -- zip
     require at org/jruby/RubyKernel.java:966
  __script__ at /home/travis/.rvm/rubies/jruby-head/lib/ruby/stdlib/rubygems/core_ext/kernel_require.rb:54
      (root) at /home/travis/build/jruby/warbler/lib/warbler/zip_support.rb:29
     require at org/jruby/RubyKernel.java:966
  __script__ at /home/travis/.rvm/rubies/jruby-head/lib/ruby/stdlib/rubygems/core_ext/kernel_require.rb:54
      (root) at /home/travis/build/jruby/warbler/lib/warbler/jar.rb:1
     require at org/jruby/RubyKernel.java:966
  __script__ at /home/travis/.rvm/rubies/jruby-head/lib/ruby/stdlib/rubygems/core_ext/kernel_require.rb:54
      (root) at /home/travis/build/jruby/warbler/lib/warbler/jar.rb:8
     require at org/jruby/RubyKernel.java:966
      (root) at /home/travis/build/jruby/warbler/lib/warbler/task.rb:1
      (root) at /home/travis/build/jruby/warbler/lib/warbler/task.rb:11
     require at org/jruby/RubyKernel.java:966
      (root) at /home/travis/.rvm/rubies/jruby-head/lib/ruby/stdlib/rubygems/core_ext/kernel_require.rb:1
  __script__ at /home/travis/build/jruby/warbler/spec/drb_helper.rb:11

An error occurred in an after hook
  DRb::DRbConnError: druby://127.0.0.1:7890 - #<Errno::ECONNREFUSED: Connection refused - Connection refused>
  occurred at /home/travis/.rvm/rubies/jruby-head/lib/ruby/stdlib/drb/drb.rb:785:in `open_CLOSURE_1__open_0'

[31m    allows overriding of the gem path when using Bundler (FAILED - 4)[0m
jruby: warning: unknown property jruby.cext.enabled
jruby: warning: unknown property jruby.cext.enabled
jruby: warning: unknown property jruby.cext.enabled
warning: --1.9 ignored
jruby: warning: unknown property jruby.cext.enabled
LoadError: no such file to load -- zip
     require at org/jruby/RubyKernel.java:966
  __script__ at /home/travis/.rvm/rubies/jruby-head/lib/ruby/stdlib/rubygems/core_ext/kernel_require.rb:54
      (root) at /home/travis/build/jruby/warbler/lib/warbler/zip_support.rb:29
     require at org/jruby/RubyKernel.java:966
  __script__ at /home/travis/.rvm/rubies/jruby-head/lib/ruby/stdlib/rubygems/core_ext/kernel_require.rb:54
      (root) at /home/travis/build/jruby/warbler/lib/warbler/jar.rb:1
     require at org/jruby/RubyKernel.java:966
  __script__ at /home/travis/.rvm/rubies/jruby-head/lib/ruby/stdlib/rubygems/core_ext/kernel_require.rb:54
      (root) at /home/travis/build/jruby/warbler/lib/warbler/jar.rb:8
     require at org/jruby/RubyKernel.java:966
      (root) at /home/travis/build/jruby/warbler/lib/warbler/task.rb:1
      (root) at /home/travis/build/jruby/warbler/lib/warbler/task.rb:11
     require at org/jruby/RubyKernel.java:966
      (root) at /home/travis/.rvm/rubies/jruby-head/lib/ruby/stdlib/rubygems/core_ext/kernel_require.rb:1
  __script__ at /home/travis/build/jruby/warbler/spec/drb_helper.rb:11

An error occurred in an after hook
  DRb::DRbConnError: druby://127.0.0.1:7890 - #<Errno::ECONNREFUSED: Connection refused - Connection refused>
  occurred at /home/travis/.rvm/rubies/jruby-head/lib/ruby/stdlib/drb/drb.rb:785:in `open_CLOSURE_1__open_0'

[31m    bundles only the gemspec for :git entries that are excluded (FAILED - 5)[0m
jruby: warning: unknown property jruby.cext.enabled
jruby: warning: unknown property jruby.cext.enabled
jruby: warning: unknown property jruby.cext.enabled
warning: --1.9 ignored
jruby: warning: unknown property jruby.cext.enabled
LoadError: no such file to load -- zip
     require at org/jruby/RubyKernel.java:966
  __script__ at /home/travis/.rvm/rubies/jruby-head/lib/ruby/stdlib/rubygems/core_ext/kernel_require.rb:54
      (root) at /home/travis/build/jruby/warbler/lib/warbler/zip_support.rb:29
     require at org/jruby/RubyKernel.java:966
  __script__ at /home/travis/.rvm/rubies/jruby-head/lib/ruby/stdlib/rubygems/core_ext/kernel_require.rb:54
      (root) at /home/travis/build/jruby/warbler/lib/warbler/jar.rb:1
     require at org/jruby/RubyKernel.java:966
  __script__ at /home/travis/.rvm/rubies/jruby-head/lib/ruby/stdlib/rubygems/core_ext/kernel_require.rb:54
      (root) at /home/travis/build/jruby/warbler/lib/warbler/jar.rb:8
     require at org/jruby/RubyKernel.java:966
      (root) at /home/travis/build/jruby/warbler/lib/warbler/task.rb:1
      (root) at /home/travis/build/jruby/warbler/lib/warbler/task.rb:11
     require at org/jruby/RubyKernel.java:966
      (root) at /home/travis/.rvm/rubies/jruby-head/lib/ruby/stdlib/rubygems/core_ext/kernel_require.rb:1
  __script__ at /home/travis/build/jruby/warbler/spec/drb_helper.rb:11

An error occurred in an after hook
  DRb::DRbConnError: druby://127.0.0.1:7890 - #<Errno::ECONNREFUSED: Connection refused - Connection refused>
  occurred at /home/travis/.rvm/rubies/jruby-head/lib/ruby/stdlib/drb/drb.rb:785:in `open_CLOSURE_1__open_0'

[31m    does not work with :path entries in Gemfiles (FAILED - 6)[0m
jruby: warning: unknown property jruby.cext.enabled
warning: --1.9 ignored
jruby: warning: unknown property jruby.cext.enabled
LoadError: no such file to load -- zip
     require at org/jruby/RubyKernel.java:966
  __script__ at /home/travis/.rvm/rubies/jruby-head/lib/ruby/stdlib/rubygems/core_ext/kernel_require.rb:54
      (root) at /home/travis/build/jruby/warbler/lib/warbler/zip_support.rb:29
     require at org/jruby/RubyKernel.java:966
  __script__ at /home/travis/.rvm/rubies/jruby-head/lib/ruby/stdlib/rubygems/core_ext/kernel_require.rb:54
      (root) at /home/travis/build/jruby/warbler/lib/warbler/jar.rb:1
     require at org/jruby/RubyKernel.java:966
  __script__ at /home/travis/.rvm/rubies/jruby-head/lib/ruby/stdlib/rubygems/core_ext/kernel_require.rb:54
      (root) at /home/travis/build/jruby/warbler/lib/warbler/jar.rb:8
     require at org/jruby/RubyKernel.java:966
      (root) at /home/travis/build/jruby/warbler/lib/warbler/task.rb:1
      (root) at /home/travis/build/jruby/warbler/lib/warbler/task.rb:11
     require at org/jruby/RubyKernel.java:966
      (root) at /home/travis/.rvm/rubies/jruby-head/lib/ruby/stdlib/rubygems/core_ext/kernel_require.rb:1
  __script__ at /home/travis/build/jruby/warbler/spec/drb_helper.rb:11

An error occurred in an after hook
  DRb::DRbConnError: druby://127.0.0.1:7890 - #<Errno::ECONNREFUSED: Connection refused - Connection refused>
  occurred at /home/travis/.rvm/rubies/jruby-head/lib/ruby/stdlib/drb/drb.rb:785:in `open_CLOSURE_1__open_0'

[31m    does not bundle dependencies in the test group by default (FAILED - 7)[0m
jruby: warning: unknown property jruby.cext.enabled
warning: --1.9 ignored
jruby: warning: unknown property jruby.cext.enabled
LoadError: no such file to load -- zip
     require at org/jruby/RubyKernel.java:966
  __script__ at /home/travis/.rvm/rubies/jruby-head/lib/ruby/stdlib/rubygems/core_ext/kernel_require.rb:54
      (root) at /home/travis/build/jruby/warbler/lib/warbler/zip_support.rb:29
     require at org/jruby/RubyKernel.java:966
  __script__ at /home/travis/.rvm/rubies/jruby-head/lib/ruby/stdlib/rubygems/core_ext/kernel_require.rb:54
      (root) at /home/travis/build/jruby/warbler/lib/warbler/jar.rb:1
     require at org/jruby/RubyKernel.java:966
  __script__ at /home/travis/.rvm/rubies/jruby-head/lib/ruby/stdlib/rubygems/core_ext/kernel_require.rb:54
      (root) at /home/travis/build/jruby/warbler/lib/warbler/jar.rb:8
     require at org/jruby/RubyKernel.java:966
      (root) at /home/travis/build/jruby/warbler/lib/warbler/task.rb:1
      (root) at /home/travis/build/jruby/warbler/lib/warbler/task.rb:11
     require at org/jruby/RubyKernel.java:966
      (root) at /home/travis/.rvm/rubies/jruby-head/lib/ruby/stdlib/rubygems/core_ext/kernel_require.rb:1
  __script__ at /home/travis/build/jruby/warbler/spec/drb_helper.rb:11

An error occurred in an after hook
  DRb::DRbConnError: druby://127.0.0.1:7890 - #<Errno::ECONNREFUSED: Connection refused - Connection refused>
  occurred at /home/travis/.rvm/rubies/jruby-head/lib/ruby/stdlib/drb/drb.rb:785:in `open_CLOSURE_1__open_0'

[31m    adds BUNDLE_WITHOUT to init.rb (FAILED - 8)[0m
jruby: warning: unknown property jruby.cext.enabled
warning: --1.9 ignored
jruby: warning: unknown property jruby.cext.enabled
LoadError: no such file to load -- zip
     require at org/jruby/RubyKernel.java:966
  __script__ at /home/travis/.rvm/rubies/jruby-head/lib/ruby/stdlib/rubygems/core_ext/kernel_require.rb:54
      (root) at /home/travis/build/jruby/warbler/lib/warbler/zip_support.rb:29
     require at org/jruby/RubyKernel.java:966
  __script__ at /home/travis/.rvm/rubies/jruby-head/lib/ruby/stdlib/rubygems/core_ext/kernel_require.rb:54
      (root) at /home/travis/build/jruby/warbler/lib/warbler/jar.rb:1
     require at org/jruby/RubyKernel.java:966
  __script__ at /home/travis/.rvm/rubies/jruby-head/lib/ruby/stdlib/rubygems/core_ext/kernel_require.rb:54
      (root) at /home/travis/build/jruby/warbler/lib/warbler/jar.rb:8
     require at org/jruby/RubyKernel.java:966
      (root) at /home/travis/build/jruby/warbler/lib/warbler/task.rb:1
      (root) at /home/travis/build/jruby/warbler/lib/warbler/task.rb:11
     require at org/jruby/RubyKernel.java:966
      (root) at /home/travis/.rvm/rubies/jruby-head/lib/ruby/stdlib/rubygems/core_ext/kernel_require.rb:1
  __script__ at /home/travis/build/jruby/warbler/spec/drb_helper.rb:11

An error occurred in an after hook
  DRb::DRbConnError: druby://127.0.0.1:7890 - #<Errno::ECONNREFUSED: Connection refused - Connection refused>
  occurred at /home/travis/.rvm/rubies/jruby-head/lib/ruby/stdlib/drb/drb.rb:785:in `open_CLOSURE_1__open_0'

[31m    adds BUNDLE_GEMFILE to init.rb (FAILED - 9)[0m
jruby: warning: unknown property jruby.cext.enabled
warning: --1.9 ignored
jruby: warning: unknown property jruby.cext.enabled
LoadError: no such file to load -- zip
     require at org/jruby/RubyKernel.java:966
  __script__ at /home/travis/.rvm/rubies/jruby-head/lib/ruby/stdlib/rubygems/core_ext/kernel_require.rb:54
      (root) at /home/travis/build/jruby/warbler/lib/warbler/zip_support.rb:29
     require at org/jruby/RubyKernel.java:966
  __script__ at /home/travis/.rvm/rubies/jruby-head/lib/ruby/stdlib/rubygems/core_ext/kernel_require.rb:54
      (root) at /home/travis/build/jruby/warbler/lib/warbler/jar.rb:1
     require at org/jruby/RubyKernel.java:966
  __script__ at /home/travis/.rvm/rubies/jruby-head/lib/ruby/stdlib/rubygems/core_ext/kernel_require.rb:54
      (root) at /home/travis/build/jruby/warbler/lib/warbler/jar.rb:8
     require at org/jruby/RubyKernel.java:966
      (root) at /home/travis/build/jruby/warbler/lib/warbler/task.rb:1
      (root) at /home/travis/build/jruby/warbler/lib/warbler/task.rb:11
     require at org/jruby/RubyKernel.java:966
      (root) at /home/travis/.rvm/rubies/jruby-head/lib/ruby/stdlib/rubygems/core_ext/kernel_require.rb:1
  __script__ at /home/travis/build/jruby/warbler/spec/drb_helper.rb:11

An error occurred in an after hook
  DRb::DRbConnError: druby://127.0.0.1:7890 - #<Errno::ECONNREFUSED: Connection refused - Connection refused>
  occurred at /home/travis/.rvm/rubies/jruby-head/lib/ruby/stdlib/drb/drb.rb:785:in `open_CLOSURE_1__open_0'

[31m    uses ENV['BUNDLE_GEMFILE'] if set (FAILED - 10)[0m
    with :git entries in the Gemfile
jruby: warning: unknown property jruby.cext.enabled
jruby: warning: unknown property jruby.cext.enabled
jruby: warning: unknown property jruby.cext.enabled
warning: --1.9 ignored
jruby: warning: unknown property jruby.cext.enabled
LoadError: no such file to load -- zip
     require at org/jruby/RubyKernel.java:966
  __script__ at /home/travis/.rvm/rubies/jruby-head/lib/ruby/stdlib/rubygems/core_ext/kernel_require.rb:54
      (root) at /home/travis/build/jruby/warbler/lib/warbler/zip_support.rb:29
     require at org/jruby/RubyKernel.java:966
  __script__ at /home/travis/.rvm/rubies/jruby-head/lib/ruby/stdlib/rubygems/core_ext/kernel_require.rb:54
      (root) at /home/travis/build/jruby/warbler/lib/warbler/jar.rb:1
     require at org/jruby/RubyKernel.java:966
  __script__ at /home/travis/.rvm/rubies/jruby-head/lib/ruby/stdlib/rubygems/core_ext/kernel_require.rb:54
      (root) at /home/travis/build/jruby/warbler/lib/warbler/jar.rb:8
     require at org/jruby/RubyKernel.java:966
      (root) at /home/travis/build/jruby/warbler/lib/warbler/task.rb:1
      (root) at /home/travis/build/jruby/warbler/lib/warbler/task.rb:11
     require at org/jruby/RubyKernel.java:966
      (root) at /home/travis/.rvm/rubies/jruby-head/lib/ruby/stdlib/rubygems/core_ext/kernel_require.rb:1
  __script__ at /home/travis/build/jruby/warbler/spec/drb_helper.rb:11

An error occurred in an after hook
  DRb::DRbConnError: druby://127.0.0.1:7890 - #<Errno::ECONNREFUSED: Connection refused - Connection refused>
  occurred at /home/travis/.rvm/rubies/jruby-head/lib/ruby/stdlib/drb/drb.rb:785:in `open_CLOSURE_1__open_0'

[31m      works with :git entries in Gemfiles (FAILED - 11)[0m
jruby: warning: unknown property jruby.cext.enabled
jruby: warning: unknown property jruby.cext.enabled
jruby: warning: unknown property jruby.cext.enabled
warning: --1.9 ignored
jruby: warning: unknown property jruby.cext.enabled
LoadError: no such file to load -- zip
     require at org/jruby/RubyKernel.java:966
  __script__ at /home/travis/.rvm/rubies/jruby-head/lib/ruby/stdlib/rubygems/core_ext/kernel_require.rb:54
      (root) at /home/travis/build/jruby/warbler/lib/warbler/zip_support.rb:29
     require at org/jruby/RubyKernel.java:966
  __script__ at /home/travis/.rvm/rubies/jruby-head/lib/ruby/stdlib/rubygems/core_ext/kernel_require.rb:54
      (root) at /home/travis/build/jruby/warbler/lib/warbler/jar.rb:1
     require at org/jruby/RubyKernel.java:966
  __script__ at /home/travis/.rvm/rubies/jruby-head/lib/ruby/stdlib/rubygems/core_ext/kernel_require.rb:54
      (root) at /home/travis/build/jruby/warbler/lib/warbler/jar.rb:8
     require at org/jruby/RubyKernel.java:966
      (root) at /home/travis/build/jruby/warbler/lib/warbler/task.rb:1
      (root) at /home/travis/build/jruby/warbler/lib/warbler/task.rb:11
     require at org/jruby/RubyKernel.java:966
      (root) at /home/travis/.rvm/rubies/jruby-head/lib/ruby/stdlib/rubygems/core_ext/kernel_require.rb:1
  __script__ at /home/travis/build/jruby/warbler/spec/drb_helper.rb:11

An error occurred in an after hook
  DRb::DRbConnError: druby://127.0.0.1:7890 - #<Errno::ECONNREFUSED: Connection refused - Connection refused>
  occurred at /home/travis/.rvm/rubies/jruby-head/lib/ruby/stdlib/drb/drb.rb:785:in `open_CLOSURE_1__open_0'

[31m      can run commands in the generated warfile (FAILED - 12)[0m
  in a jar project
jruby: warning: unknown property jruby.cext.enabled
jruby: warning: unknown property jruby.cext.enabled
jruby: warning: unknown property jruby.cext.enabled
warning: --1.9 ignored
jruby: warning: unknown property jruby.cext.enabled
LoadError: no such file to load -- zip
     require at org/jruby/RubyKernel.java:966
  __script__ at /home/travis/.rvm/rubies/jruby-head/lib/ruby/stdlib/rubygems/core_ext/kernel_require.rb:54
      (root) at /home/travis/build/jruby/warbler/lib/warbler/zip_support.rb:29
     require at org/jruby/RubyKernel.java:966
  __script__ at /home/travis/.rvm/rubies/jruby-head/lib/ruby/stdlib/rubygems/core_ext/kernel_require.rb:54
      (root) at /home/travis/build/jruby/warbler/lib/warbler/jar.rb:1
     require at org/jruby/RubyKernel.java:966
  __script__ at /home/travis/.rvm/rubies/jruby-head/lib/ruby/stdlib/rubygems/core_ext/kernel_require.rb:54
      (root) at /home/travis/build/jruby/warbler/lib/warbler/jar.rb:8
     require at org/jruby/RubyKernel.java:966
      (root) at /home/travis/build/jruby/warbler/lib/warbler/task.rb:1
      (root) at /home/travis/build/jruby/warbler/lib/warbler/task.rb:11
     require at org/jruby/RubyKernel.java:966
      (root) at /home/travis/.rvm/rubies/jruby-head/lib/ruby/stdlib/rubygems/core_ext/kernel_require.rb:1
  __script__ at /home/travis/build/jruby/warbler/spec/drb_helper.rb:11

An error occurred in an after hook
  DRb::DRbConnError: druby://127.0.0.1:7890 - #<Errno::ECONNREFUSED: Connection refused - Connection refused>
  occurred at /home/travis/.rvm/rubies/jruby-head/lib/ruby/stdlib/drb/drb.rb:785:in `open_CLOSURE_1__open_0'

[31m    works with :git entries in Gemfiles (FAILED - 13)[0m
jruby: warning: unknown property jruby.cext.enabled
warning: --1.9 ignored
jruby: warning: unknown property jruby.cext.enabled
LoadError: no such file to load -- zip
     require at org/jruby/RubyKernel.java:966
  __script__ at /home/travis/.rvm/rubies/jruby-head/lib/ruby/stdlib/rubygems/core_ext/kernel_require.rb:54
      (root) at /home/travis/build/jruby/warbler/lib/warbler/zip_support.rb:29
     require at org/jruby/RubyKernel.java:966
  __script__ at /home/travis/.rvm/rubies/jruby-head/lib/ruby/stdlib/rubygems/core_ext/kernel_require.rb:54
      (root) at /home/travis/build/jruby/warbler/lib/warbler/jar.rb:1
     require at org/jruby/RubyKernel.java:966
  __script__ at /home/travis/.rvm/rubies/jruby-head/lib/ruby/stdlib/rubygems/core_ext/kernel_require.rb:54
      (root) at /home/travis/build/jruby/warbler/lib/warbler/jar.rb:8
     require at org/jruby/RubyKernel.java:966
      (root) at /home/travis/build/jruby/warbler/lib/warbler/task.rb:1
      (root) at /home/travis/build/jruby/warbler/lib/warbler/task.rb:11
     require at org/jruby/RubyKernel.java:966
      (root) at /home/travis/.rvm/rubies/jruby-head/lib/ruby/stdlib/rubygems/core_ext/kernel_require.rb:1
  __script__ at /home/travis/build/jruby/warbler/spec/drb_helper.rb:11

An error occurred in an after hook
  DRb::DRbConnError: druby://127.0.0.1:7890 - #<Errno::ECONNREFUSED: Connection refused - Connection refused>
  occurred at /home/travis/.rvm/rubies/jruby-head/lib/ruby/stdlib/drb/drb.rb:785:in `open_CLOSURE_1__open_0'

[31m    adds BUNDLE_GEMFILE to init.rb (FAILED - 14)[0m
  when frozen
jruby: warning: unknown property jruby.cext.enabled
warning: --1.9 ignored
jruby: warning: unknown property jruby.cext.enabled
LoadError: no such file to load -- zip
     require at org/jruby/RubyKernel.java:966
  __script__ at /home/travis/.rvm/rubies/jruby-head/lib/ruby/stdlib/rubygems/core_ext/kernel_require.rb:54
      (root) at /home/travis/build/jruby/warbler/lib/warbler/zip_support.rb:29
     require at org/jruby/RubyKernel.java:966
  __script__ at /home/travis/.rvm/rubies/jruby-head/lib/ruby/stdlib/rubygems/core_ext/kernel_require.rb:54
      (root) at /home/travis/build/jruby/warbler/lib/warbler/jar.rb:1
     require at org/jruby/RubyKernel.java:966
  __script__ at /home/travis/.rvm/rubies/jruby-head/lib/ruby/stdlib/rubygems/core_ext/kernel_require.rb:54
      (root) at /home/travis/build/jruby/warbler/lib/warbler/jar.rb:8
     require at org/jruby/RubyKernel.java:966
      (root) at /home/travis/build/jruby/warbler/lib/warbler/task.rb:1
      (root) at /home/travis/build/jruby/warbler/lib/warbler/task.rb:11
     require at org/jruby/RubyKernel.java:966
      (root) at /home/travis/.rvm/rubies/jruby-head/lib/ruby/stdlib/rubygems/core_ext/kernel_require.rb:1
  __script__ at /home/travis/build/jruby/warbler/spec/drb_helper.rb:11

An error occurred in an after hook
  DRb::DRbConnError: druby://127.0.0.1:7890 - #<Errno::ECONNREFUSED: Connection refused - Connection refused>
  occurred at /home/travis/.rvm/rubies/jruby-head/lib/ruby/stdlib/drb/drb.rb:785:in `open_CLOSURE_1__open_0'

[31m    includes the bundler gem (FAILED - 15)[0m
jruby: warning: unknown property jruby.cext.enabled
warning: --1.9 ignored
jruby: warning: unknown property jruby.cext.enabled
LoadError: no such file to load -- zip
     require at org/jruby/RubyKernel.java:966
  __script__ at /home/travis/.rvm/rubies/jruby-head/lib/ruby/stdlib/rubygems/core_ext/kernel_require.rb:54
      (root) at /home/travis/build/jruby/warbler/lib/warbler/zip_support.rb:29
     require at org/jruby/RubyKernel.java:966
  __script__ at /home/travis/.rvm/rubies/jruby-head/lib/ruby/stdlib/rubygems/core_ext/kernel_require.rb:54
      (root) at /home/travis/build/jruby/warbler/lib/warbler/jar.rb:1
     require at org/jruby/RubyKernel.java:966
  __script__ at /home/travis/.rvm/rubies/jruby-head/lib/ruby/stdlib/rubygems/core_ext/kernel_require.rb:54
      (root) at /home/travis/build/jruby/warbler/lib/warbler/jar.rb:8
     require at org/jruby/RubyKernel.java:966
      (root) at /home/travis/build/jruby/warbler/lib/warbler/task.rb:1
      (root) at /home/travis/build/jruby/warbler/lib/warbler/task.rb:11
     require at org/jruby/RubyKernel.java:966
      (root) at /home/travis/.rvm/rubies/jruby-head/lib/ruby/stdlib/rubygems/core_ext/kernel_require.rb:1
  __script__ at /home/travis/build/jruby/warbler/spec/drb_helper.rb:11

An error occurred in an after hook
  DRb::DRbConnError: druby://127.0.0.1:7890 - #<Errno::ECONNREFUSED: Connection refused - Connection refused>
  occurred at /home/travis/.rvm/rubies/jruby-head/lib/ruby/stdlib/drb/drb.rb:785:in `open_CLOSURE_1__open_0'

[31m    does not include the bundler cache directory (FAILED - 16)[0m
jruby: warning: unknown property jruby.cext.enabled
warning: --1.9 ignored
jruby: warning: unknown property jruby.cext.enabled
LoadError: no such file to load -- zip
     require at org/jruby/RubyKernel.java:966
  __script__ at /home/travis/.rvm/rubies/jruby-head/lib/ruby/stdlib/rubygems/core_ext/kernel_require.rb:54
      (root) at /home/travis/build/jruby/warbler/lib/warbler/zip_support.rb:29
     require at org/jruby/RubyKernel.java:966
  __script__ at /home/travis/.rvm/rubies/jruby-head/lib/ruby/stdlib/rubygems/core_ext/kernel_require.rb:54
      (root) at /home/travis/build/jruby/warbler/lib/warbler/jar.rb:1
     require at org/jruby/RubyKernel.java:966
  __script__ at /home/travis/.rvm/rubies/jruby-head/lib/ruby/stdlib/rubygems/core_ext/kernel_require.rb:54
      (root) at /home/travis/build/jruby/warbler/lib/warbler/jar.rb:8
     require at org/jruby/RubyKernel.java:966
      (root) at /home/travis/build/jruby/warbler/lib/warbler/task.rb:1
      (root) at /home/travis/build/jruby/warbler/lib/warbler/task.rb:11
     require at org/jruby/RubyKernel.java:966
      (root) at /home/travis/.rvm/rubies/jruby-head/lib/ruby/stdlib/rubygems/core_ext/kernel_require.rb:1
  __script__ at /home/travis/build/jruby/warbler/spec/drb_helper.rb:11

An error occurred in an after hook
  DRb::DRbConnError: druby://127.0.0.1:7890 - #<Errno::ECONNREFUSED: Connection refused - Connection refused>
  occurred at /home/travis/.rvm/rubies/jruby-head/lib/ruby/stdlib/drb/drb.rb:785:in `open_CLOSURE_1__open_0'

[31m    includes ENV['BUNDLE_FROZEN'] in init.rb (FAILED - 17)[0m
  when deployment
jruby: warning: unknown property jruby.cext.enabled
jruby: warning: unknown property jruby.cext.enabled
jruby: warning: unknown property jruby.cext.enabled
warning: --1.9 ignored
jruby: warning: unknown property jruby.cext.enabled
LoadError: no such file to load -- zip
     require at org/jruby/RubyKernel.java:966
  __script__ at /home/travis/.rvm/rubies/jruby-head/lib/ruby/stdlib/rubygems/core_ext/kernel_require.rb:54
      (root) at /home/travis/build/jruby/warbler/lib/warbler/zip_support.rb:29
     require at org/jruby/RubyKernel.java:966
  __script__ at /home/travis/.rvm/rubies/jruby-head/lib/ruby/stdlib/rubygems/core_ext/kernel_require.rb:54
      (root) at /home/travis/build/jruby/warbler/lib/warbler/jar.rb:1
     require at org/jruby/RubyKernel.java:966
  __script__ at /home/travis/.rvm/rubies/jruby-head/lib/ruby/stdlib/rubygems/core_ext/kernel_require.rb:54
      (root) at /home/travis/build/jruby/warbler/lib/warbler/jar.rb:8
     require at org/jruby/RubyKernel.java:966
      (root) at /home/travis/build/jruby/warbler/lib/warbler/task.rb:1
      (root) at /home/travis/build/jruby/warbler/lib/warbler/task.rb:11
     require at org/jruby/RubyKernel.java:966
      (root) at /home/travis/.rvm/rubies/jruby-head/lib/ruby/stdlib/rubygems/core_ext/kernel_require.rb:1
  __script__ at /home/travis/build/jruby/warbler/spec/drb_helper.rb:11

An error occurred in an after hook
  DRb::DRbConnError: druby://127.0.0.1:7890 - #<Errno::ECONNREFUSED: Connection refused - Connection refused>
  occurred at /home/travis/.rvm/rubies/jruby-head/lib/ruby/stdlib/drb/drb.rb:785:in `open_CLOSURE_1__open_0'

[31m    includes the bundler gem (FAILED - 18)[0m
  in a rack app
jruby: warning: unknown property jruby.cext.enabled
warning: --1.9 ignored
jruby: warning: unknown property jruby.cext.enabled
LoadError: no such file to load -- zip
     require at org/jruby/RubyKernel.java:966
  __script__ at /home/travis/.rvm/rubies/jruby-head/lib/ruby/stdlib/rubygems/core_ext/kernel_require.rb:54
      (root) at /home/travis/build/jruby/warbler/lib/warbler/zip_support.rb:29
     require at org/jruby/RubyKernel.java:966
  __script__ at /home/travis/.rvm/rubies/jruby-head/lib/ruby/stdlib/rubygems/core_ext/kernel_require.rb:54
      (root) at /home/travis/build/jruby/warbler/lib/warbler/jar.rb:1
     require at org/jruby/RubyKernel.java:966
  __script__ at /home/travis/.rvm/rubies/jruby-head/lib/ruby/stdlib/rubygems/core_ext/kernel_require.rb:54
      (root) at /home/travis/build/jruby/warbler/lib/warbler/jar.rb:8
     require at org/jruby/RubyKernel.java:966
      (root) at /home/travis/build/jruby/warbler/lib/warbler/task.rb:1
      (root) at /home/travis/build/jruby/warbler/lib/warbler/task.rb:11
     require at org/jruby/RubyKernel.java:966
      (root) at /home/travis/.rvm/rubies/jruby-head/lib/ruby/stdlib/rubygems/core_ext/kernel_require.rb:1
  __script__ at /home/travis/build/jruby/warbler/spec/drb_helper.rb:11

An error occurred in an after hook
  DRb::DRbConnError: druby://127.0.0.1:7890 - #<Errno::ECONNREFUSED: Connection refused - Connection refused>
  occurred at /home/travis/.rvm/rubies/jruby-head/lib/ruby/stdlib/drb/drb.rb:785:in `open_CLOSURE_1__open_0'

[31m    should have default load path (FAILED - 19)[0m

Warbler::Config
  in an unknown application
[32m    has suitable default values[0m
  in a web application
[32m    should have suitable default values[0m
[32m    should allow configuration through an initializer block[0m
[32m    should allow gems to be added/changed with =, +=, -=, <<[0m
[32m    should exclude log files by default[0m
[32m    should include log files if exclude_logs is false[0m
[32m    should exclude Warbler itself when run as a plugin[0m
[32m    should generate context parameters from the webxml openstruct[0m
[32m    should determine the context listener from the webxml.booter parameter[0m
[32m    should not include ignored webxml keys in the context params hash[0m
[32m    should have a helpful string representation for an empty key[0m
[32m    should HTML-escape all webxml keys and values[0m

Warbler::Gems
[32m  should accept a hash for initialization[0m
[32m  should accept an array for initialization[0m
[32m  should allow gems with a version[0m
[32m  should allow gems without an explicit version[0m
[32m  should allow to add gems[0m

Warbler::Jar
  in a jar project
[32m    detects a Jar trait[0m
[32m    collects java libraries[0m
[32m    adds a JarMain class[0m
[32m    adds an init.rb[0m
[32m    requires 'rubygems' in init.rb[0m
[32m    does not override ENV['GEM_HOME'] by default[0m
[32m    overrides ENV['GEM_HOME'] when override_gem_home is set[0m
[32m    adds a main.rb[0m
[32m    adds script_files[0m
[32m    accepts a custom manifest file[0m
[32m    accepts a MANIFEST.MF file if it exists in the project root[0m
[32m    does not add a manifest if one already exists[0m
[32m    creates a jar[0m
    with a .gemspec
[32m      detects a Gemspec trait[0m
[32m      detects gem dependencies[0m
[32m      sets load paths in init.rb[0m
[32m      loads the default executable in main.rb[0m
[32m      includes compiled .rb and .class files[0m
[32m      includes only specified dirs[0m
[32m      excludes .rb and .class files from compile[0m
[31m      compiles included gems when compile_gems is true (FAILED - 20)[0m
[32m      does not compile included gems by default[0m
    with a gemspec without a default executable
[32m      loads the first bin/executable in main.rb[0m
[32m      loads the specified bin/executable in main.rb[0m
    without a .gemspec
[32m      detects a NoGemspec trait[0m
[32m      collects gem files from configuration[0m
[32m      collects all project files in the directory[0m
[32m      sets load paths in init.rb[0m
[32m      loads the first bin/executable in main.rb[0m
[32m      loads the specified bin/executable in main.rb[0m
[32m      loads the bin/executable from other gem in main.rb[0m
[32m      does not set parameters in main.rb[0m
[32m      does set parameters in main.rb[0m
  in a war project
[32m    detects a War trait[0m
[32m    collects files in public[0m
[32m    collects gem files[0m
[32m    collects gem files with dependencies[0m
[32m    collects gem files without dependencies[0m
[32m    adds ENV['GEM_HOME'] to init.rb[0m
[32m    overrides ENV['GEM_HOME'] when override_gem_home is set[0m
[32m    does not include log files by default[0m
[32m    creates a web.xml file[0m
[32m    includes custom context parameters in web.xml[0m
[32m    allows one jndi resource to be included[0m
[32m    allows multiple jndi resources to be included[0m
[32m    does not include any ignored context parameters[0m
[32m    uses a config/web.xml if it exists[0m
[32m    uses a config/web.xml.erb if it exists[0m
[32m    collects java libraries[0m
[32m    collects application files[0m
[32m    accepts an autodeploy directory where the war should be created[0m
[32m    allows the jar extension to be customized[0m
[32m    can exclude files from the .war[0m
[32m    can exclude public files from the .war[0m
[32m    reads configuration from config/warble.rb[0m
[32m    fails if a gem is requested that is not installed[0m
[32m    allows specification of dependency by Gem::Dependency[0m
[32m    copies loose java classes to WEB-INF/classes[0m
[32m    does not try to autodetect frameworks when Warbler.framework_detection is false[0m
[32m    skips directories that don't exist in config.dirs and print a warning[0m
[32m    excludes Warbler's old tmp/war directory by default[0m
[32m    writes gems to location specified by gem_path[0m
[32m    allows adding additional WEB-INF files via config.webinf_files[0m
[32m    allows expanding of additional WEB-INF files via config.webinf_files[0m
[32m    excludes test files in gems according to config.gem_excludes[0m
[32m    creates a META-INF/init.rb file with startup config[0m
[32m    allows adjusting the init file location in the war[0m
[32m    allows adding custom files' contents to init.rb[0m
[32m    does not have escaped HTML in WARBLER_CONFIG[0m
    with embedded jar files
      with move_jars_to_webinf_lib set to true
[32m        moves jar files to WEB-INF/lib[0m
[32m        leaves jar files alone that are already in WEB-INF/lib[0m
      with move_jars_to_webinf_lib not set
[32m        moves jar files to WEB-INF/lib[0m
      with move_jars_to_webinf_lib set to regexp
[32m        moves jar files that match to WEB-INF/lib[0m
[32m        removes default jars not matched by filter from WEB-INF/lib[0m
    with the executable feature
[32m      adds WarMain (and JarMain) class[0m
    with the runnable feature
[32m      adds WarMain (and JarMain) class[0m
    in a Rails application
[32m      detects a Rails trait[0m
[32m      auto-detects a Rails application[0m
[32m      adds the rails.rb to the script files[0m
[32m      provides Rails gems by default, unless vendor/rails is present[0m
[32m      automatically adds Rails.configuration.gems to the list of gems[0m
[32m      adds RAILS_ENV to init.rb[0m
      with asset_pipeline
[32m        automatically adds asset pipeline manifest file to the included files[0m
      with threadsafe! enabled in production.rb
        it should behave like threaded environment
[32m          sets the jruby min and max runtimes to 1[0m
[32m          doesn't override already configured runtime numbers[0m
      with threadsafe! enabled in environment.rb
        it should behave like threaded environment
[32m          sets the jruby min and max runtimes to 1[0m
[32m          doesn't override already configured runtime numbers[0m
      with rails version 4
        When rails version is specified in Gemfile
          it should behave like threaded environment
[32m            sets the jruby min and max runtimes to 1[0m
[32m            doesn't override already configured runtime numbers[0m
          it should behave like asset pipeline
[32m            automatically adds asset pipeline manifest file to the included files[0m
        when rails version is not specified in Gemfile
          it should behave like threaded environment
[32m            sets the jruby min and max runtimes to 1[0m
[32m            doesn't override already configured runtime numbers[0m
          it should behave like asset pipeline
[32m            automatically adds asset pipeline manifest file to the included files[0m
    in a Merb application
[32m      detects a Merb trait[0m
[32m      auto-detects a Merb application[0m
[32m      automatically adds Merb::BootLoader::Dependencies.dependencies to the list of gems[0m
[32m      skips Merb development dependencies[0m
[32m      warns about using Merb < 1.0[0m
    in a Rack application
[32m      detects a Rack trait[0m
[32m      auto-detects a Rack application with a config.ru file[0m
[32m      adds RACK_ENV to init.rb[0m

Warbler::Jar with JBundler
  in a war project
jruby: warning: unknown property jruby.cext.enabled
warning: --1.9 ignored
jruby: warning: unknown property jruby.cext.enabled
LoadError: no such file to load -- zip
     require at org/jruby/RubyKernel.java:966
  __script__ at /home/travis/.rvm/rubies/jruby-head/lib/ruby/stdlib/rubygems/core_ext/kernel_require.rb:54
      (root) at /home/travis/build/jruby/warbler/lib/warbler/zip_support.rb:29
     require at org/jruby/RubyKernel.java:966
  __script__ at /home/travis/.rvm/rubies/jruby-head/lib/ruby/stdlib/rubygems/core_ext/kernel_require.rb:54
      (root) at /home/travis/build/jruby/warbler/lib/warbler/jar.rb:1
     require at org/jruby/RubyKernel.java:966
  __script__ at /home/travis/.rvm/rubies/jruby-head/lib/ruby/stdlib/rubygems/core_ext/kernel_require.rb:54
      (root) at /home/travis/build/jruby/warbler/lib/warbler/jar.rb:8
     require at org/jruby/RubyKernel.java:966
      (root) at /home/travis/build/jruby/warbler/lib/warbler/task.rb:1
      (root) at /home/travis/build/jruby/warbler/lib/warbler/task.rb:11
     require at org/jruby/RubyKernel.java:966
      (root) at /home/travis/.rvm/rubies/jruby-head/lib/ruby/stdlib/rubygems/core_ext/kernel_require.rb:1
  __script__ at /home/travis/build/jruby/warbler/spec/drb_helper.rb:11

An error occurred in an after hook
  DRb::DRbConnError: druby://127.0.0.1:7890 - #<Errno::ECONNREFUSED: Connection refused - Connection refused>
  occurred at /home/travis/.rvm/rubies/jruby-head/lib/ruby/stdlib/drb/drb.rb:785:in `open_CLOSURE_1__open_0'

[31m    detects a JBundler trait (FAILED - 21)[0m
jruby: warning: unknown property jruby.cext.enabled
warning: --1.9 ignored
jruby: warning: unknown property jruby.cext.enabled
LoadError: no such file to load -- zip
     require at org/jruby/RubyKernel.java:966
  __script__ at /home/travis/.rvm/rubies/jruby-head/lib/ruby/stdlib/rubygems/core_ext/kernel_require.rb:54
      (root) at /home/travis/build/jruby/warbler/lib/warbler/zip_support.rb:29
     require at org/jruby/RubyKernel.java:966
  __script__ at /home/travis/.rvm/rubies/jruby-head/lib/ruby/stdlib/rubygems/core_ext/kernel_require.rb:54
      (root) at /home/travis/build/jruby/warbler/lib/warbler/jar.rb:1
     require at org/jruby/RubyKernel.java:966
  __script__ at /home/travis/.rvm/rubies/jruby-head/lib/ruby/stdlib/rubygems/core_ext/kernel_require.rb:54
      (root) at /home/travis/build/jruby/warbler/lib/warbler/jar.rb:8
     require at org/jruby/RubyKernel.java:966
      (root) at /home/travis/build/jruby/warbler/lib/warbler/task.rb:1
      (root) at /home/travis/build/jruby/warbler/lib/warbler/task.rb:11
     require at org/jruby/RubyKernel.java:966
      (root) at /home/travis/.rvm/rubies/jruby-head/lib/ruby/stdlib/rubygems/core_ext/kernel_require.rb:1
  __script__ at /home/travis/build/jruby/warbler/spec/drb_helper.rb:11

An error occurred in an after hook
  DRb::DRbConnError: druby://127.0.0.1:7890 - #<Errno::ECONNREFUSED: Connection refused - Connection refused>
  occurred at /home/travis/.rvm/rubies/jruby-head/lib/ruby/stdlib/drb/drb.rb:785:in `open_CLOSURE_1__open_0'

[31m    detects a Jarfile and process only its jars (FAILED - 22)[0m
jruby: warning: unknown property jruby.cext.enabled
warning: --1.9 ignored
jruby: warning: unknown property jruby.cext.enabled
LoadError: no such file to load -- zip
     require at org/jruby/RubyKernel.java:966
  __script__ at /home/travis/.rvm/rubies/jruby-head/lib/ruby/stdlib/rubygems/core_ext/kernel_require.rb:54
      (root) at /home/travis/build/jruby/warbler/lib/warbler/zip_support.rb:29
     require at org/jruby/RubyKernel.java:966
  __script__ at /home/travis/.rvm/rubies/jruby-head/lib/ruby/stdlib/rubygems/core_ext/kernel_require.rb:54
      (root) at /home/travis/build/jruby/warbler/lib/warbler/jar.rb:1
     require at org/jruby/RubyKernel.java:966
  __script__ at /home/travis/.rvm/rubies/jruby-head/lib/ruby/stdlib/rubygems/core_ext/kernel_require.rb:54
      (root) at /home/travis/build/jruby/warbler/lib/warbler/jar.rb:8
     require at org/jruby/RubyKernel.java:966
      (root) at /home/travis/build/jruby/warbler/lib/warbler/task.rb:1
      (root) at /home/travis/build/jruby/warbler/lib/warbler/task.rb:11
     require at org/jruby/RubyKernel.java:966
      (root) at /home/travis/.rvm/rubies/jruby-head/lib/ruby/stdlib/rubygems/core_ext/kernel_require.rb:1
  __script__ at /home/travis/build/jruby/warbler/spec/drb_helper.rb:11

An error occurred in an after hook
  DRb::DRbConnError: druby://127.0.0.1:7890 - #<Errno::ECONNREFUSED: Connection refused - Connection refused>
  occurred at /home/travis/.rvm/rubies/jruby-head/lib/ruby/stdlib/drb/drb.rb:785:in `open_CLOSURE_1__open_0'

[31m    copies jars from jbundler classpath into the war (FAILED - 23)[0m
jruby: warning: unknown property jruby.cext.enabled
warning: --1.9 ignored
jruby: warning: unknown property jruby.cext.enabled
LoadError: no such file to load -- zip
     require at org/jruby/RubyKernel.java:966
  __script__ at /home/travis/.rvm/rubies/jruby-head/lib/ruby/stdlib/rubygems/core_ext/kernel_require.rb:54
      (root) at /home/travis/build/jruby/warbler/lib/warbler/zip_support.rb:29
     require at org/jruby/RubyKernel.java:966
  __script__ at /home/travis/.rvm/rubies/jruby-head/lib/ruby/stdlib/rubygems/core_ext/kernel_require.rb:54
      (root) at /home/travis/build/jruby/warbler/lib/warbler/jar.rb:1
     require at org/jruby/RubyKernel.java:966
  __script__ at /home/travis/.rvm/rubies/jruby-head/lib/ruby/stdlib/rubygems/core_ext/kernel_require.rb:54
      (root) at /home/travis/build/jruby/warbler/lib/warbler/jar.rb:8
     require at org/jruby/RubyKernel.java:966
      (root) at /home/travis/build/jruby/warbler/lib/warbler/task.rb:1
      (root) at /home/travis/build/jruby/warbler/lib/warbler/task.rb:11
     require at org/jruby/RubyKernel.java:966
      (root) at /home/travis/.rvm/rubies/jruby-head/lib/ruby/stdlib/rubygems/core_ext/kernel_require.rb:1
  __script__ at /home/travis/build/jruby/warbler/spec/drb_helper.rb:11

An error occurred in an after hook
  DRb::DRbConnError: druby://127.0.0.1:7890 - #<Errno::ECONNREFUSED: Connection refused - Connection refused>
  occurred at /home/travis/.rvm/rubies/jruby-head/lib/ruby/stdlib/drb/drb.rb:785:in `open_CLOSURE_1__open_0'

[31m    adds JBUNDLE_SKIP to init.rb (FAILED - 24)[0m
jruby: warning: unknown property jruby.cext.enabled
warning: --1.9 ignored
jruby: warning: unknown property jruby.cext.enabled
LoadError: no such file to load -- zip
     require at org/jruby/RubyKernel.java:966
  __script__ at /home/travis/.rvm/rubies/jruby-head/lib/ruby/stdlib/rubygems/core_ext/kernel_require.rb:54
      (root) at /home/travis/build/jruby/warbler/lib/warbler/zip_support.rb:29
     require at org/jruby/RubyKernel.java:966
  __script__ at /home/travis/.rvm/rubies/jruby-head/lib/ruby/stdlib/rubygems/core_ext/kernel_require.rb:54
      (root) at /home/travis/build/jruby/warbler/lib/warbler/jar.rb:1
     require at org/jruby/RubyKernel.java:966
  __script__ at /home/travis/.rvm/rubies/jruby-head/lib/ruby/stdlib/rubygems/core_ext/kernel_require.rb:54
      (root) at /home/travis/build/jruby/warbler/lib/warbler/jar.rb:8
     require at org/jruby/RubyKernel.java:966
      (root) at /home/travis/build/jruby/warbler/lib/warbler/task.rb:1
      (root) at /home/travis/build/jruby/warbler/lib/warbler/task.rb:11
     require at org/jruby/RubyKernel.java:966
      (root) at /home/travis/.rvm/rubies/jruby-head/lib/ruby/stdlib/rubygems/core_ext/kernel_require.rb:1
  __script__ at /home/travis/build/jruby/warbler/spec/drb_helper.rb:11

An error occurred in an after hook
  DRb::DRbConnError: druby://127.0.0.1:7890 - #<Errno::ECONNREFUSED: Connection refused - Connection refused>
  occurred at /home/travis/.rvm/rubies/jruby-head/lib/ruby/stdlib/drb/drb.rb:785:in `open_CLOSURE_1__open_0'

[31m    uses ENV['JBUNDLE_JARFILE'] if set (FAILED - 25)[0m
  when locked down
jruby: warning: unknown property jruby.cext.enabled
warning: --1.9 ignored
jruby: warning: unknown property jruby.cext.enabled
LoadError: no such file to load -- zip
     require at org/jruby/RubyKernel.java:966
  __script__ at /home/travis/.rvm/rubies/jruby-head/lib/ruby/stdlib/rubygems/core_ext/kernel_require.rb:54
      (root) at /home/travis/build/jruby/warbler/lib/warbler/zip_support.rb:29
     require at org/jruby/RubyKernel.java:966
  __script__ at /home/travis/.rvm/rubies/jruby-head/lib/ruby/stdlib/rubygems/core_ext/kernel_require.rb:54
      (root) at /home/travis/build/jruby/warbler/lib/warbler/jar.rb:1
     require at org/jruby/RubyKernel.java:966
  __script__ at /home/travis/.rvm/rubies/jruby-head/lib/ruby/stdlib/rubygems/core_ext/kernel_require.rb:54
      (root) at /home/travis/build/jruby/warbler/lib/warbler/jar.rb:8
     require at org/jruby/RubyKernel.java:966
      (root) at /home/travis/build/jruby/warbler/lib/warbler/task.rb:1
      (root) at /home/travis/build/jruby/warbler/lib/warbler/task.rb:11
     require at org/jruby/RubyKernel.java:966
      (root) at /home/travis/.rvm/rubies/jruby-head/lib/ruby/stdlib/rubygems/core_ext/kernel_require.rb:1
  __script__ at /home/travis/build/jruby/warbler/spec/drb_helper.rb:11

An error occurred in an after hook
  DRb::DRbConnError: druby://127.0.0.1:7890 - #<Errno::ECONNREFUSED: Connection refused - Connection refused>
  occurred at /home/travis/.rvm/rubies/jruby-head/lib/ruby/stdlib/drb/drb.rb:785:in `open_CLOSURE_1__open_0'

[31m    does not include the jbundler gem (as it is in the development group) (FAILED - 26)[0m
jruby: warning: unknown property jruby.cext.enabled
warning: --1.9 ignored
jruby: warning: unknown property jruby.cext.enabled
LoadError: no such file to load -- zip
     require at org/jruby/RubyKernel.java:966
  __script__ at /home/travis/.rvm/rubies/jruby-head/lib/ruby/stdlib/rubygems/core_ext/kernel_require.rb:54
      (root) at /home/travis/build/jruby/warbler/lib/warbler/zip_support.rb:29
     require at org/jruby/RubyKernel.java:966
  __script__ at /home/travis/.rvm/rubies/jruby-head/lib/ruby/stdlib/rubygems/core_ext/kernel_require.rb:54
      (root) at /home/travis/build/jruby/warbler/lib/warbler/jar.rb:1
     require at org/jruby/RubyKernel.java:966
  __script__ at /home/travis/.rvm/rubies/jruby-head/lib/ruby/stdlib/rubygems/core_ext/kernel_require.rb:54
      (root) at /home/travis/build/jruby/warbler/lib/warbler/jar.rb:8
     require at org/jruby/RubyKernel.java:966
      (root) at /home/travis/build/jruby/warbler/lib/warbler/task.rb:1
      (root) at /home/travis/build/jruby/warbler/lib/warbler/task.rb:11
     require at org/jruby/RubyKernel.java:966
      (root) at /home/travis/.rvm/rubies/jruby-head/lib/ruby/stdlib/rubygems/core_ext/kernel_require.rb:1
  __script__ at /home/travis/build/jruby/warbler/spec/drb_helper.rb:11

An error occurred in an after hook
  DRb::DRbConnError: druby://127.0.0.1:7890 - #<Errno::ECONNREFUSED: Connection refused - Connection refused>
  occurred at /home/travis/.rvm/rubies/jruby-head/lib/ruby/stdlib/drb/drb.rb:785:in `open_CLOSURE_1__open_0'

[31m    does not include the jbundler runtime config (FAILED - 27)[0m

Warbler::Task
[32m  should define a clean task for removing the war file[0m
[32m  should define a make_gemjar task for storing gems in a jar file[0m
[32m  should define a war task for bundling up everything[0m
[32m  should define a jar task for creating the .war[0m
[32m  should invoke feature tasks configured in config.features[0m
[32m  should warn and skip unknown features configured in config.features[0m
[32m  should define an executable task for embedding a server in the war file[0m
[32m  should be able to define all tasks successfully[0m
[32m  should compile any ruby files specified[0m
[32m  should compile ruby 1.9 mode[0m
[32m  should allow bytecode version in config[0m
[32m  should delete .class files after finishing the jar[0m
  where symlinks are available
[32m    should process symlinks by storing a file in the archive that has the same contents as the source[0m
[32m    should process directory symlinks by copying the whole subdirectory[0m
  with a Bundler Gemfile
jruby: warning: unknown property jruby.cext.enabled
warning: --1.9 ignored
jruby: warning: unknown property jruby.cext.enabled
LoadError: no such file to load -- zip
     require at org/jruby/RubyKernel.java:966
  __script__ at /home/travis/.rvm/rubies/jruby-head/lib/ruby/stdlib/rubygems/core_ext/kernel_require.rb:54
      (root) at /home/travis/build/jruby/warbler/lib/warbler/zip_support.rb:29
     require at org/jruby/RubyKernel.java:966
  __script__ at /home/travis/.rvm/rubies/jruby-head/lib/ruby/stdlib/rubygems/core_ext/kernel_require.rb:54
      (root) at /home/travis/build/jruby/warbler/lib/warbler/jar.rb:1
     require at org/jruby/RubyKernel.java:966
  __script__ at /home/travis/.rvm/rubies/jruby-head/lib/ruby/stdlib/rubygems/core_ext/kernel_require.rb:54
      (root) at /home/travis/build/jruby/warbler/lib/warbler/jar.rb:8
     require at org/jruby/RubyKernel.java:966
      (root) at /home/travis/build/jruby/warbler/lib/warbler/task.rb:1
      (root) at /home/travis/build/jruby/warbler/lib/warbler/task.rb:11
     require at org/jruby/RubyKernel.java:966
      (root) at /home/travis/.rvm/rubies/jruby-head/lib/ruby/stdlib/rubygems/core_ext/kernel_require.rb:1
  __script__ at /home/travis/build/jruby/warbler/spec/drb_helper.rb:11

An error occurred in an after hook
  DRb::DRbConnError: druby://127.0.0.1:7890 - #<Errno::ECONNREFUSED: Connection refused - Connection refused>
  occurred at /home/travis/.rvm/rubies/jruby-head/lib/ruby/stdlib/drb/drb.rb:785:in `open_CLOSURE_1__open_0'


An error occurred in an after hook
  DRb::DRbConnError: druby://127.0.0.1:7890 - #<Errno::ECONNREFUSED: Connection refused - Connection refused>
  occurred at /home/travis/.rvm/rubies/jruby-head/lib/ruby/stdlib/drb/drb.rb:785:in `open_CLOSURE_1__open_0'

[31m    includes gems from the Gemfile (FAILED - 28)[0m

Debug targets
[32m  should print out lists of files[0m

Warbler::Traits
[32m  are ordered by fewer dependencies first[0m

Warbler::War
[32m  is deprecated, replace occurrences with Warbler::Jar[0m

Warbler::WebServer::Artifact
[32m  uses default (maven) local repository[0m
[32m  detects a custom maven repository setting[0m

Failures:

  1) Warbler::Jar with Bundler in a war project detects a Bundler trait
     [31mFailure/Error:[0m [31mlet(:config) { drbclient.config(@extra_config) }[0m
     [31mDRb::DRbConnError[0m:
       [31mdruby://127.0.0.1:7890 - #<Errno::ECONNREFUSED: Connection refused - Connection refused>[0m
[36m     # ./spec/warbler/bundler_spec.rb:24:in `config'[0m
[36m     # ./spec/warbler/bundler_spec.rb:36:in `(root)'[0m

  2) Warbler::Jar with Bundler in a war project detects a Gemfile and process only its gems
     [31mFailure/Error:[0m [31mlet(:jar) { drbclient.jar }[0m
     [31mDRb::DRbConnError[0m:
       [31mdruby://127.0.0.1:7890 - #<Errno::ECONNREFUSED: Connection refused - Connection refused>[0m
[36m     # ./spec/warbler/bundler_spec.rb:25:in `jar'[0m
[36m     # ./spec/warbler/bundler_spec.rb:43:in `(root)'[0m

  3) Warbler::Jar with Bundler in a war project copies Gemfiles into the war
     [31mFailure/Error:[0m [31mlet(:jar) { drbclient.jar }[0m
     [31mDRb::DRbConnError[0m:
       [31mdruby://127.0.0.1:7890 - #<Errno::ECONNREFUSED: Connection refused - Connection refused>[0m
[36m     # ./spec/warbler/bundler_spec.rb:25:in `jar'[0m
[36m     # ./spec/warbler/bundler_spec.rb:51:in `(root)'[0m

  4) Warbler::Jar with Bundler in a war project allows overriding of the gem path when using Bundler
     [31mFailure/Error:[0m [31mlet(:jar) { drbclient.jar }[0m
     [31mDRb::DRbConnError[0m:
       [31mdruby://127.0.0.1:7890 - #<Errno::ECONNREFUSED: Connection refused - Connection refused>[0m
[36m     # ./spec/warbler/bundler_spec.rb:25:in `jar'[0m
[36m     # ./spec/warbler/bundler_spec.rb:60:in `(root)'[0m

  5) Warbler::Jar with Bundler in a war project bundles only the gemspec for :git entries that are excluded
     [31mFailure/Error:[0m [31mlet(:jar) { drbclient.jar }[0m
     [31mDRb::DRbConnError[0m:
       [31mdruby://127.0.0.1:7890 - #<Errno::ECONNREFUSED: Connection refused - Connection refused>[0m
[36m     # ./spec/warbler/bundler_spec.rb:25:in `jar'[0m
[36m     # ./spec/warbler/bundler_spec.rb:96:in `(root)'[0m

  6) Warbler::Jar with Bundler in a war project does not work with :path entries in Gemfiles
     [31mFailure/Error:[0m [31mlet(:jar) { drbclient.jar }[0m
     [31mDRb::DRbConnError[0m:
       [31mdruby://127.0.0.1:7890 - #<Errno::ECONNREFUSED: Connection refused - Connection refused>[0m
[36m     # ./spec/warbler/bundler_spec.rb:25:in `jar'[0m
[36m     # ./spec/warbler/bundler_spec.rb:104:in `(root)'[0m
[36m     # ./spec/warbler/bundler_spec.rb:104:in `(root)'[0m

  7) Warbler::Jar with Bundler in a war project does not bundle dependencies in the test group by default
     [31mFailure/Error:[0m [31mlet(:jar) { drbclient.jar }[0m
     [31mDRb::DRbConnError[0m:
       [31mdruby://127.0.0.1:7890 - #<Errno::ECONNREFUSED: Connection refused - Connection refused>[0m
[36m     # ./spec/warbler/bundler_spec.rb:25:in `jar'[0m
[36m     # ./spec/warbler/bundler_spec.rb:110:in `(root)'[0m

  8) Warbler::Jar with Bundler in a war project adds BUNDLE_WITHOUT to init.rb
     [31mFailure/Error:[0m [31mlet(:jar) { drbclient.jar }[0m
     [31mDRb::DRbConnError[0m:
       [31mdruby://127.0.0.1:7890 - #<Errno::ECONNREFUSED: Connection refused - Connection refused>[0m
[36m     # ./spec/warbler/bundler_spec.rb:25:in `jar'[0m
[36m     # ./spec/warbler/bundler_spec.rb:118:in `(root)'[0m

  9) Warbler::Jar with Bundler in a war project adds BUNDLE_GEMFILE to init.rb
     [31mFailure/Error:[0m [31mlet(:jar) { drbclient.jar }[0m
     [31mDRb::DRbConnError[0m:
       [31mdruby://127.0.0.1:7890 - #<Errno::ECONNREFUSED: Connection refused - Connection refused>[0m
[36m     # ./spec/warbler/bundler_spec.rb:25:in `jar'[0m
[36m     # ./spec/warbler/bundler_spec.rb:125:in `(root)'[0m

  10) Warbler::Jar with Bundler in a war project uses ENV['BUNDLE_GEMFILE'] if set
     [31mFailure/Error:[0m [31mlet(:config) { drbclient.config(@extra_config) }[0m
     [31mDRb::DRbConnError[0m:
       [31mdruby://127.0.0.1:7890 - #<Errno::ECONNREFUSED: Connection refused - Connection refused>[0m
[36m     # ./spec/warbler/bundler_spec.rb:24:in `config'[0m
[36m     # ./spec/warbler/bundler_spec.rb:133:in `(root)'[0m

  11) Warbler::Jar with Bundler in a war project with :git entries in the Gemfile works with :git entries in Gemfiles
     [31mFailure/Error:[0m [31mlet(:jar) { drbclient.jar }[0m
     [31mDRb::DRbConnError[0m:
       [31mdruby://127.0.0.1:7890 - #<Errno::ECONNREFUSED: Connection refused - Connection refused>[0m
[36m     # ./spec/warbler/bundler_spec.rb:25:in `jar'[0m
[36m     # ./spec/warbler/bundler_spec.rb:71:in `(root)'[0m

  12) Warbler::Jar with Bundler in a war project with :git entries in the Gemfile can run commands in the generated warfile
     [31mFailure/Error:[0m [31mlet(:jar) { drbclient.jar }[0m
     [31mDRb::DRbConnError[0m:
       [31mdruby://127.0.0.1:7890 - #<Errno::ECONNREFUSED: Connection refused - Connection refused>[0m
[36m     # ./spec/warbler/bundler_spec.rb:25:in `jar'[0m
[36m     # ./spec/warbler/bundler_spec.rb:81:in `(root)'[0m

  13) Warbler::Jar with Bundler in a jar project works with :git entries in Gemfiles
     [31mFailure/Error:[0m [31mlet(:jar) { drbclient.jar }[0m
     [31mDRb::DRbConnError[0m:
       [31mdruby://127.0.0.1:7890 - #<Errno::ECONNREFUSED: Connection refused - Connection refused>[0m
[36m     # ./spec/warbler/bundler_spec.rb:25:in `jar'[0m
[36m     # ./spec/warbler/bundler_spec.rb:144:in `(root)'[0m

  14) Warbler::Jar with Bundler in a jar project adds BUNDLE_GEMFILE to init.rb
     [31mFailure/Error:[0m [31mlet(:jar) { drbclient.jar }[0m
     [31mDRb::DRbConnError[0m:
       [31mdruby://127.0.0.1:7890 - #<Errno::ECONNREFUSED: Connection refused - Connection refused>[0m
[36m     # ./spec/warbler/bundler_spec.rb:25:in `jar'[0m
[36m     # ./spec/warbler/bundler_spec.rb:154:in `(root)'[0m

  15) Warbler::Jar with Bundler when frozen includes the bundler gem
     [31mFailure/Error:[0m [31mlet(:jar) { drbclient.jar }[0m
     [31mDRb::DRbConnError[0m:
       [31mdruby://127.0.0.1:7890 - #<Errno::ECONNREFUSED: Connection refused - Connection refused>[0m
[36m     # ./spec/warbler/bundler_spec.rb:25:in `jar'[0m
[36m     # ./spec/warbler/bundler_spec.rb:164:in `(root)'[0m

  16) Warbler::Jar with Bundler when frozen does not include the bundler cache directory
     [31mFailure/Error:[0m [31mlet(:jar) { drbclient.jar }[0m
     [31mDRb::DRbConnError[0m:
       [31mdruby://127.0.0.1:7890 - #<Errno::ECONNREFUSED: Connection refused - Connection refused>[0m
[36m     # ./spec/warbler/bundler_spec.rb:25:in `jar'[0m
[36m     # ./spec/warbler/bundler_spec.rb:170:in `(root)'[0m

  17) Warbler::Jar with Bundler when frozen includes ENV['BUNDLE_FROZEN'] in init.rb
     [31mFailure/Error:[0m [31mlet(:jar) { drbclient.jar }[0m
     [31mDRb::DRbConnError[0m:
       [31mdruby://127.0.0.1:7890 - #<Errno::ECONNREFUSED: Connection refused - Connection refused>[0m
[36m     # ./spec/warbler/bundler_spec.rb:25:in `jar'[0m
[36m     # ./spec/warbler/bundler_spec.rb:175:in `(root)'[0m

  18) Warbler::Jar with Bundler when deployment includes the bundler gem
     [31mFailure/Error:[0m [31mlet(:jar) { drbclient.jar }[0m
     [31mDRb::DRbConnError[0m:
       [31mdruby://127.0.0.1:7890 - #<Errno::ECONNREFUSED: Connection refused - Connection refused>[0m
[36m     # ./spec/warbler/bundler_spec.rb:25:in `jar'[0m
[36m     # ./spec/warbler/bundler_spec.rb:186:in `(root)'[0m

  19) Warbler::Jar with Bundler in a rack app should have default load path
     [31mFailure/Error:[0m [31mlet(:jar) { drbclient.jar }[0m
     [31mDRb::DRbConnError[0m:
       [31mdruby://127.0.0.1:7890 - #<Errno::ECONNREFUSED: Connection refused - Connection refused>[0m
[36m     # ./spec/warbler/bundler_spec.rb:25:in `jar'[0m
[36m     # ./spec/warbler/bundler_spec.rb:198:in `(root)'[0m

  20) Warbler::Jar in a jar project with a .gemspec compiles included gems when compile_gems is true
     [31mFailure/Error:[0m [31mfile_list(%r{gems.*\.class$}).size.should == 73[0m
       [31mexpected: 73[0m
       [31m     got: 80 (using ==)[0m
[36m     # ./spec/warbler/jar_spec.rb:187:in `(root)'[0m

  21) Warbler::Jar with JBundler in a war project detects a JBundler trait
     [31mFailure/Error:[0m [31mlet(:config) { drbclient.config(@extra_config) }[0m
     [31mDRb::DRbConnError[0m:
       [31mdruby://127.0.0.1:7890 - #<Errno::ECONNREFUSED: Connection refused - Connection refused>[0m
[36m     # ./spec/warbler/jbundler_spec.rb:23:in `config'[0m
[36m     # ./spec/warbler/jbundler_spec.rb:36:in `(root)'[0m

  22) Warbler::Jar with JBundler in a war project detects a Jarfile and process only its jars
     [31mFailure/Error:[0m [31mlet(:jar) { drbclient.jar }[0m
     [31mDRb::DRbConnError[0m:
       [31mdruby://127.0.0.1:7890 - #<Errno::ECONNREFUSED: Connection refused - Connection refused>[0m
[36m     # ./spec/warbler/jbundler_spec.rb:24:in `jar'[0m
[36m     # ./spec/warbler/jbundler_spec.rb:43:in `(root)'[0m

  23) Warbler::Jar with JBundler in a war project copies jars from jbundler classpath into the war
     [31mFailure/Error:[0m [31mlet(:jar) { drbclient.jar }[0m
     [31mDRb::DRbConnError[0m:
       [31mdruby://127.0.0.1:7890 - #<Errno::ECONNREFUSED: Connection refused - Connection refused>[0m
[36m     # ./spec/warbler/jbundler_spec.rb:24:in `jar'[0m
[36m     # ./spec/warbler/jbundler_spec.rb:50:in `(root)'[0m

  24) Warbler::Jar with JBundler in a war project adds JBUNDLE_SKIP to init.rb
     [31mFailure/Error:[0m [31mlet(:jar) { drbclient.jar }[0m
     [31mDRb::DRbConnError[0m:
       [31mdruby://127.0.0.1:7890 - #<Errno::ECONNREFUSED: Connection refused - Connection refused>[0m
[36m     # ./spec/warbler/jbundler_spec.rb:24:in `jar'[0m
[36m     # ./spec/warbler/jbundler_spec.rb:55:in `(root)'[0m

  25) Warbler::Jar with JBundler in a war project uses ENV['JBUNDLE_JARFILE'] if set
     [31mFailure/Error:[0m [31mlet(:config) { drbclient.config(@extra_config) }[0m
     [31mDRb::DRbConnError[0m:
       [31mdruby://127.0.0.1:7890 - #<Errno::ECONNREFUSED: Connection refused - Connection refused>[0m
[36m     # ./spec/warbler/jbundler_spec.rb:23:in `config'[0m
[36m     # ./spec/warbler/jbundler_spec.rb:63:in `(root)'[0m

  26) Warbler::Jar with JBundler when locked down does not include the jbundler gem (as it is in the development group)
     [31mFailure/Error:[0m [31mlet(:jar) { drbclient.jar }[0m
     [31mDRb::DRbConnError[0m:
       [31mdruby://127.0.0.1:7890 - #<Errno::ECONNREFUSED: Connection refused - Connection refused>[0m
[36m     # ./spec/warbler/jbundler_spec.rb:24:in `jar'[0m
[36m     # ./spec/warbler/jbundler_spec.rb:72:in `(root)'[0m

  27) Warbler::Jar with JBundler when locked down does not include the jbundler runtime config
     [31mFailure/Error:[0m [31mlet(:jar) { drbclient.jar }[0m
     [31mDRb::DRbConnError[0m:
       [31mdruby://127.0.0.1:7890 - #<Errno::ECONNREFUSED: Connection refused - Connection refused>[0m
[36m     # ./spec/warbler/jbundler_spec.rb:24:in `jar'[0m
[36m     # ./spec/warbler/jbundler_spec.rb:79:in `(root)'[0m

  28) Warbler::Task with a Bundler Gemfile includes gems from the Gemfile
     [31mFailure/Error:[0m [31mdrbclient.run_task "warble"[0m
     [31mDRb::DRbConnError[0m:
       [31mdruby://127.0.0.1:7890 - #<Errno::ECONNREFUSED: Connection refused - Connection refused>[0m
[36m     # ./spec/warbler/task_spec.rb:199:in `(root)'[0m

Finished in 32 minutes 28 seconds
[31m173 examples, 28 failures[0m

Failed examples:

[31mrspec ./spec/warbler/bundler_spec.rb:35[0m [36m# Warbler::Jar with Bundler in a war project detects a Bundler trait[0m
[31mrspec ./spec/warbler/bundler_spec.rb:39[0m [36m# Warbler::Jar with Bundler in a war project detects a Gemfile and process only its gems[0m
[31mrspec ./spec/warbler/bundler_spec.rb:49[0m [36m# Warbler::Jar with Bundler in a war project copies Gemfiles into the war[0m
[31mrspec ./spec/warbler/bundler_spec.rb:56[0m [36m# Warbler::Jar with Bundler in a war project allows overriding of the gem path when using Bundler[0m
[31mrspec ./spec/warbler/bundler_spec.rb:93[0m [36m# Warbler::Jar with Bundler in a war project bundles only the gemspec for :git entries that are excluded[0m
[31mrspec ./spec/warbler/bundler_spec.rb:101[0m [36m# Warbler::Jar with Bundler in a war project does not work with :path entries in Gemfiles[0m
[31mrspec ./spec/warbler/bundler_spec.rb:108[0m [36m# Warbler::Jar with Bundler in a war project does not bundle dependencies in the test group by default[0m
[31mrspec ./spec/warbler/bundler_spec.rb:117[0m [36m# Warbler::Jar with Bundler in a war project adds BUNDLE_WITHOUT to init.rb[0m
[31mrspec ./spec/warbler/bundler_spec.rb:124[0m [36m# Warbler::Jar with Bundler in a war project adds BUNDLE_GEMFILE to init.rb[0m
[31mrspec ./spec/warbler/bundler_spec.rb:130[0m [36m# Warbler::Jar with Bundler in a war project uses ENV['BUNDLE_GEMFILE'] if set[0m
[31mrspec ./spec/warbler/bundler_spec.rb:70[0m [36m# Warbler::Jar with Bundler in a war project with :git entries in the Gemfile works with :git entries in Gemfiles[0m
[31mrspec ./spec/warbler/bundler_spec.rb:76[0m [36m# Warbler::Jar with Bundler in a war project with :git entries in the Gemfile can run commands in the generated warfile[0m
[31mrspec ./spec/warbler/bundler_spec.rb:141[0m [36m# Warbler::Jar with Bundler in a jar project works with :git entries in Gemfiles[0m
[31mrspec ./spec/warbler/bundler_spec.rb:152[0m [36m# Warbler::Jar with Bundler in a jar project adds BUNDLE_GEMFILE to init.rb[0m
[31mrspec ./spec/warbler/bundler_spec.rb:163[0m [36m# Warbler::Jar with Bundler when frozen includes the bundler gem[0m
[31mrspec ./spec/warbler/bundler_spec.rb:169[0m [36m# Warbler::Jar with Bundler when frozen does not include the bundler cache directory[0m
[31mrspec ./spec/warbler/bundler_spec.rb:174[0m [36m# Warbler::Jar with Bundler when frozen includes ENV['BUNDLE_FROZEN'] in init.rb[0m
[31mrspec ./spec/warbler/bundler_spec.rb:184[0m [36m# Warbler::Jar with Bundler when deployment includes the bundler gem[0m
[31mrspec ./spec/warbler/bundler_spec.rb:197[0m [36m# Warbler::Jar with Bundler in a rack app should have default load path[0m
[31mrspec ./spec/warbler/jar_spec.rb:180[0m [36m# Warbler::Jar in a jar project with a .gemspec compiles included gems when compile_gems is true[0m
[31mrspec ./spec/warbler/jbundler_spec.rb:35[0m [36m# Warbler::Jar with JBundler in a war project detects a JBundler trait[0m
[31mrspec ./spec/warbler/jbundler_spec.rb:39[0m [36m# Warbler::Jar with JBundler in a war project detects a Jarfile and process only its jars[0m
[31mrspec ./spec/warbler/jbundler_spec.rb:47[0m [36m# Warbler::Jar with JBundler in a war project copies jars from jbundler classpath into the war[0m
[31mrspec ./spec/warbler/jbundler_spec.rb:54[0m [36m# Warbler::Jar with JBundler in a war project adds JBUNDLE_SKIP to init.rb[0m
[31mrspec ./spec/warbler/jbundler_spec.rb:60[0m [36m# Warbler::Jar with JBundler in a war project uses ENV['JBUNDLE_JARFILE'] if set[0m
[31mrspec ./spec/warbler/jbundler_spec.rb:70[0m [36m# Warbler::Jar with JBundler when locked down does not include the jbundler gem (as it is in the development group)[0m
[31mrspec ./spec/warbler/jbundler_spec.rb:77[0m [36m# Warbler::Jar with JBundler when locked down does not include the jbundler runtime config[0m
[31mrspec ./spec/warbler/task_spec.rb:195[0m [36m# Warbler::Task with a Bundler Gemfile includes gems from the Gemfile[0m
/home/travis/.rvm/rubies/jruby-head/bin/jruby -S rspec ./spec/warbler/application_spec.rb ./spec/warbler/bundler_spec.rb ./spec/warbler/config_spec.rb ./spec/warbler/gems_spec.rb ./spec/warbler/jar_spec.rb ./spec/warbler/jbundler_spec.rb ./spec/warbler/task_spec.rb ./spec/warbler/traits_spec.rb ./spec/warbler/war_spec.rb ./spec/warbler/web_server_spec.rb --color --format documentation failed
travis_time:end:0a7509ce:start=1425493928188999994,finish=1425495920245633867,duration=1992056633873[0K
[31;1mThe command "bundle exec rake" exited with 1.[0m

Done. Your build exited with 1.
