Using worker: worker-linux-08b40318-2.bb.travis-ci.org:travis-linux-11

travis_fold:start:system_info[0K[33;1mBuild system information[0m
Build language: ruby
[34m[1mBuild image provisioning date and time[0m
Wed Feb  4 18:22:50 UTC 2015
[34m[1mOperating System Details[0m
Distributor ID:	Ubuntu
Description:	Ubuntu 12.04 LTS
Release:	12.04
Codename:	precise
[34m[1mLinux Version[0m
2.6.32-042stab090.5
[34m[1mCookbooks Version[0m
23bb455 https://github.com/travis-ci/travis-cookbooks/tree/23bb455
[34m[1mGCC version[0m
gcc (Ubuntu/Linaro 4.6.3-1ubuntu5) 4.6.3
Copyright (C) 2011 Free Software Foundation, Inc.
This is free software; see the source for copying conditions.  There is NO
warranty; not even for MERCHANTABILITY or FITNESS FOR A PARTICULAR PURPOSE.

[34m[1mLLVM version[0m
clang version 3.4 (tags/RELEASE_34/final)
Target: x86_64-unknown-linux-gnu
Thread model: posix
[34m[1mPre-installed Ruby versions[0m
ruby-1.9.3-p551
[34m[1mPre-installed Node.js versions[0m
v0.10.36
[34m[1mPre-installed Go versions[0m
1.4.1
[34m[1mRedis version[0m
redis-server 2.8.19
[34m[1mriak version[0m
2.0.2
[34m[1mMongoDB version[0m
MongoDB 2.4.12
[34m[1mCouchDB version[0m
couchdb 1.6.1
[34m[1mNeo4j version[0m
1.9.4
[34m[1mCassandra version[0m
2.0.9
[34m[1mRabbitMQ Version[0m
3.4.3
[34m[1mElasticSearch version[0m
1.4.0
[34m[1mInstalled Sphinx versions[0m
2.0.10
2.1.9
2.2.6
[34m[1mDefault Sphinx version[0m
2.2.6
[34m[1mInstalled Firefox version[0m
firefox 31.0esr
[34m[1mPhantomJS version[0m
1.9.8
[34m[1mant -version[0m
Apache Ant(TM) version 1.8.2 compiled on December 3 2011
[34m[1mmvn -version[0m
Apache Maven 3.2.5 (12a6b3acb947671f09b81f49094c53f426d8cea1; 2014-12-14T17:29:23+00:00)
Maven home: /usr/local/maven
Java version: 1.7.0_76, vendor: Oracle Corporation
Java home: /usr/lib/jvm/java-7-oracle/jre
Default locale: en, platform encoding: UTF-8
OS name: "linux", version: "2.6.32-042stab090.5", arch: "amd64", family: "unix"
travis_fold:end:system_info[0K
travis_fold:start:git.checkout[0Ktravis_time:start:03d9c480[0K$ git clone --depth=50 --branch=2.x-dev git://github.com/jruby/warbler.git jruby/warbler
Cloning into 'jruby/warbler'...
remote: Counting objects: 802, done.[K
remote: Compressing objects:   0% (1/590)   [Kremote: Compressing objects:   1% (6/590)   [Kremote: Compressing objects:   2% (12/590)   [Kremote: Compressing objects:   3% (18/590)   [Kremote: Compressing objects:   4% (24/590)   [Kremote: Compressing objects:   5% (30/590)   [Kremote: Compressing objects:   6% (36/590)   [Kremote: Compressing objects:   7% (42/590)   [Kremote: Compressing objects:   8% (48/590)   [Kremote: Compressing objects:   9% (54/590)   [Kremote: Compressing objects:  10% (59/590)   [Kremote: Compressing objects:  11% (65/590)   [Kremote: Compressing objects:  12% (71/590)   [Kremote: Compressing objects:  13% (77/590)   [Kremote: Compressing objects:  14% (83/590)   [Kremote: Compressing objects:  15% (89/590)   [Kremote: Compressing objects:  16% (95/590)   [Kremote: Compressing objects:  17% (101/590)   [Kremote: Compressing objects:  18% (107/590)   [Kremote: Compressing objects:  19% (113/590)   [Kremote: Compressing objects:  20% (118/590)   [Kremote: Compressing objects:  21% (124/590)   [Kremote: Compressing objects:  22% (130/590)   [Kremote: Compressing objects:  23% (136/590)   [Kremote: Compressing objects:  24% (142/590)   [Kremote: Compressing objects:  25% (148/590)   [Kremote: Compressing objects:  26% (154/590)   [Kremote: Compressing objects:  27% (160/590)   [Kremote: Compressing objects:  28% (166/590)   [Kremote: Compressing objects:  29% (172/590)   [Kremote: Compressing objects:  30% (177/590)   [Kremote: Compressing objects:  31% (183/590)   [Kremote: Compressing objects:  32% (189/590)   [Kremote: Compressing objects:  33% (195/590)   [Kremote: Compressing objects:  34% (201/590)   [Kremote: Compressing objects:  35% (207/590)   [Kremote: Compressing objects:  36% (213/590)   [Kremote: Compressing objects:  37% (219/590)   [Kremote: Compressing objects:  38% (225/590)   [Kremote: Compressing objects:  39% (231/590)   [Kremote: Compressing objects:  40% (236/590)   [Kremote: Compressing objects:  41% (242/590)   [Kremote: Compressing objects:  42% (248/590)   [Kremote: Compressing objects:  43% (254/590)   [Kremote: Compressing objects:  44% (260/590)   [Kremote: Compressing objects:  45% (266/590)   [Kremote: Compressing objects:  46% (272/590)   [Kremote: Compressing objects:  47% (278/590)   [Kremote: Compressing objects:  48% (284/590)   [Kremote: Compressing objects:  49% (290/590)   [Kremote: Compressing objects:  50% (295/590)   [Kremote: Compressing objects:  51% (301/590)   [Kremote: Compressing objects:  52% (307/590)   [Kremote: Compressing objects:  53% (313/590)   [Kremote: Compressing objects:  54% (319/590)   [Kremote: Compressing objects:  55% (325/590)   [Kremote: Compressing objects:  56% (331/590)   [Kremote: Compressing objects:  57% (337/590)   [Kremote: Compressing objects:  58% (343/590)   [Kremote: Compressing objects:  59% (349/590)   [Kremote: Compressing objects:  60% (354/590)   [Kremote: Compressing objects:  61% (360/590)   [Kremote: Compressing objects:  62% (366/590)   [Kremote: Compressing objects:  63% (372/590)   [Kremote: Compressing objects:  64% (378/590)   [Kremote: Compressing objects:  65% (384/590)   [Kremote: Compressing objects:  66% (390/590)   [Kremote: Compressing objects:  67% (396/590)   [Kremote: Compressing objects:  68% (402/590)   [Kremote: Compressing objects:  69% (408/590)   [Kremote: Compressing objects:  70% (413/590)   [Kremote: Compressing objects:  71% (419/590)   [Kremote: Compressing objects:  72% (425/590)   [Kremote: Compressing objects:  73% (431/590)   [Kremote: Compressing objects:  74% (437/590)   [Kremote: Compressing objects:  75% (443/590)   [Kremote: Compressing objects:  76% (449/590)   [Kremote: Compressing objects:  77% (455/590)   [Kremote: Compressing objects:  78% (461/590)   [Kremote: Compressing objects:  79% (467/590)   [Kremote: Compressing objects:  80% (472/590)   [Kremote: Compressing objects:  81% (478/590)   [Kremote: Compressing objects:  82% (484/590)   [Kremote: Compressing objects:  83% (490/590)   [Kremote: Compressing objects:  84% (496/590)   [Kremote: Compressing objects:  85% (502/590)   [Kremote: Compressing objects:  86% (508/590)   [Kremote: Compressing objects:  87% (514/590)   [Kremote: Compressing objects:  88% (520/590)   [Kremote: Compressing objects:  89% (526/590)   [Kremote: Compressing objects:  90% (531/590)   [Kremote: Compressing objects:  91% (537/590)   [Kremote: Compressing objects:  92% (543/590)   [Kremote: Compressing objects:  93% (549/590)   [Kremote: Compressing objects:  94% (555/590)   [Kremote: Compressing objects:  95% (561/590)   [Kremote: Compressing objects:  96% (567/590)   [Kremote: Compressing objects:  97% (573/590)   [Kremote: Compressing objects:  98% (579/590)   [Kremote: Compressing objects:  99% (585/590)   [Kremote: Compressing objects: 100% (590/590)   [Kremote: Compressing objects: 100% (590/590), done.[K
Receiving objects:   0% (1/802)   Receiving objects:   1% (9/802)   Receiving objects:   2% (17/802)   Receiving objects:   3% (25/802)   Receiving objects:   4% (33/802)   Receiving objects:   5% (41/802)   Receiving objects:   6% (49/802)   Receiving objects:   7% (57/802)   Receiving objects:   8% (65/802)   Receiving objects:   9% (73/802)   Receiving objects:  10% (81/802)   Receiving objects:  11% (89/802)   Receiving objects:  12% (97/802)   Receiving objects:  13% (105/802)   Receiving objects:  14% (113/802)   Receiving objects:  15% (121/802)   Receiving objects:  16% (129/802)   Receiving objects:  17% (137/802)   Receiving objects:  18% (145/802)   Receiving objects:  19% (153/802)   Receiving objects:  20% (161/802)   Receiving objects:  21% (169/802)   Receiving objects:  22% (177/802)   Receiving objects:  23% (185/802)   Receiving objects:  24% (193/802)   Receiving objects:  25% (201/802)   Receiving objects:  26% (209/802)   Receiving objects:  27% (217/802)   Receiving objects:  28% (225/802)   Receiving objects:  29% (233/802)   Receiving objects:  30% (241/802)   Receiving objects:  31% (249/802)   Receiving objects:  32% (257/802)   Receiving objects:  33% (265/802)   Receiving objects:  34% (273/802)   Receiving objects:  35% (281/802)   Receiving objects:  36% (289/802)   Receiving objects:  37% (297/802)   Receiving objects:  38% (305/802)   Receiving objects:  39% (313/802)   Receiving objects:  40% (321/802)   Receiving objects:  41% (329/802)   Receiving objects:  42% (337/802)   Receiving objects:  43% (345/802)   Receiving objects:  44% (353/802)   Receiving objects:  45% (361/802)   Receiving objects:  46% (369/802)   Receiving objects:  47% (377/802)   Receiving objects:  48% (385/802)   Receiving objects:  49% (393/802)   Receiving objects:  50% (401/802)   Receiving objects:  51% (410/802)   Receiving objects:  52% (418/802)   Receiving objects:  53% (426/802)   Receiving objects:  54% (434/802)   Receiving objects:  55% (442/802)   Receiving objects:  56% (450/802)   Receiving objects:  57% (458/802)   Receiving objects:  58% (466/802)   Receiving objects:  59% (474/802)   Receiving objects:  60% (482/802)   Receiving objects:  61% (490/802)   Receiving objects:  62% (498/802)   Receiving objects:  63% (506/802)   Receiving objects:  64% (514/802)   Receiving objects:  65% (522/802)   Receiving objects:  66% (530/802)   Receiving objects:  67% (538/802)   Receiving objects:  68% (546/802)   Receiving objects:  69% (554/802)   Receiving objects:  70% (562/802)   Receiving objects:  71% (570/802)   Receiving objects:  72% (578/802)   Receiving objects:  73% (586/802)   Receiving objects:  74% (594/802)   Receiving objects:  75% (602/802)   Receiving objects:  76% (610/802)   Receiving objects:  77% (618/802)   Receiving objects:  78% (626/802)   Receiving objects:  79% (634/802)   Receiving objects:  80% (642/802)   Receiving objects:  81% (650/802)   Receiving objects:  82% (658/802)   Receiving objects:  83% (666/802)   Receiving objects:  84% (674/802)   Receiving objects:  85% (682/802)   Receiving objects:  86% (690/802)   Receiving objects:  87% (698/802)   Receiving objects:  88% (706/802)   Receiving objects:  89% (714/802)   Receiving objects:  90% (722/802)   Receiving objects:  91% (730/802)   Receiving objects:  92% (738/802)   remote: Total 802 (delta 250), reused 621 (delta 126), pack-reused 0[K
Receiving objects:  93% (746/802)   Receiving objects:  94% (754/802)   Receiving objects:  95% (762/802)   Receiving objects:  96% (770/802)   Receiving objects:  97% (778/802)   Receiving objects:  98% (786/802)   Receiving objects:  99% (794/802)   Receiving objects: 100% (802/802)   Receiving objects: 100% (802/802), 581.82 KiB | 0 bytes/s, done.
Resolving deltas:   0% (0/250)   Resolving deltas:   3% (8/250)   Resolving deltas:   4% (10/250)   Resolving deltas:  16% (41/250)   Resolving deltas:  17% (43/250)   Resolving deltas:  22% (55/250)   Resolving deltas:  28% (70/250)   Resolving deltas:  29% (73/250)   Resolving deltas:  34% (87/250)   Resolving deltas:  38% (97/250)   Resolving deltas:  43% (108/250)   Resolving deltas:  44% (111/250)   Resolving deltas:  45% (114/250)   Resolving deltas:  46% (115/250)   Resolving deltas:  51% (128/250)   Resolving deltas:  52% (130/250)   Resolving deltas:  53% (133/250)   Resolving deltas:  54% (137/250)   Resolving deltas:  55% (139/250)   Resolving deltas:  58% (146/250)   Resolving deltas:  59% (148/250)   Resolving deltas:  60% (150/250)   Resolving deltas:  63% (158/250)   Resolving deltas:  64% (160/250)   Resolving deltas:  65% (163/250)   Resolving deltas:  67% (169/250)   Resolving deltas:  72% (181/250)   Resolving deltas:  74% (185/250)   Resolving deltas:  77% (194/250)   Resolving deltas:  79% (199/250)   Resolving deltas:  80% (200/250)   Resolving deltas:  81% (203/250)   Resolving deltas:  82% (205/250)   Resolving deltas:  83% (208/250)   Resolving deltas:  84% (210/250)   Resolving deltas:  85% (214/250)   Resolving deltas:  86% (215/250)   Resolving deltas:  87% (218/250)   Resolving deltas:  88% (220/250)   Resolving deltas:  92% (231/250)   Resolving deltas:  93% (233/250)   Resolving deltas:  95% (238/250)   Resolving deltas:  96% (241/250)   Resolving deltas:  97% (243/250)   Resolving deltas:  99% (248/250)   Resolving deltas: 100% (250/250)   Resolving deltas: 100% (250/250), done.
Checking connectivity... done.
travis_time:end:03d9c480:start=1429897284495605375,finish=1429897284810485711,duration=314880336[0K$ cd jruby/warbler
$ git checkout -qf 5bc55670b12cf0317cd9e4176b650004399c19d2
travis_fold:end:git.checkout[0K
[33;1mSetting environment variables from .travis.yml[0m
$ export JRUBY_OPTS="--server -Xcompile.invokedynamic=false"

$ jdk_switcher use oraclejdk8
Switching to Oracle JDK8 (java-8-oracle), JAVA_HOME will be set to /usr/lib/jvm/java-8-oracle
travis_fold:start:rvm[0Ktravis_time:start:0c6c8460[0K$ rvm use jruby-9.0.0.0.pre1 --install --binary --fuzzy
[32mUsing /home/travis/.rvm/gems/jruby-9.0.0.0.pre1[0m
travis_time:end:0c6c8460:start=1429897284867347095,finish=1429897285158576939,duration=291229844[0Ktravis_fold:end:rvm[0K$ export BUNDLE_GEMFILE=$PWD/Gemfile
$ java -version
java version "1.8.0_31"
Java(TM) SE Runtime Environment (build 1.8.0_31-b13)
Java HotSpot(TM) 64-Bit Server VM (build 25.31-b07, mixed mode)
$ javac -version
javac 1.8.0_31
$ ruby --version
jruby 9.0.0.0.pre1 (2.2.0p0) 2015-01-20 d537cab Java HotSpot(TM) 64-Bit Server VM 25.31-b07 on 1.8.0_31-b13 +jit [linux-amd64]
$ rvm --version
rvm 1.26.10 (latest-minor) by Wayne E. Seguin <wayneeseguin@gmail.com>, Michal Papis <mpapis@gmail.com> [https://rvm.io/]
$ bundle --version
Ignoring executable-hooks-1.3.2 because its extensions are not built.  Try: gem pristine executable-hooks --version 1.3.2
Ignoring gem-wrappers-1.2.7 because its extensions are not built.  Try: gem pristine gem-wrappers --version 1.2.7
Ignoring jruby-launcher-1.1.1-java because its extensions are not built.  Try: gem pristine jruby-launcher --version 1.1.1
Bundler version 1.7.12
$ gem --version
Ignoring executable-hooks-1.3.2 because its extensions are not built.  Try: gem pristine executable-hooks --version 1.3.2
Ignoring gem-wrappers-1.2.7 because its extensions are not built.  Try: gem pristine gem-wrappers --version 1.2.7
Ignoring jruby-launcher-1.1.1-java because its extensions are not built.  Try: gem pristine jruby-launcher --version 1.1.1
Ignoring executable-hooks-1.3.2 because its extensions are not built.  Try: gem pristine executable-hooks --version 1.3.2
Ignoring gem-wrappers-1.2.7 because its extensions are not built.  Try: gem pristine gem-wrappers --version 1.2.7
Ignoring jruby-launcher-1.1.1-java because its extensions are not built.  Try: gem pristine jruby-launcher --version 1.1.1
Error loading RubyGems plugin "/home/travis/.rvm/gems/jruby-9.0.0.0.pre1@global/gems/executable-hooks-1.3.2/lib/rubygems_plugin.rb": no such file to load -- executable-hooks/wrapper (LoadError)
Error loading RubyGems plugin "/home/travis/.rvm/gems/jruby-9.0.0.0.pre1@global/gems/gem-wrappers-1.2.7/lib/rubygems_plugin.rb": no such file to load -- gem-wrappers (LoadError)
2.4.5
travis_fold:start:before_install.1[0Ktravis_time:start:09a2c840[0K$ sudo apt-get update && sudo apt-get install git
0% [Working]            Get:1 http://downloads-distro.mongodb.org dist Release.gpg [490 B]
            98% [Waiting for headers] [Waiting for headers] [Connecting to ppa.launchpad.ne98% [Waiting for headers] [Waiting for headers] [Connecting to ppa.launchpad.ne                                                                               Get:2 http://downloads-distro.mongodb.org dist Release [2,042 B]
100% [Waiting for headers] [Waiting for headers] [Connecting to ppa.launchpad.n100% [Waiting for headers] [Waiting for headers] [Connecting to ppa.launchpad.n                                                                               Hit http://us.archive.ubuntu.com precise Release.gpg
                                                                               Get:3 http://us.archive.ubuntu.com precise-updates Release.gpg [198 B]
                                                                               Get:4 http://us.archive.ubuntu.com precise-backports Release.gpg [198 B]
                                                                               Get:5 http://security.ubuntu.com precise-security Release.gpg [198 B]
                                                                               100% [Connecting to ppa.launchpad.net (91.189.95.83)] [Waiting for headers]                                                                           100% [2 Release gpgv 2,042 B] [Waiting for headers] [Waiting for headers] [Conn100% [Waiting for headers] [Waiting for headers] [Connecting to ppa.launchpad.n                                                                               Get:6 http://downloads-distro.mongodb.org dist/10gen amd64 Packages [28.0 kB]
37% [Waiting for headers] [Waiting for headers] [Connecting to ppa.launchpad.ne                                                                               Hit http://us.archive.ubuntu.com precise Release
100% [Waiting for headers] [Connecting to ppa.launchpad.net (91.189.95.83)] [6 100% [Release gpgv 49.6 kB] [Waiting for headers] [Connecting to ppa.launchpad.                                                                               Get:7 http://us.archive.ubuntu.com precise-updates Release [196 kB]
14% [Release gpgv 49.6 kB] [7 Release 0 B/196 kB 0%] [Waiting for headers] [Con20% [Release gpgv 49.6 kB] [7 Release 13.7 kB/196 kB 7%] [Waiting for headers]                                                                                Get:8 http://security.ubuntu.com precise-security Release [54.3 kB]
21% [7 Release 13.7 kB/196 kB 7%] [8 Release 13.9 kB/54.3 kB 26%] [Connecting t21% [6 Packages gzip 0 B] [7 Release 13.7 kB/196 kB 7%] [8 Release 13.9 kB/54.3                                                                               Get:9 http://apt.postgresql.org precise-pgdg Release.gpg [836 B]
21% [6 Packages gzip 0 B] [7 Release 13.7 kB/196 kB 7%] [8 Release 13.9 kB/54.321% [6 Packages gzip 0 B] [7 Release 13.7 kB/196 kB 7%] [8 Release 13.9 kB/54.3                                                                               Get:10 http://downloads-distro.mongodb.org dist/10gen i386 Packages [27.7 kB]
30% [6 Packages gzip 0 B] [7 Release 32.2 kB/196 kB 16%] [8 Release 13.9 kB/54.37% [6 Packages gzip 0 B] [7 Release 42.2 kB/196 kB 22%] [8 Release 13.9 kB/54.                                                                               Ign http://downloads-distro.mongodb.org dist/10gen TranslationIndex
44% [6 Packages gzip 0 B] [7 Release 42.2 kB/196 kB 22%] [8 Release 35.3 kB/54.63% [7 Release 99.3 kB/196 kB 51%] [8 Release 35.3 kB/54.3 kB 65%] [Waiting for63% [10 Packages gzip 0 B] [7 Release 99.3 kB/196 kB 51%] [8 Release 35.3 kB/5469% [10 Packages gzip 0 B] [7 Release 99.3 kB/196 kB 51%] [Waiting for headers]69% [10 Packages gzip 0 B] [8 Release gpgv 54.3 kB] [7 Release 99.3 kB/196 kB 569% [10 Packages gzip 0 B] [7 Release 99.3 kB/196 kB 51%] [Waiting for headers]                                                                               Get:11 http://apt.postgresql.org precise-pgdg Release [32.9 kB]
85% [10 Packages gzip 0 B] [7 Release 165 kB/196 kB 84%] [Waiting for headers] 85% [7 Release 165 kB/196 kB 84%] [Waiting for headers] [Waiting for headers] [94% [Waiting for headers] [Waiting for headers] [Waiting for headers] [11 Relea                                                                               Get:12 http://us.archive.ubuntu.com precise-backports Release [54.3 kB]
89% [12 Release 29.1 kB/54.3 kB 54%] [Waiting for headers] [Waiting for headers89% [7 Release gpgv 196 kB] [12 Release 29.1 kB/54.3 kB 54%] [Waiting for heade95% [7 Release gpgv 196 kB] [Waiting for headers] [Waiting for headers] [Connec                                                                               Get:13 http://security.ubuntu.com precise-security/main Sources [127 kB]
73% [7 Release gpgv 196 kB] [Waiting for headers] [13 Sources 6,739 B/127 kB 5%                                                                               Ign http://downloads-distro.mongodb.org dist/10gen Translation-en_US
78% [7 Release gpgv 196 kB] [Waiting for headers] [13 Sources 31.0 kB/127 kB 2478% [Waiting for headers] [13 Sources 31.0 kB/127 kB 24%] [Waiting for headers]                                                                               Ign http://downloads-distro.mongodb.org dist/10gen Translation-en
78% [Waiting for headers] [13 Sources 31.0 kB/127 kB 24%] [Waiting for headers]78% [12 Release gpgv 54.3 kB] [Waiting for headers] [13 Sources 31.0 kB/127 kB                                                                                Hit http://us.archive.ubuntu.com precise/main Sources
84% [12 Release gpgv 54.3 kB] [13 Sources 61.0 kB/127 kB 48%] [Waiting for head                                                                               Hit http://us.archive.ubuntu.com precise/restricted Sources
                                                                               Hit http://us.archive.ubuntu.com precise/universe Sources
                                                                               Hit http://us.archive.ubuntu.com precise/multiverse Sources
                                                                               Hit http://us.archive.ubuntu.com precise/main amd64 Packages
                                                                               Hit http://us.archive.ubuntu.com precise/restricted amd64 Packages
                                                                               Hit http://us.archive.ubuntu.com precise/universe amd64 Packages
                                                                               Hit http://us.archive.ubuntu.com precise/multiverse amd64 Packages
                                                                               Hit http://us.archive.ubuntu.com precise/main i386 Packages
85% [Waiting for headers] [13 Sources 66.7 kB/127 kB 53%] [Waiting for headers]85% [Sources 4,356 kB] [Waiting for headers] [13 Sources 66.7 kB/127 kB 53%] [W                                                                               Hit http://us.archive.ubuntu.com precise/restricted i386 Packages
88% [Sources 4,356 kB] [13 Sources 66.7 kB/127 kB 53%] [Waiting for headers] [1                                                                               Hit http://us.archive.ubuntu.com precise/universe i386 Packages
95% [Sources 4,356 kB] [13 Sources 102 kB/127 kB 81%] [Waiting for headers] [11                                                                               Hit http://us.archive.ubuntu.com precise/multiverse i386 Packages
                                                                               Hit http://us.archive.ubuntu.com precise/main TranslationIndex
95% [Sources 4,356 kB] [13 Sources 102 kB/127 kB 81%] [Waiting for headers] [11                                                                               Hit http://us.archive.ubuntu.com precise/multiverse TranslationIndex
                                                                               Hit http://us.archive.ubuntu.com precise/restricted TranslationIndex
                                                                               Hit http://us.archive.ubuntu.com precise/universe TranslationIndex
                                                                               Get:14 http://us.archive.ubuntu.com precise-updates/main Sources [487 kB]
62% [Sources 4,356 kB] [14 Sources 131 kB/487 kB 27%] [13 Sources 102 kB/127 kB                                                                               Hit http://ppa.launchpad.net precise Release.gpg
                                                                               Hit http://ppa.launchpad.net precise Release.gpg
63% [Sources 4,356 kB] [14 Sources 137 kB/487 kB 28%] [13 Sources 102 kB/127 kB                                                                               Get:15 http://ppa.launchpad.net precise Release.gpg [316 B]
63% [Sources 4,356 kB] [14 Sources 137 kB/487 kB 28%] [13 Sources 102 kB/127 kB63% [Sources 4,356 kB] [14 Sources 137 kB/487 kB 28%] [13 Sources 102 kB/127 kB                                                                               Get:16 http://ppa.launchpad.net precise Release.gpg [316 B]
63% [Sources 4,356 kB] [14 Sources 137 kB/487 kB 28%] [13 Sources 102 kB/127 kB63% [Sources 4,356 kB] [14 Sources 137 kB/487 kB 28%] [13 Sources 102 kB/127 kB                                                                               Hit http://ppa.launchpad.net precise Release.gpg
                                                                               Get:17 http://ppa.launchpad.net precise Release.gpg [316 B]
63% [Sources 4,356 kB] [14 Sources 137 kB/487 kB 28%] [13 Sources 102 kB/127 kB63% [Sources 4,356 kB] [14 Sources 137 kB/487 kB 28%] [13 Sources 102 kB/127 kB78% [Sources 4,356 kB] [14 Sources 268 kB/487 kB 55%] [Waiting for headers] [1180% [Sources 4,356 kB] [14 Sources 288 kB/487 kB 59%] [Waiting for headers] [Wa81% [13 Sources bzip2 0 B] [Sources 4,356 kB] [11 Release gpgv 32.9 kB] [14 Sou98% [13 Sources bzip2 0 B] [Sources 4,356 kB] [14 Sources 464 kB/487 kB 95%] [W                                                                               Get:18 http://security.ubuntu.com precise-security/restricted Sources [3,759 B]
100% [13 Sources bzip2 0 B] [Sources 4,356 kB] [14 Sources 487 kB/487 kB 100%] 100% [13 Sources bzip2 0 B] [Sources 4,356 kB] [18 Sources 3,759 B/3,759 B 100%100% [13 Sources bzip2 0 B] [Sources 4,356 kB] [Waiting for headers] [Waiting f                                                                               Get:19 http://us.archive.ubuntu.com precise-updates/restricted Sources [7,981 B]
100% [13 Sources bzip2 0 B] [Sources 4,356 kB] [19 Sources 7,981 B/7,981 B 100%                                                                               Get:20 http://security.ubuntu.com precise-security/universe Sources [35.6 kB]
97% [13 Sources bzip2 0 B] [Sources 4,356 kB] [19 Sources 7,981 B/7,981 B 100%]100% [13 Sources bzip2 0 B] [Sources 4,356 kB] [Waiting for headers] [20 Source                                                                               Get:21 http://us.archive.ubuntu.com precise-updates/universe Sources [113 kB]
93% [13 Sources bzip2 0 B] [Sources 4,356 kB] [21 Sources 34.2 kB/113 kB 30%] [93% [13 Sources bzip2 0 B] [Sources 4,356 kB] [21 Sources 34.2 kB/113 kB 30%] [                                                                               Get:22 http://security.ubuntu.com precise-security/multiverse Sources [1,816 B]
93% [13 Sources bzip2 0 B] [Sources 4,356 kB] [21 Sources 34.2 kB/113 kB 30%] [93% [13 Sources bzip2 0 B] [Sources 4,356 kB] [21 Sources 34.2 kB/113 kB 30%] [                                                                               Get:23 http://security.ubuntu.com precise-security/main amd64 Packages [499 kB]
68% [13 Sources bzip2 0 B] [Sources 4,356 kB] [21 Sources 65.5 kB/113 kB 58%] [71% [13 Sources bzip2 0 B] [Sources 4,356 kB] [23 Packages 5,954 B/499 kB 1%] [                                                                               Get:24 http://us.archive.ubuntu.com precise-updates/multiverse Sources [9,413 B]
71% [13 Sources bzip2 0 B] [Sources 4,356 kB] [24 Sources 9,413 B/9,413 B 100%]71% [13 Sources bzip2 0 B] [Sources 4,356 kB] [23 Packages 5,954 B/499 kB 1%] [                                                                               Get:25 http://us.archive.ubuntu.com precise-updates/main amd64 Packages [888 kB]
47% [13 Sources bzip2 0 B] [Sources 4,356 kB] [25 Packages 20.5 kB/888 kB 2%] [                                                                               Get:26 http://apt.postgresql.org precise-pgdg/main amd64 Packages [52.1 kB]
75% [13 Sources bzip2 0 B] [Sources 4,356 kB] [25 Packages 697 kB/888 kB 79%] [85% [13 Sources bzip2 0 B] [Sources 4,356 kB] [23 Packages 126 kB/499 kB 25%] [                                                                               Get:27 http://us.archive.ubuntu.com precise-updates/restricted amd64 Packages [13.6 kB]
84% [13 Sources bzip2 0 B] [Sources 4,356 kB] [27 Packages 6,016 B/13.6 kB 44%]85% [13 Sources bzip2 0 B] [Sources 4,356 kB] [23 Packages 126 kB/499 kB 25%] [                                                                               Get:28 http://us.archive.ubuntu.com precise-updates/universe amd64 Packages [259 kB]
77% [13 Sources bzip2 0 B] [Sources 4,356 kB] [28 Packages 0 B/259 kB 0%] [23 P                                                                               Hit http://ppa.launchpad.net precise Release
79% [13 Sources bzip2 0 B] [Sources 4,356 kB] [28 Packages 65.5 kB/259 kB 25%] 79% [13 Sources bzip2 0 B] [Sources 4,356 kB] [Release gpgv 12.4 kB] [28 Packag88% [13 Sources bzip2 0 B] [Sources 4,356 kB] [Release gpgv 12.4 kB] [23 Packag                                                                               Get:29 http://us.archive.ubuntu.com precise-updates/multiverse amd64 Packages [16.4 kB]
89% [13 Sources bzip2 0 B] [Sources 4,356 kB] [Release gpgv 12.4 kB] [29 Packag89% [13 Sources bzip2 0 B] [Sources 4,356 kB] [Release gpgv 12.4 kB] [23 Packag                                                                               Get:30 http://us.archive.ubuntu.com precise-updates/main i386 Packages [929 kB]
67% [13 Sources bzip2 0 B] [Sources 4,356 kB] [Release gpgv 12.4 kB] [30 Packag72% [13 Sources bzip2 0 B] [Sources 4,356 kB] [30 Packages 174 kB/929 kB 19%] [74% [Sources 4,356 kB] [30 Packages 262 kB/929 kB 28%] [23 Packages 194 kB/499 74% [14 Sources bzip2 0 B] [Sources 4,356 kB] [30 Packages 262 kB/929 kB 28%] [96% [14 Sources bzip2 0 B] [Sources 4,356 kB] [23 Packages 336 kB/499 kB 67%] [                                                                               Get:31 http://us.archive.ubuntu.com precise-updates/restricted i386 Packages [13.6 kB]
96% [14 Sources bzip2 0 B] [Sources 4,356 kB] [31 Packages 13.6 kB/13.6 kB 100%96% [14 Sources bzip2 0 B] [Sources 4,356 kB] [23 Packages 336 kB/499 kB 67%] [                                                                               Get:32 http://us.archive.ubuntu.com precise-updates/universe i386 Packages [269 kB]
89% [14 Sources bzip2 0 B] [Sources 4,356 kB] [32 Packages 4,096 B/269 kB 2%] [98% [14 Sources bzip2 0 B] [Sources 4,356 kB] [Waiting for headers] [23 Package                                                                               Get:33 http://us.archive.ubuntu.com precise-updates/multiverse i386 Packages [16.6 kB]
98% [14 Sources bzip2 0 B] [Sources 4,356 kB] [33 Packages 10.5 kB/16.6 kB 64%]98% [14 Sources bzip2 0 B] [Sources 4,356 kB] [23 Packages 430 kB/499 kB 86%] [                                                                               Get:34 http://us.archive.ubuntu.com precise-updates/main TranslationIndex [10.6 kB]
98% [14 Sources bzip2 0 B] [Sources 4,356 kB] [34 TranslationIndex 10.6 kB/10.698% [14 Sources bzip2 0 B] [Sources 4,356 kB] [23 Packages 430 kB/499 kB 86%] [                                                                               Get:35 http://us.archive.ubuntu.com precise-updates/multiverse TranslationIndex [7,613 B]
                                                                               Get:36 http://us.archive.ubuntu.com precise-updates/restricted TranslationIndex [7,297 B]
                                                                               Get:37 http://us.archive.ubuntu.com precise-updates/universe TranslationIndex [8,333 B]
98% [14 Sources bzip2 0 B] [Sources 4,356 kB] [37 TranslationIndex 8,333 B/8,33                                                                               Get:38 http://us.archive.ubuntu.com precise-backports/main Sources [5,411 B]
                                                                               Get:39 http://us.archive.ubuntu.com precise-backports/restricted Sources [28 B]
98% [14 Sources bzip2 0 B] [Sources 4,356 kB] [Waiting for headers] [23 Package                                                                               Get:40 http://us.archive.ubuntu.com precise-backports/universe Sources [41.4 kB]
97% [14 Sources bzip2 0 B] [Sources 4,356 kB] [40 Sources 1,048 B/41.4 kB 3%] [98% [14 Sources bzip2 0 B] [Sources 4,356 kB] [40 Sources 18.1 kB/41.4 kB 44%] 99% [14 Sources bzip2 0 B] [Sources 4,356 kB] [23 Packages 461 kB/499 kB 93%] [100% [14 Sources bzip2 0 B] [Sources 4,356 kB] [Waiting for headers] [Waiting f                                                                               Get:41 http://security.ubuntu.com precise-security/restricted amd64 Packages [8,943 B]
100% [14 Sources bzip2 0 B] [Sources 4,356 kB] [Waiting for headers] [41 Packag100% [14 Sources bzip2 0 B] [Sources 4,356 kB] [Waiting for headers] [Waiting f                                                                               Get:42 http://security.ubuntu.com precise-security/universe amd64 Packages [116 kB]
97% [14 Sources bzip2 0 B] [Sources 4,356 kB] [Waiting for headers] [42 Package                                                                               Get:43 http://us.archive.ubuntu.com precise-backports/multiverse Sources [5,750 B]
98% [14 Sources bzip2 0 B] [Sources 4,356 kB] [43 Sources 1,049 B/5,750 B 18%] 98% [14 Sources bzip2 0 B] [Sources 4,356 kB] [42 Packages 15.9 kB/116 kB 14%]                                                                                Get:44 http://us.archive.ubuntu.com precise-backports/main amd64 Packages [5,491 B]
98% [14 Sources bzip2 0 B] [Sources 4,356 kB] [44 Packages 5,491 B/5,491 B 100%98% [14 Sources bzip2 0 B] [Sources 4,356 kB] [42 Packages 15.9 kB/116 kB 14%]                                                                                Get:45 http://us.archive.ubuntu.com precise-backports/restricted amd64 Packages [28 B]
98% [14 Sources bzip2 0 B] [Sources 4,356 kB] [45 Packages 28 B/28 B 100%] [42 98% [14 Sources bzip2 0 B] [Sources 4,356 kB] [42 Packages 15.9 kB/116 kB 14%]                                                                                Get:46 http://us.archive.ubuntu.com precise-backports/universe amd64 Packages [43.4 kB]
97% [14 Sources bzip2 0 B] [Sources 4,356 kB] [46 Packages 20.5 kB/43.4 kB 47%]98% [14 Sources bzip2 0 B] [Sources 4,356 kB] [42 Packages 30.2 kB/116 kB 26%]                                                                                Get:47 http://us.archive.ubuntu.com precise-backports/multiverse amd64 Packages [5,419 B]
98% [14 Sources bzip2 0 B] [Sources 4,356 kB] [47 Packages 0 B/5,419 B 0%] [42 98% [14 Sources bzip2 0 B] [Sources 4,356 kB] [42 Packages 47.3 kB/116 kB 41%]                                                                                Get:48 http://us.archive.ubuntu.com precise-backports/main i386 Packages [5,484 B]
98% [14 Sources bzip2 0 B] [Sources 4,356 kB] [48 Packages 5,484 B/5,484 B 100%99% [14 Sources bzip2 0 B] [Sources 4,356 kB] [42 Packages 52.8 kB/116 kB 46%]                                                                                Get:49 http://us.archive.ubuntu.com precise-backports/restricted i386 Packages [28 B]
99% [14 Sources bzip2 0 B] [Sources 4,356 kB] [49 Packages 28 B/28 B 100%] [42 99% [14 Sources bzip2 0 B] [Sources 4,356 kB] [42 Packages 60.2 kB/116 kB 52%]                                                                                Get:50 http://us.archive.ubuntu.com precise-backports/universe i386 Packages [43.3 kB]
99% [14 Sources bzip2 0 B] [Sources 4,356 kB] [50 Packages 39.1 kB/43.3 kB 90%]99% [14 Sources bzip2 0 B] [Sources 4,356 kB] [42 Packages 63.0 kB/116 kB 54%]                                                                                Get:51 http://us.archive.ubuntu.com precise-backports/multiverse i386 Packages [5,413 B]
99% [14 Sources bzip2 0 B] [Sources 4,356 kB] [51 Packages 5,413 B/5,413 B 100%99% [14 Sources bzip2 0 B] [Sources 4,356 kB] [42 Packages 63.0 kB/116 kB 54%]                                                                                Hit http://ppa.launchpad.net precise Release
99% [14 Sources bzip2 0 B] [Sources 4,356 kB] [Waiting for headers] [42 Package                                                                               Get:52 http://ppa.launchpad.net precise Release [12.9 kB]
99% [14 Sources bzip2 0 B] [Sources 4,356 kB] [Waiting for headers] [42 Package99% [14 Sources bzip2 0 B] [Sources 4,356 kB] [Release gpgv 12.9 kB] [Waiting f99% [14 Sources bzip2 0 B] [Sources 4,356 kB] [Waiting for headers] [42 Package                                                                               Get:53 http://us.archive.ubuntu.com precise-backports/main TranslationIndex [202 B]
100% [14 Sources bzip2 0 B] [Sources 4,356 kB] [53 TranslationIndex 202 B/202 B100% [14 Sources bzip2 0 B] [Sources 4,356 kB] [Waiting for headers] [42 Packag                                                                               Get:54 http://us.archive.ubuntu.com precise-backports/multiverse TranslationIndex [202 B]
                                                                               Get:55 http://us.archive.ubuntu.com precise-backports/restricted TranslationIndex [193 B]
100% [14 Sources bzip2 0 B] [Sources 4,356 kB] [Waiting for headers] [42 Packag100% [14 Sources bzip2 0 B] [Sources 4,356 kB] [Waiting for headers] [Waiting f                                                                               Get:56 http://security.ubuntu.com precise-security/multiverse amd64 Packages [2,463 B]
100% [14 Sources bzip2 0 B] [Sources 4,356 kB] [Waiting for headers] [56 Packag100% [14 Sources bzip2 0 B] [Sources 4,356 kB] [Waiting for headers] [52 Releas                                                                               Get:57 http://security.ubuntu.com precise-security/main i386 Packages [535 kB]
89% [14 Sources bzip2 0 B] [Sources 4,356 kB] [Waiting for headers] [57 Package                                                                               Get:58 http://apt.postgresql.org precise-pgdg/main i386 Packages [52.1 kB]
90% [14 Sources bzip2 0 B] [Sources 4,356 kB] [Waiting for headers] [57 Package95% [14 Sources bzip2 0 B] [Waiting for headers] [57 Packages 75.7 kB/535 kB 1495% [14 Sources bzip2 0 B] [Sources 19.0 kB] [Waiting for headers] [57 Packages95% [14 Sources bzip2 0 B] [Waiting for headers] [57 Packages 109 kB/535 kB 20%                                                                               Get:59 http://us.archive.ubuntu.com precise-backports/universe TranslationIndex [205 B]
95% [14 Sources bzip2 0 B] [59 TranslationIndex 205 B/205 B 100%] [57 Packages 95% [14 Sources bzip2 0 B] [Sources 21.3 MB] [Waiting for headers] [57 Packages                                                                               Hit http://us.archive.ubuntu.com precise/main Translation-en
95% [14 Sources bzip2 0 B] [Sources 21.3 MB] [57 Packages 109 kB/535 kB 20%] [5                                                                               Hit http://us.archive.ubuntu.com precise/multiverse Translation-en
95% [14 Sources bzip2 0 B] [Sources 21.3 MB] [Waiting for headers] [57 Packages                                                                               Hit http://us.archive.ubuntu.com precise/restricted Translation-en
95% [14 Sources bzip2 0 B] [Sources 21.3 MB] [57 Packages 109 kB/535 kB 20%] [5                                                                               Hit http://us.archive.ubuntu.com precise/universe Translation-en
95% [14 Sources bzip2 0 B] [Sources 21.3 MB] [57 Packages 109 kB/535 kB 20%] [5                                                                               Get:60 http://us.archive.ubuntu.com precise-updates/main Translation-en [390 kB]
92% [14 Sources bzip2 0 B] [Sources 21.3 MB] [60 Translation-en 52.2 kB/390 kB 97% [14 Sources bzip2 0 B] [Sources 21.3 MB] [57 Packages 236 kB/535 kB 44%] [5                                                                               Get:61 http://us.archive.ubuntu.com precise-updates/multiverse Translation-en [9,533 B]
97% [14 Sources bzip2 0 B] [Sources 21.3 MB] [61 Translation-en 0 B/9,533 B 0%]97% [14 Sources bzip2 0 B] [Sources 21.3 MB] [57 Packages 236 kB/535 kB 44%] [5                                                                               Hit http://us.archive.ubuntu.com precise-updates/restricted Translation-en
97% [14 Sources bzip2 0 B] [Sources 21.3 MB] [57 Packages 236 kB/535 kB 44%] [5                                                                               Get:62 http://us.archive.ubuntu.com precise-updates/universe Translation-en [153 kB]
95% [14 Sources bzip2 0 B] [Sources 21.3 MB] [62 Translation-en 0 B/153 kB 0%] 97% [14 Sources bzip2 0 B] [Sources 21.3 MB] [57 Packages 276 kB/535 kB 51%] [5                                                                               Hit http://us.archive.ubuntu.com precise-backports/main Translation-en
97% [14 Sources bzip2 0 B] [Sources 21.3 MB] [57 Packages 299 kB/535 kB 56%] [5                                                                               Hit http://us.archive.ubuntu.com precise-backports/multiverse Translation-en
98% [14 Sources bzip2 0 B] [Sources 21.3 MB] [57 Packages 307 kB/535 kB 57%] [5                                                                               Hit http://us.archive.ubuntu.com precise-backports/restricted Translation-en
98% [14 Sources bzip2 0 B] [Sources 21.3 MB] [57 Packages 307 kB/535 kB 57%] [5                                                                               Hit http://us.archive.ubuntu.com precise-backports/universe Translation-en
98% [14 Sources bzip2 0 B] [Sources 21.3 MB] [57 Packages 307 kB/535 kB 57%] [598% [14 Sources bzip2 0 B] [Sources 21.3 MB] [57 Packages 321 kB/535 kB 60%] [5                                                                               Ign http://apt.postgresql.org precise-pgdg/main TranslationIndex
98% [14 Sources bzip2 0 B] [Sources 21.3 MB] [57 Packages 321 kB/535 kB 60%] [599% [14 Sources bzip2 0 B] [Sources 21.3 MB] [57 Packages 473 kB/535 kB 88%] [W                                                                               Get:63 http://ppa.launchpad.net precise Release [12.9 kB]
99% [14 Sources bzip2 0 B] [Sources 21.3 MB] [57 Packages 473 kB/535 kB 88%] [699% [14 Sources bzip2 0 B] [Sources 21.3 MB] [52 Release gpgv 12.9 kB] [57 Pack99% [14 Sources bzip2 0 B] [Sources 21.3 MB] [52 Release gpgv 12.9 kB] [57 Pack                                                                               Hit http://ppa.launchpad.net precise Release
99% [14 Sources bzip2 0 B] [Sources 21.3 MB] [52 Release gpgv 12.9 kB] [57 Pack                                                                               Get:64 http://ppa.launchpad.net precise Release [13.0 kB]
99% [14 Sources bzip2 0 B] [Sources 21.3 MB] [52 Release gpgv 12.9 kB] [57 Pack100% [14 Sources bzip2 0 B] [Sources 21.3 MB] [57 Packages 516 kB/535 kB 96%] [100% [14 Sources bzip2 0 B] [Sources 21.3 MB] [63 Release gpgv 12.9 kB] [57 Pac100% [14 Sources bzip2 0 B] [Sources 21.3 MB] [57 Packages 535 kB/535 kB 100%]                                                                                Get:65 http://security.ubuntu.com precise-security/restricted i386 Packages [8,939 B]
100% [14 Sources bzip2 0 B] [Sources 21.3 MB] [65 Packages 8,939 B/8,939 B 100%100% [14 Sources bzip2 0 B] [Sources 21.3 MB] [Release gpgv 12.4 kB] [65 Packag100% [14 Sources bzip2 0 B] [Sources 21.3 MB] [Release gpgv 12.4 kB] [Waiting f                                                                               Get:66 http://security.ubuntu.com precise-security/universe i386 Packages [123 kB]
99% [14 Sources bzip2 0 B] [Sources 21.3 MB] [Release gpgv 12.4 kB] [66 Package100% [14 Sources bzip2 0 B] [Sources 21.3 MB] [Release gpgv 12.4 kB] [64 Releas                                                                               Get:67 http://security.ubuntu.com precise-security/multiverse i386 Packages [2,650 B]
100% [14 Sources bzip2 0 B] [Sources 21.3 MB] [Release gpgv 12.4 kB] [67 Packag100% [14 Sources bzip2 0 B] [Sources 21.3 MB] [Release gpgv 12.4 kB] [64 Releas                                                                               Get:68 http://security.ubuntu.com precise-security/main TranslationIndex [208 B]
100% [14 Sources bzip2 0 B] [Sources 21.3 MB] [Release gpgv 12.4 kB] [68 Transl100% [14 Sources bzip2 0 B] [Sources 21.3 MB] [Release gpgv 12.4 kB] [Waiting f                                                                               Get:69 http://security.ubuntu.com precise-security/multiverse TranslationIndex [199 B]
                                                                               Get:70 http://security.ubuntu.com precise-security/restricted TranslationIndex [202 B]
100% [14 Sources bzip2 0 B] [Sources 21.3 MB] [Release gpgv 12.4 kB] [Waiting f                                                                               Get:71 http://security.ubuntu.com precise-security/universe TranslationIndex [205 B]
100% [14 Sources bzip2 0 B] [Sources 21.3 MB] [Release gpgv 12.4 kB] [64 Releas100% [14 Sources bzip2 0 B] [Sources 21.3 MB] [Waiting for headers] [64 Release                                                                               Get:72 http://security.ubuntu.com precise-security/main Translation-en [220 kB]
98% [14 Sources bzip2 0 B] [Sources 21.3 MB] [72 Translation-en 3,886 B/220 kB 100% [14 Sources bzip2 0 B] [Sources 21.3 MB] [Waiting for headers] [64 Release                                                                               Hit http://security.ubuntu.com precise-security/multiverse Translation-en
                                                                               Hit http://security.ubuntu.com precise-security/restricted Translation-en
100% [14 Sources bzip2 0 B] [Sources 21.3 MB] [64 Release 6,080 B/13.0 kB 47%] 100% [14 Sources bzip2 0 B] [Sources 21.3 MB] [Waiting for headers] [Waiting fo                                                                               Hit http://ppa.launchpad.net precise/main amd64 Packages
                                                                               Hit http://ppa.launchpad.net precise/main i386 Packages
                                                                               Hit http://ppa.launchpad.net precise/main TranslationIndex
100% [14 Sources bzip2 0 B] [Sources 21.3 MB] [Waiting for headers] [Waiting fo100% [14 Sources bzip2 0 B] [Sources 21.3 MB] [64 Release gpgv 13.0 kB] [Waitin100% [14 Sources bzip2 0 B] [Sources 21.3 MB] [Waiting for headers] [Waiting fo100% [Sources 21.3 MB] [Waiting for headers] [Waiting for headers] [Waiting for100% [18 Sources bzip2 0 B] [Sources 21.3 MB] [Waiting for headers] [Waiting fo100% [Sources 21.3 MB] [Waiting for headers] [Waiting for headers] [Waiting for100% [19 Sources bzip2 0 B] [Sources 21.3 MB] [Waiting for headers] [Waiting fo                                                                               Get:73 http://security.ubuntu.com precise-security/universe Translation-en [71.1 kB]
99% [19 Sources bzip2 0 B] [Sources 21.3 MB] [73 Translation-en 1,031 B/71.1 kB100% [Sources 21.3 MB] [73 Translation-en 63.9 kB/71.1 kB 90%] [Waiting for hea100% [20 Sources bzip2 0 B] [Sources 21.3 MB] [73 Translation-en 63.9 kB/71.1 k100% [20 Sources bzip2 0 B] [Sources 21.3 MB] [Waiting for headers] [Waiting fo                                                                               100% [Sources 21.3 MB] [Waiting for headers] [Waiting for headers]                                                                  100% [22 Sources bzip2 0 B] [Sources 21.3 MB] [Waiting for headers] [Waiting fo                                                                               100% [Sources 21.3 MB] [Waiting for headers] [Waiting for headers]                                                                  100% [21 Sources bzip2 0 B] [Sources 21.3 MB] [Waiting for headers] [Waiting fo                                                                               100% [Sources 21.3 MB] [Waiting for headers] [Waiting for headers]                                                                  100% [24 Sources bzip2 0 B] [Sources 21.3 MB] [Waiting for headers] [Waiting fo                                                                               100% [Sources 21.3 MB] [Waiting for headers] [Waiting for headers]                                                                  100% [25 Packages bzip2 0 B] [Sources 21.3 MB] [Waiting for headers] [Waiting f                                                                               Hit http://ppa.launchpad.net precise/main amd64 Packages
                                                                               100% [25 Packages bzip2 0 B] [Sources 21.3 MB] [Waiting for headers]                                                                    Hit http://ppa.launchpad.net precise/main i386 Packages
                                                                    100% [25 Packages bzip2 0 B] [Sources 21.3 MB] [Waiting for headers] [Waiting f                                                                               Hit http://ppa.launchpad.net precise/main TranslationIndex
                                                                               100% [25 Packages bzip2 0 B] [Sources 21.3 MB] [Waiting for headers]                                                                    Get:74 http://ppa.launchpad.net precise/main amd64 Packages [678 B]
                                                                    100% [25 Packages bzip2 0 B] [Sources 21.3 MB] [74 Packages 678 B/678 B 100%] [                                                                               100% [25 Packages bzip2 0 B] [Sources 21.3 MB] [Waiting for headers]                                                                    Get:75 http://ppa.launchpad.net precise/main i386 Packages [685 B]
                                                                    100% [25 Packages bzip2 0 B] [Sources 21.3 MB] [75 Packages 685 B/685 B 100%] [                                                                               100% [25 Packages bzip2 0 B] [Sources 21.3 MB] [Waiting for headers]                                                                    Get:76 http://ppa.launchpad.net precise/main TranslationIndex [196 B]
                                                                    100% [25 Packages bzip2 0 B] [Sources 21.3 MB] [76 TranslationIndex 196 B/196 B                                                                               100% [25 Packages bzip2 0 B] [Sources 21.3 MB] [Waiting for headers]                                                                    Get:77 http://ppa.launchpad.net precise/main amd64 Packages [1,398 B]
                                                                    100% [25 Packages bzip2 0 B] [Sources 21.3 MB] [Waiting for headers] [Waiting f                                                                               Get:78 http://ppa.launchpad.net precise/main i386 Packages [943 B]
100% [25 Packages bzip2 0 B] [Sources 21.3 MB] [Waiting for headers] [Waiting f                                                                               Get:79 http://ppa.launchpad.net precise/main TranslationIndex [199 B]
100% [25 Packages bzip2 0 B] [Sources 21.3 MB] [79 TranslationIndex 199 B/199 B                                                                               Hit http://ppa.launchpad.net precise/main amd64 Packages
100% [25 Packages bzip2 0 B] [Sources 21.3 MB] [Waiting for headers] [Waiting f                                                                               Hit http://ppa.launchpad.net precise/main i386 Packages
                                                                               100% [25 Packages bzip2 0 B] [Sources 21.3 MB] [Waiting for headers]                                                                    Hit http://ppa.launchpad.net precise/main TranslationIndex
                                                                    Hit http://ppa.launchpad.net precise/main Translation-en
                                                                    100% [25 Packages bzip2 0 B] [Sources 21.3 MB] [Waiting for headers] [Waiting f                                                                               Get:80 http://ppa.launchpad.net precise/main amd64 Packages [3,354 B]
100% [25 Packages bzip2 0 B] [Sources 21.3 MB] [Waiting for headers] [Waiting f                                                                               Get:81 http://ppa.launchpad.net precise/main i386 Packages [3,354 B]
100% [25 Packages bzip2 0 B] [Sources 21.3 MB] [81 Packages 1,047 B/3,354 B 31%                                                                               100% [25 Packages bzip2 0 B] [Sources 21.3 MB] [Waiting for headers]                                                                    Get:82 http://ppa.launchpad.net precise/main TranslationIndex [199 B]
                                                                    100% [25 Packages bzip2 0 B] [Sources 21.3 MB] [82 TranslationIndex 199 B/199 B                                                                               100% [25 Packages bzip2 0 B] [Sources 21.3 MB] [Waiting for headers]                                                                    Hit http://ppa.launchpad.net precise/main Translation-en
                                                                    Get:83 http://ppa.launchpad.net precise/main Translation-en [464 B]
                                                                    100% [25 Packages bzip2 0 B] [Sources 21.3 MB] [Waiting for headers] [Waiting f                                                                               Ign http://apt.postgresql.org precise-pgdg/main Translation-en_US
                                                                               100% [25 Packages bzip2 0 B] [Sources 21.3 MB] [Waiting for headers]                                                                    Ign http://apt.postgresql.org precise-pgdg/main Translation-en
100% [25 Packages bzip2 0 B] [Sources 21.3 MB] [Waiting for headers]                                                                    Get:84 http://ppa.launchpad.net precise/main Translation-en [735 B]
                                                                    100% [25 Packages bzip2 0 B] [Sources 21.3 MB] [84 Translation-en 735 B/735 B 1                                                                               Hit http://ppa.launchpad.net precise/main Translation-en
                                                                               100% [25 Packages bzip2 0 B] [Sources 21.3 MB] [Waiting for headers]                                                                    Get:85 http://ppa.launchpad.net precise/main Translation-en [1,556 B]
                                                                    100% [25 Packages bzip2 0 B] [Sources 21.3 MB] [85 Translation-en 1,556 B/1,556                                                                               100% [25 Packages bzip2 0 B] [Sources 21.3 MB]                                              100% [25 Packages bzip2 0 B]                            100% [25 Packages bzip2 0 B] [Sources 629 kB]                                             100% [25 Packages bzip2 0 B]                            100% [25 Packages bzip2 0 B] [Packages 7,819 kB]                                                100% [Packages 7,819 kB]                        100% [27 Packages bzip2 0 B] [Packages 7,819 kB]                                                100% [Packages 7,819 kB]                        100% [28 Packages bzip2 0 B] [Packages 7,819 kB]                                                100% [28 Packages bzip2 0 B]                            100% [28 Packages bzip2 0 B] [Packages 135 kB]                                              100% [28 Packages bzip2 0 B]                            100% [28 Packages bzip2 0 B] [Packages 25.5 MB]                                               100% [Packages 25.5 MB]                       100% [29 Packages bzip2 0 B] [Packages 25.5 MB]                                               100% [Packages 25.5 MB]                       100% [30 Packages bzip2 0 B] [Packages 25.5 MB]100% [30 Packages bzip2 0 B] [Packages 25.5 MB]                                               100% [30 Packages bzip2 0 B]                            100% [30 Packages bzip2 0 B] [Packages 582 kB]                                              100% [30 Packages bzip2 0 B]                            100% [30 Packages bzip2 0 B] [Packages 7,816 kB]                                                100% [Packages 7,816 kB]                        100% [31 Packages bzip2 0 B] [Packages 7,816 kB]                                                100% [Packages 7,816 kB]                        100% [32 Packages bzip2 0 B] [Packages 7,816 kB]                                                100% [32 Packages bzip2 0 B]                            100% [32 Packages bzip2 0 B] [Packages 135 kB]                                              100% [32 Packages bzip2 0 B]                            100% [32 Packages bzip2 0 B] [Packages 25.6 MB]                                               100% [Packages 25.6 MB]                       100% [33 Packages bzip2 0 B] [Packages 25.6 MB]                                               100% [Packages 25.6 MB]                       100% [38 Sources bzip2 0 B] [Packages 25.6 MB]                                              100% [Packages 25.6 MB]                       100% [39 Sources bzip2 0 B] [Packages 25.6 MB]                                              100% [Packages 25.6 MB]                       100% [26 Packages bzip2 0 B] [Packages 25.6 MB]                                               100% [Packages 25.6 MB]                       100% [40 Sources bzip2 0 B] [Packages 25.6 MB]                                              100% [Packages 25.6 MB]                       100% [23 Packages bzip2 0 B] [Packages 25.6 MB]                                               100% [Packages 25.6 MB]                       100% [41 Packages bzip2 0 B] [Packages 25.6 MB]                                               100% [Packages 25.6 MB]                       100% [43 Sources bzip2 0 B] [Packages 25.6 MB]                                              100% [Packages 25.6 MB]                       100% [44 Packages bzip2 0 B] [Packages 25.6 MB]                                               100% [Packages 25.6 MB]                       100% [45 Packages bzip2 0 B] [Packages 25.6 MB]                                               100% [Packages 25.6 MB]                       100% [46 Packages bzip2 0 B] [Packages 25.6 MB]                                               100% [Packages 25.6 MB]                       100% [47 Packages bzip2 0 B] [Packages 25.6 MB]                                               100% [Packages 25.6 MB]                       100% [48 Packages bzip2 0 B] [Packages 25.6 MB]                                               100% [Packages 25.6 MB]                       100% [49 Packages bzip2 0 B] [Packages 25.6 MB]                                               100% [Packages 25.6 MB]                       100% [50 Packages bzip2 0 B] [Packages 25.6 MB]                                               100% [Packages 25.6 MB]                       100% [51 Packages bzip2 0 B] [Packages 25.6 MB]                                               100% [Packages 25.6 MB]                       100% [42 Packages bzip2 0 B] [Packages 25.6 MB]                                               100% [Packages 25.6 MB]                       100% [56 Packages bzip2 0 B] [Packages 25.6 MB]                                               100% [Packages 25.6 MB]                       100% [60 Translation-en bzip2 0 B] [Packages 25.6 MB]                                                     100% [60 Translation-en bzip2 0 B]                                  100% [60 Translation-en bzip2 0 B] [Packages 592 kB]                                                    100% [60 Translation-en bzip2 0 B]                                  100% [60 Translation-en bzip2 0 B] [Translation-en 3,862 kB]                                                            100% [60 Translation-en bzip2 0 B]                                  100% [60 Translation-en bzip2 0 B] [Translation-en 367 kB]                                                          100% [60 Translation-en bzip2 0 B]                                  100% [60 Translation-en bzip2 0 B] [Translation-en 10.2 kB]                                                           100% [60 Translation-en bzip2 0 B]                                  100% [60 Translation-en bzip2 0 B] [Translation-en 15.0 MB]                                                           100% [Translation-en 15.0 MB]                             100% [61 Translation-en bzip2 0 B] [Translation-en 15.0 MB]                                                           100% [Translation-en 15.0 MB]                             100% [62 Translation-en bzip2 0 B] [Translation-en 15.0 MB]                                                           100% [Translation-en 15.0 MB]                             100% [58 Packages bzip2 0 B] [Translation-en 15.0 MB]                                                     100% [Translation-en 15.0 MB]                             100% [57 Packages bzip2 0 B] [Translation-en 15.0 MB]                                                     100% [Translation-en 15.0 MB]                             100% [65 Packages bzip2 0 B] [Translation-en 15.0 MB]                                                     100% [Translation-en 15.0 MB]                             100% [66 Packages bzip2 0 B] [Translation-en 15.0 MB]                                                     100% [Translation-en 15.0 MB]                             100% [67 Packages bzip2 0 B] [Translation-en 15.0 MB]                                                     100% [67 Packages bzip2 0 B]                            100% [67 Packages bzip2 7,318 B] [Translation-en 18.6 kB]                                                         100% [Translation-en 18.6 kB]                             100% [72 Translation-en bzip2 0 B] [Translation-en 18.6 kB]                                                           100% [72 Translation-en bzip2 0 B]                                  100% [72 Translation-en bzip2 0 B] [Translation-en 14.7 kB]                                                           100% [72 Translation-en bzip2 0 B]                                  100% [72 Translation-en bzip2 0 B] [Translation-en 13.6 kB]                                                           100% [72 Translation-en bzip2 0 B]                                  100% [72 Translation-en bzip2 0 B] [Translation-en 0 B]                                                       100% [72 Translation-en bzip2 0 B]                                  100% [72 Translation-en bzip2 0 B] [Translation-en 138 kB]                                                          100% [72 Translation-en bzip2 0 B]                                  100% [72 Translation-en bzip2 0 B] [Translation-en 2,884 B]                                                           100% [72 Translation-en bzip2 0 B]                                  100% [72 Translation-en bzip2 0 B] [Translation-en 12.6 kB]                                                           100% [72 Translation-en bzip2 0 B]                                  100% [72 Translation-en bzip2 0 B] [Packages 2,464 B]                                                     100% [72 Translation-en bzip2 0 B]                                  100% [72 Translation-en bzip2 0 B] [Packages 2,461 B]                                                     100% [72 Translation-en bzip2 0 B]                                  100% [72 Translation-en bzip2 0 B] [Packages 12.4 kB]                                                     100% [72 Translation-en bzip2 0 B]                                  100% [72 Translation-en bzip2 0 B] [Packages 12.4 kB]                                                     100% [72 Translation-en bzip2 0 B]                                  100% [72 Translation-en bzip2 0 B] [Packages 137 kB]                                                    100% [72 Translation-en bzip2 0 B]                                  100% [72 Translation-en bzip2 0 B] [Packages 137 kB]                                                    100% [72 Translation-en bzip2 0 B]                                  100% [72 Translation-en bzip2 0 B] [Translation-en 2,489 B]                                                           100% [72 Translation-en bzip2 0 B]                                  100% [72 Translation-en bzip2 0 B] [Translation-en 13.8 kB]                                                           100% [72 Translation-en bzip2 0 B]                                  100% [72 Translation-en bzip2 0 B] [Translation-en 97.3 kB]                                                           100% [72 Translation-en bzip2 0 B]                                  100% [Working]              100% [73 Translation-en bzip2 0 B]                                  100% [Working]              100% [74 Packages bzip2 0 B]                            100% [Working]              100% [75 Packages bzip2 0 B]                            100% [Working]              100% [77 Packages bzip2 0 B]                            100% [Working]              100% [78 Packages bzip2 0 B]                            100% [Working]              100% [80 Packages bzip2 0 B]                            100% [Working]              100% [81 Packages bzip2 0 B]                            100% [Working]              100% [83 Translation-en bzip2 0 B]                                  100% [Working]              100% [84 Translation-en bzip2 0 B]                                  100% [Working]              100% [85 Translation-en bzip2 0 B]                                  100% [Working]              Fetched 6,082 kB in 4s (1,473 kB/s)
Reading package lists... 0%Reading package lists... 0%Reading package lists... 1%Reading package lists... 6%Reading package lists... 6%Reading package lists... 6%Reading package lists... 6%Reading package lists... 16%Reading package lists... 26%Reading package lists... 26%Reading package lists... 27%Reading package lists... 27%Reading package lists... 27%Reading package lists... 33%Reading package lists... 33%Reading package lists... 33%Reading package lists... 33%Reading package lists... 46%Reading package lists... 53%Reading package lists... 53%Reading package lists... 54%Reading package lists... 54%Reading package lists... 57%Reading package lists... 57%Reading package lists... 57%Reading package lists... 57%Reading package lists... 57%Reading package lists... 57%Reading package lists... 63%Reading package lists... 69%Reading package lists... 69%Reading package lists... 74%Reading package lists... 74%Reading package lists... 74%Reading package lists... 74%Reading package lists... 75%Reading package lists... 75%Reading package lists... 76%Reading package lists... 76%Reading package lists... 76%Reading package lists... 81%Reading package lists... 81%Reading package lists... 81%Reading package lists... 81%Reading package lists... 82%Reading package lists... 82%Reading package lists... 82%Reading package lists... 82%Reading package lists... 86%Reading package lists... 86%Reading package lists... 86%Reading package lists... 86%Reading package lists... 86%Reading package lists... 86%Reading package lists... 86%Reading package lists... 86%Reading package lists... 86%Reading package lists... 86%Reading package lists... 86%Reading package lists... 86%Reading package lists... 87%Reading package lists... 87%Reading package lists... 87%Reading package lists... 87%Reading package lists... 87%Reading package lists... 87%Reading package lists... 87%Reading package lists... 87%Reading package lists... 87%Reading package lists... 87%Reading package lists... 87%Reading package lists... 87%Reading package lists... 87%Reading package lists... 87%Reading package lists... 87%Reading package lists... 87%Reading package lists... 87%Reading package lists... 87%Reading package lists... 87%Reading package lists... 87%Reading package lists... 90%Reading package lists... 90%Reading package lists... 90%Reading package lists... 90%Reading package lists... 90%Reading package lists... 90%Reading package lists... 90%Reading package lists... 90%Reading package lists... 90%Reading package lists... 94%Reading package lists... 94%Reading package lists... 94%Reading package lists... 94%Reading package lists... 94%Reading package lists... 94%Reading package lists... 94%Reading package lists... 94%Reading package lists... 97%Reading package lists... 97%Reading package lists... 97%Reading package lists... 97%Reading package lists... 97%Reading package lists... 97%Reading package lists... 97%Reading package lists... 97%Reading package lists... 97%Reading package lists... 97%Reading package lists... 97%Reading package lists... 97%Reading package lists... 97%Reading package lists... 97%Reading package lists... 97%Reading package lists... 97%Reading package lists... 97%Reading package lists... 97%Reading package lists... 97%Reading package lists... 97%Reading package lists... 97%Reading package lists... 97%Reading package lists... 98%Reading package lists... 98%Reading package lists... 98%Reading package lists... 98%Reading package lists... 98%Reading package lists... 98%Reading package lists... 98%Reading package lists... 98%Reading package lists... 98%Reading package lists... 98%Reading package lists... 98%Reading package lists... 98%Reading package lists... 98%Reading package lists... 98%Reading package lists... 98%Reading package lists... 98%Reading package lists... 98%Reading package lists... 98%Reading package lists... 99%Reading package lists... 99%Reading package lists... 99%Reading package lists... 99%Reading package lists... 99%Reading package lists... 99%Reading package lists... 99%Reading package lists... 99%Reading package lists... 99%Reading package lists... 99%Reading package lists... 99%Reading package lists... 99%Reading package lists... Done
Reading package lists... 0%Reading package lists... 100%Reading package lists... Done
Building dependency tree... 0%Building dependency tree... 0%Building dependency tree... 50%Building dependency tree... 50%Building dependency tree       
Reading state information... 0%Reading state information... 0%Reading state information... Done
git is already the newest version.
The following package was automatically installed and is no longer required:
  libgeos-3.2.2
Use 'apt-get autoremove' to remove them.
0 upgraded, 0 newly installed, 0 to remove and 215 not upgraded.
travis_time:end:09a2c840:start=1429897304297719231,finish=1429897315987631105,duration=11689911874[0Ktravis_fold:end:before_install.1[0Ktravis_fold:start:before_install.2[0Ktravis_time:start:09648870[0K$ git fetch --unshallow
remote: Counting objects: 4553, done.[K
remote: Compressing objects:   0% (1/1587)   [Kremote: Compressing objects:   1% (16/1587)   [Kremote: Compressing objects:   2% (32/1587)   [Kremote: Compressing objects:   3% (48/1587)   [Kremote: Compressing objects:   4% (64/1587)   [Kremote: Compressing objects:   5% (80/1587)   [Kremote: Compressing objects:   6% (96/1587)   [Kremote: Compressing objects:   7% (112/1587)   [Kremote: Compressing objects:   8% (127/1587)   [Kremote: Compressing objects:   9% (143/1587)   [Kremote: Compressing objects:  10% (159/1587)   [Kremote: Compressing objects:  11% (175/1587)   [Kremote: Compressing objects:  12% (191/1587)   [Kremote: Compressing objects:  13% (207/1587)   [Kremote: Compressing objects:  14% (223/1587)   [Kremote: Compressing objects:  15% (239/1587)   [Kremote: Compressing objects:  16% (254/1587)   [Kremote: Compressing objects:  17% (270/1587)   [Kremote: Compressing objects:  18% (286/1587)   [Kremote: Compressing objects:  19% (302/1587)   [Kremote: Compressing objects:  20% (318/1587)   [Kremote: Compressing objects:  21% (334/1587)   [Kremote: Compressing objects:  22% (350/1587)   [Kremote: Compressing objects:  23% (366/1587)   [Kremote: Compressing objects:  24% (381/1587)   [Kremote: Compressing objects:  25% (397/1587)   [Kremote: Compressing objects:  26% (413/1587)   [Kremote: Compressing objects:  27% (429/1587)   [Kremote: Compressing objects:  28% (445/1587)   [Kremote: Compressing objects:  29% (461/1587)   [Kremote: Compressing objects:  30% (477/1587)   [Kremote: Compressing objects:  31% (492/1587)   [Kremote: Compressing objects:  32% (508/1587)   [Kremote: Compressing objects:  33% (524/1587)   [Kremote: Compressing objects:  34% (540/1587)   [Kremote: Compressing objects:  35% (556/1587)   [Kremote: Compressing objects:  36% (572/1587)   [Kremote: Compressing objects:  37% (588/1587)   [Kremote: Compressing objects:  38% (604/1587)   [Kremote: Compressing objects:  39% (619/1587)   [Kremote: Compressing objects:  40% (635/1587)   [Kremote: Compressing objects:  41% (651/1587)   [Kremote: Compressing objects:  42% (667/1587)   [Kremote: Compressing objects:  43% (683/1587)   [Kremote: Compressing objects:  44% (699/1587)   [Kremote: Compressing objects:  45% (715/1587)   [Kremote: Compressing objects:  46% (731/1587)   [Kremote: Compressing objects:  47% (746/1587)   [Kremote: Compressing objects:  48% (762/1587)   [Kremote: Compressing objects:  49% (778/1587)   [Kremote: Compressing objects:  50% (794/1587)   [Kremote: Compressing objects:  51% (810/1587)   [Kremote: Compressing objects:  52% (826/1587)   [Kremote: Compressing objects:  53% (842/1587)   [Kremote: Compressing objects:  54% (857/1587)   [Kremote: Compressing objects:  55% (873/1587)   [Kremote: Compressing objects:  56% (889/1587)   [Kremote: Compressing objects:  57% (905/1587)   [Kremote: Compressing objects:  58% (921/1587)   [Kremote: Compressing objects:  59% (937/1587)   [Kremote: Compressing objects:  60% (953/1587)   [Kremote: Compressing objects:  61% (969/1587)   [Kremote: Compressing objects:  62% (984/1587)   [Kremote: Compressing objects:  63% (1000/1587)   [Kremote: Compressing objects:  64% (1016/1587)   [Kremote: Compressing objects:  65% (1032/1587)   [Kremote: Compressing objects:  66% (1048/1587)   [Kremote: Compressing objects:  67% (1064/1587)   [Kremote: Compressing objects:  68% (1080/1587)   [Kremote: Compressing objects:  69% (1096/1587)   [Kremote: Compressing objects:  70% (1111/1587)   [Kremote: Compressing objects:  71% (1127/1587)   [Kremote: Compressing objects:  72% (1143/1587)   [Kremote: Compressing objects:  73% (1159/1587)   [Kremote: Compressing objects:  74% (1175/1587)   [Kremote: Compressing objects:  75% (1191/1587)   [Kremote: Compressing objects:  76% (1207/1587)   [Kremote: Compressing objects:  77% (1222/1587)   [Kremote: Compressing objects:  78% (1238/1587)   [Kremote: Compressing objects:  79% (1254/1587)   [Kremote: Compressing objects:  80% (1270/1587)   [Kremote: Compressing objects:  81% (1286/1587)   [Kremote: Compressing objects:  82% (1302/1587)   [Kremote: Compressing objects:  83% (1318/1587)   [Kremote: Compressing objects:  84% (1334/1587)   [Kremote: Compressing objects:  85% (1349/1587)   [Kremote: Compressing objects:  86% (1365/1587)   [Kremote: Compressing objects:  87% (1381/1587)   [Kremote: Compressing objects:  88% (1397/1587)   [Kremote: Compressing objects:  89% (1413/1587)   [Kremote: Compressing objects:  90% (1429/1587)   [Kremote: Compressing objects:  91% (1445/1587)   [Kremote: Compressing objects:  92% (1461/1587)   [Kremote: Compressing objects:  93% (1476/1587)   [Kremote: Compressing objects:  94% (1492/1587)   [Kremote: Compressing objects:  95% (1508/1587)   [Kremote: Compressing objects:  96% (1524/1587)   [Kremote: Compressing objects:  97% (1540/1587)   [Kremote: Compressing objects:  98% (1556/1587)   [Kremote: Compressing objects:  99% (1572/1587)   [Kremote: Compressing objects: 100% (1587/1587)   [Kremote: Compressing objects: 100% (1587/1587), done.[K
Receiving objects:   0% (1/4553)   Receiving objects:   1% (46/4553)   Receiving objects:   2% (92/4553)   Receiving objects:   3% (137/4553)   Receiving objects:   4% (183/4553)   Receiving objects:   5% (228/4553)   Receiving objects:   6% (274/4553)   Receiving objects:   7% (319/4553)   Receiving objects:   8% (365/4553)   Receiving objects:   9% (410/4553)   Receiving objects:  10% (456/4553)   Receiving objects:  11% (501/4553)   Receiving objects:  12% (547/4553)   Receiving objects:  13% (592/4553)   Receiving objects:  14% (638/4553)   Receiving objects:  15% (683/4553)   Receiving objects:  16% (729/4553)   Receiving objects:  17% (775/4553)   Receiving objects:  18% (820/4553)   Receiving objects:  19% (866/4553)   Receiving objects:  20% (911/4553)   Receiving objects:  21% (957/4553)   Receiving objects:  22% (1002/4553)   Receiving objects:  23% (1048/4553)   Receiving objects:  24% (1093/4553)   Receiving objects:  25% (1139/4553)   Receiving objects:  26% (1184/4553)   Receiving objects:  27% (1230/4553)   Receiving objects:  28% (1275/4553)   Receiving objects:  29% (1321/4553)   Receiving objects:  30% (1366/4553)   Receiving objects:  31% (1412/4553)   Receiving objects:  32% (1457/4553)   Receiving objects:  33% (1503/4553)   Receiving objects:  34% (1549/4553)   Receiving objects:  35% (1594/4553)   Receiving objects:  36% (1640/4553)   Receiving objects:  37% (1685/4553)   Receiving objects:  38% (1731/4553)   Receiving objects:  39% (1776/4553)   Receiving objects:  40% (1822/4553)   Receiving objects:  41% (1867/4553)   Receiving objects:  42% (1913/4553)   Receiving objects:  43% (1958/4553)   Receiving objects:  44% (2004/4553)   Receiving objects:  45% (2049/4553)   Receiving objects:  46% (2095/4553)   Receiving objects:  47% (2140/4553)   Receiving objects:  48% (2186/4553)   Receiving objects:  49% (2231/4553)   Receiving objects:  50% (2277/4553)   Receiving objects:  51% (2323/4553)   Receiving objects:  52% (2368/4553)   Receiving objects:  53% (2414/4553)   Receiving objects:  54% (2459/4553)   Receiving objects:  55% (2505/4553)   Receiving objects:  56% (2550/4553)   Receiving objects:  57% (2596/4553)   Receiving objects:  58% (2641/4553)   Receiving objects:  59% (2687/4553)   Receiving objects:  60% (2732/4553)   Receiving objects:  61% (2778/4553)   Receiving objects:  62% (2823/4553)   Receiving objects:  63% (2869/4553)   Receiving objects:  64% (2914/4553)   Receiving objects:  65% (2960/4553)   Receiving objects:  66% (3005/4553)   Receiving objects:  67% (3051/4553)   Receiving objects:  68% (3097/4553)   Receiving objects:  69% (3142/4553)   Receiving objects:  70% (3188/4553)   Receiving objects:  71% (3233/4553)   Receiving objects:  72% (3279/4553)   Receiving objects:  73% (3324/4553)   Receiving objects:  74% (3370/4553)   Receiving objects:  75% (3415/4553)   Receiving objects:  76% (3461/4553)   Receiving objects:  77% (3506/4553)   Receiving objects:  78% (3552/4553)   Receiving objects:  79% (3597/4553)   Receiving objects:  80% (3643/4553)   Receiving objects:  81% (3688/4553)   Receiving objects:  82% (3734/4553)   Receiving objects:  83% (3779/4553)   Receiving objects:  84% (3825/4553)   Receiving objects:  85% (3871/4553)   Receiving objects:  86% (3916/4553)   Receiving objects:  87% (3962/4553)   Receiving objects:  88% (4007/4553)   Receiving objects:  89% (4053/4553)   Receiving objects:  90% (4098/4553)   Receiving objects:  91% (4144/4553)   Receiving objects:  92% (4189/4553)   Receiving objects:  93% (4235/4553)   Receiving objects:  94% (4280/4553)   Receiving objects:  95% (4326/4553)   Receiving objects:  95% (4343/4553), 9.65 MiB | 12.69 MiB/s   Receiving objects:  96% (4371/4553), 9.65 MiB | 12.69 MiB/s   Receiving objects:  97% (4417/4553), 26.03 MiB | 20.64 MiB/s   Receiving objects:  98% (4462/4553), 26.03 MiB | 20.64 MiB/s   Receiving objects:  99% (4508/4553), 43.58 MiB | 24.73 MiB/s   remote: Total 4553 (delta 2943), reused 4440 (delta 2830), pack-reused 0[K
Receiving objects: 100% (4553/4553), 43.58 MiB | 24.73 MiB/s   Receiving objects: 100% (4553/4553), 47.04 MiB | 24.73 MiB/s, done.
Resolving deltas:   0% (0/2943)   Resolving deltas:   1% (51/2943)   Resolving deltas:   2% (61/2943)   Resolving deltas:   3% (89/2943)   Resolving deltas:   4% (118/2943)   Resolving deltas:   5% (153/2943)   Resolving deltas:   6% (184/2943)   Resolving deltas:   7% (210/2943)   Resolving deltas:   8% (239/2943)   Resolving deltas:   9% (271/2943)   Resolving deltas:  11% (331/2943)   Resolving deltas:  12% (363/2943)   Resolving deltas:  13% (383/2943)   Resolving deltas:  14% (426/2943)   Resolving deltas:  15% (451/2943)   Resolving deltas:  16% (472/2943)   Resolving deltas:  17% (507/2943)   Resolving deltas:  18% (538/2943)   Resolving deltas:  19% (562/2943)   Resolving deltas:  20% (616/2943)   Resolving deltas:  21% (625/2943)   Resolving deltas:  22% (648/2943)   Resolving deltas:  23% (677/2943)   Resolving deltas:  24% (715/2943)   Resolving deltas:  26% (767/2943)   Resolving deltas:  28% (853/2943)   Resolving deltas:  29% (854/2943)   Resolving deltas:  30% (903/2943)   Resolving deltas:  31% (925/2943)   Resolving deltas:  32% (953/2943)   Resolving deltas:  33% (976/2943)   Resolving deltas:  35% (1036/2943)   Resolving deltas:  36% (1072/2943)   Resolving deltas:  37% (1093/2943)   Resolving deltas:  38% (1119/2943)   Resolving deltas:  39% (1162/2943)   Resolving deltas:  40% (1182/2943)   Resolving deltas:  41% (1214/2943)   Resolving deltas:  42% (1245/2943)   Resolving deltas:  43% (1271/2943)   Resolving deltas:  44% (1299/2943)   Resolving deltas:  45% (1329/2943)   Resolving deltas:  46% (1356/2943)   Resolving deltas:  47% (1404/2943)   Resolving deltas:  48% (1419/2943)   Resolving deltas:  49% (1447/2943)   Resolving deltas:  50% (1475/2943)   Resolving deltas:  51% (1521/2943)   Resolving deltas:  52% (1545/2943)   Resolving deltas:  53% (1586/2943)   Resolving deltas:  54% (1602/2943)   Resolving deltas:  55% (1621/2943)   Resolving deltas:  57% (1687/2943)   Resolving deltas:  58% (1718/2943)   Resolving deltas:  59% (1739/2943)   Resolving deltas:  61% (1808/2943)   Resolving deltas:  62% (1830/2943)   Resolving deltas:  63% (1868/2943)   Resolving deltas:  64% (1904/2943)   Resolving deltas:  65% (1915/2943)   Resolving deltas:  66% (1959/2943)   Resolving deltas:  67% (1997/2943)   Resolving deltas:  69% (2037/2943)   Resolving deltas:  70% (2078/2943)   Resolving deltas:  72% (2127/2943)   Resolving deltas:  73% (2175/2943)   Resolving deltas:  74% (2188/2943)   Resolving deltas:  75% (2223/2943)   Resolving deltas:  76% (2258/2943)   Resolving deltas:  78% (2296/2943)   Resolving deltas:  79% (2336/2943)   Resolving deltas:  83% (2449/2943)   Resolving deltas:  84% (2485/2943)   Resolving deltas:  85% (2506/2943)   Resolving deltas:  86% (2546/2943)   Resolving deltas:  87% (2577/2943)   Resolving deltas:  88% (2594/2943)   Resolving deltas:  89% (2643/2943)   Resolving deltas:  90% (2663/2943)   Resolving deltas:  91% (2685/2943)   Resolving deltas:  92% (2713/2943)   Resolving deltas:  93% (2750/2943)   Resolving deltas:  94% (2794/2943)   Resolving deltas:  95% (2797/2943)   Resolving deltas:  96% (2829/2943)   Resolving deltas:  97% (2871/2943)   Resolving deltas:  98% (2904/2943)   Resolving deltas:  99% (2919/2943)   Resolving deltas: 100% (2943/2943)   Resolving deltas: 100% (2943/2943), completed with 79 local objects.
remote: Counting objects: 4, done.[K
remote: Total 4 (delta 0), reused 0 (delta 0), pack-reused 4[K
Unpacking objects:  25% (1/4)   Unpacking objects:  50% (2/4)   Unpacking objects:  75% (3/4)   Unpacking objects: 100% (4/4)   Unpacking objects: 100% (4/4), done.
From git://github.com/jruby/warbler
 * [new tag]         0.9.10     -> 0.9.10
 * [new tag]         0.9.11     -> 0.9.11
 * [new tag]         0.9.12     -> 0.9.12
 * [new tag]         0.9.13     -> 0.9.13
 * [new tag]         0.9.14     -> 0.9.14
 * [new tag]         0.9.3      -> 0.9.3
 * [new tag]         0.9.4      -> 0.9.4
 * [new tag]         0.9.5      -> 0.9.5
 * [new tag]         0.9.9      -> 0.9.9
 * [new tag]         1.0        -> 1.0
 * [new tag]         1.0.1      -> 1.0.1
 * [new tag]         1.1.0      -> 1.1.0
 * [new tag]         1.2.0      -> 1.2.0
 * [new tag]         1.2.1      -> 1.2.1
 * [new tag]         1.3.0      -> 1.3.0
 * [new tag]         1.3.1      -> 1.3.1
 * [new tag]         1.3.2      -> 1.3.2
 * [new tag]         v1.3.4     -> v1.3.4
 * [new tag]         v1.3.5     -> v1.3.5
 * [new tag]         v1.3.6     -> v1.3.6
 * [new tag]         v1.3.7     -> v1.3.7
 * [new tag]         v1.3.8     -> v1.3.8
 * [new tag]         v1.4.0     -> v1.4.0
 * [new tag]         v1.4.0.beta1 -> v1.4.0.beta1
 * [new tag]         v1.4.0.beta2 -> v1.4.0.beta2
 * [new tag]         v1.4.1     -> v1.4.1
 * [new tag]         v1.4.2     -> v1.4.2
 * [new tag]         v1.4.3     -> v1.4.3
travis_time:end:09648870:start=1429897316008530869,finish=1429897319221441094,duration=3212910225[0Ktravis_fold:end:before_install.2[0Ktravis_fold:start:before_install.3[0Ktravis_time:start:03f30d71[0K$ gem install bundler --pre
Ignoring executable-hooks-1.3.2 because its extensions are not built.  Try: gem pristine executable-hooks --version 1.3.2
Ignoring gem-wrappers-1.2.7 because its extensions are not built.  Try: gem pristine gem-wrappers --version 1.2.7
Ignoring jruby-launcher-1.1.1-java because its extensions are not built.  Try: gem pristine jruby-launcher --version 1.1.1
Ignoring executable-hooks-1.3.2 because its extensions are not built.  Try: gem pristine executable-hooks --version 1.3.2
Ignoring gem-wrappers-1.2.7 because its extensions are not built.  Try: gem pristine gem-wrappers --version 1.2.7
Ignoring jruby-launcher-1.1.1-java because its extensions are not built.  Try: gem pristine jruby-launcher --version 1.1.1
Error loading RubyGems plugin "/home/travis/.rvm/gems/jruby-9.0.0.0.pre1@global/gems/executable-hooks-1.3.2/lib/rubygems_plugin.rb": no such file to load -- executable-hooks/wrapper (LoadError)
Error loading RubyGems plugin "/home/travis/.rvm/gems/jruby-9.0.0.0.pre1@global/gems/gem-wrappers-1.2.7/lib/rubygems_plugin.rb": no such file to load -- gem-wrappers (LoadError)
Fetching: bundler-1.9.4.gemFetching: bundler-1.9.4.gem (  3%)Fetching: bundler-1.9.4.gem (  4%)Fetching: bundler-1.9.4.gem (  7%)Fetching: bundler-1.9.4.gem ( 10%)Fetching: bundler-1.9.4.gem ( 11%)Fetching: bundler-1.9.4.gem ( 13%)Fetching: bundler-1.9.4.gem ( 14%)Fetching: bundler-1.9.4.gem ( 17%)Fetching: bundler-1.9.4.gem ( 20%)Fetching: bundler-1.9.4.gem ( 21%)Fetching: bundler-1.9.4.gem ( 23%)Fetching: bundler-1.9.4.gem ( 24%)Fetching: bundler-1.9.4.gem ( 26%)Fetching: bundler-1.9.4.gem ( 27%)Fetching: bundler-1.9.4.gem ( 30%)Fetching: bundler-1.9.4.gem ( 31%)Fetching: bundler-1.9.4.gem ( 33%)Fetching: bundler-1.9.4.gem ( 34%)Fetching: bundler-1.9.4.gem ( 36%)Fetching: bundler-1.9.4.gem ( 37%)Fetching: bundler-1.9.4.gem ( 40%)Fetching: bundler-1.9.4.gem ( 41%)Fetching: bundler-1.9.4.gem ( 43%)Fetching: bundler-1.9.4.gem ( 44%)Fetching: bundler-1.9.4.gem ( 46%)Fetching: bundler-1.9.4.gem ( 47%)Fetching: bundler-1.9.4.gem ( 49%)Fetching: bundler-1.9.4.gem ( 51%)Fetching: bundler-1.9.4.gem ( 53%)Fetching: bundler-1.9.4.gem ( 54%)Fetching: bundler-1.9.4.gem ( 56%)Fetching: bundler-1.9.4.gem ( 58%)Fetching: bundler-1.9.4.gem ( 59%)Fetching: bundler-1.9.4.gem ( 61%)Fetching: bundler-1.9.4.gem ( 62%)Fetching: bundler-1.9.4.gem ( 64%)Fetching: bundler-1.9.4.gem ( 66%)Fetching: bundler-1.9.4.gem ( 68%)Fetching: bundler-1.9.4.gem ( 69%)Fetching: bundler-1.9.4.gem ( 71%)Fetching: bundler-1.9.4.gem ( 72%)Fetching: bundler-1.9.4.gem ( 74%)Fetching: bundler-1.9.4.gem ( 76%)Fetching: bundler-1.9.4.gem ( 78%)Fetching: bundler-1.9.4.gem ( 79%)Fetching: bundler-1.9.4.gem ( 81%)Fetching: bundler-1.9.4.gem ( 82%)Fetching: bundler-1.9.4.gem ( 84%)Fetching: bundler-1.9.4.gem ( 85%)Fetching: bundler-1.9.4.gem ( 88%)Fetching: bundler-1.9.4.gem ( 89%)Fetching: bundler-1.9.4.gem ( 91%)Fetching: bundler-1.9.4.gem ( 92%)Fetching: bundler-1.9.4.gem ( 94%)Fetching: bundler-1.9.4.gem ( 95%)Fetching: bundler-1.9.4.gem ( 98%)Fetching: bundler-1.9.4.gem (100%)Fetching: bundler-1.9.4.gem (100%)
Successfully installed bundler-1.9.4
1 gem installed
travis_time:end:03f30d71:start=1429897319231406583,finish=1429897337859297241,duration=18627890658[0Ktravis_fold:end:before_install.3[0Ktravis_fold:start:install.bundler[0Ktravis_time:start:1be49506[0K$ bundle install --jobs=3 --retry=3
Ignoring executable-hooks-1.3.2 because its extensions are not built.  Try: gem pristine executable-hooks --version 1.3.2
Ignoring gem-wrappers-1.2.7 because its extensions are not built.  Try: gem pristine gem-wrappers --version 1.2.7
Ignoring jruby-launcher-1.1.1-java because its extensions are not built.  Try: gem pristine jruby-launcher --version 1.1.1
Ignoring executable-hooks-1.3.2 because its extensions are not built.  Try: gem pristine executable-hooks --version 1.3.2
Ignoring gem-wrappers-1.2.7 because its extensions are not built.  Try: gem pristine gem-wrappers --version 1.2.7
Ignoring jruby-launcher-1.1.1-java because its extensions are not built.  Try: gem pristine jruby-launcher --version 1.1.1
Fetching gem metadata from http://rubygems.org/.........
Fetching version metadata from http://rubygems.org/..
Resolving dependencies......
[32mInstalling rake 10.4.2[0m
Using bundler 1.9.4
[32mInstalling thread_safe 0.3.5[0m
[32mInstalling diff-lcs 1.2.5[0m
Using ruby-maven-libs 3.1.1
[32mInstalling backports 3.6.4[0m
[32mInstalling jruby-openssl 0.9.7[0m
[32mInstalling jruby-rack 1.1.18[0m
[32mInstalling json 1.8.2[0m
[32mInstalling rspec-core 2.99.2[0m
[32mInstalling rspec-mocks 2.99.3[0m
[32mInstalling rubyzip 1.1.7[0m
Using descendants_tracker 0.0.4
[32mInstalling jruby-jars 9.0.0.0.pre1[0m
[32mInstalling rspec-expectations 2.99.2[0m
[32mInstalling virtus 0.5.5[0m
[32mInstalling rdoc 4.2.0[0m
[32mInstalling rspec 2.99.0[0m
Using warbler 2.0.0.dev from source at .
[32mInstalling maven-tools 0.34.5[0m
[32mInstalling ruby-maven 3.1.1.0.2[0m
[32mInstalling jbundler 0.5.5[0m
[32mBundle complete! 9 Gemfile dependencies, 22 gems now installed.[0m
[32mUse `bundle show [gemname]` to see where a bundled gem is installed.[0m
[32mPost-install message from rdoc:[0m
Depending on your version of ruby, you may need to install ruby rdoc/ri data:

<= 1.8.6 : unsupported
 = 1.8.7 : gem install rdoc-data; rdoc-data --install
 = 1.9.1 : gem install rdoc-data; rdoc-data --install
>= 1.9.2 : nothing to do! Yay!
travis_time:end:1be49506:start=1429897337868449056,finish=1429897369847429700,duration=31978980644[0Ktravis_fold:end:install.bundler[0Ktravis_time:start:021d912c[0K$ bundle exec rake
file:/home/travis/.rvm/rubies/jruby-9.0.0.0.pre1/lib/jruby.jar!/jruby/kernel/kernel.rb:28: warning: unsupported exec option: close_others
/home/travis/.rvm/rubies/jruby-9.0.0.0.pre1/bin/jruby -S rspec ./spec/warbler/application_spec.rb ./spec/warbler/bundler_spec.rb ./spec/warbler/config_spec.rb ./spec/warbler/gems_spec.rb ./spec/warbler/jar_spec.rb ./spec/warbler/jbundler_spec.rb ./spec/warbler/task_spec.rb ./spec/warbler/traits_spec.rb ./spec/warbler/war_spec.rb ./spec/warbler/web_server_spec.rb --color --format documentation

Warbler::Application
[32m  should be able to list its tasks[0m
[32m  should display the version[0m
[32m  should copy a fresh config file into place[0m
[32m  should refuse to copy over an existing config file[0m
[32m  should complain if the config directory is missing[0m
[32m  should refuse to pluginize if the lib/tasks/warbler directory exists[0m
[32m  should define a pluginize task for adding the tasks to a Rails application[0m
[32m  should provide a means to load the project Rakefile[0m

Warbler::Application
[32m  should report Warbler version with --version[0m

Warbler::Jar with Bundler
  in a war project
Ignoring executable-hooks-1.3.2 because its extensions are not built.  Try: gem pristine executable-hooks --version 1.3.2
Ignoring gem-wrappers-1.2.7 because its extensions are not built.  Try: gem pristine gem-wrappers --version 1.2.7
Ignoring jruby-launcher-1.1.1-java because its extensions are not built.  Try: gem pristine jruby-launcher --version 1.1.1
[32m    detects a Bundler trait[0m
Ignoring executable-hooks-1.3.2 because its extensions are not built.  Try: gem pristine executable-hooks --version 1.3.2
Ignoring gem-wrappers-1.2.7 because its extensions are not built.  Try: gem pristine gem-wrappers --version 1.2.7
Ignoring jruby-launcher-1.1.1-java because its extensions are not built.  Try: gem pristine jruby-launcher --version 1.1.1
[32m    detects a Gemfile and process only its gems[0m
Ignoring executable-hooks-1.3.2 because its extensions are not built.  Try: gem pristine executable-hooks --version 1.3.2
Ignoring gem-wrappers-1.2.7 because its extensions are not built.  Try: gem pristine gem-wrappers --version 1.2.7
Ignoring jruby-launcher-1.1.1-java because its extensions are not built.  Try: gem pristine jruby-launcher --version 1.1.1
[32m    copies Gemfiles into the war[0m
Ignoring executable-hooks-1.3.2 because its extensions are not built.  Try: gem pristine executable-hooks --version 1.3.2
Ignoring gem-wrappers-1.2.7 because its extensions are not built.  Try: gem pristine gem-wrappers --version 1.2.7
Ignoring jruby-launcher-1.1.1-java because its extensions are not built.  Try: gem pristine jruby-launcher --version 1.1.1
[32m    allows overriding of the gem path when using Bundler[0m
Ignoring executable-hooks-1.3.2 because its extensions are not built.  Try: gem pristine executable-hooks --version 1.3.2
Ignoring gem-wrappers-1.2.7 because its extensions are not built.  Try: gem pristine gem-wrappers --version 1.2.7
Ignoring jruby-launcher-1.1.1-java because its extensions are not built.  Try: gem pristine jruby-launcher --version 1.1.1
fatal: ambiguous argument 'master': unknown revision or path not in the working tree.
Use '--' to separate paths from revisions, like this:
'git <command> [<revision>...] -- [<file>...]'
Ignoring executable-hooks-1.3.2 because its extensions are not built.  Try: gem pristine executable-hooks --version 1.3.2
Ignoring gem-wrappers-1.2.7 because its extensions are not built.  Try: gem pristine gem-wrappers --version 1.2.7
Ignoring jruby-launcher-1.1.1-java because its extensions are not built.  Try: gem pristine jruby-launcher --version 1.1.1
[31m    bundles only the gemspec for :git entries that are excluded (FAILED - 1)[0m
Ignoring executable-hooks-1.3.2 because its extensions are not built.  Try: gem pristine executable-hooks --version 1.3.2
Ignoring gem-wrappers-1.2.7 because its extensions are not built.  Try: gem pristine gem-wrappers --version 1.2.7
Ignoring jruby-launcher-1.1.1-java because its extensions are not built.  Try: gem pristine jruby-launcher --version 1.1.1
Ignoring executable-hooks-1.3.2 because its extensions are not built.  Try: gem pristine executable-hooks --version 1.3.2
Ignoring gem-wrappers-1.2.7 because its extensions are not built.  Try: gem pristine gem-wrappers --version 1.2.7
Ignoring jruby-launcher-1.1.1-java because its extensions are not built.  Try: gem pristine jruby-launcher --version 1.1.1
[32m    does not work with :path entries in Gemfiles[0m
Ignoring executable-hooks-1.3.2 because its extensions are not built.  Try: gem pristine executable-hooks --version 1.3.2
Ignoring gem-wrappers-1.2.7 because its extensions are not built.  Try: gem pristine gem-wrappers --version 1.2.7
Ignoring jruby-launcher-1.1.1-java because its extensions are not built.  Try: gem pristine jruby-launcher --version 1.1.1
[32m    does not bundle dependencies in the test group by default[0m
Ignoring executable-hooks-1.3.2 because its extensions are not built.  Try: gem pristine executable-hooks --version 1.3.2
Ignoring gem-wrappers-1.2.7 because its extensions are not built.  Try: gem pristine gem-wrappers --version 1.2.7
Ignoring jruby-launcher-1.1.1-java because its extensions are not built.  Try: gem pristine jruby-launcher --version 1.1.1
[32m    adds BUNDLE_WITHOUT to init.rb[0m
Ignoring executable-hooks-1.3.2 because its extensions are not built.  Try: gem pristine executable-hooks --version 1.3.2
Ignoring gem-wrappers-1.2.7 because its extensions are not built.  Try: gem pristine gem-wrappers --version 1.2.7
Ignoring jruby-launcher-1.1.1-java because its extensions are not built.  Try: gem pristine jruby-launcher --version 1.1.1
[32m    adds BUNDLE_GEMFILE to init.rb[0m
Ignoring executable-hooks-1.3.2 because its extensions are not built.  Try: gem pristine executable-hooks --version 1.3.2
Ignoring gem-wrappers-1.2.7 because its extensions are not built.  Try: gem pristine gem-wrappers --version 1.2.7
Ignoring jruby-launcher-1.1.1-java because its extensions are not built.  Try: gem pristine jruby-launcher --version 1.1.1
[32m    uses ENV['BUNDLE_GEMFILE'] if set[0m
    with :git entries in the Gemfile
Ignoring executable-hooks-1.3.2 because its extensions are not built.  Try: gem pristine executable-hooks --version 1.3.2
Ignoring gem-wrappers-1.2.7 because its extensions are not built.  Try: gem pristine gem-wrappers --version 1.2.7
Ignoring jruby-launcher-1.1.1-java because its extensions are not built.  Try: gem pristine jruby-launcher --version 1.1.1
fatal: ambiguous argument 'master': unknown revision or path not in the working tree.
Use '--' to separate paths from revisions, like this:
'git <command> [<revision>...] -- [<file>...]'
Ignoring executable-hooks-1.3.2 because its extensions are not built.  Try: gem pristine executable-hooks --version 1.3.2
Ignoring gem-wrappers-1.2.7 because its extensions are not built.  Try: gem pristine gem-wrappers --version 1.2.7
Ignoring jruby-launcher-1.1.1-java because its extensions are not built.  Try: gem pristine jruby-launcher --version 1.1.1
[31m      works with :git entries in Gemfiles (FAILED - 2)[0m
Ignoring executable-hooks-1.3.2 because its extensions are not built.  Try: gem pristine executable-hooks --version 1.3.2
Ignoring gem-wrappers-1.2.7 because its extensions are not built.  Try: gem pristine gem-wrappers --version 1.2.7
Ignoring jruby-launcher-1.1.1-java because its extensions are not built.  Try: gem pristine jruby-launcher --version 1.1.1
fatal: ambiguous argument 'master': unknown revision or path not in the working tree.
Use '--' to separate paths from revisions, like this:
'git <command> [<revision>...] -- [<file>...]'
Ignoring executable-hooks-1.3.2 because its extensions are not built.  Try: gem pristine executable-hooks --version 1.3.2
Ignoring gem-wrappers-1.2.7 because its extensions are not built.  Try: gem pristine gem-wrappers --version 1.2.7
Ignoring jruby-launcher-1.1.1-java because its extensions are not built.  Try: gem pristine jruby-launcher --version 1.1.1
[31m      can run commands in the generated warfile (FAILED - 3)[0m
  in a jar project
Ignoring executable-hooks-1.3.2 because its extensions are not built.  Try: gem pristine executable-hooks --version 1.3.2
Ignoring gem-wrappers-1.2.7 because its extensions are not built.  Try: gem pristine gem-wrappers --version 1.2.7
Ignoring jruby-launcher-1.1.1-java because its extensions are not built.  Try: gem pristine jruby-launcher --version 1.1.1
fatal: ambiguous argument 'master': unknown revision or path not in the working tree.
Use '--' to separate paths from revisions, like this:
'git <command> [<revision>...] -- [<file>...]'
Ignoring executable-hooks-1.3.2 because its extensions are not built.  Try: gem pristine executable-hooks --version 1.3.2
Ignoring gem-wrappers-1.2.7 because its extensions are not built.  Try: gem pristine gem-wrappers --version 1.2.7
Ignoring jruby-launcher-1.1.1-java because its extensions are not built.  Try: gem pristine jruby-launcher --version 1.1.1
[31m    works with :git entries in Gemfiles (FAILED - 4)[0m
Ignoring executable-hooks-1.3.2 because its extensions are not built.  Try: gem pristine executable-hooks --version 1.3.2
Ignoring gem-wrappers-1.2.7 because its extensions are not built.  Try: gem pristine gem-wrappers --version 1.2.7
Ignoring jruby-launcher-1.1.1-java because its extensions are not built.  Try: gem pristine jruby-launcher --version 1.1.1
[32m    adds BUNDLE_GEMFILE to init.rb[0m
  when frozen
Ignoring executable-hooks-1.3.2 because its extensions are not built.  Try: gem pristine executable-hooks --version 1.3.2
Ignoring gem-wrappers-1.2.7 because its extensions are not built.  Try: gem pristine gem-wrappers --version 1.2.7
Ignoring jruby-launcher-1.1.1-java because its extensions are not built.  Try: gem pristine jruby-launcher --version 1.1.1
[32m    includes the bundler gem[0m
Ignoring executable-hooks-1.3.2 because its extensions are not built.  Try: gem pristine executable-hooks --version 1.3.2
Ignoring gem-wrappers-1.2.7 because its extensions are not built.  Try: gem pristine gem-wrappers --version 1.2.7
Ignoring jruby-launcher-1.1.1-java because its extensions are not built.  Try: gem pristine jruby-launcher --version 1.1.1
[32m    does not include the bundler cache directory[0m
Ignoring executable-hooks-1.3.2 because its extensions are not built.  Try: gem pristine executable-hooks --version 1.3.2
Ignoring gem-wrappers-1.2.7 because its extensions are not built.  Try: gem pristine gem-wrappers --version 1.2.7
Ignoring jruby-launcher-1.1.1-java because its extensions are not built.  Try: gem pristine jruby-launcher --version 1.1.1
[32m    includes ENV['BUNDLE_FROZEN'] in init.rb[0m
  when deployment
Ignoring executable-hooks-1.3.2 because its extensions are not built.  Try: gem pristine executable-hooks --version 1.3.2
Ignoring gem-wrappers-1.2.7 because its extensions are not built.  Try: gem pristine gem-wrappers --version 1.2.7
Ignoring jruby-launcher-1.1.1-java because its extensions are not built.  Try: gem pristine jruby-launcher --version 1.1.1
Ignoring executable-hooks-1.3.2 because its extensions are not built.  Try: gem pristine executable-hooks --version 1.3.2
Ignoring gem-wrappers-1.2.7 because its extensions are not built.  Try: gem pristine gem-wrappers --version 1.2.7
Ignoring jruby-launcher-1.1.1-java because its extensions are not built.  Try: gem pristine jruby-launcher --version 1.1.1
[32m    includes the bundler gem[0m
  in a rack app
Ignoring executable-hooks-1.3.2 because its extensions are not built.  Try: gem pristine executable-hooks --version 1.3.2
Ignoring gem-wrappers-1.2.7 because its extensions are not built.  Try: gem pristine gem-wrappers --version 1.2.7
Ignoring jruby-launcher-1.1.1-java because its extensions are not built.  Try: gem pristine jruby-launcher --version 1.1.1
[32m    should have default load path[0m

Warbler::Config
  in an unknown application
[32m    has suitable default values[0m
  in a web application
[32m    should have suitable default values[0m
[32m    should allow configuration through an initializer block[0m
[32m    should allow gems to be added/changed with =, +=, -=, <<[0m
[32m    should exclude log files by default[0m
[32m    should include log files if exclude_logs is false[0m
[32m    should exclude Warbler itself when run as a plugin[0m
[32m    should generate context parameters from the webxml openstruct[0m
[32m    should determine the context listener from the webxml.booter parameter[0m
[32m    should not include ignored webxml keys in the context params hash[0m
[32m    should have a helpful string representation for an empty key[0m
[32m    should HTML-escape all webxml keys and values[0m

Warbler::Gems
[32m  should accept a hash for initialization[0m
[32m  should accept an array for initialization[0m
[32m  should allow gems with a version[0m
[32m  should allow gems without an explicit version[0m
[32m  should allow to add gems[0m

Warbler::Jar
  in a jar project
[32m    detects a Jar trait[0m
[32m    collects java libraries[0m
[32m    adds a JarMain class[0m
[32m    adds an init.rb[0m
[32m    requires 'rubygems' in init.rb[0m
[32m    does not override ENV['GEM_HOME'] by default[0m
[32m    overrides ENV['GEM_HOME'] when override_gem_home is set[0m
[32m    adds a main.rb[0m
[32m    adds script_files[0m
[32m    accepts a custom manifest file[0m
[32m    accepts a MANIFEST.MF file if it exists in the project root[0m
[32m    does not add a manifest if one already exists[0m
[32m    creates a jar[0m
    with a .gemspec
[32m      detects a Gemspec trait[0m
[32m      detects gem dependencies[0m
[32m      sets load paths in init.rb[0m
[32m      loads the default executable in main.rb[0m
NameError: missing class or uppercase package name (`org.jruby.compiler.impl.StandardASMCompiler'), caused by (NameError) cannot load Java class org.jruby.compiler.impl.StandardASMCompiler
  get_proxy_or_package_under_package at org/jruby/javasupport/JavaUtilities.java:54
                      method_missing at file:/home/travis/.rvm/gems/jruby-9.0.0.0.pre1/gems/jruby-jars-9.0.0.0.pre1/lib/jruby-core-9.0.0.0.pre1.jar!/jruby/java/java_package_module_template.rb:14
                              (root) at uri:classloader:/META-INF/jruby.home/lib/ruby/stdlib/jruby/compiler.rb:10
                              (root) at uri:classloader:/META-INF/jruby.home/lib/ruby/stdlib/rubygems/core_ext/kernel_require.rb:1
                             require at org/jruby/RubyKernel.java:954
                             require at uri:classloader:/META-INF/jruby.home/lib/ruby/stdlib/rubygems/core_ext/kernel_require.rb:54
                              (root) at uri:classloader:/META-INF/jruby.home/lib/ruby/stdlib/jruby/jrubyc.rb:1
                             require at org/jruby/RubyKernel.java:954
                              (root) at uri:classloader:/META-INF/jruby.home/lib/ruby/stdlib/rubygems/core_ext/kernel_require.rb:1
                          __script__ at /home/travis/.rvm/rubies/jruby-9.0.0.0.pre1/bin/jrubyc:3
[31m      includes compiled .rb and .class files (FAILED - 5)[0m
NameError: missing class or uppercase package name (`org.jruby.compiler.impl.StandardASMCompiler'), caused by (NameError) cannot load Java class org.jruby.compiler.impl.StandardASMCompiler
  get_proxy_or_package_under_package at org/jruby/javasupport/JavaUtilities.java:54
                      method_missing at file:/home/travis/.rvm/gems/jruby-9.0.0.0.pre1/gems/jruby-jars-9.0.0.0.pre1/lib/jruby-core-9.0.0.0.pre1.jar!/jruby/java/java_package_module_template.rb:14
                              (root) at uri:classloader:/META-INF/jruby.home/lib/ruby/stdlib/jruby/compiler.rb:10
                              (root) at uri:classloader:/META-INF/jruby.home/lib/ruby/stdlib/rubygems/core_ext/kernel_require.rb:1
                             require at org/jruby/RubyKernel.java:954
                             require at uri:classloader:/META-INF/jruby.home/lib/ruby/stdlib/rubygems/core_ext/kernel_require.rb:54
                              (root) at uri:classloader:/META-INF/jruby.home/lib/ruby/stdlib/jruby/jrubyc.rb:1
                             require at org/jruby/RubyKernel.java:954
                              (root) at uri:classloader:/META-INF/jruby.home/lib/ruby/stdlib/rubygems/core_ext/kernel_require.rb:1
                          __script__ at /home/travis/.rvm/rubies/jruby-9.0.0.0.pre1/bin/jrubyc:3
[31m      includes only specified dirs (FAILED - 6)[0m
[32m      excludes .rb and .class files from compile[0m
NameError: missing class or uppercase package name (`org.jruby.compiler.impl.StandardASMCompiler'), caused by (NameError) cannot load Java class org.jruby.compiler.impl.StandardASMCompiler
  get_proxy_or_package_under_package at org/jruby/javasupport/JavaUtilities.java:54
                      method_missing at file:/home/travis/.rvm/gems/jruby-9.0.0.0.pre1/gems/jruby-jars-9.0.0.0.pre1/lib/jruby-core-9.0.0.0.pre1.jar!/jruby/java/java_package_module_template.rb:14
                              (root) at uri:classloader:/META-INF/jruby.home/lib/ruby/stdlib/jruby/compiler.rb:10
                              (root) at uri:classloader:/META-INF/jruby.home/lib/ruby/stdlib/rubygems/core_ext/kernel_require.rb:1
                             require at org/jruby/RubyKernel.java:954
                             require at uri:classloader:/META-INF/jruby.home/lib/ruby/stdlib/rubygems/core_ext/kernel_require.rb:54
                              (root) at uri:classloader:/META-INF/jruby.home/lib/ruby/stdlib/jruby/jrubyc.rb:1
                             require at org/jruby/RubyKernel.java:954
                              (root) at uri:classloader:/META-INF/jruby.home/lib/ruby/stdlib/rubygems/core_ext/kernel_require.rb:1
                          __script__ at /home/travis/.rvm/rubies/jruby-9.0.0.0.pre1/bin/jrubyc:3
[31m      compiles included gems when compile_gems is true (FAILED - 7)[0m
NameError: missing class or uppercase package name (`org.jruby.compiler.impl.StandardASMCompiler'), caused by (NameError) cannot load Java class org.jruby.compiler.impl.StandardASMCompiler
  get_proxy_or_package_under_package at org/jruby/javasupport/JavaUtilities.java:54
                      method_missing at file:/home/travis/.rvm/gems/jruby-9.0.0.0.pre1/gems/jruby-jars-9.0.0.0.pre1/lib/jruby-core-9.0.0.0.pre1.jar!/jruby/java/java_package_module_template.rb:14
                              (root) at uri:classloader:/META-INF/jruby.home/lib/ruby/stdlib/jruby/compiler.rb:10
                              (root) at uri:classloader:/META-INF/jruby.home/lib/ruby/stdlib/rubygems/core_ext/kernel_require.rb:1
                             require at org/jruby/RubyKernel.java:954
                             require at uri:classloader:/META-INF/jruby.home/lib/ruby/stdlib/rubygems/core_ext/kernel_require.rb:54
                              (root) at uri:classloader:/META-INF/jruby.home/lib/ruby/stdlib/jruby/jrubyc.rb:1
                             require at org/jruby/RubyKernel.java:954
                              (root) at uri:classloader:/META-INF/jruby.home/lib/ruby/stdlib/rubygems/core_ext/kernel_require.rb:1
                          __script__ at /home/travis/.rvm/rubies/jruby-9.0.0.0.pre1/bin/jrubyc:3
[31m      does not compile included gems by default (FAILED - 8)[0m
    with a gemspec without a default executable
[32m      loads the first bin/executable in main.rb[0m
[32m      loads the specified bin/executable in main.rb[0m
    without a .gemspec
[32m      detects a NoGemspec trait[0m
[32m      collects gem files from configuration[0m
[32m      collects all project files in the directory[0m
[32m      sets load paths in init.rb[0m
[32m      loads the first bin/executable in main.rb[0m
[32m      loads the specified bin/executable in main.rb[0m
[32m      loads the bin/executable from other gem in main.rb[0m
[32m      does not set parameters in main.rb[0m
[32m      does set parameters in main.rb[0m
  in a war project
[32m    detects a War trait[0m
[32m    collects files in public[0m
[32m    collects gem files[0m
[32m    collects gem files with dependencies[0m
[32m    collects gem files without dependencies[0m
[32m    adds ENV['GEM_HOME'] to init.rb[0m
[32m    overrides ENV['GEM_HOME'] when override_gem_home is set[0m
[32m    does not include log files by default[0m
[32m    creates a web.xml file[0m
[32m    includes custom context parameters in web.xml[0m
[32m    allows one jndi resource to be included[0m
[32m    allows multiple jndi resources to be included[0m
[32m    does not include any ignored context parameters[0m
[32m    uses a config/web.xml if it exists[0m
[32m    uses a config/web.xml.erb if it exists[0m
[32m    collects java libraries[0m
[32m    collects application files[0m
[32m    accepts an autodeploy directory where the war should be created[0m
[32m    allows the jar extension to be customized[0m
[32m    can exclude files from the .war[0m
[32m    can exclude public files from the .war[0m
[32m    reads configuration from config/warble.rb[0m
[32m    fails if a gem is requested that is not installed[0m
[32m    allows specification of dependency by Gem::Dependency[0m
[32m    copies loose java classes to WEB-INF/classes[0m
[32m    does not try to autodetect frameworks when Warbler.framework_detection is false[0m
[32m    skips directories that don't exist in config.dirs and print a warning[0m
[32m    excludes Warbler's old tmp/war directory by default[0m
[32m    writes gems to location specified by gem_path[0m
[32m    allows adding additional WEB-INF files via config.webinf_files[0m
[32m    allows expanding of additional WEB-INF files via config.webinf_files[0m
[32m    excludes test files in gems according to config.gem_excludes[0m
[32m    creates a META-INF/init.rb file with startup config[0m
[32m    allows adjusting the init file location in the war[0m
[32m    allows adding custom files' contents to init.rb[0m
[32m    does not have escaped HTML in WARBLER_CONFIG[0m
    with embedded jar files
      with move_jars_to_webinf_lib set to true
[32m        moves jar files to WEB-INF/lib[0m
[32m        leaves jar files alone that are already in WEB-INF/lib[0m
      with move_jars_to_webinf_lib not set
[32m        moves jar files to WEB-INF/lib[0m
      with move_jars_to_webinf_lib set to regexp
[32m        moves jar files that match to WEB-INF/lib[0m
[32m        removes default jars not matched by filter from WEB-INF/lib[0m
    with the executable feature
[32m      adds WarMain (and JarMain) class[0m
    with the runnable feature
[32m      adds WarMain (and JarMain) class[0m
    in a Rails application
[32m      detects a Rails trait[0m
[32m      auto-detects a Rails application[0m
[32m      adds the rails.rb to the script files[0m
[32m      provides Rails gems by default, unless vendor/rails is present[0m
[32m      automatically adds Rails.configuration.gems to the list of gems[0m
[32m      adds RAILS_ENV to init.rb[0m
      with asset_pipeline
[32m        automatically adds asset pipeline manifest file to the included files[0m
      with threadsafe! enabled in production.rb
        it should behave like threaded environment
[32m          sets the jruby min and max runtimes to 1[0m
[32m          doesn't override already configured runtime numbers[0m
      with threadsafe! enabled in environment.rb
        it should behave like threaded environment
[32m          sets the jruby min and max runtimes to 1[0m
[32m          doesn't override already configured runtime numbers[0m
      with rails version 4
        When rails version is specified in Gemfile
          it should behave like threaded environment
[32m            sets the jruby min and max runtimes to 1[0m
[32m            doesn't override already configured runtime numbers[0m
          it should behave like asset pipeline
[32m            automatically adds asset pipeline manifest file to the included files[0m
        when rails version is not specified in Gemfile
          it should behave like threaded environment
[32m            sets the jruby min and max runtimes to 1[0m
[32m            doesn't override already configured runtime numbers[0m
          it should behave like asset pipeline
[32m            automatically adds asset pipeline manifest file to the included files[0m
    in a Merb application
[32m      detects a Merb trait[0m
[32m      auto-detects a Merb application[0m
[32m      automatically adds Merb::BootLoader::Dependencies.dependencies to the list of gems[0m
[32m      skips Merb development dependencies[0m
[32m      warns about using Merb < 1.0[0m
    in a Rack application
[32m      detects a Rack trait[0m
[32m      auto-detects a Rack application with a config.ru file[0m
[32m      adds RACK_ENV to init.rb[0m

Warbler::Jar with JBundler
  in a war project
Ignoring executable-hooks-1.3.2 because its extensions are not built.  Try: gem pristine executable-hooks --version 1.3.2
Ignoring gem-wrappers-1.2.7 because its extensions are not built.  Try: gem pristine gem-wrappers --version 1.2.7
Ignoring jruby-launcher-1.1.1-java because its extensions are not built.  Try: gem pristine jruby-launcher --version 1.1.1
[32m    detects a JBundler trait[0m
Ignoring executable-hooks-1.3.2 because its extensions are not built.  Try: gem pristine executable-hooks --version 1.3.2
Ignoring gem-wrappers-1.2.7 because its extensions are not built.  Try: gem pristine gem-wrappers --version 1.2.7
Ignoring jruby-launcher-1.1.1-java because its extensions are not built.  Try: gem pristine jruby-launcher --version 1.1.1
[32m    detects a Jarfile and process only its jars[0m
Ignoring executable-hooks-1.3.2 because its extensions are not built.  Try: gem pristine executable-hooks --version 1.3.2
Ignoring gem-wrappers-1.2.7 because its extensions are not built.  Try: gem pristine gem-wrappers --version 1.2.7
Ignoring jruby-launcher-1.1.1-java because its extensions are not built.  Try: gem pristine jruby-launcher --version 1.1.1
[32m    copies jars from jbundler classpath into the war[0m
Ignoring executable-hooks-1.3.2 because its extensions are not built.  Try: gem pristine executable-hooks --version 1.3.2
Ignoring gem-wrappers-1.2.7 because its extensions are not built.  Try: gem pristine gem-wrappers --version 1.2.7
Ignoring jruby-launcher-1.1.1-java because its extensions are not built.  Try: gem pristine jruby-launcher --version 1.1.1
[32m    adds JBUNDLE_SKIP to init.rb[0m
Ignoring executable-hooks-1.3.2 because its extensions are not built.  Try: gem pristine executable-hooks --version 1.3.2
Ignoring gem-wrappers-1.2.7 because its extensions are not built.  Try: gem pristine gem-wrappers --version 1.2.7
Ignoring jruby-launcher-1.1.1-java because its extensions are not built.  Try: gem pristine jruby-launcher --version 1.1.1
[32m    uses ENV['JBUNDLE_JARFILE'] if set[0m
  when locked down
Ignoring executable-hooks-1.3.2 because its extensions are not built.  Try: gem pristine executable-hooks --version 1.3.2
Ignoring gem-wrappers-1.2.7 because its extensions are not built.  Try: gem pristine gem-wrappers --version 1.2.7
Ignoring jruby-launcher-1.1.1-java because its extensions are not built.  Try: gem pristine jruby-launcher --version 1.1.1
[32m    does not include the jbundler gem (as it is in the development group)[0m
Ignoring executable-hooks-1.3.2 because its extensions are not built.  Try: gem pristine executable-hooks --version 1.3.2
Ignoring gem-wrappers-1.2.7 because its extensions are not built.  Try: gem pristine gem-wrappers --version 1.2.7
Ignoring jruby-launcher-1.1.1-java because its extensions are not built.  Try: gem pristine jruby-launcher --version 1.1.1
[32m    does not include the jbundler runtime config[0m

Warbler::Task
[32m  should define a clean task for removing the war file[0m
[32m  should define a make_gemjar task for storing gems in a jar file[0m
[32m  should define a war task for bundling up everything[0m
[32m  should define a jar task for creating the .war[0m
[32m  should invoke feature tasks configured in config.features[0m
[32m  should warn and skip unknown features configured in config.features[0m
[32m  should define an executable task for embedding a server in the war file[0m
[32m  should be able to define all tasks successfully[0m
NameError: missing class or uppercase package name (`org.jruby.compiler.impl.StandardASMCompiler'), caused by (NameError) cannot load Java class org.jruby.compiler.impl.StandardASMCompiler
  get_proxy_or_package_under_package at org/jruby/javasupport/JavaUtilities.java:54
                      method_missing at file:/home/travis/.rvm/gems/jruby-9.0.0.0.pre1/gems/jruby-jars-9.0.0.0.pre1/lib/jruby-core-9.0.0.0.pre1.jar!/jruby/java/java_package_module_template.rb:14
                              (root) at uri:classloader:/META-INF/jruby.home/lib/ruby/stdlib/jruby/compiler.rb:10
                              (root) at uri:classloader:/META-INF/jruby.home/lib/ruby/stdlib/rubygems/core_ext/kernel_require.rb:1
                             require at org/jruby/RubyKernel.java:954
                             require at uri:classloader:/META-INF/jruby.home/lib/ruby/stdlib/rubygems/core_ext/kernel_require.rb:54
                              (root) at uri:classloader:/META-INF/jruby.home/lib/ruby/stdlib/jruby/jrubyc.rb:1
                             require at org/jruby/RubyKernel.java:954
                              (root) at uri:classloader:/META-INF/jruby.home/lib/ruby/stdlib/rubygems/core_ext/kernel_require.rb:1
                          __script__ at /home/travis/.rvm/rubies/jruby-9.0.0.0.pre1/bin/jrubyc:3
[31m  should compile any ruby files specified (FAILED - 9)[0m
NameError: missing class or uppercase package name (`org.jruby.compiler.impl.StandardASMCompiler'), caused by (NameError) cannot load Java class org.jruby.compiler.impl.StandardASMCompiler
  get_proxy_or_package_under_package at org/jruby/javasupport/JavaUtilities.java:54
                      method_missing at file:/home/travis/.rvm/gems/jruby-9.0.0.0.pre1/gems/jruby-jars-9.0.0.0.pre1/lib/jruby-core-9.0.0.0.pre1.jar!/jruby/java/java_package_module_template.rb:14
                              (root) at uri:classloader:/META-INF/jruby.home/lib/ruby/stdlib/jruby/compiler.rb:10
                              (root) at uri:classloader:/META-INF/jruby.home/lib/ruby/stdlib/rubygems/core_ext/kernel_require.rb:1
                             require at org/jruby/RubyKernel.java:954
                             require at uri:classloader:/META-INF/jruby.home/lib/ruby/stdlib/rubygems/core_ext/kernel_require.rb:54
                              (root) at uri:classloader:/META-INF/jruby.home/lib/ruby/stdlib/jruby/jrubyc.rb:1
                             require at org/jruby/RubyKernel.java:954
                              (root) at uri:classloader:/META-INF/jruby.home/lib/ruby/stdlib/rubygems/core_ext/kernel_require.rb:1
                          __script__ at /home/travis/.rvm/rubies/jruby-9.0.0.0.pre1/bin/jrubyc:3
[31m  should compile ruby 2 mode (FAILED - 10)[0m
NameError: missing class or uppercase package name (`org.jruby.compiler.impl.StandardASMCompiler'), caused by (NameError) cannot load Java class org.jruby.compiler.impl.StandardASMCompiler
  get_proxy_or_package_under_package at org/jruby/javasupport/JavaUtilities.java:54
                      method_missing at file:/home/travis/.rvm/gems/jruby-9.0.0.0.pre1/gems/jruby-jars-9.0.0.0.pre1/lib/jruby-core-9.0.0.0.pre1.jar!/jruby/java/java_package_module_template.rb:14
                              (root) at uri:classloader:/META-INF/jruby.home/lib/ruby/stdlib/jruby/compiler.rb:10
                              (root) at uri:classloader:/META-INF/jruby.home/lib/ruby/stdlib/rubygems/core_ext/kernel_require.rb:1
                             require at org/jruby/RubyKernel.java:954
                             require at uri:classloader:/META-INF/jruby.home/lib/ruby/stdlib/rubygems/core_ext/kernel_require.rb:54
                              (root) at uri:classloader:/META-INF/jruby.home/lib/ruby/stdlib/jruby/jrubyc.rb:1
                             require at org/jruby/RubyKernel.java:954
                              (root) at uri:classloader:/META-INF/jruby.home/lib/ruby/stdlib/rubygems/core_ext/kernel_require.rb:1
                          __script__ at /home/travis/.rvm/rubies/jruby-9.0.0.0.pre1/bin/jrubyc:3
[31m  should allow bytecode version in config (FAILED - 11)[0m
NameError: missing class or uppercase package name (`org.jruby.compiler.impl.StandardASMCompiler'), caused by (NameError) cannot load Java class org.jruby.compiler.impl.StandardASMCompiler
  get_proxy_or_package_under_package at org/jruby/javasupport/JavaUtilities.java:54
                      method_missing at file:/home/travis/.rvm/gems/jruby-9.0.0.0.pre1/gems/jruby-jars-9.0.0.0.pre1/lib/jruby-core-9.0.0.0.pre1.jar!/jruby/java/java_package_module_template.rb:14
                              (root) at uri:classloader:/META-INF/jruby.home/lib/ruby/stdlib/jruby/compiler.rb:10
                              (root) at uri:classloader:/META-INF/jruby.home/lib/ruby/stdlib/rubygems/core_ext/kernel_require.rb:1
                             require at org/jruby/RubyKernel.java:954
                             require at uri:classloader:/META-INF/jruby.home/lib/ruby/stdlib/rubygems/core_ext/kernel_require.rb:54
                              (root) at uri:classloader:/META-INF/jruby.home/lib/ruby/stdlib/jruby/jrubyc.rb:1
                             require at org/jruby/RubyKernel.java:954
                              (root) at uri:classloader:/META-INF/jruby.home/lib/ruby/stdlib/rubygems/core_ext/kernel_require.rb:1
                          __script__ at /home/travis/.rvm/rubies/jruby-9.0.0.0.pre1/bin/jrubyc:3
[31m  should delete .class files after finishing the jar (FAILED - 12)[0m
  where symlinks are available
[32m    should process symlinks by storing a file in the archive that has the same contents as the source[0m
[32m    should process directory symlinks by copying the whole subdirectory[0m
  with a Bundler Gemfile
Ignoring executable-hooks-1.3.2 because its extensions are not built.  Try: gem pristine executable-hooks --version 1.3.2
Ignoring gem-wrappers-1.2.7 because its extensions are not built.  Try: gem pristine gem-wrappers --version 1.2.7
Ignoring jruby-launcher-1.1.1-java because its extensions are not built.  Try: gem pristine jruby-launcher --version 1.1.1
[32m    includes gems from the Gemfile[0m

Debug targets
[32m  should print out lists of files[0m

Warbler::Traits
[32m  are ordered by fewer dependencies first[0m

Warbler::War
[32m  is deprecated, replace occurrences with Warbler::Jar[0m

Warbler::WebServer::Artifact
[32m  uses default (maven) local repository[0m
[32m  detects a custom maven repository setting[0m

Failures:

  1) Warbler::Jar with Bundler in a war project bundles only the gemspec for :git entries that are excluded
     [31mFailure/Error:[0m [31mlet(:config) { drbclient.config(@extra_config) }[0m
     [31mBundler::GitError[0m:
       [31mThe git source /home/travis/build/jruby/warbler is not yet checked out. Please run `bundle install` before trying to start your application[0m
[36m     # (druby://127.0.0.1:7890) ./lib/warbler/traits/bundler.rb:140:in `bundler_specs'[0m
[36m     # (druby://127.0.0.1:7890) ./lib/warbler/traits/bundler.rb:39:in `add_bundler_gems'[0m
[36m     # (druby://127.0.0.1:7890) ./lib/warbler/traits/bundler.rb:30:in `after_configure'[0m
[36m     # (druby://127.0.0.1:7890) ./lib/warbler/traits.rb:33:in `after_configure'[0m
[36m     # (druby://127.0.0.1:7890) ./lib/warbler/traits.rb:33:in `after_configure'[0m
[36m     # (druby://127.0.0.1:7890) ./lib/warbler/config.rb:215:in `initialize'[0m
[36m     # (druby://127.0.0.1:7890) ./spec/drb_helper.rb:29:in `config_7'[0m
[36m     # ./spec/warbler/bundler_spec.rb:24:in `config'[0m
[36m     # ./spec/warbler/bundler_spec.rb:91:in `(root)'[0m

  2) Warbler::Jar with Bundler in a war project with :git entries in the Gemfile works with :git entries in Gemfiles
     [31mFailure/Error:[0m [31mlet(:config) { drbclient.config(@extra_config) }[0m
     [31mBundler::GitError[0m:
       [31mThe git source /home/travis/build/jruby/warbler is not yet checked out. Please run `bundle install` before trying to start your application[0m
[36m     # (druby://127.0.0.1:7890) ./lib/warbler/traits/bundler.rb:140:in `bundler_specs'[0m
[36m     # (druby://127.0.0.1:7890) ./lib/warbler/traits/bundler.rb:39:in `add_bundler_gems'[0m
[36m     # (druby://127.0.0.1:7890) ./lib/warbler/traits/bundler.rb:30:in `after_configure'[0m
[36m     # (druby://127.0.0.1:7890) ./lib/warbler/traits.rb:33:in `after_configure'[0m
[36m     # (druby://127.0.0.1:7890) ./lib/warbler/traits.rb:33:in `after_configure'[0m
[36m     # (druby://127.0.0.1:7890) ./lib/warbler/config.rb:215:in `initialize'[0m
[36m     # (druby://127.0.0.1:7890) ./spec/drb_helper.rb:29:in `config_7'[0m
[36m     # ./spec/warbler/bundler_spec.rb:24:in `config'[0m
[36m     # ./spec/warbler/bundler_spec.rb:71:in `(root)'[0m

  3) Warbler::Jar with Bundler in a war project with :git entries in the Gemfile can run commands in the generated warfile
     [31mFailure/Error:[0m [31mlet(:config) { drbclient.config(@extra_config) }[0m
     [31mBundler::GitError[0m:
       [31mThe git source /home/travis/build/jruby/warbler is not yet checked out. Please run `bundle install` before trying to start your application[0m
[36m     # (druby://127.0.0.1:7890) ./lib/warbler/traits/bundler.rb:140:in `bundler_specs'[0m
[36m     # (druby://127.0.0.1:7890) ./lib/warbler/traits/bundler.rb:39:in `add_bundler_gems'[0m
[36m     # (druby://127.0.0.1:7890) ./lib/warbler/traits/bundler.rb:30:in `after_configure'[0m
[36m     # (druby://127.0.0.1:7890) ./lib/warbler/traits.rb:33:in `after_configure'[0m
[36m     # (druby://127.0.0.1:7890) ./lib/warbler/traits.rb:33:in `after_configure'[0m
[36m     # (druby://127.0.0.1:7890) ./lib/warbler/config.rb:215:in `initialize'[0m
[36m     # (druby://127.0.0.1:7890) ./spec/drb_helper.rb:29:in `config_7'[0m
[36m     # ./spec/warbler/bundler_spec.rb:24:in `config'[0m
[36m     # ./spec/warbler/bundler_spec.rb:81:in `(root)'[0m

  4) Warbler::Jar with Bundler in a jar project works with :git entries in Gemfiles
     [31mFailure/Error:[0m [31mlet(:config) { drbclient.config(@extra_config) }[0m
     [31mBundler::GitError[0m:
       [31mThe git source /home/travis/build/jruby/warbler is not yet checked out. Please run `bundle install` before trying to start your application[0m
[36m     # (druby://127.0.0.1:7890) ./lib/warbler/traits/bundler.rb:140:in `bundler_specs'[0m
[36m     # (druby://127.0.0.1:7890) ./lib/warbler/traits/bundler.rb:39:in `add_bundler_gems'[0m
[36m     # (druby://127.0.0.1:7890) ./lib/warbler/traits/bundler.rb:30:in `after_configure'[0m
[36m     # (druby://127.0.0.1:7890) ./lib/warbler/traits.rb:33:in `after_configure'[0m
[36m     # (druby://127.0.0.1:7890) ./lib/warbler/traits.rb:33:in `after_configure'[0m
[36m     # (druby://127.0.0.1:7890) ./lib/warbler/config.rb:215:in `initialize'[0m
[36m     # (druby://127.0.0.1:7890) ./spec/drb_helper.rb:29:in `config_7'[0m
[36m     # ./spec/warbler/bundler_spec.rb:24:in `config'[0m
[36m     # ./spec/warbler/bundler_spec.rb:139:in `(root)'[0m

  5) Warbler::Jar in a jar project with a .gemspec includes compiled .rb and .class files
     [31mFailure/Error:[0m [31mjar.compile(config)[0m
     [31mRuntimeError[0m:
       [31mCompile failed[0m
[36m     # ./lib/warbler/jar.rb:70:in `run_javac'[0m
[36m     # ./lib/warbler/jar.rb:62:in `run_javac'[0m
[36m     # ./lib/warbler/jar.rb:50:in `compile'[0m
[36m     # ./spec/warbler/jar_spec.rb:157:in `(root)'[0m

  6) Warbler::Jar in a jar project with a .gemspec includes only specified dirs
     [31mFailure/Error:[0m [31mjar.compile(config)[0m
     [31mRuntimeError[0m:
       [31mCompile failed[0m
[36m     # ./lib/warbler/jar.rb:70:in `run_javac'[0m
[36m     # ./lib/warbler/jar.rb:62:in `run_javac'[0m
[36m     # ./lib/warbler/jar.rb:50:in `compile'[0m
[36m     # ./spec/warbler/jar_spec.rb:165:in `(root)'[0m

  7) Warbler::Jar in a jar project with a .gemspec compiles included gems when compile_gems is true
     [31mFailure/Error:[0m [31mjar.compile(config)[0m
     [31mRuntimeError[0m:
       [31mCompile failed[0m
[36m     # ./lib/warbler/jar.rb:70:in `run_javac'[0m
[36m     # ./lib/warbler/jar.rb:62:in `run_javac'[0m
[36m     # ./lib/warbler/jar.rb:46:in `compile'[0m
[36m     # ./spec/warbler/jar_spec.rb:183:in `(root)'[0m

  8) Warbler::Jar in a jar project with a .gemspec does not compile included gems by default
     [31mFailure/Error:[0m [31mjar.compile(config)[0m
     [31mRuntimeError[0m:
       [31mCompile failed[0m
[36m     # ./lib/warbler/jar.rb:70:in `run_javac'[0m
[36m     # ./lib/warbler/jar.rb:62:in `run_javac'[0m
[36m     # ./lib/warbler/jar.rb:50:in `compile'[0m
[36m     # ./spec/warbler/jar_spec.rb:191:in `(root)'[0m

  9) Warbler::Task should compile any ruby files specified
     [31mFailure/Error:[0m [31mRake::Task[t].invoke[0m
     [31mRuntimeError[0m:
       [31mCompile failed[0m
[36m     # ./lib/warbler/jar.rb:70:in `run_javac'[0m
[36m     # ./lib/warbler/jar.rb:62:in `run_javac'[0m
[36m     # ./lib/warbler/jar.rb:50:in `compile'[0m
[36m     # ./lib/warbler/task.rb:109:in `define_compiled_task'[0m
[36m     # ./lib/warbler/task.rb:88:in `define_main_task'[0m
[36m     # ./lib/warbler/task.rb:82:in `define_main_task'[0m
[36m     # ./spec/warbler/task_spec.rb:28:in `run_task'[0m
[36m     # ./spec/warbler/task_spec.rb:99:in `(root)'[0m
[36m     # ./spec/warbler/task_spec.rb:99:in `(root)'[0m

  10) Warbler::Task should compile ruby 2 mode
     [31mFailure/Error:[0m [31mRake::Task[t].invoke[0m
     [31mRuntimeError[0m:
       [31mCompile failed[0m
[36m     # ./lib/warbler/jar.rb:70:in `run_javac'[0m
[36m     # ./lib/warbler/jar.rb:62:in `run_javac'[0m
[36m     # ./lib/warbler/jar.rb:50:in `compile'[0m
[36m     # ./lib/warbler/task.rb:109:in `define_compiled_task'[0m
[36m     # ./lib/warbler/task.rb:88:in `define_main_task'[0m
[36m     # ./lib/warbler/task.rb:82:in `define_main_task'[0m
[36m     # ./spec/warbler/task_spec.rb:28:in `run_task'[0m
[36m     # ./spec/warbler/task_spec.rb:114:in `(root)'[0m
[36m     # ./spec/warbler/task_spec.rb:114:in `(root)'[0m

  11) Warbler::Task should allow bytecode version in config
     [31mFailure/Error:[0m [31mRake::Task[t].invoke[0m
     [31mRuntimeError[0m:
       [31mCompile failed[0m
[36m     # ./lib/warbler/jar.rb:70:in `run_javac'[0m
[36m     # ./lib/warbler/jar.rb:62:in `run_javac'[0m
[36m     # ./lib/warbler/jar.rb:50:in `compile'[0m
[36m     # ./lib/warbler/task.rb:109:in `define_compiled_task'[0m
[36m     # ./lib/warbler/task.rb:88:in `define_main_task'[0m
[36m     # ./lib/warbler/task.rb:82:in `define_main_task'[0m
[36m     # ./spec/warbler/task_spec.rb:28:in `run_task'[0m
[36m     # ./spec/warbler/task_spec.rb:130:in `(root)'[0m
[36m     # ./spec/warbler/task_spec.rb:130:in `(root)'[0m

  12) Warbler::Task should delete .class files after finishing the jar
     [31mFailure/Error:[0m [31mRake::Task[t].invoke[0m
     [31mRuntimeError[0m:
       [31mCompile failed[0m
[36m     # ./lib/warbler/jar.rb:70:in `run_javac'[0m
[36m     # ./lib/warbler/jar.rb:62:in `run_javac'[0m
[36m     # ./lib/warbler/jar.rb:50:in `compile'[0m
[36m     # ./lib/warbler/task.rb:109:in `define_compiled_task'[0m
[36m     # ./lib/warbler/task.rb:88:in `define_main_task'[0m
[36m     # ./lib/warbler/task.rb:82:in `define_main_task'[0m
[36m     # ./spec/warbler/task_spec.rb:28:in `run_task'[0m
[36m     # ./spec/warbler/task_spec.rb:148:in `(root)'[0m
[36m     # ./spec/warbler/task_spec.rb:148:in `(root)'[0m

Finished in 7 minutes 4 seconds
[31m173 examples, 12 failures[0m

Failed examples:

[31mrspec ./spec/warbler/bundler_spec.rb:88[0m [36m# Warbler::Jar with Bundler in a war project bundles only the gemspec for :git entries that are excluded[0m
[31mrspec ./spec/warbler/bundler_spec.rb:70[0m [36m# Warbler::Jar with Bundler in a war project with :git entries in the Gemfile works with :git entries in Gemfiles[0m
[31mrspec ./spec/warbler/bundler_spec.rb:76[0m [36m# Warbler::Jar with Bundler in a war project with :git entries in the Gemfile can run commands in the generated warfile[0m
[31mrspec ./spec/warbler/bundler_spec.rb:136[0m [36m# Warbler::Jar with Bundler in a jar project works with :git entries in Gemfiles[0m
[31mrspec ./spec/warbler/jar_spec.rb:155[0m [36m# Warbler::Jar in a jar project with a .gemspec includes compiled .rb and .class files[0m
[31mrspec ./spec/warbler/jar_spec.rb:163[0m [36m# Warbler::Jar in a jar project with a .gemspec includes only specified dirs[0m
[31mrspec ./spec/warbler/jar_spec.rb:180[0m [36m# Warbler::Jar in a jar project with a .gemspec compiles included gems when compile_gems is true[0m
[31mrspec ./spec/warbler/jar_spec.rb:189[0m [36m# Warbler::Jar in a jar project with a .gemspec does not compile included gems by default[0m
[31mrspec ./spec/warbler/task_spec.rb:97[0m [36m# Warbler::Task should compile any ruby files specified[0m
[31mrspec ./spec/warbler/task_spec.rb:112[0m [36m# Warbler::Task should compile ruby 2 mode[0m
[31mrspec ./spec/warbler/task_spec.rb:127[0m [36m# Warbler::Task should allow bytecode version in config[0m
[31mrspec ./spec/warbler/task_spec.rb:146[0m [36m# Warbler::Task should delete .class files after finishing the jar[0m
/home/travis/.rvm/rubies/jruby-9.0.0.0.pre1/bin/jruby -S rspec ./spec/warbler/application_spec.rb ./spec/warbler/bundler_spec.rb ./spec/warbler/config_spec.rb ./spec/warbler/gems_spec.rb ./spec/warbler/jar_spec.rb ./spec/warbler/jbundler_spec.rb ./spec/warbler/task_spec.rb ./spec/warbler/traits_spec.rb ./spec/warbler/war_spec.rb ./spec/warbler/web_server_spec.rb --color --format documentation failed
travis_time:end:021d912c:start=1429897369855677423,finish=1429897860841875858,duration=490986198435[0K
[31;1mThe command "bundle exec rake" exited with 1.[0m

Done. Your build exited with 1.
